OCR_prd2017clk:dj0192i,R11@-400V,3.8T@20d,263K,rhe=0.98,rhh=0.7,1.5/1.5 
1111 1 3.80 28 3 29 3 350.0000 263.0000 1.5000 1.1480 900.0000 9.4100 -27.3000 150.0000 100.0000 290.0000 650.0000 4.7100 -13.650000 1.5000 1.0000 0.8500 
31451 -4.732649 42.593838 -13.724681 
 76069.0  12323.9      4.7     43.3    -11.6      9.0 
     4.7     86.6    -11.3     37.3  44356.6  45403.7 
     20.1      50.9      -9.8      68.9 
     10.2      24.1       0.3      15.2 
     10.0      18.8       0.9       4.3 
      9.7      18.0       0.9       3.3 
31452 -5.112564 42.178650 -14.826435 
 70312.9  12450.3      4.7     43.3    -11.6      9.1 
     4.7     86.6    -11.5     37.4  40227.1  41559.5 
     18.6      51.7      -9.8      66.8 
      9.8      24.2       0.4      14.1 
      9.5      20.1       0.8       4.3 
      9.5      18.9       0.9       3.4 
31453 -5.553440 41.650799 -16.104975 
 64978.0  12600.0      4.7     43.3    -11.7      9.4 
     4.7     86.6    -11.7     37.7  37196.1  38277.6 
     17.9      49.3      -4.8      65.2 
     10.3      23.7       0.3      13.4 
      9.9      18.0       0.9       4.5 
     10.0      17.5       0.8       3.6 
31454 -6.069317 40.967888 -17.601017 
 59640.7  12752.6      4.7     43.3    -11.6      9.5 
     4.7     86.6    -11.6     37.9  33587.5  34831.5 
     18.6      53.4      -9.6      65.7 
      9.6      23.4       0.7      12.0 
      9.3      19.3       0.8       4.5 
      9.3      18.6       0.9       3.7 
31455 -6.677852 40.067108 -19.365770 
 53923.7  12967.2      4.7     43.3    -11.7      9.9 
     4.7     86.6    -11.7     38.3  29913.3  30952.5 
     17.3      51.9      -7.6      60.1 
      9.8      22.8       0.5      10.9 
      9.4      17.7       0.8       4.6 
     10.0      16.9       0.7       3.9 
31456 -7.400705 38.853703 -21.462046 
 48797.8  13591.1      4.7     43.3    -11.9     12.0 
     4.7     86.6    -11.8     38.6  26661.5  27384.0 
     20.3      56.3      -9.6      62.2 
      9.2      23.2       0.4      10.1 
      9.1      18.4       0.7       4.8 
      9.6      17.9       0.7       4.0 
31457 -8.262795 37.182575 -23.962105 
 43889.2  13917.5      4.7     43.3    -11.8     10.5 
     4.7     86.6    -11.8     38.8  23105.7  24047.1 
     18.8      51.8      -8.1      54.6 
      9.6      22.3       0.5       9.3 
      9.5      16.6       0.8       5.0 
      9.3      15.4       0.8       4.2 
31458 -9.288228 34.830853 -26.935860 
 39051.4  14815.3      4.7     43.3    -12.1     12.5 
    11.7      8.5    -11.9     39.2  20475.2  21157.5 
     15.9      53.0      -5.5      55.9 
      9.3      21.9       0.6       9.2 
      8.6      17.2       0.7       5.2 
      9.3      16.4       0.7       4.4 
31459 -10.487829 31.463486 -30.414705 
 34713.9  16518.1      4.7     43.3    -12.2     11.3 
    10.4     19.2    -12.1     39.7  17536.4  18260.7 
     15.8      52.4      -4.9      53.0 
      9.0      20.7       0.4       8.9 
      8.9      14.8       0.5       5.3 
      9.0      13.5       0.5       4.7 
31460 -11.828800 26.614803 -34.303520 
 30890.1  19363.3     14.8      7.8    -12.5     11.9 
    10.3     37.9    -12.4     40.2  15324.2  15975.0 
     12.8      49.7      -6.9      48.2 
      8.5      20.1       0.2       8.6 
      8.3      14.7       0.5       5.5 
      8.5      13.9       0.2       4.9 
31461 -13.178417 19.767624 -38.217411 
 27766.9  22778.5     10.3     13.8    -12.8     12.4 
    10.1     56.2    -12.7     40.5  13685.7  14300.3 
     12.6      49.8      -6.7      49.9 
      7.3      15.8       0.3       8.8 
      7.5      10.6       0.4       5.7 
      7.4       9.0       0.2       5.1 
31462 -14.249858 10.687392 -41.324585 
 25665.4  21513.5      9.9     30.8    -13.0     12.5 
     9.7     73.8    -12.9     40.8  11944.2  12762.2 
      9.4      53.3      -3.6      44.1 
      5.6       8.6       0.1       8.5 
      5.7       5.5       0.2       5.8 
      5.7       4.8       0.0       5.1 
31463 -14.669581 -0.000000 -42.541786 
 25205.7  20899.3      9.5     38.1    -13.1     12.5 
     9.4     81.2    -13.0     40.9  11988.7  12601.0 
      0.7      69.6      -4.3      47.7 
      3.8       9.9       0.2       8.6 
      4.0       3.7       0.1       5.8 
      3.8       3.3       0.1       4.9 
31464 -14.561182 -5.460443 -42.227428 
 25197.2  20958.3      8.7     29.8    -13.1     12.7 
     8.8     72.8    -12.8     40.8  11921.5  12558.1 
     -0.8      55.2      -3.8      46.1 
      2.7       8.3       0.3       8.5 
      2.7       5.0       0.2       5.6 
      2.5       4.6       0.1       4.8 
31465 -14.249858 -10.687392 -41.324585 
 25751.5  21536.1      8.4     21.4    -12.9     12.4 
     8.6     64.3    -12.8     40.9  12238.6  12752.5 
     -2.3      49.3      -1.5      48.7 
      1.7      11.0       0.2       8.9 
      1.8       7.5       0.2       5.5 
      1.6       6.5       0.2       4.8 
31466 -13.772597 -15.494173 -39.940533 
 26426.0  21373.5      8.0     13.1    -12.8     12.3 
     8.2     55.5    -12.5     40.7  12832.2  13405.0 
     -2.0      50.7      -2.8      45.3 
      0.8      14.1       0.2       8.6 
      0.8       9.9       0.3       5.7 
      0.8       8.4       0.3       4.7 
31467 -13.178417 -19.767624 -38.217411 
 27572.3  19933.0      7.4      7.6    -12.7     12.2 
     8.6     46.7    -12.5     40.4  13485.2  14065.3 
     -3.9      47.2      -2.2      47.5 
     -0.0      17.2      -0.0       8.4 
      0.4      12.4       0.4       5.6 
      0.1      11.1       0.4       4.7 
31468 -12.516611 -23.468645 -36.298172 
 28867.6  18058.0      1.9     12.4    -12.5     11.9 
     8.5     37.3    -12.3     40.4  14111.0  14809.0 
     -5.7      47.6      -2.7      47.0 
     -0.3      20.6       0.3       8.7 
     -0.1      15.8       0.4       5.5 
     -0.3      14.9       0.4       4.7 
31469 -11.828800 -26.614803 -34.303520 
 30721.3  16873.0      4.7     43.3    -12.4     11.8 
     8.6     27.9    -12.2     39.9  15000.8  15803.3 
     -7.0      50.7       0.4      51.3 
     -0.8      21.8       0.3       8.4 
     -0.3      16.5       0.5       5.3 
     -0.7      15.5       0.5       4.6 
31470 -10.487829 -31.463486 -30.414705 
 34483.3  14970.7      4.7     43.3    -12.1     11.2 
     8.2     11.8    -12.0     39.7  17340.1  18140.2 
     -7.2      50.1      -0.5      53.2 
     -1.2      21.0       0.2       8.8 
     -0.6      15.6       0.5       5.1 
     -0.6      14.2       0.7       4.3 
31471 -9.288228 -34.830853 -26.935860 
 38834.3  14008.5      4.7     43.3    -11.9     10.8 
     4.7     86.6    -11.9     39.3  20166.0  20872.7 
     -9.4      53.8      -0.2      55.6 
     -1.2      23.1       0.7       9.0 
     -0.6      18.3       0.7       5.0 
     -0.8      18.3       0.7       4.1 
31472 -8.262795 -37.182575 -23.962105 
 43607.8  13236.9      4.7     43.3    -11.8     10.4 
     4.7     86.6    -11.8     38.9  22980.3  23959.8 
     -8.0      49.8       0.3      59.0 
     -0.6      22.9       0.8       9.2 
     -0.4      16.9       0.8       4.8 
     -0.4      15.6       0.9       3.9 
31473 -7.400705 -38.853703 -21.462046 
 48661.4  12784.4      4.7     43.3    -11.7     10.0 
     4.7     86.6    -11.6     38.5  26165.8  27294.4 
    -10.2      53.8       5.0      63.1 
     -0.7      24.4       0.9      10.2 
     -0.7      19.4       0.8       4.8 
     -0.6      19.4       0.9       3.7 
31474 -6.677852 -40.067108 -19.365770 
 53605.9  12563.8      4.7     43.3    -11.6      9.8 
     4.7     86.6    -11.5     38.2  29901.6  30972.8 
     -9.0      51.0       3.6      60.6 
     -0.7      22.5       0.7       9.8 
     -0.3      17.6       0.9       4.5 
     -0.3      16.5       0.8       3.7 
31475 -6.069317 -40.967888 -17.601017 
 59281.5  12391.3      4.7     43.3    -11.5      9.6 
     4.7     86.6    -11.4     38.0  33657.9  34732.9 
     -9.8      54.4       5.1      65.4 
     -0.6      24.6       1.0      12.1 
     -0.5      20.3       0.8       4.4 
     -0.8      19.5       0.9       3.4 
31476 -5.553440 -41.650799 -16.104975 
 64588.1  12168.7      4.7     43.3    -11.6      9.4 
     4.7     86.6    -11.5     37.9  36916.1  37993.3 
     -8.4      51.6       2.9      65.0 
     -0.8      23.0       1.1      12.2 
     -0.6      18.0       0.8       4.3 
     -0.9      16.8       1.0       3.3 
31477 -5.112564 -42.178650 -14.826435 
 70256.7  12057.4      4.7     43.3    -11.4      9.1 
     4.7     86.6    -11.5     37.6  40613.5  42186.9 
    -10.7      54.5       4.1      67.0 
     -1.2      25.1       1.1      14.4 
     -0.2      20.8       1.0       4.3 
     -0.7      20.5       1.0       3.3 
31478 -4.732649 -42.593838 -13.724681 
 75906.2  12018.7      4.7     43.3    -11.6      8.9 
     4.7     86.6    -11.4     37.4  44256.9  45503.0 
     -7.7      48.7       7.7      73.8 
     -0.7      23.5       1.3      14.2 
     -0.3      18.5       1.0       4.2 
     -0.7      17.1       1.0       3.2 
31479 38.844742 -2.913355 -22.529949 
 45879.1   8413.5      9.4     28.5    -13.6     28.9 
     9.5     71.3    -13.6     57.7  25052.0  25861.8 
      6.7      63.1      13.2      42.4 
      3.8      12.4       4.2      18.0 
      3.4       4.6       4.7      15.0 
      3.2       3.8       4.8      14.2 
31480 37.733234 -3.144436 -24.316975 
 42547.3   8799.5      9.2     28.5    -13.6     28.9 
     9.4     71.4    -13.6     57.7  23099.1  23876.4 
     10.2      67.4       9.9      43.8 
      3.3      11.1       4.7      18.4 
      3.5       4.5       4.6      15.9 
      3.3       4.0       4.8      16.6 
31481 36.327980 -3.405748 -26.337786 
 39298.5   8910.8      9.5     28.6    -13.6     28.9 
     9.6     71.7    -13.6     57.7  20654.7  21488.0 
      9.3      65.7      12.0      45.0 
      3.0      10.5       5.0      17.7 
      3.3       4.6       4.7      14.0 
      3.2       4.0       5.0      13.7 
31482 34.533642 -3.700033 -28.613588 
 36123.7   9268.7      9.2     28.9    -13.6     28.9 
     9.2     71.9    -13.6     57.7  18858.5  19616.2 
      5.1      62.6      11.8      45.3 
      3.8      10.6       5.0      18.1 
      3.2       4.9       4.6      14.9 
      3.0       4.1       5.3      15.7 
31483 32.224594 -4.028074 -31.150444 
 33339.2   9676.1      9.3     28.9    -13.6     28.9 
     9.3     72.1    -13.6     57.7  17055.1  17546.2 
      7.4      59.2      10.6      44.8 
      3.1       8.0       5.0      17.3 
      3.2       5.0       4.7      13.5 
      3.1       4.1       5.1      12.9 
31484 29.242365 -4.386354 -33.921143 
 30398.3  10572.8      9.3     29.3    -13.6     28.9 
     9.3     72.5    -13.6     57.7  15397.7  16008.3 
      4.8      60.2      10.0      43.7 
      3.0       8.4       4.8      16.3 
      3.0       4.9       4.9      13.3 
      3.1       4.2       5.2      14.0 
31485 25.404451 -4.763335 -36.836456 
 28172.1  11631.4      9.1     29.6    -13.6     28.9 
     9.2     72.4    -11.6      8.1  13771.5  14233.2 
      5.9      55.5       9.7      43.3 
      3.2       7.9       5.1      15.6 
      3.0       5.0       5.1      12.5 
      2.9       4.4       5.2      11.5 
31486 20.539001 -5.134750 -39.708736 
 26153.0  13463.6      8.9     29.7    -13.6     28.9 
     8.9     72.7    -11.6     17.1  12622.1  13274.7 
      4.3      54.9       8.8      41.2 
      2.6       7.6       5.5      14.7 
      2.8       4.9       5.3      10.9 
      2.8       4.4       5.1      11.0 
31487 14.561182 -5.460443 -42.227428 
 24860.4  16900.0      8.6     29.9    -10.5      5.5 
     8.6     72.8    -11.4     28.6  11745.1  12247.8 
      5.2      54.1       8.5      43.5 
      2.5       7.4       5.2      13.6 
      2.6       4.9       4.9      10.5 
      2.7       4.6       5.0      10.0 
31488 7.584479 -5.688359 -43.989979 
 24248.5  20228.1      9.0     29.8    -11.4     11.6 
     9.1     73.1    -11.6     39.9  11249.1  11782.9 
      3.8      58.8       4.6      41.3 
      2.8       7.0       4.4       9.4 
      2.6       5.1       4.5       6.4 
      2.5       4.5       4.3       5.6 
31489 -0.000000 -5.770917 -44.628429 
 24174.7  20063.5      8.8     30.1    -12.2     22.5 
     8.7     73.0    -12.3     51.1  11300.2  11784.8 
      1.9      55.6       3.9      59.7 
      2.8       8.0       3.0       6.6 
      2.7       5.0       3.0       3.3 
      2.5       4.5       2.9       3.1 
31490 -3.833294 -5.749941 -44.466213 
 24105.2  20012.2      9.0     29.8    -11.7     26.4 
     8.9     72.9    -11.8     55.2  11659.2  12083.5 
      1.7      56.2      -0.9      59.3 
      2.6       7.1       2.3      10.1 
      2.7       5.0       1.5       2.9 
      2.5       4.4       1.5       2.5 
31491 -7.584479 -5.688359 -43.989979 
 24397.8  20208.2      9.2     30.0    -11.9     23.4 
     9.1     72.9    -11.9     52.0  11443.1  12068.6 
     -0.8      58.4      -2.2      57.7 
      2.8       7.3       1.4       7.0 
      2.5       5.0       1.3       2.3 
      2.5       4.6       1.2       2.3 
31492 -11.179956 -5.589978 -43.229164 
 24793.2  20665.0      8.5     29.7    -12.5     18.0 
     8.6     73.0    -12.5     46.5  11949.2  12392.7 
     -0.6      58.1      -3.5      53.4 
      2.5       7.2       0.7       6.3 
      2.8       4.9       0.7       4.0 
      2.5       4.6       0.7       3.5 
31493 -14.561182 -5.460443 -42.227428 
 25305.6  21128.0      8.9     29.8    -12.9     12.5 
     8.9     72.8    -12.8     40.8  12059.0  12600.6 
     -1.1      59.1      -4.6      44.8 
      2.5       7.7      -0.0       8.5 
      2.7       5.1       0.3       5.7 
      2.4       4.5       0.1       4.9 
31494 -17.688046 -5.306413 -41.036263 
 25914.5  20304.2      8.7     29.9    -13.3      7.7 
     8.8     72.9    -12.7     35.0  12407.2  12956.8 
      1.8      56.4      -4.0      43.0 
      2.8       8.0      -0.2      11.1 
      2.7       5.0      -0.3       7.3 
      2.5       4.5      -0.5       6.2 
31495 -20.539001 -5.134750 -39.708736 
 26700.2  18301.7      9.1     29.7    -14.2      5.1 
     9.1     72.9    -12.8     29.1  12622.0  13223.5 
      1.1      59.3      -6.0      43.9 
      2.5       7.5      -1.0      12.3 
      2.7       5.0      -0.7       9.0 
      2.6       4.5      -0.7       8.3 
31496 -23.108727 -4.951870 -38.294460 
 27417.0  15797.1      9.5     29.8    -13.6     28.9 
     9.4     72.6    -12.6     23.3  13511.8  13987.7 
     -0.0      59.6      -7.8      43.7 
      2.8       8.7      -1.2      14.1 
      2.8       5.0      -1.1      10.5 
      2.6       4.5      -1.1      10.0 
31497 -25.404451 -4.763335 -36.836456 
 28533.7  14397.6      9.1     29.5    -13.6     28.9 
     9.1     72.6    -12.5     17.3  14197.9  14742.5 
     -0.0      56.4      -7.5      43.7 
      2.8       7.8      -1.3      14.4 
      2.7       4.9      -1.3      10.5 
      2.9       4.5      -1.3      10.0 
31498 -29.242365 -4.386354 -33.921143 
 30784.9  12295.0      9.4     29.2    -13.6     28.9 
     9.4     72.3    -12.9      8.1  15110.7  15845.8 
     -5.5      63.5      -8.3      47.5 
      2.7       8.5      -1.4      15.0 
      3.0       4.8      -1.2      11.5 
      2.9       4.6      -1.5      10.7 
31499 -32.224594 -4.028074 -31.150444 
 33328.4  11027.9      9.5     28.9    -13.6     28.9 
     9.5     72.0    -13.6     57.7  17092.3  17838.7 
     -5.7      59.6      -6.7      44.5 
      3.1       9.1      -1.8      16.2 
      3.3       4.8      -1.4      12.7 
      2.9       4.3      -1.4      12.7 
31500 -34.533642 -3.700033 -28.613588 
 36307.1  10357.2      9.5     28.7    -13.6     28.9 
     9.4     71.8    -13.6     57.7  18947.9  19737.0 
     -2.8      57.9      -8.5      45.3 
      2.9       9.8      -1.2      16.3 
      3.2       4.7      -1.3      13.1 
      2.9       4.2      -1.6      12.0 
31501 -36.327980 -3.405748 -26.337786 
 39328.8   9615.9      8.9     28.6    -13.6     28.9 
     9.1     71.6    -13.6     57.7  21064.9  21676.4 
     -0.4      66.0      -8.9      43.8 
      3.0      10.1      -1.5      17.5 
      3.3       4.7      -1.5      14.0 
      3.1       4.3      -1.6      14.6 
31502 -37.733234 -3.144436 -24.316975 
 42688.2   9338.7      9.6     28.3    -13.6     28.9 
     9.6     71.4    -13.6     57.7  22252.5  23651.0 
     -1.9      64.0      -9.0      43.5 
      3.0      11.2      -1.5      17.3 
      3.3       4.7      -1.9      13.9 
      3.1       4.2      -1.7      12.9 
31503 -38.844742 -2.913355 -22.529949 
 45986.2   9026.0      9.7     28.3    -13.6     28.9 
     9.7     71.3    -13.6     57.7  25415.4  26083.5 
     -0.9      65.5      -8.8      42.7 
      3.2      12.3      -1.9      18.4 
      3.4       4.7      -1.6      15.4 
      3.2       4.0      -1.9      15.5 
31504 -39.733410 -2.709096 -20.950342 
 49203.5   8769.6      9.2     28.1    -13.6     28.9 
     9.3     71.0    -13.6     57.7  27920.3  28562.2 
     -5.4      67.9      -8.5      40.7 
      3.1      13.3      -1.7      17.7 
      3.4       4.5      -1.7      14.4 
      3.2       4.0      -1.9      13.4 
31505 -40.451710 -2.528232 -19.551659 
 53001.5   8589.5      9.6     28.0    -13.6     28.9 
     9.6     71.2    -13.6     57.7  30038.9  30810.2 
     -3.9      68.4     -10.1      40.6 
      2.8      15.3      -1.9      18.6 
      3.3       5.2      -1.4      16.2 
      3.3       4.0      -2.0      16.4 
31506 -41.038486 -2.367605 -18.309479 
 56574.0   8504.6      9.7     27.9    -13.6     28.9 
     9.7     70.9    -13.6     57.7  32518.1  33459.0 
     -0.5      71.8      -8.8      40.2 
      3.6      14.5      -1.8      18.2 
      3.4       4.6      -1.6      14.9 
      3.3       3.9      -1.9      14.0 
31507 -41.522694 -2.224430 -17.202259 
 60212.8   8475.0      9.3     27.8    -13.6     28.9 
     9.4     70.7    -13.6     57.7  34466.2  35886.3 
     -8.3      73.4      -9.4      38.7 
      3.7      15.8      -2.1      19.2 
      3.4       4.5      -1.6      16.5 
      3.4       4.1      -2.4      16.8 
31508 36.274990 -16.323748 -21.039495 
 48871.8   9100.1      4.7     43.3    -13.6     28.9 
     9.3     24.1    -13.6     57.7  26790.0  27612.9 
      2.2      54.5      12.8      45.7 
      0.9      21.3       4.7      17.8 
      0.9      15.7       4.6      14.7 
      0.9      14.3       4.8      14.1 
31509 34.871063 -17.435532 -22.472460 
 45936.7   9509.4      4.7     43.3    -13.6     28.9 
     9.4     24.6    -13.6     57.7  24598.8  25307.3 
     -0.5      57.1      14.1      47.2 
      0.6      21.6       4.7      18.3 
      0.7      16.2       4.8      15.7 
      1.2      14.7       4.7      15.9 
31510 33.156143 -18.650331 -24.038204 
 42981.1  10035.7      4.7     43.3    -13.6     28.9 
     9.0     25.1    -13.6     57.7  23076.8  23788.3 
     -1.0      58.0      15.2      48.9 
      0.7      21.9       4.7      17.8 
      1.0      15.9       4.3      14.2 
      0.9      14.7       4.9      13.5 
31511 31.054461 -19.963583 -25.730839 
 40086.0  10561.7      4.7     43.3    -13.6     28.9 
     9.0     25.8    -13.6     57.7  21236.1  21798.3 
     -1.3      55.2      13.3      48.5 
      0.6      21.7       4.6      17.7 
      0.8      15.9       4.4      14.2 
      0.7      14.7       4.8      14.6 
31512 28.477907 -21.358431 -27.528643 
 37521.1  11375.3      4.7     43.3    -13.6     28.9 
     9.1     26.6    -13.6     57.7  19126.5  19799.0 
     -0.4      52.6      10.7      48.4 
      0.1      21.8       4.7      16.5 
      0.7      16.4       4.5      13.4 
      0.8      15.1       4.8      12.7 
31513 25.332121 -22.798910 -29.385260 
 35224.1  12463.5      4.7     43.3    -13.6     28.9 
     8.7     26.9    -13.6     57.7  18054.7  18701.5 
     -3.1      54.1      12.5      47.9 
     -0.2      22.2       5.0      16.6 
      0.4      16.2       4.7      12.7 
      0.3      15.2       5.0      12.8 
31514 21.531038 -24.222422 -31.220007 
 33248.6  13498.4      4.7     43.3    -13.6     28.9 
     9.3     27.6    -11.6      8.4  16574.0  17295.1 
     -3.1      49.9      12.1      47.4 
     -0.1      21.9       4.9      15.4 
      0.6      16.4       4.5      11.7 
      0.1      15.6       5.1      11.2 
31515 17.023268 -25.534906 -32.911655 
 31549.2  15269.5      4.7     43.3    -13.6     28.9 
     9.0     28.0    -12.0     15.9  15264.4  16183.4 
     -5.2      48.4      12.2      45.1 
     -0.2      22.1       5.2      14.8 
      0.1      16.3       5.0      10.9 
      0.1      15.4       5.3      10.4 
31516 11.828800 -26.614803 -34.303520 
 30336.3  15685.4      4.7     43.3    -10.6      5.9 
     8.6     28.0    -11.9     27.5  14650.2  15372.1 
     -5.2      50.9      10.0      45.9 
     -0.5      21.7       4.7      13.3 
     -0.3      16.3       4.4       9.8 
     -0.3      15.5       4.9       9.3 
31517 6.073876 -27.332441 -35.228477 
 29641.5  15952.6      4.7     43.3    -11.9     10.9 
     8.5     28.4    -12.0     39.2  14823.3  15349.9 
     -4.8      49.4       7.0      46.5 
     -0.3      21.5       4.1       9.3 
     -0.7      16.1       4.1       6.1 
     -0.5      15.5       4.1       5.3 
31518 -0.000000 -27.584869 -35.553833 
 29815.8  15931.4      4.7     43.3    -12.6     22.0 
     8.5     28.3    -12.7     50.6  14693.7  15245.7 
     -6.3      50.2       7.7      59.5 
     -0.8      22.0       2.7       7.6 
     -0.5      16.3       2.8       2.8 
     -0.8      15.4       2.8       2.5 
31519 -3.057901 -27.521109 -35.471649 
 30024.3  16057.0      4.7     43.3    -12.3     26.2 
     8.5     28.4    -12.3     54.8  14722.9  15284.2 
     -7.7      51.3       2.9      66.4 
     -0.7      22.2       1.8      12.4 
     -0.9      16.3       1.3       2.9 
     -0.8      15.3       1.5       2.1 
31520 -6.073876 -27.332441 -35.228477 
 30013.9  16217.2      4.7     43.3    -11.7     23.0 
     8.6     28.2    -11.7     51.6  14924.3  15491.7 
     -5.6      50.7       0.2      61.2 
     -1.2      21.6       1.4       8.7 
     -0.6      16.1       1.3       2.0 
     -0.8      15.5       1.4       1.7 
31521 -9.008813 -27.026440 -34.834076 
 30146.3  16374.3      4.7     43.3    -12.1     17.5 
     8.3     28.3    -11.9     45.8  15004.6  15537.4 
     -3.5      48.8       1.6      53.4 
     -0.7      21.7       0.9       7.6 
     -0.6      16.3       0.9       3.7 
     -0.8      15.6       1.0       3.2 
31522 -11.828800 -26.614803 -34.303520 
 30535.7  16855.3      4.7     43.3    -12.5     11.8 
     8.5     28.2    -12.3     40.2  15143.5  15644.8 
     -6.3      52.0      -0.8      53.7 
     -1.1      21.7       0.3       8.6 
     -0.3      16.2       0.6       5.4 
     -0.9      15.4       0.4       4.5 
31523 -14.506772 -26.112192 -33.655712 
 31203.8  16747.5      4.7     43.3    -12.5      6.5 
     8.5     28.1    -12.3     34.2  14937.3  15618.9 
     -7.5      55.1      -2.1      47.0 
     -0.4      21.9      -0.2      10.9 
     -0.5      16.3       0.1       7.1 
     -0.5      15.5       0.1       6.0 
31524 -17.023268 -25.534906 -32.911655 
 31812.6  16602.9      4.7     43.3    -13.6      4.6 
     8.5     27.6    -12.2     28.1  15878.5  16462.2 
     -5.3      47.9      -2.0      46.8 
     -1.1      21.6      -0.7      12.0 
     -0.5      16.0      -0.2       8.6 
     -0.4      15.2      -0.3       7.8 
31525 -19.366381 -24.899633 -32.092857 
 32631.9  16593.2      4.7     43.3    -13.6     28.9 
     8.6     27.7    -12.4     22.2  16306.8  17027.2 
     -5.7      50.6      -4.3      48.2 
     -0.4      21.9      -0.7      14.0 
     -0.3      16.6      -0.7      10.4 
     -0.5      15.1      -0.8       9.7 
31526 -21.531038 -24.222422 -31.220007 
 33305.9  15806.2      4.7     43.3    -13.6     28.9 
     8.6     27.3    -12.4     16.2  16603.5  17310.5 
     -6.6      52.3      -4.5      45.8 
     -0.5      21.8      -1.2      14.2 
     -0.4      16.0      -1.0      10.5 
     -0.4      15.5      -0.9       9.7 
31527 -25.332121 -22.798910 -29.385260 
 35335.1  13922.0      4.7     43.3    -13.6     28.9 
     8.7     26.9    -12.6      7.5  17839.9  18723.0 
     -6.0      51.2      -5.4      47.8 
     -0.7      21.9      -1.2      15.2 
      0.0      16.1      -0.7      11.0 
      0.1      15.3      -0.8      10.2 
31528 -28.477907 -21.358431 -27.528643 
 37674.9  12219.3      4.7     43.3    -13.6     28.9 
     8.9     26.2    -13.6     57.7  19542.4  20267.8 
     -7.2      54.0      -4.7      46.1 
     -0.1      21.9      -1.2      16.2 
      0.3      16.2      -0.9      12.2 
      0.3      15.1      -1.1      12.1 
31529 -31.054461 -19.963583 -25.730839 
 40132.8  11155.2      4.7     43.3    -13.6     28.9 
     8.9     25.7    -13.6     57.7  20774.1  21678.7 
     -7.1      51.8      -7.2      44.9 
      0.1      21.5      -1.1      15.9 
     -0.1      16.0      -1.0      12.7 
      0.4      14.8      -1.2      11.6 
31530 -33.156143 -18.650331 -24.038204 
 43078.2  10478.8      4.7     43.3    -13.6     28.9 
     9.1     25.0    -13.6     57.7  22963.7  23680.0 
     -6.2      55.8      -8.3      48.2 
      0.1      21.5      -1.3      17.3 
      0.6      16.1      -1.1      13.8 
      0.5      14.8      -1.2      13.9 
31531 -34.871063 -17.435532 -22.472460 
 45860.9  10012.8      4.7     43.3    -13.6     28.9 
     9.0     24.4    -13.6     57.7  24913.9  25755.3 
     -8.3      56.0      -7.9      44.9 
      0.5      21.8      -1.2      17.0 
      0.6      15.8      -1.2      13.4 
      0.5      14.3      -1.2      12.6 
31532 -36.274990 -16.323748 -21.039495 
 48799.1   9499.8      4.7     43.3    -13.6     28.9 
     9.1     23.8    -13.6     57.7  26650.4  27822.1 
     -4.8      55.0      -7.0      45.8 
      0.3      21.0      -1.0      17.6 
      0.7      15.6      -1.3      15.0 
      0.8      14.3      -1.5      15.0 
31533 -37.430248 -15.312374 -19.735949 
 52273.0   9167.1      4.7     43.3    -13.6     28.9 
     9.2     23.4    -13.6     57.7  28996.0  29926.8 
     -7.9      56.6      -7.3      42.2 
      0.6      21.1      -1.3      17.0 
      0.9      15.6      -1.2      14.2 
      0.6      14.3      -1.4      13.4 
31534 -38.386795 -14.395048 -18.553617 
 55551.6   8987.1      4.7     43.3    -13.6     28.9 
     9.6     22.8    -13.6     57.7  31146.0  32017.4 
     -7.9      57.8      -8.9      41.6 
      0.6      21.3      -1.3      18.8 
      1.0      15.5      -1.6      15.7 
      1.0      14.3      -1.3      16.0 
31535 -39.184162 -13.563748 -17.482164 
 58970.9   9013.7      4.7     43.3    -13.6     28.9 
     9.4     22.5    -13.6     57.7  33440.0  34497.9 
     -6.3      57.1      -5.3      36.7 
      0.5      21.1      -1.7      18.1 
      0.8      15.4      -1.7      14.4 
      1.0      14.1      -1.5      13.9 
31536 -39.853470 -12.810044 -16.510723 
 62532.0   8713.6      4.7     43.3    -13.6     28.9 
     9.1     22.3    -13.6     57.7  35632.1  36968.3 
     -6.2      58.2      -5.7      37.8 
      0.9      21.2      -1.6      19.0 
      1.0      15.5      -1.5      16.2 
      1.1      14.2      -1.5      16.4 
31537 21.035387 -37.863701 -12.200525 
 84578.0  12682.7      4.7     43.3    -13.6     28.9 
     4.7     86.6    -13.6     57.7  49829.2  51137.1 
     -7.4      52.9      18.6      57.9 
      0.4      23.0       4.5      16.8 
      0.7      17.5       4.0      11.6 
      0.5      16.3       3.9      10.9 
31538 19.337526 -38.675053 -12.461962 
 83000.3  12722.6      4.7     43.3    -13.6     28.9 
     4.7     86.6    -13.6     57.7  48828.7  50250.4 
     -8.6      52.6      15.8      56.2 
      0.4      23.2       4.5      16.7 
      0.4      18.1       4.4      11.9 
      0.8      16.8       4.0      11.1 
31539 17.532005 -39.447014 -12.710704 
 81322.7  12619.1      4.7     43.3    -13.6     28.9 
     4.7     86.6    -13.6     57.7  47702.8  49089.6 
     -6.7      54.6      14.7      59.3 
      0.2      23.1       4.6      16.7 
      0.2      18.2       4.1      11.1 
      0.2      16.7       4.0      10.2 
31540 15.620879 -40.167976 -12.943014 
 79804.2  12466.3      4.7     43.3    -13.6     28.9 
     4.7     86.6    -13.6     57.7  46403.3  48183.8 
     -7.0      50.6      16.9      57.8 
     -0.2      23.1       5.0      17.2 
      0.4      17.9       4.3      10.9 
      0.4      16.8       4.1      10.1 
31541 13.608622 -40.825867 -13.155002 
 78776.7  12182.1      4.7     43.3    -13.6     28.9 
     4.7     86.6    -13.6     57.7  46235.4  47454.4 
     -7.5      51.8      16.1      63.9 
     -0.5      22.8       4.7      15.3 
      0.5      18.2       3.9      10.2 
      0.2      16.8       4.1       9.1 
31542 11.502371 -41.408531 -13.342750 
 77652.1  12032.7      4.7     43.3    -13.6     28.9 
     4.7     86.6    -13.6     57.7  46004.1  47279.9 
     -7.8      50.0      16.4      64.5 
     -0.6      23.2       5.0      16.2 
      0.2      18.2       4.2      10.0 
     -0.3      16.9       4.5       9.0 
31543 9.312061 -41.904274 -13.502488 
 77004.0  11968.8      4.7     43.3    -13.6     28.9 
     4.7     86.6    -12.7      3.7  45103.8  46552.4 
     -7.3      53.0      12.6      66.6 
     -0.4      23.2       4.7      15.9 
      0.1      18.0       4.2       9.4 
      0.1      16.9       4.2       8.3 
31544 7.050401 -42.302410 -13.630775 
 76329.8  11925.5      4.7     43.3    -13.6     28.9 
     4.7     86.6    -12.5     10.8  44028.7  45947.7 
     -6.4      49.1      11.8      68.3 
     -0.4      23.2       4.5      15.1 
     -0.3      18.4       4.4       9.2 
     -0.5      17.0       4.4       8.0 
31545 4.732649 -42.593838 -13.724681 
 75625.8  11954.8      4.7     43.3    -13.6     28.9 
     4.7     86.6    -12.6     23.7  43258.2  45162.9 
    -10.4      52.7      11.0      74.2 
     -0.7      23.0       4.6      16.5 
     -0.2      18.4       4.2      10.3 
     -0.4      16.7       4.2       9.1 
31546 2.376201 -42.771618 -13.781965 
 75659.9  12041.5      4.7     43.3    -12.9      8.2 
     4.7     86.6    -12.9     36.6  44642.5  45591.0 
    -11.8      50.4      12.6      69.0 
     -1.2      23.2       3.8      14.2 
     -0.3      18.4       3.4       4.5 
     -0.4      16.8       3.3       3.5 
31547 -0.000000 -42.831371 -13.801219 
 75437.0  11832.0      4.7     43.3    -13.1     20.6 
     4.7     86.6    -13.2     49.2  43710.6  45650.9 
    -10.3      52.2       5.1      77.5 
     -0.8      23.5       2.6      22.5 
     -0.7      18.2       2.3       5.1 
     -0.8      16.9       2.4       2.2 
31548 -1.189345 -42.816410 -13.796398 
 75586.0  11996.2      4.7     43.3    -13.0     25.4 
     4.7     86.6    -13.0     53.8  43602.5  45199.2 
     -9.9      53.4       7.0      88.4 
     -1.0      22.9       3.4      32.3 
     -0.8      18.3       0.8       9.2 
     -0.6      16.7       1.2       3.8 
31549 -2.376201 -42.771618 -13.781965 
 75688.9  11862.5      4.7     43.3    -11.0     21.6 
     4.7     86.6    -10.9     50.1  43696.7  45163.2 
    -11.8      51.5      11.7      82.6 
     -0.8      23.0       2.7      25.1 
     -0.6      18.1       1.9       5.5 
     -0.7      17.2       1.7       2.7 
31550 -3.558106 -42.697277 -13.758010 
 75831.0  12141.0      4.7     43.3    -11.3     15.3 
     4.7     86.6    -11.1     43.9  44389.9  45699.5 
    -11.4      50.0       6.0      78.5 
     -0.5      22.4       2.1      16.9 
     -0.2      18.4       1.4       4.0 
     -0.6      17.2       1.3       2.3 
31551 -4.732649 -42.593838 -13.724681 
 75874.2  12046.7      4.7     43.3    -11.4      8.9 
     4.7     86.6    -11.3     37.5  44657.2  46167.9 
     -7.8      50.2       3.1      74.5 
     -1.3      23.2       1.2      15.7 
     -0.4      18.7       1.0       4.3 
     -0.8      17.1       1.0       3.1 
31552 -5.897493 -42.461952 -13.682184 
 76251.6  12145.1      4.7     43.3    -11.8      3.1 
     4.7     86.6    -11.5     30.9  44209.8  45693.1 
     -9.7      48.9       1.6      73.5 
     -0.8      23.0       0.5      13.7 
     -0.3      18.7       0.6       5.4 
     -0.6      16.9       0.7       4.1 
31553 -7.050401 -42.302410 -13.630775 
 76425.6  12377.7      4.7     43.3    -13.6     28.9 
     4.7     86.6    -11.5     24.4  44321.7  46006.7 
    -11.4      53.0       2.7      67.9 
     -0.4      22.7       0.1      15.6 
     -0.5      18.6      -0.0       9.0 
     -0.6      16.9       0.1       7.8 
31554 -8.189252 -42.116158 -13.570762 
 76570.7  12223.1      4.7     43.3    -13.6     28.9 
     4.7     86.6    -11.6     17.8  44362.1  45571.5 
     -9.1      51.3       2.4      71.8 
     -0.9      23.6      -0.1      17.7 
     -0.2      18.6      -0.3      10.8 
     -0.6      17.3      -0.1       9.9 
31555 -9.312061 -41.904274 -13.502488 
 76912.4  12454.3      4.7     43.3    -13.6     28.9 
     4.7     86.6    -11.8     11.3  45031.3  46543.3 
     -8.7      47.2      -0.4      62.1 
     -0.7      23.3      -0.3      15.9 
     -0.2      18.3      -0.2       9.3 
     -0.4      17.5      -0.1       8.3 
31556 -11.502371 -41.408531 -13.342750 
 77615.3  12607.3      4.7     43.3    -13.6     28.9 
     4.7     86.6    -13.5      4.0  45675.7  46527.5 
     -9.8      50.9       1.6      64.9 
     -0.4      22.9      -0.5      15.9 
     -0.1      18.2      -0.3       8.9 
     -0.6      17.5      -0.3       7.9 
31557 -13.608622 -40.825867 -13.155002 
 78861.3  12642.3      4.7     43.3    -13.6     28.9 
     4.7     86.6    -13.6     57.7  45669.7  47673.9 
    -10.1      51.3       0.6      69.4 
     -0.5      23.1      -0.8      16.7 
     -0.3      18.6      -0.6      10.2 
     -0.4      17.4      -0.6       9.1 
31558 -15.620879 -40.167976 -12.943014 
 80101.8  12967.7      4.7     43.3    -13.6     28.9 
     4.7     86.6    -13.6     57.7  46287.2  47867.5 
    -10.4      53.6      -0.9      61.6 
     -0.3      22.9      -0.6      15.8 
      0.3      18.4      -0.3      10.0 
     -0.1      17.2      -0.4       8.9 
31559 -17.532005 -39.447014 -12.710704 
 81446.6  13351.5      4.7     43.3    -13.6     28.9 
     4.7     86.6    -13.6     57.7  48145.9  49621.0 
    -10.0      52.7      -1.6      63.1 
     -0.6      23.3      -1.0      17.2 
      0.4      18.2      -0.7      11.2 
      0.1      17.3      -0.6       9.9 
31560 -19.337526 -38.675053 -12.461962 
 83027.9  13348.1      4.7     43.3    -13.6     28.9 
     4.7     86.6    -13.6     57.7  48848.0  50358.1 
    -10.0      52.3      -1.3      53.9 
     -0.2      23.2      -0.6      16.7 
      0.3      18.2      -0.4      10.9 
      0.3      16.9      -0.3      10.0 
31561 -21.035387 -37.863701 -12.200525 
 84797.1  13139.1      4.7     43.3    -13.6     28.9 
     4.7     86.6    -13.6     57.7  50296.0  51277.6 
     -9.5      52.2      -1.2      55.6 
     -0.4      23.5      -0.8      17.6 
      0.5      18.0      -0.7      11.8 
      0.3      16.7      -0.7      11.0 
31562 -22.625631 -37.023762 -11.929878 
 86596.7  12947.1      4.7     43.3    -13.6     28.9 
     4.7     86.6    -13.6     57.7  51115.7  52656.0 
     -9.9      54.2      -0.9      49.3 
      0.2      23.1      -0.7      17.3 
      0.4      17.8      -0.5      11.7 
      0.2      16.5      -0.6      10.7 
31563 -24.110025 -36.165039 -11.653179 
 88552.0  12971.9      4.7     43.3    -13.6     28.9 
     4.7     86.6    -13.6     57.7  51718.8  53652.5 
     -8.8      52.3      -1.6      48.8 
      0.4      22.6      -0.8      17.5 
      0.5      17.9      -1.0      12.8 
      0.4      16.9      -1.0      12.1 
31564 -25.491707 -35.296211 -11.373223 
 90845.0  12673.4      4.7     43.3    -13.6     28.9 
     4.7     86.6    -13.6     57.7  52745.1  54932.6 
     -9.9      51.3      -1.8      45.7 
     -0.0      23.2      -1.1      17.6 
      0.7      17.6      -0.6      12.3 
      0.4      16.4      -0.8      11.4 
31565 -26.774837 -34.424789 -11.092432 
 92939.2  12207.4      4.7     43.3    -13.6     28.9 
     4.7     86.6    -13.6     57.7  55292.5  56964.3 
    -12.1      53.2      -3.5      43.6 
      0.2      22.3      -1.0      17.6 
      0.8      17.5      -1.0      13.3 
      0.5      16.2      -1.0      13.0 
