Dot1_150x100_prd2012lk:dj0070a@-275V,3.8T@90d,263K,rhe=1.10,rhh=0.7,0.5/0.5 
1104 1 3.80 60 5 29 0 275.0000 263.0000 0.5000 1.2300 1000.0000 -1.2200 86.8800 150.0000 100.0000 285.0000 900.0000 -0.6100 43.439999 1.5000 1.0000 0.8500 
78501 -0.000000 -0.000000 -1.000000 
 25481.3  19944.0      0.2     41.3     43.0      7.7 
     0.2     84.5     43.2     35.7  11260.0  11799.7 
     -0.9      71.1      -1.6      43.0 
      0.5      10.4      -3.2      10.8 
      0.5       3.2      -3.1       7.7 
      0.7       1.6      -3.5       7.1 
78502 -0.000000 -0.130455 -0.991454 
 25626.7  20105.1      0.2     34.5     43.2      7.7 
     0.1     77.7     43.5     35.8  11285.7  11857.9 
     -3.3      61.0      -1.8      45.8 
     -0.3       5.4      -3.0      10.4 
      0.0       2.9      -3.0       7.9 
      0.0       2.5      -3.3       7.1 
78503 -0.000000 -0.254493 -0.967075 
 26158.8  20590.4     -0.7     26.5     43.1      7.8 
    -0.6     69.4     43.6     35.4  11555.7  12144.6 
     -3.5      52.3      -0.5      45.8 
     -0.7       9.2      -3.3      10.5 
     -0.3       5.8      -3.1       8.0 
     -0.2       5.2      -3.2       7.1 
78504 -0.000000 -0.367167 -0.930155 
 27005.0  20569.1     -0.4     18.2     43.1      7.5 
    -0.3     60.6     43.6     35.4  11870.1  12689.6 
     -3.1      47.8      -1.3      44.3 
     -0.9      12.9      -3.0      10.6 
     -0.5       8.8      -3.0       7.7 
     -0.7       7.7      -3.3       7.1 
78505 -0.000000 -0.465746 -0.884918 
 28495.3  20637.9     -0.3     10.4     43.4      7.3 
    -0.5     51.8     43.8     35.2  12892.8  13526.6 
     -7.7      50.2      -1.8      44.4 
     -1.0      17.1      -2.9      10.8 
     -0.8      11.8      -3.0       7.6 
     -0.8      10.2      -3.1       7.0 
78506 -0.000000 -0.549617 -0.835417 
 29945.0  19784.9     -0.8      8.0     43.5      7.0 
    -0.5     42.7     43.8     35.0  13418.5  14290.0 
     -5.7      47.1      -1.8      43.2 
     -0.8      19.0      -2.8      10.2 
     -1.1      14.4      -3.0       7.6 
     -0.7      13.7      -3.0       6.8 
78507 -0.000000 -0.619644 -0.784883 
 31885.6  18373.1     -0.6     43.3     43.7      6.8 
    -0.4     33.3     44.1     34.5  15071.1  15637.6 
     -5.3      50.1      -1.9      47.8 
     -0.9      21.2      -2.7      10.5 
     -0.9      16.6      -2.8       7.4 
     -1.1      15.9      -2.9       6.6 
78508 -0.000000 -0.677476 -0.735545 
 34089.4  16890.2     -0.6     43.3     43.9      6.3 
    -0.2     24.1     44.2     34.4  16491.8  17140.7 
     -9.6      51.5      -1.9      48.6 
     -1.0      21.9      -2.6      10.6 
     -1.2      16.3      -2.8       7.2 
     -1.4      15.5      -3.0       6.5 
78509 -0.000000 -0.724999 -0.688749 
 36415.9  15910.4     -0.6     43.3     44.0      6.2 
    -0.3     15.3     44.0     34.2  17632.5  18326.7 
     -9.9      51.6      -0.9      49.9 
     -1.5      20.6      -2.8      10.6 
     -1.2      15.6      -2.8       7.3 
     -1.3      14.3      -2.9       6.4 
78510 -0.000000 -0.764030 -0.645181 
 38757.8  15146.5     -0.6     43.3     44.1      5.8 
    -0.8      9.9     44.5     33.9  19050.9  19997.0 
     -7.4      50.1      -0.7      50.4 
     -2.1      21.7      -2.7      10.4 
     -1.4      17.0      -2.7       7.1 
     -1.4      16.0      -2.8       6.2 
78511 -0.000000 -0.796162 -0.605083 
 41283.4  14593.3     -0.6     43.3     44.2      5.5 
    -5.5     10.8     44.7     33.4  20976.8  21820.2 
     -9.4      51.5      -2.5      51.3 
     -1.2      23.6      -2.5      10.9 
     -1.1      18.4      -2.5       7.1 
     -1.2      18.5      -2.7       6.2 
78512 -0.000000 -0.822730 -0.568432 
 44161.4  14204.7     -0.6     43.3     44.3      5.3 
    -0.6     86.6     44.6     33.2  22164.7  23027.0 
     -8.5      51.4       1.2      55.5 
     -1.5      23.3      -2.4      11.2 
     -1.4      18.6      -2.6       7.0 
     -1.3      17.7      -2.6       6.0 
78513 -0.000000 -0.844819 -0.535052 
 46710.1  13927.5     -0.6     43.3     44.4      4.9 
    -0.6     86.6     44.8     33.3  24263.0  25063.2 
     -8.2      51.3      -0.3      56.1 
     -1.8      22.5      -2.5      10.9 
     -0.9      17.3      -2.5       6.9 
     -1.3      15.8      -2.6       6.0 
78514 -0.000000 -0.863297 -0.504697 
 49448.2  13609.1     -0.6     43.3     44.5      4.8 
    -0.6     86.6     44.9     33.0  25427.8  26820.6 
     -9.7      50.6      -2.3      55.1 
     -1.2      23.0      -2.5      10.8 
     -1.2      18.4      -2.5       6.7 
     -1.2      16.7      -2.5       5.8 
78515 -0.000000 -0.878853 -0.477092 
 52352.1  13506.1     -0.6     43.3     44.6      4.6 
    -0.6     86.6     44.9     32.8  27595.3  28724.9 
     -9.7      53.4       0.6      55.9 
     -1.3      24.4      -2.4      11.6 
     -1.7      19.7      -2.5       6.6 
     -1.6      19.7      -2.5       5.8 
78516 -0.000000 -0.892036 -0.451965 
 55211.3  13268.1     -0.6     43.3     44.9      4.5 
    -0.6     86.6     45.0     32.7  29462.4  30497.8 
    -10.0      54.3      -0.4      59.4 
     -1.5      23.7      -2.3      11.1 
     -1.4      18.9      -2.4       6.5 
     -1.3      18.7      -2.5       5.6 
78517 -0.000000 -0.903278 -0.429057 
 58266.4  13132.2     -0.6     43.3     45.0      4.3 
    -0.6     86.6     45.2     32.6  31751.1  32812.7 
    -11.4      53.5      -3.5      60.3 
     -1.4      23.1      -2.5      11.5 
     -0.9      17.9      -2.3       6.5 
     -1.4      17.0      -2.4       5.7 
78518 -0.000000 -0.912924 -0.408131 
 61206.4  13072.7     -0.6     43.3     45.0      4.2 
    -0.6     86.6     45.6     32.5  33070.7  34768.7 
    -10.3      50.8       0.1      62.0 
     -1.4      23.3      -2.3      11.7 
     -1.5      19.0      -2.4       6.4 
     -1.0      17.5      -2.3       5.5 
78519 -0.000000 -0.921250 -0.388972 
 64239.0  12875.8     -0.6     43.3     45.1      4.0 
    -0.6     86.6     45.0     32.3  35065.9  36292.7 
     -9.9      52.3      -3.9      65.2 
     -1.5      24.6      -2.2      12.1 
     -0.9      20.4      -2.2       6.3 
     -1.3      20.4      -2.4       5.4 
78520 -0.000000 -0.928477 -0.371391 
 67000.8  12992.4     -0.6     43.3     45.1      3.9 
    -0.6     86.6     45.5     32.1  37076.6  38589.8 
     -9.1      48.7       2.3      66.5 
     -1.2      24.0      -2.3      12.2 
     -1.2      19.8      -2.1       6.3 
     -1.6      19.3      -2.3       5.5 
78521 -0.000000 -0.934784 -0.355218 
 70320.5  12860.4     -0.6     43.3     45.1      3.8 
    -0.6     86.6     45.4     32.1  39749.4  40780.2 
     -9.3      51.2      -0.6      68.7 
     -1.2      23.0      -2.3      13.2 
     -1.6      18.5      -2.2       6.4 
     -1.3      17.5      -2.3       5.4 
78522 -0.000000 -0.940315 -0.340305 
 73257.2  12759.5     -0.6     43.3     45.2      3.6 
    -0.6     86.6     45.3     32.0  41145.4  42787.1 
    -11.0      51.8      -0.2      68.9 
     -1.5      23.5      -2.4      12.6 
     -1.1      18.9      -2.2       6.2 
     -1.1      17.6      -2.4       5.3 
78523 -0.000000 -0.945190 -0.326520 
 76458.5  12750.2     -0.6     43.3     45.5      3.5 
    -0.6     86.6     45.4     31.7  43067.4  44533.1 
    -10.4      51.2      -0.3      69.5 
     -1.0      24.9      -2.5      13.1 
     -1.1      21.1      -2.3       6.2 
     -1.5      20.5      -2.2       5.3 
78524 -0.000000 -0.949506 -0.313750 
 79452.4  12667.8     -0.6     43.3     45.3      3.5 
    -0.6     86.6     45.4     31.7  44955.2  46329.4 
     -8.9      52.0       0.1      66.7 
     -1.1      24.1      -2.5      14.6 
     -1.6      20.1      -2.2       6.3 
     -1.2      19.7      -2.2       5.3 
78525 -0.000000 -0.953342 -0.301892 
 82603.6  12635.6     -0.6     43.3     45.3      3.5 
    -0.6     86.6     45.4     31.7  47716.3  49121.6 
     -9.2      46.6      -3.2      71.7 
     -2.1      23.9      -2.1      14.4 
     -1.4      18.5      -2.2       6.1 
     -0.9      17.5      -2.2       5.2 
78526 -0.000000 -0.956767 -0.290857 
 85772.7  12649.1     -0.6     43.3     45.4      3.3 
    -0.6     86.6     45.7     31.7  49661.4  50994.4 
    -11.3      53.6      -0.4      70.0 
     -1.6      23.8      -2.5      15.0 
     -1.0      19.3      -2.0       6.2 
     -1.3      17.8      -2.2       5.3 
78527 -0.000000 -0.959834 -0.280567 
 89099.3  12638.0     -0.6     43.3     45.7     11.9 
    -0.6     86.6     45.7     31.6  52211.7  53630.8 
    -12.6      51.3       1.0      74.6 
     -1.6      24.9      -2.0      15.4 
     -1.3      21.4      -2.1       6.1 
     -1.2      21.0      -2.2       5.1 
78528 -0.000000 -0.962593 -0.270952 
 92246.6  12643.8     -0.6     43.3     45.4      3.2 
    -0.6     86.6     45.6     31.6  53699.2  55482.6 
    -10.8      54.4       1.8      77.9 
     -2.3      25.4      -2.2      15.2 
     -1.5      20.5      -2.2       6.1 
     -1.6      19.7      -2.2       5.2 
78529 -0.000000 -0.965081 -0.261951 
 95572.0  12597.2     -0.6     43.3     45.5      3.1 
    -0.6     86.6     45.9     31.4  56109.7  57856.4 
    -12.2      53.0      -2.9      75.0 
     -1.7      23.6      -2.2      16.0 
     -1.3      19.3      -2.0       6.2 
     -1.6      18.0      -2.2       5.1 
78530 -0.000000 -0.967333 -0.253508 
 98510.7  12604.9     -0.6     43.3     45.7      3.1 
    -0.6     86.6     45.8     31.3  57935.0  59563.8 
    -13.2      52.3      -1.1      78.3 
     -1.7      23.7      -2.2      17.0 
     -0.9      19.2      -1.9       6.2 
     -1.7      18.3      -2.2       5.1 
78531 -0.000000 -0.969377 -0.245576 
101667.6  12552.2     -0.6     43.3     45.7      3.0 
    -0.6     86.6     45.7     31.5  60129.8  62027.6 
    -10.4      54.1      -2.2      77.5 
     -1.6      25.7      -2.0      17.9 
     -1.4      21.7      -2.2       6.4 
     -1.5      20.9      -2.1       5.1 
78532 -0.000000 -0.971238 -0.238110 
104917.8  12642.2     -0.6     43.3     45.7      3.0 
    -0.6     86.6     45.8     31.2  62243.8  63882.9 
    -12.9      53.0       0.9      80.3 
     -1.8      25.3      -1.8      17.4 
     -1.8      20.8      -2.0       6.0 
     -1.6      19.7      -2.2       5.0 
78533 -0.000000 -0.972937 -0.231072 
108047.9  12525.0     -0.6     43.3     45.7      2.9 
    -0.6     86.6     46.0     31.4  64373.9  66326.3 
    -11.8      47.1      -0.6      78.4 
     -2.2      24.2      -1.9      18.0 
     -1.3      18.9      -2.0       6.0 
     -1.5      18.2      -2.1       5.1 
78534 -0.000000 -0.974491 -0.224428 
111321.1  12597.5     -0.6     43.3     45.4     14.2 
    -0.6     86.6     46.1     31.0  65745.8  68080.4 
     -9.9      52.6      -1.1      82.4 
     -1.5      24.3      -2.1      19.5 
     -1.3      19.4      -1.9       6.4 
     -1.4      18.4      -2.2       5.0 
78535 -0.000000 -0.975916 -0.218146 
114505.1  12635.6     -0.6     43.3     45.7      2.8 
    -0.6     86.6     45.9     31.0  69173.8  70760.9 
    -12.3      50.8      -2.9      82.4 
     -1.9      25.5      -2.2      20.0 
     -1.5      21.8      -2.0       6.1 
     -1.3      21.5      -2.0       5.1 
78536 -0.000000 -0.977227 -0.212198 
117498.6  12627.3     -0.6     43.3     45.8      2.7 
    -0.6     86.6     46.1     31.2  70863.4  72802.8 
     -8.5      50.6      -0.5      86.6 
     -1.8      24.8      -1.8      20.3 
     -1.4      20.7      -2.0       6.2 
     -1.8      20.3      -2.0       5.0 
78537 -0.000000 -0.978434 -0.206558 
120815.3  12623.3     -0.6     43.3     45.8      2.7 
    -0.6     86.6     46.0     30.9  72694.5  75209.7 
    -11.9      48.8      -1.0      83.7 
     -2.0      23.9      -2.1      20.0 
     -1.5      19.2      -2.0       6.2 
     -1.2      18.2      -2.1       4.9 
78538 -0.000000 -0.979549 -0.201205 
124372.5  12687.7     -0.6     43.3     45.9      2.6 
    -0.6     86.6     46.0     30.9  74239.6  76736.0 
    -10.8      50.2       3.8      86.9 
     -2.0      24.6      -2.0      20.7 
     -1.2      19.6      -1.9       6.3 
     -1.6      18.3      -2.1       5.1 
78539 -0.000000 -0.980581 -0.196116 
127448.9  12608.4     -0.6     43.3     45.9      2.6 
    -0.6     86.6     46.0     30.8  78374.6  80061.7 
    -11.9      53.5      -1.0      92.5 
     -1.8      25.8      -1.9      20.1 
     -1.4      21.7      -2.0       6.2 
     -1.4      21.0      -2.1       5.0 
78540 -0.000000 -0.981537 -0.191274 
130775.5  12577.4     -0.6     43.3     45.9      2.6 
    -0.6     86.6     46.1     31.0  79710.6  81693.8 
     -8.7      51.0       0.7      87.9 
     -1.9      24.8      -1.8      20.8 
     -1.6      20.6      -1.9       6.5 
     -1.9      20.0      -2.1       5.0 
78541 -0.000000 -0.982424 -0.186661 
133820.1  12607.2     -0.6     43.3     45.6     15.2 
    -0.6     86.6     46.1     30.9  80185.2  83238.5 
    -13.8      51.3       1.7      89.7 
     -2.4      24.5      -1.9      22.5 
     -1.2      19.3      -2.0       6.2 
     -1.4      18.4      -2.0       5.0 
78542 -0.000000 -0.983250 -0.182261 
136993.3  12590.9     -0.6     43.3     46.1      2.4 
    -0.6     86.6     45.9     30.8  83503.8  86169.7 
    -10.6      50.4       0.9      88.9 
     -1.9      24.2      -2.1      23.9 
     -1.6      19.7      -2.0       6.6 
     -1.6      18.4      -2.1       5.0 
78543 -0.000000 -0.984020 -0.178061 
140193.3  12637.9     -0.6     43.3     46.0      2.5 
    -0.6     86.6     46.3     30.8  86817.0  88720.0 
    -12.0      58.6       6.0      93.8 
     -2.0      26.1      -1.9      23.1 
     -1.6      22.3      -2.0       6.6 
     -1.7      21.1      -1.9       5.0 
78544 -0.000000 -0.984737 -0.174047 
143576.8  12603.9     -0.6     43.3     46.1      2.4 
    -0.6     86.6     46.2     30.6  89166.8  91459.9 
    -11.6      51.0       5.2      89.8 
     -2.5      26.1      -2.1      23.4 
     -1.5      21.1      -1.9       6.7 
     -1.6      20.1      -1.9       5.0 
78545 -0.000000 -0.985408 -0.170207 
146963.6  12706.1     -0.6     43.3     46.1      2.4 
    -0.6     86.6     46.0     30.6  92162.0  94202.6 
    -12.6      50.0      -2.0      91.2 
     -2.4      24.9      -2.1      23.1 
     -1.2      19.2      -1.9       7.0 
     -1.7      18.7      -2.0       5.2 
78546 -0.000000 -0.986036 -0.166531 
150065.8  12641.7     -0.6     43.3     46.2      2.4 
    -0.6     86.6     46.2     30.8  92759.6  95885.0 
    -11.3      53.5       2.3      90.6 
     -2.1      24.8      -1.8      24.2 
     -1.3      19.3      -2.0       6.7 
     -1.6      18.7      -1.9       4.9 
78547 -0.000000 -0.986625 -0.163008 
153406.0  12673.2     -0.6     43.3     46.1      2.3 
    -0.6     86.6     46.3     30.7  95362.5  98066.8 
    -10.7      51.8       1.7      96.2 
     -2.5      26.8      -2.3      24.8 
     -1.4      21.7      -1.9       6.7 
     -1.4      21.5      -1.9       5.0 
78548 -0.000000 -0.987696 -0.156385 
159643.0  12639.9     -0.6     43.3     46.1      2.3 
    -0.6     86.6     46.2     30.3  99632.6 102104.8 
    -10.8      52.6       2.7      89.3 
     -2.3      24.9      -2.1      26.3 
     -1.8      19.2      -2.0       6.7 
     -1.3      18.9      -2.0       4.9 
78549 -0.000000 -0.988644 -0.150274 
166184.5  12600.2     -0.6     43.3     46.2      2.2 
    -0.6     86.6     46.3     30.5 103062.3 106216.2 
    -15.0      53.0      -5.6      98.4 
     -2.2      26.6      -2.4      28.0 
     -1.3      21.8      -1.9       6.6 
     -1.1      21.7      -1.9       4.8 
78550 -0.000000 -0.989488 -0.144617 
172864.1  12674.3     -0.6     43.3     46.3      2.2 
    -0.6     86.6     46.1     30.5 108248.0 111971.1 
    -12.6      51.4       6.4      97.4 
     -2.4      24.5      -2.1      26.4 
     -1.7      19.6      -2.0       6.7 
     -1.2      18.4      -1.8       4.8 
78551 -0.000000 -0.990241 -0.139367 
179327.1  12649.6     -0.6     43.3     46.3      2.1 
    -0.6     86.6     46.5     30.4 113109.1 115493.3 
    -10.9      45.3       3.3      97.4 
     -2.3      26.5      -1.4      28.3 
     -1.6      21.9      -1.8       7.0 
     -1.6      21.8      -1.8       5.2 
78552 -0.000000 -0.990916 -0.134481 
185983.7  12648.7     -0.6     43.3     46.3      2.1 
    -0.6     86.6     46.2     30.5 117218.7 121268.9 
    -12.4      51.6      -4.9      96.9 
     -2.4      25.2      -2.5      28.8 
     -1.6      19.3      -2.0       7.6 
     -1.7      18.8      -1.8       4.9 
78553 -0.000000 -0.991524 -0.129924 
192689.2  12633.0     -0.6     43.3     46.4      2.0 
    -0.6     86.6     46.3     30.3 122057.9 124728.7 
     -9.4      49.6      -3.5     105.3 
     -2.0      25.6      -1.6      30.3 
     -1.5      21.8      -1.8       8.0 
     -1.9      21.3      -1.9       5.1 
78554 -0.000000 -0.992073 -0.125663 
198973.3  12671.3     -0.6     43.3     46.4      2.1 
    -0.6     86.6     46.5     30.1 124496.7 128730.1 
     -8.1      41.5       0.1      98.9 
     -2.1      24.0      -1.6      30.7 
     -1.5      19.4      -1.9       7.8 
     -1.7      18.7      -1.8       4.9 
78555 -0.000000 -0.992571 -0.121670 
205788.4  12714.0     -0.6     43.3     46.6      1.9 
    -0.6     86.6     46.5     30.1 130368.5 134491.3 
     -8.9      40.8      -3.8     106.0 
     -2.0      25.8      -1.8      31.6 
     -1.4      21.7      -1.8       7.5 
     -1.5      21.3      -1.9       5.3 
78556 -0.000000 -0.993023 -0.117921 
212026.0  12674.1     -0.6     43.3     46.6      1.9 
    -0.6     86.6     46.3     30.2 135986.6 139301.7 
     -7.7      35.0      -1.9      97.1 
     -1.9      23.1      -2.0      31.0 
     -1.3      19.4      -1.9       8.1 
     -1.8      18.8      -1.8       5.2 
78557 -0.000000 -0.993435 -0.114396 
218541.9  12725.8     -0.6     43.3     46.4      1.9 
    -0.6     86.6     46.4     30.0 140527.5 144380.4 
     -5.5      40.0      -0.7     101.7 
     -2.1      25.0      -1.6      34.1 
     -1.5      21.8      -1.9       8.7 
     -1.6      21.8      -1.8       5.0 
78558 -0.000000 -0.993812 -0.111073 
225332.3  12772.5     -0.6     43.3     46.6      1.9 
    -0.6     86.6     46.4     30.1 144614.5 148933.3 
     -4.3      31.9       6.4     108.0 
     -1.9      23.1      -1.9      33.2 
     -1.5      19.2      -1.7       8.5 
     -1.7      18.9      -1.8       5.6 
78559 -0.000000 -0.994158 -0.107937 
231668.8  12728.9     -0.6     43.3     46.5      1.9 
    -0.6     86.6     46.6     29.9 148016.1 153426.6 
     -1.5      35.1       4.6     107.1 
     -1.7      24.2      -2.0      33.7 
     -1.5      22.0      -1.8       9.2 
     -1.7      21.6      -1.7       5.1 
78560 -0.000000 -0.994475 -0.104972 
238229.2  12737.4     -0.6     43.3     46.7      1.8 
    -0.6     86.6     46.8     30.1 154778.0 158969.7 
     -0.1      31.7     -11.5     101.1 
     -1.6      22.1      -2.2      33.9 
     -1.4      19.3      -1.7       8.9 
     -1.4      18.7      -1.8       5.7 
78561 0.903278 -0.000000 -0.429057 
 57711.5  10487.4     -0.1     40.8     43.4     28.9 
    -0.1     83.7     43.4     57.7  31419.9  32661.5 
      1.3      86.9      10.2      47.4 
      0.9      31.0       1.5      17.4 
      0.4       6.6       1.2      13.7 
      0.6       2.6       1.9      13.2 
78562 0.887877 -0.000000 -0.460082 
 54078.1  10786.8      0.0     40.8     43.4     28.9 
     0.0     83.7     43.4     57.7  29120.4  30210.5 
      2.8      83.6      13.1      49.0 
      1.9      31.8       1.6      18.4 
      0.3       7.5       1.2      15.1 
      0.6       1.7       1.2      15.3 
78563 0.868777 -0.000000 -0.495203 
 50169.6  11292.0      0.1     41.1     43.4     28.9 
     0.1     83.9     43.4     57.7  26232.5  27451.2 
      0.9      79.7      12.1      51.0 
      2.4      24.7       1.5      16.6 
      0.5       6.1       1.2      13.1 
      0.7       2.0       1.3      12.5 
78564 0.844819 -0.000000 -0.535052 
 46566.6  11791.9      0.0     41.3     43.4     28.9 
     0.0     84.1     43.4     57.7  24387.9  25283.6 
      2.9      79.1      10.7      49.8 
      0.2      25.0       1.1      17.0 
     -0.1       6.4       1.0      14.0 
      0.8       2.5       0.8      14.2 
78565 0.814421 -0.000000 -0.580275 
 43031.7  12731.0      0.1     40.9     43.4     28.9 
     0.1     84.0     43.4     57.7  21850.4  22712.5 
      1.0      77.5      11.7      48.9 
      0.4      20.4       1.0      15.8 
      0.6       4.9       0.7      11.8 
      0.5       1.5       0.7      11.2 
78566 0.775436 -0.000000 -0.631426 
 39753.5  14026.4     -0.4     41.1     43.4     28.9 
    -0.3     84.1     51.3      9.8  19936.4  20667.8 
      2.9      76.8       9.8      48.4 
      0.6      25.4       0.6      15.9 
      0.7       4.2       0.3      12.5 
      0.8       2.6       0.4      12.5 
78567 0.724999 -0.000000 -0.688749 
 36549.4  15995.9     -0.1     41.2     43.4     28.9 
    -0.1     84.2     44.3      9.6  18066.6  18662.5 
      5.2      80.5       9.9      50.8 
      0.4      17.4       0.4      14.0 
      0.3       4.6      -0.1      10.2 
      0.6       1.5      -0.1       9.3 
78568 0.659438 -0.000000 -0.751759 
 33847.2  19028.6     -0.1     41.2     43.4     28.9 
    -0.1     84.2     44.2     20.9  16400.7  16960.3 
      4.3      76.8       9.3      52.2 
     -0.5      19.0      -1.1      14.3 
      0.6       3.7      -0.8      10.7 
      0.6       1.6      -0.8      10.2 
78569 0.574426 -0.000000 -0.818557 
 31155.9  23581.3     -0.3     41.3     44.4      5.7 
    -0.3     84.3     44.3     33.2  14398.9  15119.4 
      3.9      80.1       7.7      46.9 
     -0.3      16.4      -0.8      10.8 
      0.8       2.2      -1.2       7.5 
      0.7       1.7      -1.3       6.6 
78570 0.465746 -0.000000 -0.884918 
 29121.3  24040.4      0.1     41.1     43.8     16.4 
     0.1     84.2     43.8     45.0  13171.2  13784.3 
      2.5      74.0       9.6      58.0 
      0.3      12.0      -1.8       8.4 
      0.5       2.4      -2.2       5.6 
      0.6       1.4      -2.1       4.7 
78571 0.331088 -0.000000 -0.943600 
 27556.2  22539.3      0.1     41.0     42.1     26.0 
     0.1     84.2     42.1     54.8  12243.7  12840.3 
     -3.1      71.5       9.8      66.4 
      0.1      11.3      -1.7      10.1 
      0.3       2.5      -1.5       3.0 
      0.6       1.4      -1.7       1.2 
78572 0.254493 -0.000000 -0.967075 
 26849.9  21976.3     -0.1     41.4     43.4     23.4 
    -0.2     84.4     43.4     52.1  11910.6  12495.4 
      1.2      70.9       6.6      59.5 
      0.5       9.4      -1.0       8.1 
      0.6       2.8      -1.3       3.6 
      0.6       1.4      -1.4       3.3 
78573 0.172799 -0.000000 -0.984957 
 26058.0  21405.3      0.2     41.3     43.4     18.1 
     0.2     84.4     43.5     46.8  11577.7  12110.8 
     -0.9      66.2       4.3      49.7 
     -0.2      14.5      -2.3       6.9 
      0.5       1.6      -2.5       4.5 
      0.5       1.4      -2.6       4.2 
78574 0.087384 -0.000000 -0.996175 
 25771.8  20979.9      0.2     41.5     43.1     12.7 
     0.2     84.5     43.3     41.2  11211.4  12190.6 
      2.2      73.0       1.8      46.4 
      0.3      10.5      -2.8       8.4 
      0.5       1.9      -2.7       6.1 
      0.6       1.3      -3.0       5.6 
78575 -0.000000 -0.000000 -1.000000 
 25468.1  19836.3      0.4     41.4     43.0      7.8 
     0.4     84.6     43.4     35.6  11130.6  11702.0 
     -0.9      70.3      -3.1      43.7 
      1.7      11.2      -3.1      10.6 
      0.6       2.5      -2.9       7.8 
      0.6       1.3      -3.2       7.1 
78576 -0.087384 -0.000000 -0.996175 
 25396.1  17592.6     -0.2     41.6     41.9      5.0 
    -0.1     84.6     43.3     30.0  11063.4  11664.6 
      4.7      70.8      -2.0      43.9 
      0.7      10.2      -3.0      12.8 
      0.6       1.5      -2.9       9.9 
      0.6       1.2      -3.3       9.7 
78577 -0.172799 -0.000000 -0.984957 
 25383.8  14728.9     -0.1     41.5     40.8      8.2 
    -0.1     84.6     42.8     24.6  11212.3  11846.2 
      2.2      69.8      -4.6      41.4 
     -0.1      10.8      -3.4      14.5 
      0.6       1.7      -3.2      11.5 
      0.7       1.2      -3.8      12.0 
78578 -0.254493 -0.000000 -0.967075 
 25842.6  13430.2     -0.2     41.6     43.4     28.9 
    -0.2     84.6     43.6     19.1  11672.1  12169.6 
      3.9      71.4      -5.1      44.1 
      0.1       8.6      -3.6      15.2 
      0.8       1.6      -3.4      11.7 
      0.6       1.2      -3.5      12.2 
78579 -0.331088 -0.000000 -0.943600 
 26370.2  12130.0      0.0     41.5     43.4     28.9 
     0.0     84.6     43.1     13.8  12240.9  12645.8 
     -0.3      70.9      -5.2      41.8 
     -0.2      15.1      -3.8      15.5 
      0.3       3.9      -3.3      11.6 
      0.6       1.1      -3.5      11.5 
78580 -0.465746 -0.000000 -0.884918 
 28076.0  10580.7      0.3     41.5     43.4     28.9 
     0.4     84.6     41.6      7.7  12765.8  13438.3 
     -1.8      76.7      -6.1      44.6 
      0.6      13.6      -2.5      17.5 
      1.1       3.5      -2.5      14.8 
      0.6       1.1      -3.0      14.8 
78581 -0.574426 -0.000000 -0.818557 
 30162.3   9543.4     -0.0     41.6     43.4     28.9 
    -0.0     84.7     43.4     57.7  14415.8  15190.7 
      0.5      73.5      -6.7      41.4 
      0.8      14.6      -2.4      17.6 
      0.5       2.3      -2.4      13.9 
      0.6       1.6      -3.0      14.7 
78582 -0.659438 -0.000000 -0.751759 
 32833.2   8945.0     -0.4     41.6     43.4     28.9 
    -0.4     84.6     43.4     57.7  15543.3  16282.8 
      0.5      76.2      -7.5      43.1 
      1.0      15.2      -2.2      19.3 
      0.6       2.6      -2.0      16.0 
      0.6       1.2      -2.3      15.7 
78583 -0.724999 -0.000000 -0.688749 
 35811.7   8492.3     -0.1     41.5     43.4     28.9 
    -0.1     84.5     43.4     57.7  18127.1  18957.6 
     -1.6      78.7      -5.1      41.6 
      0.5      19.0      -2.2      18.5 
      0.2       5.6      -1.5      15.4 
      0.7       1.8      -2.0      16.2 
78584 -0.775436 -0.000000 -0.631426 
 39064.8   8387.8     -0.0     41.3     43.4     28.9 
    -0.0     84.3     43.4     57.7  19945.6  20520.1 
     -4.0      74.9      -7.3      43.3 
      0.3      22.4      -1.3      19.6 
      0.5       3.0      -1.2      16.7 
      0.6       1.3      -1.8      15.9 
78585 -0.814421 -0.000000 -0.580275 
 42651.6   8130.2     -0.0     41.4     43.4     28.9 
    -0.0     84.3     43.4     57.7  21751.9  22880.0 
      2.4      75.1      -5.9      41.0 
      0.5      26.4      -1.3      19.9 
      0.7       4.4      -1.1      16.6 
      0.7       2.1      -1.6      17.4 
78586 -0.844819 -0.000000 -0.535052 
 46089.9   7997.4      0.2     41.5     43.4     28.9 
     0.2     84.3     43.4     57.7  23679.0  24861.4 
      1.5      79.4      -7.7      40.0 
      1.2      24.9      -1.1      19.4 
      0.4       5.1      -1.2      16.9 
      0.6       1.3      -1.5      16.3 
78587 -0.868777 -0.000000 -0.495203 
 49912.7   7919.6     -0.1     41.2     43.4     28.9 
    -0.1     84.2     43.4     57.7  26934.2  27784.8 
      0.2      82.1      -5.6      38.4 
      0.2      27.1      -0.7      19.7 
      0.2       8.3      -0.6      17.1 
      0.7       1.7      -1.1      17.8 
78588 -0.887877 -0.000000 -0.460082 
 53650.2   7861.3     -0.2     41.2     43.4     28.9 
    -0.2     84.1     43.4     57.7  28850.1  30114.1 
      0.9      80.3      -4.8      37.0 
     -0.2      31.2      -0.6      20.2 
      0.5       4.7      -0.4      17.2 
      0.7       1.5      -1.1      16.7 
78589 -0.903278 -0.000000 -0.429057 
 57700.6   7807.2     -0.6     41.5     43.4     28.9 
    -0.6     84.1     43.4     57.7  31653.5  32826.8 
     -1.5      84.6      -5.3      37.7 
      0.3      33.3      -0.3      20.0 
      0.5       8.3      -0.2      17.5 
      0.6       1.4      -0.9      18.3 
78590 0.840060 -0.367526 -0.399028 
 61863.8  11295.7     -0.6     43.3     43.4     28.9 
     0.2     18.5     43.4     57.7  34081.7  35061.9 
     -8.1      56.9      11.2      49.1 
     -0.9      20.8       1.3      17.1 
     -0.5      14.7       1.2      13.3 
     -0.6      13.3       1.3      13.0 
78591 0.817505 -0.390173 -0.423616 
 58315.8  11770.9     -0.6     43.3     43.4     28.9 
    -0.0     18.9     43.4     57.7  31349.2  32710.4 
     -9.1      57.1      11.5      49.4 
     -0.9      20.6       1.5      18.0 
     -0.4      14.9       0.9      14.6 
     -0.5      13.5       0.8      14.6 
78592 0.790440 -0.414981 -0.450551 
 54878.4  12369.0     -0.6     43.3     43.4     28.9 
     0.1     19.4     43.4     57.7  29750.9  30593.2 
     -7.1      60.0      10.8      52.9 
     -1.0      21.0       1.2      17.0 
     -0.4      15.1       0.9      12.7 
     -0.7      13.6       1.0      11.9 
78593 0.757796 -0.442047 -0.479937 
 51583.7  13207.4     -0.6     43.3     43.4     28.9 
    -0.2     20.0     43.4     57.7  27086.0  28324.7 
     -7.4      55.8      12.0      55.7 
     -0.8      20.7       0.8      17.2 
     -1.0      15.0       0.9      13.3 
     -0.5      14.0       0.4      13.4 
78594 0.718269 -0.471364 -0.511767 
 48534.6  14417.7     -0.6     43.3     43.4     28.9 
     0.1     20.5     43.4     57.7  25031.3  26359.9 
     -6.0      55.5       9.7      51.5 
     -0.6      21.0       0.5      15.5 
     -0.4      15.4       0.3      11.5 
     -0.5      13.9       0.1      10.5 
78595 0.670317 -0.502738 -0.545830 
 45710.7  16206.0     -0.6     43.3     43.4     28.9 
     0.3     21.1     38.0      8.1  23351.3  24507.0 
     -6.6      53.9       9.5      53.3 
     -0.9      21.1       0.2      16.1 
     -0.6      15.8       0.1      12.0 
     -0.7      14.4      -0.1      11.9 
78596 0.612205 -0.535679 -0.581595 
 43038.4  17617.6     -0.6     43.3     43.4     28.9 
     0.1     21.3     44.2      8.6  21622.6  22555.1 
     -7.8      55.5       9.2      55.6 
     -1.1      21.2      -0.2      13.6 
     -0.8      15.6      -0.3       9.6 
     -0.7      14.5      -0.5       8.8 
78597 0.542159 -0.569267 -0.618061 
 40358.6  19138.4     -0.6     43.3     43.4     28.9 
    -0.4     22.2     44.5     19.8  20587.2  21322.9 
     -7.1      50.4       8.3      50.8 
     -1.2      21.0      -0.8      14.6 
     -0.9      15.7      -1.0      10.9 
     -1.0      14.4      -1.0       9.9 
78598 0.458673 -0.602008 -0.653609 
 38509.4  18852.7     -0.6     43.3     44.0      5.2 
    -0.3     22.5     44.2     32.1  18624.3  19619.2 
     -5.7      52.7       4.5      51.1 
     -1.8      21.4      -0.9      11.0 
     -1.1      15.7      -1.3       7.3 
     -1.3      14.6      -1.4       6.2 
78599 0.361020 -0.631785 -0.685938 
 37101.3  18142.2     -0.6     43.3     44.2     15.5 
    -0.5     22.9     44.1     44.3  17871.7  18650.7 
     -6.9      52.2       7.4      59.2 
     -0.9      21.5      -2.1       9.2 
     -1.4      15.8      -2.2       5.5 
     -1.3      15.0      -2.2       4.8 
78600 0.249898 -0.655981 -0.712208 
 35650.3  17443.1     -0.6     43.3     41.8     26.1 
    -0.4     23.5     41.8     54.7  17136.7  17896.6 
     -6.9      50.4       4.6      67.5 
     -1.8      21.5      -1.9      16.6 
     -1.2      15.9      -1.6       2.9 
     -1.0      15.0      -1.7       1.2 
78601 0.190037 -0.665130 -0.722141 
 34916.1  17192.0     -0.6     43.3     43.8     23.0 
    -0.5     23.7     43.9     51.7  16664.4  17386.2 
     -8.2      50.4       5.7      63.2 
     -1.4      21.6      -0.8      11.3 
     -1.3      16.2      -0.9       4.0 
     -1.4      15.1      -1.1       3.5 
78602 0.127982 -0.671905 -0.729496 
 34599.9  16883.3     -0.6     43.3     44.3     17.5 
    -0.5     23.7     44.3     46.0  16883.9  17448.9 
     -9.3      54.6       1.3      58.0 
     -1.9      21.7      -2.0       7.8 
     -1.2      16.2      -2.0       4.5 
     -1.5      15.4      -2.3       4.1 
78603 0.064388 -0.676070 -0.734019 
 34243.0  16772.1     -0.6     43.3     44.1     11.7 
    -0.6     23.9     44.1     40.3  16540.5  17357.2 
     -8.4      54.8      -2.1      51.5 
     -1.6      21.4      -2.4       8.4 
     -1.3      16.3      -2.5       5.8 
     -1.3      15.4      -2.6       5.2 
78604 -0.000000 -0.677476 -0.735545 
 34100.6  16752.9     -0.6     43.3     43.8      6.4 
    -0.6     24.1     44.3     34.4  16667.0  17308.6 
     -8.4      51.4      -2.6      49.7 
     -1.4      22.0      -2.7      10.5 
     -1.3      16.2      -2.9       7.3 
     -1.5      15.8      -3.0       6.6 
78605 -0.064388 -0.676070 -0.734019 
 34097.6  16696.3     -0.6     43.3     41.9      5.1 
    -0.2     24.2     43.8     28.4  16298.3  17090.1 
     -8.5      51.0      -1.8      44.6 
     -1.3      22.2      -3.1      12.8 
     -1.1      16.5      -2.8       9.4 
     -1.1      15.9      -3.0       8.8 
78606 -0.127982 -0.671905 -0.729496 
 34297.2  16559.6     -0.6     43.3     43.4     28.9 
    -0.6     24.4     44.1     22.6  16208.3  16929.1 
     -7.2      52.6      -5.2      47.8 
     -1.8      22.1      -3.4      14.6 
     -1.4      16.5      -3.3      11.3 
     -1.2      15.7      -3.3      10.8 
78607 -0.190037 -0.665130 -0.722141 
 34331.6  15915.6     -0.6     43.3     43.4     28.9 
    -0.4     24.0     44.2     16.7  16348.6  17159.8 
     -7.2      49.9      -3.9      45.7 
     -1.3      22.1      -3.1      15.0 
     -1.1      16.4      -3.0      11.0 
     -1.1      15.8      -3.3      10.7 
78608 -0.249898 -0.655981 -0.712208 
 34904.6  14649.3     -0.6     43.3     43.4     28.9 
    -0.5     24.2     44.2     11.7  16925.2  17489.3 
     -5.6      49.5      -4.3      48.6 
     -1.4      22.5      -2.8      14.6 
     -1.1      16.5      -2.7      10.5 
     -1.2      15.9      -3.0      10.1 
78609 -0.361020 -0.631785 -0.685938 
 36041.0  13494.7     -0.6     43.3     43.4     28.9 
    -0.0     24.0     41.8      9.2  16630.9  17904.3 
     -6.4      51.8      -4.6      46.8 
     -1.2      21.9      -2.3      16.3 
     -0.8      16.6      -2.2      13.4 
     -1.2      15.6      -2.7      13.5 
78610 -0.458673 -0.602008 -0.653609 
 37418.2  11904.4     -0.6     43.3     43.4     28.9 
    -0.3     23.4     43.4     57.7  18168.2  19014.2 
     -7.5      49.2      -5.5      43.3 
     -1.2      21.8      -2.4      16.5 
     -0.8      16.2      -2.1      12.8 
     -0.6      15.5      -2.3      13.1 
78611 -0.542159 -0.569267 -0.618061 
 39660.4  10938.0     -0.6     43.3     43.4     28.9 
    -0.0     23.0     43.4     57.7  19312.9  20348.6 
     -7.9      51.6      -5.3      44.0 
     -1.1      22.1      -1.7      18.3 
     -0.6      16.4      -1.3      15.2 
     -0.9      15.4      -2.0      15.3 
78612 -0.612205 -0.535679 -0.581595 
 42090.8  10223.8     -0.6     43.3     43.4     28.9 
     0.2     22.4     43.4     57.7  21269.1  22207.9 
     -6.0      52.1      -4.6      40.5 
     -1.1      21.6      -1.5      18.0 
     -0.4      16.0      -1.5      14.7 
     -0.4      15.0      -1.5      15.1 
78613 -0.670317 -0.502738 -0.545830 
 44798.3   9682.8     -0.6     43.3     43.4     28.9 
     0.2     21.6     43.4     57.7  22684.3  23765.0 
     -6.3      55.6      -4.9      44.6 
     -0.9      21.7      -1.3      19.2 
     -0.6      15.7      -1.0      16.0 
     -0.3      14.5      -1.5      16.0 
78614 -0.718269 -0.471364 -0.511767 
 47851.3   9225.6     -0.6     43.3     43.4     28.9 
     0.1     20.9     43.4     57.7  24875.8  25777.6 
     -6.6      55.9      -7.5      40.7 
     -0.7      21.4      -1.1      18.9 
     -0.3      15.6      -0.7      15.8 
     -0.2      14.5      -1.1      16.3 
78615 -0.757796 -0.442047 -0.479937 
 50818.5   8957.4     -0.6     43.3     43.4     28.9 
     0.2     20.4     43.4     57.7  26812.3  27995.3 
     -5.5      58.3      -5.8      39.8 
     -0.5      21.0      -0.3      19.1 
     -0.3      15.2      -0.3      16.7 
     -0.2      14.1      -0.7      16.7 
78616 -0.790440 -0.414981 -0.450551 
 54239.0   8720.4     -0.6     43.3     43.4     28.9 
     0.0     19.7     43.4     57.7  29281.1  30059.7 
     -6.7      57.7      -7.5      40.8 
     -0.6      21.0      -0.8      19.2 
     -0.5      15.0      -0.7      16.4 
     -0.3      13.8      -0.6      17.3 
78617 -0.817505 -0.390173 -0.423616 
 57870.5   8522.9     -0.6     43.3     43.4     28.9 
     0.3     19.3     43.4     57.7  31201.7  32364.9 
     -5.0      59.5      -6.3      37.8 
     -0.7      20.9      -0.5      19.7 
     -0.3      14.7      -0.3      16.8 
     -0.3      13.5      -0.8      17.2 
78618 -0.840060 -0.367526 -0.399028 
 61493.0   8383.4     -0.6     43.3     43.4     28.9 
     0.2     18.8     43.4     57.7  33270.7  34988.0 
     -5.6      58.6      -5.9      36.9 
     -0.6      20.9      -0.8      19.7 
     -0.2      14.8      -0.2      17.0 
     -0.3      13.5      -0.4      18.6 
78619 0.708659 -0.620076 -0.336613 
 73270.4  13300.9     -0.6     43.3     43.4     28.9 
    -0.6     86.6     43.4     57.7  41005.2  42554.9 
     -7.4      53.6      12.2      52.0 
     -1.4      23.0       1.8      16.7 
     -0.5      18.1       1.1      12.4 
     -1.0      17.2       1.2      11.6 
78620 0.677337 -0.646549 -0.350984 
 70377.3  13936.0     -0.6     43.3     43.4     28.9 
    -0.6     86.6     43.4     57.7  39085.0  40435.8 
     -9.7      57.1      10.5      51.3 
     -1.0      23.1       1.3      17.5 
     -0.5      18.2       0.9      13.5 
     -0.9      17.1       1.2      13.1 
78621 0.641844 -0.673936 -0.365851 
 67563.1  14632.8     -0.6     43.3     43.4     28.9 
    -0.6     86.6     43.4     57.7  37888.9  38947.0 
     -9.3      55.3      11.5      53.9 
     -1.5      23.3       1.4      16.5 
     -1.1      18.7       0.9      11.6 
     -0.6      17.5       0.8      10.7 
78622 0.601687 -0.701968 -0.381068 
 64962.3  14839.1     -0.6     43.3     43.4     28.9 
    -0.6     86.6     43.4     57.7  35869.2  36800.0 
     -9.8      55.8       9.7      54.3 
     -1.1      23.7       0.9      16.9 
     -0.6      18.3       0.6      12.3 
     -0.7      17.8       0.7      12.0 
78623 0.556388 -0.730259 -0.396426 
 62611.7  15302.1     -0.6     43.3     43.4     28.9 
    -0.6     86.6     43.4     57.7  34599.2  35659.0 
     -9.3      54.8      11.9      60.7 
     -0.9      23.6       0.6      15.3 
     -0.8      18.6       0.3      10.0 
     -0.7      18.3       0.3       9.2 
78624 0.505524 -0.758286 -0.411641 
 60511.1  15534.9     -0.6     43.3     43.4     28.9 
    -0.6     86.6     43.4     57.7  32920.6  33923.4 
    -10.6      54.2       9.8      58.4 
     -1.1      23.6       0.1      16.6 
     -0.9      18.9      -0.0      11.5 
     -0.7      18.6      -0.1      10.6 
78625 0.448787 -0.785377 -0.426348 
 58352.5  15072.2     -0.6     43.3     43.4     28.9 
    -0.6     86.6     44.3      6.2  31118.9  32591.4 
     -7.9      51.1       5.5      57.6 
     -1.3      23.8      -0.0      14.0 
     -0.8      19.1      -0.4       8.6 
     -1.0      18.8      -0.4       7.6 
78626 0.386057 -0.810720 -0.440105 
 56858.1  14677.9     -0.6     43.3     43.4     28.9 
    -0.6     86.6     44.7     18.0  30572.5  31730.4 
     -9.1      50.2       8.9      63.0 
     -1.1      24.0      -0.9      16.0 
     -0.7      19.4      -1.0      10.8 
     -1.0      18.9      -1.1       9.8 
78627 0.317480 -0.833386 -0.452409 
 55071.5  14129.6     -0.6     43.3     44.3      3.6 
    -0.6     86.6     44.7     30.7  29547.7  30556.6 
    -11.0      52.8       5.6      59.6 
     -1.4      23.8      -0.9      11.8 
     -1.3      19.6      -1.3       6.6 
     -1.4      19.0      -1.3       5.4 
78628 0.243541 -0.852392 -0.462727 
 54082.3  13878.3     -0.6     43.3     44.2     14.7 
    -0.6     86.6     44.2     43.2  28772.5  29886.1 
    -11.7      55.0       5.9      67.2 
     -1.3      24.3      -1.8      12.0 
     -1.5      19.6      -2.2       5.1 
     -1.4      19.5      -2.1       4.6 
78629 0.165103 -0.866792 -0.470544 
 53522.1  13698.2     -0.6     43.3     41.9     25.7 
    -0.6     86.6     41.9     54.2  28633.8  29620.3 
    -10.6      53.5       1.9      75.9 
     -1.6      24.2      -1.4      22.3 
     -1.4      19.8      -1.5       6.3 
     -1.6      19.1      -1.9       1.4 
78630 0.124573 -0.872008 -0.473376 
 53035.6  13676.0     -0.6     43.3     44.4     22.4 
    -0.6     86.6     44.4     51.0  27752.3  28901.2 
    -11.6      52.9       3.2      76.2 
     -1.5      24.1      -0.7      18.5 
     -1.0      19.7      -0.6       4.8 
     -1.6      19.3      -0.7       3.8 
78631 0.083409 -0.875791 -0.475429 
 52694.2  13610.6     -0.6     43.3     44.9     16.8 
    -0.6     86.6     45.0     45.4  27959.8  28970.9 
     -9.7      52.1       3.2      64.6 
     -1.6      24.3      -1.6      12.6 
     -1.9      19.9      -1.7       5.2 
     -1.5      19.5      -1.9       4.1 
78632 0.041814 -0.878085 -0.476675 
 52464.5  13390.3     -0.6     43.3     44.9     10.5 
    -0.6     86.6     44.9     39.0  28250.6  29059.1 
    -11.3      53.6       0.2      61.6 
     -1.5      24.2      -2.4      10.4 
     -1.5      19.9      -2.2       5.5 
     -1.6      19.7      -2.3       4.9 
78633 -0.000000 -0.878853 -0.477092 
 52372.9  13501.6     -0.6     43.3     44.7      4.6 
    -0.6     86.6     45.0     32.8  27551.5  28699.3 
    -10.4      52.4      -0.8      57.0 
     -1.5      24.4      -2.4      11.1 
     -1.1      19.8      -2.4       6.7 
     -1.2      19.7      -2.5       5.7 
78634 -0.041814 -0.878085 -0.476675 
 52219.5  13485.4     -0.6     43.3     42.0      2.4 
    -0.6     86.6     44.9     26.5  27558.5  28471.5 
     -9.6      50.0      -2.0      55.7 
     -1.2      24.1      -2.7      12.8 
     -1.0      19.8      -2.8       9.0 
     -1.1      19.7      -2.8       8.0 
78635 -0.083409 -0.875791 -0.475429 
 52272.1  13549.9     -0.6     43.3     43.4     28.9 
    -0.6     86.6     45.1     20.3  27731.7  28809.6 
    -10.9      54.0      -2.9      56.5 
     -1.2      23.9      -3.0      14.9 
     -1.2      19.8      -3.0      11.2 
     -1.1      19.9      -3.0      10.1 
78636 -0.124573 -0.872008 -0.473376 
 52501.1  13545.1     -0.6     43.3     43.4     28.9 
    -0.6     86.6     45.0     14.0  27148.2  28680.8 
    -10.3      50.1      -2.9      55.9 
     -1.5      24.3      -2.9      14.9 
     -0.9      20.2      -2.8      10.4 
     -1.1      19.6      -2.8       9.4 
78637 -0.165103 -0.866792 -0.470544 
 52735.8  13659.7     -0.6     43.3     43.4     28.9 
    -0.6     86.6     44.9      8.3  27454.6  28717.9 
     -9.4      51.1      -3.6      52.3 
     -1.1      24.2      -2.2      13.6 
     -0.8      19.8      -2.3       8.9 
     -1.2      19.8      -2.4       8.0 
78638 -0.243541 -0.852392 -0.462727 
 53498.2  13909.5     -0.6     43.3     43.4     28.9 
    -0.6     86.6     43.4     57.7  28611.0  29611.1 
    -10.9      51.5      -4.4      52.6 
     -1.2      24.1      -2.3      15.8 
     -0.8      19.6      -2.0      11.7 
     -0.9      19.7      -2.0      11.1 
78639 -0.317480 -0.833386 -0.452409 
 54608.2  13719.1     -0.6     43.3     43.4     28.9 
    -0.6     86.6     43.4     57.7  28812.3  29956.9 
     -8.4      51.7      -3.9      52.5 
     -1.2      24.1      -1.6      15.0 
     -0.8      19.7      -1.6      10.9 
     -0.7      19.6      -1.7      10.2 
78640 -0.386057 -0.810720 -0.440105 
 55890.1  13448.9     -0.6     43.3     43.4     28.9 
    -0.6     86.6     43.4     57.7  29304.1  30508.1 
     -8.9      52.7      -5.0      48.1 
     -0.8      24.0      -1.1      16.5 
     -1.1      19.8      -1.2      13.2 
     -0.5      19.5      -1.1      12.8 
78641 -0.448787 -0.785377 -0.426348 
 57768.9  13224.1     -0.6     43.3     43.4     28.9 
    -0.6     86.6     43.4     57.7  30671.7  31996.8 
     -8.6      53.5      -5.2      49.5 
     -1.3      24.4      -1.5      16.5 
     -0.7      19.4      -0.9      12.4 
     -0.5      18.8      -0.9      11.8 
78642 -0.505524 -0.758286 -0.411641 
 59690.2  12198.9     -0.6     43.3     43.4     28.9 
    -0.6     86.6     43.4     57.7  32118.2  33392.0 
     -7.8      51.3      -4.7      46.7 
     -0.4      23.7      -0.5      17.2 
     -0.6      19.4      -0.7      14.6 
     -0.7      18.6      -0.8      14.2 
78643 -0.556388 -0.730259 -0.396426 
 61809.4  11723.9     -0.6     43.3     43.4     28.9 
    -0.6     86.6     43.4     57.7  33554.7  34752.4 
     -9.7      53.7      -5.4      46.1 
     -1.0      23.6      -1.1      17.2 
     -0.4      19.1      -0.4      13.7 
     -0.6      18.3      -0.8      13.2 
78644 -0.601687 -0.701968 -0.381068 
 64076.1  11296.0     -0.6     43.3     43.4     28.9 
    -0.6     86.6     43.4     57.7  34758.6  36094.8 
     -9.7      53.8      -5.1      42.4 
     -0.4      23.2      -0.1      18.0 
     -0.8      18.8      -0.3      15.2 
     -0.7      18.0      -0.6      15.0 
78645 -0.641844 -0.673936 -0.365851 
 66852.3  10898.2     -0.6     43.3     43.4     28.9 
    -0.6     86.6     43.4     57.7  37504.6  38476.6 
     -6.2      51.6      -5.2      39.5 
     -0.4      23.4      -0.3      17.6 
     -0.6      18.8      -0.4      14.7 
     -0.4      17.9      -0.4      14.6 
78646 -0.677337 -0.646549 -0.350984 
 69855.1  10483.8     -0.6     43.3     43.4     28.9 
    -0.6     86.6     43.4     57.7  38968.6  40494.0 
     -8.4      56.7      -6.2      39.7 
     -1.0      23.6      -0.4      18.7 
     -0.5      18.6      -0.3      16.0 
     -0.3      17.2      -0.1      15.5 
78647 -0.708659 -0.620076 -0.336613 
 72867.9  10216.8     -0.6     43.3     43.4     28.9 
    -0.6     86.6     43.4     57.7  40002.2  41530.4 
    -10.2      57.7      -5.9      37.3 
     -0.9      23.3      -0.3      18.4 
     -0.5      18.6      -0.2      15.7 
     -0.4      17.2      -0.1      15.5 
78648 0.482910 -0.845093 -0.229382 
107984.3  14350.6     -0.6     43.3     43.4     28.9 
    -0.6     86.6     43.4     57.7  64657.7  66247.1 
    -11.6      52.7       8.8      57.0 
     -1.1      23.2       1.7      18.1 
     -0.8      18.3       1.4      10.5 
     -0.5      17.2       1.2       9.3 
78649 0.451149 -0.861285 -0.233777 
106337.5  14085.6     -0.6     43.3     43.4     28.9 
    -0.6     86.6     43.4     57.7  62442.9  64313.7 
    -11.0      51.3       7.7      61.8 
     -1.3      23.3       1.7      20.1 
     -0.5      18.5       1.0      12.0 
     -1.0      17.6       1.1      11.1 
78650 0.417577 -0.876913 -0.238019 
104311.5  13860.4     -0.6     43.3     43.4     28.9 
    -0.6     86.6     43.4     57.7  62165.3  64120.5 
    -11.5      51.7       7.0      64.2 
     -1.8      23.7       1.7      17.9 
     -0.9      18.4       1.0       9.5 
     -0.9      17.5       1.1       8.5 
78651 0.382204 -0.891810 -0.242063 
102592.8  13597.8     -0.6     43.3     43.4     28.9 
    -0.6     86.6     43.4     57.7  59838.7  61412.9 
    -13.9      53.8      11.7      67.9 
     -1.2      23.3       1.2      19.2 
     -0.7      18.6       0.5      11.6 
     -1.1      17.0       0.7      10.4 
78652 0.345068 -0.905804 -0.245861 
101214.1  13429.8     -0.6     43.3     43.4     28.9 
    -0.6     86.6     43.4     57.7  59462.5  61202.1 
     -9.6      52.5       8.7      69.0 
     -1.5      23.4       1.1      18.5 
     -0.5      18.9       0.4       8.8 
     -1.1      17.7       0.4       7.3 
78653 0.306238 -0.918714 -0.249365 
100028.5  13243.3     -0.6     43.3     43.4     28.9 
    -0.6     86.6     43.4     57.7  59219.0  60468.4 
    -11.3      50.5       5.4      74.1 
     -1.9      23.6       0.6      19.3 
     -1.0      18.7       0.1      11.3 
     -0.9      17.6       0.1      10.1 
78654 0.265817 -0.930361 -0.252527 
 98780.6  13076.6     -0.6     43.3     43.4     28.9 
    -0.6     86.6     44.7      3.6  57523.4  59300.9 
     -8.2      47.1       7.0      74.0 
     -1.8      23.5       0.1      17.5 
     -0.9      18.7      -0.3       7.4 
     -1.1      17.7      -0.3       6.0 
78655 0.223945 -0.940570 -0.255298 
 97688.2  13001.3     -0.6     43.3     43.4     28.9 
    -0.6     86.6     45.1     15.8  57819.3  59332.4 
    -11.8      51.3       3.4      77.5 
     -1.7      24.4      -0.5      20.0 
     -1.1      18.8      -1.2      11.2 
     -1.4      18.0      -0.9      10.2 
78656 0.180796 -0.949177 -0.257634 
 96839.9  12839.6     -0.6     43.3     44.7      1.9 
    -0.6     86.6     44.8     29.0  56402.4  58414.9 
    -10.1      53.4       4.1      76.5 
     -2.0      23.4      -1.1      16.1 
     -1.0      18.8      -1.3       5.7 
     -1.1      18.0      -1.3       4.5 
78657 0.136577 -0.956038 -0.259496 
 96195.4  12696.8     -0.6     43.3     44.5     13.6 
    -0.6     86.6     44.3     42.1  56450.8  58370.6 
     -9.3      49.5       9.1      82.4 
     -2.0      23.4      -1.6      20.5 
     -1.2      18.8      -1.9       5.6 
     -1.7      17.6      -1.8       4.3 
78658 0.091527 -0.961030 -0.260851 
 95898.7  12694.7     -0.6     43.3     42.3     25.3 
    -0.6     86.6     42.2     53.6  55769.3  57630.2 
    -10.7      52.5       5.1      93.7 
     -2.0      23.6      -0.9      38.4 
     -1.4      18.8      -2.0       9.4 
     -1.6      17.7      -1.9       2.2 
78659 0.068771 -0.962796 -0.261330 
 95815.0  12562.5     -0.6     43.3     44.8     21.7 
    -0.6     86.6     44.8     50.2  55514.2  57481.5 
     -7.6      46.6      -1.1      83.0 
     -1.9      23.4       0.3      31.5 
     -1.2      18.8      -0.1       8.7 
     -1.8      17.8      -0.3       4.6 
78660 0.045908 -0.964064 -0.261674 
 95795.0  12650.5     -0.6     43.3     46.0     16.1 
    -0.6     86.6     46.0     44.5  55566.7  57600.2 
     -8.2      51.8      -1.2      85.7 
     -1.7      23.8      -1.0      22.8 
     -1.4      19.0      -1.0       6.1 
     -1.4      17.7      -1.3       4.3 
78661 0.022972 -0.964827 -0.261882 
 95450.8  12742.7     -0.6     43.3     45.9      9.5 
    -0.6     86.6     45.8     37.9  56334.8  58051.3 
    -11.4      55.4       0.9      79.9 
     -2.1      24.1      -1.6      18.5 
     -1.0      18.7      -1.8       5.8 
     -1.3      17.9      -1.9       4.5 
78662 -0.000000 -0.965081 -0.261951 
 95726.9  12552.7     -0.6     43.3     45.6      3.1 
    -0.6     86.6     45.7     31.4  56180.6  57584.2 
    -12.0      52.8      -1.6      78.2 
     -1.7      24.2      -2.3      16.5 
     -1.1      19.1      -2.2       6.3 
     -1.4      18.0      -2.1       5.1 
78663 -0.022972 -0.964827 -0.261882 
 95115.4  12589.5     -0.6     43.3     43.4     28.9 
    -0.6     86.6     45.9     24.8  54586.2  56881.9 
    -12.4      53.0       1.4      77.4 
     -1.8      23.3      -3.0      17.0 
     -1.1      18.9      -2.8       9.9 
     -1.6      18.1      -3.1       8.7 
78664 -0.045908 -0.964064 -0.261674 
 95361.7  12624.0     -0.6     43.3     43.4     28.9 
    -0.6     86.6     45.8     18.1  55387.4  56919.6 
     -8.1      47.8      -2.5      75.5 
     -1.8      23.6      -3.1      18.0 
     -1.1      18.8      -3.0      11.5 
     -1.4      18.0      -3.0      10.5 
78665 -0.068771 -0.962796 -0.261330 
 95362.4  12683.3     -0.6     43.3     43.4     28.9 
    -0.6     86.6     45.8     11.4  56490.8  57979.7 
    -12.2      50.3      -2.0      74.6 
     -1.9      23.5      -2.5      16.9 
     -1.3      19.5      -2.3       9.7 
     -1.4      18.0      -2.4       8.6 
78666 -0.091527 -0.961030 -0.260851 
 95413.2  12664.5     -0.6     43.3     43.4     28.9 
    -0.6     86.6     45.7      5.2  56053.6  57644.2 
    -10.8      50.1      -1.5      71.1 
     -1.4      23.5      -2.0      16.4 
     -1.2      19.5      -1.8       7.5 
     -1.1      18.3      -2.0       6.2 
78667 -0.136577 -0.956038 -0.259496 
 95872.2  12761.4     -0.6     43.3     43.4     28.9 
    -0.6     86.6     43.4     57.7  56061.2  58342.5 
    -11.1      53.8      -1.8      67.6 
     -1.0      24.4      -2.3      17.9 
     -1.1      19.1      -1.8      11.4 
     -1.1      18.2      -1.8      10.4 
78668 -0.180796 -0.949177 -0.257634 
 96340.1  12811.7     -0.6     43.3     43.4     28.9 
    -0.6     86.6     43.4     57.7  56525.9  58100.0 
    -11.3      53.1      -4.9      64.4 
     -1.3      24.4      -1.2      17.0 
     -0.9      19.0      -1.2       8.7 
     -1.2      18.0      -1.4       7.5 
78669 -0.223945 -0.940570 -0.255298 
 97039.8  12907.9     -0.6     43.3     43.4     28.9 
    -0.6     86.6     43.4     57.7  56946.7  58601.1 
    -11.8      51.4      -6.3      62.0 
     -1.7      24.1      -1.7      17.1 
     -0.8      19.1      -1.1      11.7 
     -1.0      18.3      -1.3      10.7 
78670 -0.265817 -0.930361 -0.252527 
 98099.4  13046.4     -0.6     43.3     43.4     28.9 
    -0.6     86.6     43.4     57.7  56686.9  58323.6 
     -9.9      52.5      -3.7      61.6 
     -1.6      24.0      -0.9      16.8 
     -1.0      19.0      -0.7       9.8 
     -1.2      18.1      -0.8       8.8 
78671 -0.306238 -0.918714 -0.249365 
 99426.2  13318.5     -0.6     43.3     43.4     28.9 
    -0.6     86.6     43.4     57.7  58710.3  60405.4 
     -8.8      51.3      -5.0      58.3 
     -1.3      23.5      -0.9      17.8 
     -0.8      19.3      -0.5      12.2 
     -1.1      18.1      -1.0      11.2 
78672 -0.345068 -0.905804 -0.245861 
100459.1  13356.8     -0.6     43.3     43.4     28.9 
    -0.6     86.6     43.4     57.7  58497.9  59894.8 
    -11.2      55.4      -3.8      52.3 
     -1.4      23.5      -1.0      16.2 
     -1.0      18.9      -0.5      10.7 
     -0.7      17.9      -0.4       9.8 
78673 -0.382204 -0.891810 -0.242063 
101928.5  13573.6     -0.6     43.3     43.4     28.9 
    -0.6     86.6     43.4     57.7  60240.5  61991.9 
    -12.0      51.3      -6.0      48.8 
     -1.3      24.1      -0.4      16.7 
     -0.9      18.9      -0.1      12.7 
     -0.8      18.1      -0.3      12.0 
78674 -0.417577 -0.876913 -0.238019 
103716.2  13559.1     -0.6     43.3     43.4     28.9 
    -0.6     86.6     43.4     57.7  61176.1  62970.9 
    -10.4      53.6      -5.7      47.6 
     -1.0      23.6      -0.2      16.4 
     -0.6      18.7      -0.0      11.6 
     -0.7      18.2      -0.1      11.1 
78675 -0.451149 -0.861285 -0.233777 
105471.1  13374.9     -0.6     43.3     43.4     28.9 
    -0.6     86.6     43.4     57.7  61952.4  63782.7 
    -10.6      55.2      -3.1      44.4 
     -1.3      24.3      -0.2      17.6 
     -0.6      18.8       0.1      13.4 
     -0.5      17.7       0.2      12.7 
78676 -0.482910 -0.845093 -0.229382 
107366.9  13258.3     -0.6     43.3     43.4     28.9 
    -0.6     86.6     43.4     57.7  62854.7  65156.9 
     -9.4      50.0      -4.0      42.0 
     -1.2      23.7      -0.1      17.1 
     -0.7      18.6       0.1      12.6 
     -0.8      18.1      -0.1      12.1 
78677 0.337328 -0.927651 -0.160231 
155073.1  13492.2     -0.6     43.3     43.4     28.9 
    -0.6     86.6     43.4     57.7  96395.3  98409.3 
    -12.6      59.5      12.1      71.4 
     -2.0      24.6       2.2      21.2 
     -1.0      19.2       1.5       9.3 
     -0.9      18.4       1.5       7.9 
78678 0.312066 -0.936198 -0.161707 
153988.1  13270.5     -0.6     43.3     43.4     28.9 
    -0.6     86.6     43.4     57.7  94908.1  97460.2 
    -12.4      52.4      10.6      71.5 
     -1.8      24.0       1.8      23.1 
     -1.0      19.3       1.1      11.7 
     -1.1      18.3       1.3      10.5 
78679 0.286124 -0.944211 -0.163091 
152694.2  13308.9     -0.6     43.3     43.4     28.9 
    -0.6     86.6     43.4     57.7  95438.3  97969.4 
    -14.3      54.4      11.7      76.8 
     -1.9      23.9       2.0      22.0 
     -0.8      19.1       1.1       8.6 
     -1.2      18.5       1.2       7.2 
78680 0.259539 -0.951641 -0.164374 
151322.5  13032.3     -0.6     43.3     43.4     28.9 
    -0.6     86.6     43.4     57.7  93641.3  96710.4 
    -16.4      57.5      11.1      72.9 
     -2.3      24.6       2.2      25.1 
     -0.7      19.3       0.6      11.7 
     -0.9      18.6       0.7      10.2 
78681 0.232349 -0.958440 -0.165549 
150794.8  12969.9     -0.6     43.3     43.4     28.9 
    -0.6     86.6     43.4     57.7  93298.5  96062.1 
    -12.6      55.8      11.4      82.9 
     -1.8      25.2       1.5      23.7 
     -1.1      18.8       0.7       8.1 
     -1.0      18.5       0.6       6.3 
78682 0.204604 -0.964562 -0.166606 
149601.7  12798.5     -0.6     43.3     43.4     28.9 
    -0.6     86.6     43.4     57.7  93016.7  95265.8 
    -14.3      54.6       4.8      86.5 
     -2.4      25.0       0.9      26.4 
     -1.0      19.3       0.1      11.7 
     -1.0      18.3       0.4      10.4 
78683 0.176357 -0.969963 -0.167539 
148830.5  12794.2     -0.6     43.3     43.4     28.9 
    -0.6     86.6     45.1      2.3  91608.8  94486.9 
    -15.6      57.1      14.1      92.4 
     -1.8      24.0       0.3      23.1 
     -1.0      19.3      -0.1       6.8 
     -1.1      18.6      -0.2       5.3 
78684 0.147667 -0.974605 -0.168341 
148276.3  12826.0     -0.6     43.3     43.4     28.9 
    -0.6     86.6     45.2     14.6  91921.4  94543.8 
    -11.7      56.1       6.4      88.3 
     -2.0      24.3      -0.0      25.2 
     -1.2      19.2      -0.9      12.0 
     -1.5      18.6      -1.0      10.6 
78685 0.118600 -0.978453 -0.169006 
147868.2  12641.9     -0.6     43.3     44.6      1.6 
    -0.6     86.6     44.8     28.2  91302.0  93988.0 
    -12.5      53.7       3.0      92.4 
     -1.9      24.2      -0.8      24.4 
     -1.1      19.2      -1.2       6.2 
     -0.9      18.2      -1.3       4.2 
78686 0.089225 -0.981478 -0.169528 
147915.6  12667.5     -0.6     43.3     44.3     13.0 
    -0.6     86.6     44.2     41.4  92039.1  93618.7 
    -14.0      52.4       2.6      95.0 
     -2.1      25.0      -1.3      31.1 
     -1.5      19.4      -1.7       7.1 
     -1.9      18.3      -1.9       4.3 
78687 0.059616 -0.983656 -0.169904 
147294.7  12672.1     -0.6     43.3     42.1     24.7 
    -0.6     86.6     42.0     52.9  90847.0  92677.9 
    -16.0      56.8       1.8     105.4 
     -2.0      24.1      -1.0      48.3 
     -1.5      19.2      -1.3      16.5 
     -1.7      18.3      -1.6       7.4 
78688 0.044746 -0.984421 -0.170036 
147074.6  12555.3     -0.6     43.3     45.2     21.4 
    -0.6     86.6     45.2     49.5  89220.6  92661.3 
     -9.5      47.2      -2.1      99.1 
     -2.4      24.7      -0.5      42.2 
     -1.6      19.1       0.3      12.9 
     -1.6      18.5      -0.0       5.9 
78689 0.029848 -0.984969 -0.170131 
146804.7  12657.3     -0.6     43.3     46.2     15.6 
    -0.6     86.6     46.2     43.9  90333.1  93124.0 
    -13.9      60.6      -1.4      93.5 
     -2.2      24.1      -0.4      35.5 
     -1.5      19.0      -1.0       8.9 
     -1.1      18.5      -1.0       6.2 
78690 0.014929 -0.985299 -0.170188 
146798.8  12531.4     -0.6     43.3     46.4      9.0 
    -0.6     86.6     46.2     37.3  90418.9  92788.0 
    -13.5      58.9       2.2      90.1 
     -2.5      24.4      -1.2      26.5 
     -1.5      19.6      -1.6       7.0 
     -1.9      18.6      -1.7       4.6 
78691 -0.000000 -0.985408 -0.170207 
146675.3  12550.9     -0.6     43.3     46.0      2.4 
    -0.6     86.6     46.2     30.6  90847.4  93103.9 
    -11.3      50.2      -3.8      86.9 
     -2.1      23.5      -1.7      25.1 
     -1.7      19.4      -1.9       7.0 
     -0.9      18.4      -1.9       4.9 
78692 -0.014929 -0.985299 -0.170188 
146559.0  12621.0     -0.6     43.3     43.4     28.9 
    -0.6     86.6     46.1     23.9  88654.6  92401.6 
    -11.2      52.0       1.0      95.0 
     -2.4      24.9      -3.3      25.0 
     -1.1      19.5      -3.0      10.8 
     -1.5      18.3      -3.3       9.6 
78693 -0.029848 -0.984969 -0.170131 
146826.7  12692.8     -0.6     43.3     43.4     28.9 
    -0.6     86.6     46.3     17.2  89887.4  92255.8 
    -13.4      52.2      -2.4      89.2 
     -1.7      24.0      -3.0      25.1 
     -1.2      19.1      -3.0      12.0 
     -1.4      18.6      -3.1      11.0 
78694 -0.044746 -0.984421 -0.170036 
147006.4  12606.0     -0.6     43.3     43.4     28.9 
    -0.6     86.6     46.1     10.3  89682.1  92754.0 
     -9.8      52.5      -1.7      85.9 
     -2.1      24.6      -2.5      23.2 
     -1.3      19.2      -2.5       9.4 
     -1.5      18.6      -2.3       8.4 
78695 -0.059616 -0.983656 -0.169904 
147031.7  12686.5     -0.6     43.3     43.4     28.9 
    -0.6     86.6     46.0      3.8  91434.4  93956.9 
    -10.8      54.2      -1.1      89.0 
     -2.2      25.3      -1.8      21.9 
     -0.9      19.5      -1.7       7.1 
     -1.6      18.6      -1.7       5.5 
78696 -0.089225 -0.981478 -0.169528 
146820.6  12597.5     -0.6     43.3     43.4     28.9 
    -0.6     86.6     43.4     57.7  90421.8  93502.8 
    -12.7      49.9      -2.3      86.5 
     -1.9      24.8      -2.2      23.9 
     -1.1      19.5      -1.8      11.8 
     -1.3      18.6      -1.8      10.7 
78697 -0.118600 -0.978453 -0.169006 
147280.1  12754.7     -0.6     43.3     43.4     28.9 
    -0.6     86.6     43.4     57.7  90464.3  93016.3 
    -12.3      56.8       0.7      75.1 
     -2.0      25.3      -1.2      21.3 
     -1.4      19.5      -1.1       7.9 
     -1.3      18.5      -1.0       6.5 
78698 -0.147667 -0.974605 -0.168341 
147759.3  12706.0     -0.6     43.3     43.4     28.9 
    -0.6     86.6     43.4     57.7  88889.4  92778.4 
     -8.8      49.4       0.7      76.1 
     -2.2      24.3      -1.6      22.7 
     -1.2      19.4      -1.0      11.6 
     -1.2      18.5      -1.0      10.5 
78699 -0.176357 -0.969963 -0.167539 
148408.0  12805.7     -0.6     43.3     43.4     28.9 
    -0.6     86.6     43.4     57.7  91217.0  93250.0 
    -12.3      55.6      -3.0      67.8 
     -2.1      25.6      -0.8      20.6 
     -0.9      19.5      -0.5       8.9 
     -1.1      18.7      -0.6       7.4 
78700 -0.204604 -0.964562 -0.166606 
149211.8  12779.6     -0.6     43.3     43.4     28.9 
    -0.6     86.6     43.4     57.7  91269.5  93883.1 
    -12.8      54.8      -4.8      66.3 
     -1.6      24.2      -0.6      20.0 
     -1.0      19.5      -0.7      11.7 
     -1.1      18.6      -0.5      10.7 
78701 -0.232349 -0.958440 -0.165549 
150506.1  12906.4     -0.6     43.3     43.4     28.9 
    -0.6     86.6     43.4     57.7  92753.0  95064.5 
    -12.3      49.5      -4.2      65.5 
     -2.2      25.4      -0.8      19.4 
     -1.0      19.4      -0.1       9.4 
     -1.1      18.4      -0.2       8.2 
78702 -0.259539 -0.951641 -0.164374 
150845.6  13023.2     -0.6     43.3     43.4     28.9 
    -0.6     86.6     43.4     57.7  92168.1  94755.0 
    -13.7      52.4      -7.6      60.6 
     -1.6      24.5      -0.5      19.5 
     -0.8      19.4       0.1      11.5 
     -0.9      18.6      -0.0      10.8 
78703 -0.286124 -0.944211 -0.163091 
152207.8  13100.6     -0.6     43.3     43.4     28.9 
    -0.6     86.6     43.4     57.7  93161.2  96200.7 
    -10.4      53.6      -1.1      55.5 
     -1.2      24.8      -0.1      17.9 
     -1.1      19.3       0.1       9.9 
     -0.9      18.7       0.1       9.1 
78704 -0.312066 -0.936198 -0.161707 
152908.4  13275.9     -0.6     43.3     43.4     28.9 
    -0.6     86.6     43.4     57.7  95080.8  97439.3 
    -12.5      54.9      -3.2      50.6 
     -2.0      24.8      -0.2      17.8 
     -1.1      19.2       0.2      11.8 
     -0.9      18.4       0.0      11.3 
78705 -0.337328 -0.927651 -0.160231 
154750.4  13241.7     -0.6     43.3     43.4     28.9 
    -0.6     86.6     43.4     57.7  95006.8  98140.3 
     -9.6      57.0      -1.6      45.4 
     -1.5      24.9      -0.1      17.8 
     -0.8      19.5       0.4      10.7 
     -1.0      18.3       0.2       9.5 
