Dot1_150x100_prd2012lk:dj0091a@-250V,3.8T@90d,263K,rhe=1.10,rhh=0.7,0.7/0.7 
1103 1 3.80 60 5 29 0 250.0000 263.0000 0.7000 1.2760 1100.0000 -1.0700 91.8100 150.0000 100.0000 285.0000 1100.0000 -0.5300 45.900002 1.5000 1.0000 0.8500 
82901 -0.000000 -0.000000 -1.000000 
 24483.7  18306.5      0.6     41.5     45.4      7.3 
     0.6     84.7     45.9     34.5  10501.1  11283.5 
     -2.2      71.5      -3.3      40.2 
      0.6      10.1      -4.0      11.6 
      0.4       1.6      -3.9       9.0 
      0.5       1.2      -4.6       8.3 
82902 -0.000000 -0.130455 -0.991454 
 24699.8  18602.3     -0.6     35.0     45.3      7.4 
    -0.5     78.2     46.2     34.4  10914.3  11459.4 
     -3.3      62.7      -2.5      43.3 
     -0.2       5.9      -3.8      11.8 
     -0.4       3.1      -4.0       8.8 
     -0.4       2.6      -4.4       8.2 
82903 -0.000000 -0.254493 -0.967075 
 25437.4  19151.1     -1.0     27.3     45.1      7.3 
    -0.8     69.9     46.1     34.5  11024.0  11536.0 
     -2.5      51.6      -2.3      43.1 
     -0.8       9.6      -3.8      11.9 
     -0.8       6.1      -4.2       9.1 
     -0.9       5.4      -4.3       8.3 
82904 -0.000000 -0.367167 -0.930155 
 26208.4  19565.3     -1.0     19.2     45.6      7.3 
    -0.8     61.7     46.4     34.1  11386.7  12094.2 
     -6.0      51.6      -2.7      47.4 
     -1.4      12.8      -3.7      11.6 
     -1.1       9.0      -3.9       8.9 
     -1.2       8.1      -4.3       8.2 
82905 -0.000000 -0.465746 -0.884918 
 27489.4  19795.1     -1.2     11.9     45.8      6.9 
    -1.0     52.9     46.5     33.7  12287.8  12925.9 
     -6.7      48.2      -3.0      44.7 
     -1.8      17.1      -3.8      11.6 
     -1.8      11.8      -3.9       8.9 
     -1.6      10.5      -4.3       8.1 
82906 -0.000000 -0.549617 -0.835417 
 29060.1  19278.7     -1.9      8.8     45.9      6.7 
    -0.9     44.1     46.7     33.5  12894.7  13583.3 
     -8.4      48.6      -2.2      45.2 
     -1.9      19.0      -3.6      11.7 
     -2.0      14.4      -4.0       8.6 
     -1.9      14.2      -4.0       8.1 
82907 -0.000000 -0.619644 -0.784883 
 30850.5  17941.5     -7.5     14.5     46.3      6.1 
    -0.8     35.1     47.1     33.1  14149.5  14831.7 
     -8.1      50.0      -2.8      46.4 
     -2.2      21.9      -3.6      11.9 
     -1.8      16.8      -3.5       8.7 
     -2.3      16.8      -4.0       8.0 
82908 -0.000000 -0.677476 -0.735545 
 32830.2  16467.2     -0.5     43.3     46.4      5.9 
    -0.9     26.1     47.2     32.9  15402.7  16114.4 
     -7.5      52.4      -3.5      47.3 
     -3.0      22.6      -3.7      11.7 
     -2.3      16.7      -3.5       8.3 
     -2.7      16.8      -3.9       7.8 
82909 -0.000000 -0.724999 -0.688749 
 35171.1  15778.4     -0.5     43.3     46.7      5.3 
    -0.9     17.5     47.6     32.5  16828.8  17455.6 
     -8.9      52.3      -3.1      48.0 
     -3.0      22.0      -3.5      11.7 
     -2.8      16.2      -3.6       8.4 
     -2.7      15.3      -3.7       7.6 
82910 -0.000000 -0.764030 -0.645181 
 37458.7  14915.6     -0.5     43.3     46.8      5.2 
    -1.3     11.4     47.7     32.3  17779.8  18767.5 
     -9.7      51.6       0.1      51.2 
     -2.9      22.5      -3.4      11.9 
     -2.3      17.4      -3.4       8.4 
     -3.1      16.2      -3.7       7.5 
82911 -0.000000 -0.796162 -0.605083 
 39838.3  14474.6     -0.5     43.3     47.2      4.7 
    -2.9     14.3     47.8     32.0  19865.1  20480.4 
     -9.0      53.1      -2.3      53.2 
     -2.9      23.5      -3.4      11.9 
     -2.5      19.4      -3.3       8.2 
     -3.0      19.6      -3.6       7.4 
82912 -0.000000 -0.822730 -0.568432 
 42515.6  13964.9     -0.5     43.3     47.4      4.4 
    -0.5     86.6     47.9     31.7  21206.9  22317.3 
    -10.3      53.2      -2.2      54.5 
     -2.5      23.9      -3.2      11.7 
     -2.5      19.1      -3.1       8.1 
     -2.7      19.0      -3.5       7.4 
82913 -0.000000 -0.844819 -0.535052 
 45105.7  13773.3     -0.5     43.3     47.5      4.3 
    -0.5     86.6     48.4     31.4  22770.0  23711.2 
    -11.0      52.5      -0.8      54.0 
     -2.9      23.4      -3.1      11.6 
     -3.0      18.1      -3.2       8.1 
     -2.8      17.4      -3.4       7.2 
82914 -0.000000 -0.863297 -0.504697 
 47833.6  13474.4     -0.5     43.3     47.6      3.9 
    -0.5     86.6     48.2     31.2  24749.9  25586.0 
     -8.7      53.0      -2.4      54.0 
     -2.5      23.6      -3.1      11.9 
     -2.5      18.5      -3.0       8.0 
     -2.8      17.4      -3.3       7.0 
82915 -0.000000 -0.878853 -0.477092 
 50599.5  13220.1     -0.5     43.3     47.9      3.6 
    -0.5     86.6     48.7     31.1  26683.3  27529.6 
    -11.1      52.3      -1.4      53.7 
     -2.5      25.3      -2.7      12.0 
     -2.8      20.5      -3.1       7.8 
     -2.9      20.7      -3.3       7.1 
82916 -0.000000 -0.892036 -0.451965 
 53442.5  13084.2     -0.5     43.3     47.8      3.5 
    -0.5     86.6     48.5     30.8  27955.4  29172.4 
    -10.5      51.3      -1.7      57.9 
     -2.9      24.2      -2.8      12.4 
     -2.7      20.0      -3.0       7.8 
     -2.4      20.2      -3.1       6.9 
82917 -0.000000 -0.903278 -0.429057 
 56286.0  12976.2     -0.5     43.3     48.2      3.3 
    -0.5     86.6     48.8     30.6  30389.3  31418.9 
    -11.2      52.2      -2.9      56.7 
     -2.9      23.6      -2.8      12.6 
     -2.7      19.1      -2.9       7.7 
     -2.9      18.1      -3.1       6.9 
82918 -0.000000 -0.912924 -0.408131 
 59270.2  12806.1     -0.5     43.3     48.1      3.2 
    -0.5     86.6     49.1     30.5  32359.5  33221.9 
    -10.8      48.6       2.3      60.7 
     -2.9      24.0      -2.8      12.8 
     -2.6      19.1      -2.7       7.6 
     -3.0      18.1      -3.1       6.8 
82919 -0.000000 -0.921250 -0.388972 
 62101.8  12799.4     -0.5     43.3     48.3      2.8 
    -0.5     86.6     49.2     30.4  33603.7  34997.7 
    -11.1      50.1      -2.8      58.7 
     -2.8      25.1      -2.7      13.0 
     -2.8      21.5      -2.9       7.7 
     -2.9      21.4      -2.8       6.8 
82920 -0.000000 -0.928477 -0.371391 
 65056.1  12696.5     -0.5     43.3     48.3      2.7 
    -0.5     86.6     49.2     30.1  36685.6  37463.6 
    -12.2      50.3      -1.8      64.8 
     -2.7      25.3      -2.7      13.1 
     -2.9      21.0      -2.8       7.5 
     -3.1      21.0      -3.0       6.7 
82921 -0.000000 -0.934784 -0.355218 
 68015.1  12630.3     -0.5     43.3     48.5      2.7 
    -0.5     86.6     49.1     30.2  37688.0  38956.0 
    -10.1      50.1      -2.9      63.3 
     -3.4      24.4      -2.7      13.4 
     -3.1      19.5      -2.7       7.6 
     -2.9      18.8      -2.8       6.7 
82922 -0.000000 -0.940315 -0.340305 
 71063.7  12630.2     -0.5     43.3     48.5      2.7 
    -0.5     86.6     49.1     30.0  39757.7  41071.2 
    -12.4      54.5      -1.8      65.5 
     -3.1      24.1      -2.7      13.9 
     -2.9      19.6      -2.7       7.6 
     -3.1      18.6      -2.7       6.7 
82923 -0.000000 -0.945190 -0.326520 
 74123.6  12558.1     -0.5     43.3     48.7      2.3 
    -0.5     86.6     49.3     29.9  42137.5  43167.8 
    -15.6      55.9      -4.3      67.5 
     -3.2      25.6      -2.7      14.3 
     -2.7      22.2      -2.7       7.5 
     -2.8      21.7      -2.7       6.6 
82924 -0.000000 -0.949506 -0.313750 
 76953.9  12520.3     -0.5     43.3     48.7      2.2 
    -0.5     86.6     49.5     29.8  42943.9  44309.0 
     -9.1      48.0      -0.0      68.2 
     -3.4      25.6      -2.9      15.0 
     -2.6      21.7      -2.5       7.5 
     -3.1      21.1      -2.6       6.6 
82925 -0.000000 -0.953342 -0.301892 
 80090.3  12580.2     -0.5     43.3     48.8      2.1 
    -0.5     86.6     49.3     29.7  45161.6  47133.0 
    -13.7      51.5      -2.5      69.0 
     -3.2      24.2      -2.7      14.9 
     -3.0      20.1      -2.6       7.5 
     -3.2      19.1      -2.7       6.5 
82926 -0.000000 -0.956767 -0.290857 
 83129.5  12428.3     -0.5     43.3     48.8      2.1 
    -0.5     86.6     49.7     29.4  47787.9  49207.8 
    -12.1      53.2      -4.1      73.3 
     -3.1      25.0      -2.6      15.8 
     -2.6      19.8      -2.4       7.5 
     -2.8      18.6      -2.7       6.4 
82927 -0.000000 -0.959834 -0.280567 
 86250.1  12446.9     -0.5     43.3     48.8      2.1 
    -0.5     86.6     49.7     29.4  49585.2  51013.8 
    -12.3      50.0      -5.2      71.5 
     -3.2      26.0      -2.4      15.9 
     -2.9      22.1      -2.5       7.5 
     -2.7      22.1      -2.6       6.5 
82928 -0.000000 -0.962593 -0.270952 
 89367.3  12413.7     -0.5     43.3     48.8      1.9 
    -0.5     86.6     49.9     29.3  52520.4  53796.7 
    -13.6      51.1       0.3      76.0 
     -3.6      25.5      -2.7      15.6 
     -2.8      21.8      -2.4       7.4 
     -3.1      21.2      -2.6       6.5 
82929 -0.000000 -0.965081 -0.261951 
 92387.4  12359.8     -0.5     43.3     48.9      1.9 
    -0.5     86.6     49.6     29.2  54017.5  55708.1 
    -12.3      51.8       0.6      75.2 
     -3.3      24.4      -2.7      16.2 
     -2.9      20.0      -2.5       7.5 
     -2.9      19.3      -2.5       6.4 
82930 -0.000000 -0.967333 -0.253508 
 95415.4  12484.0     -0.5     43.3     49.1      1.7 
    -0.5     86.6     49.6     29.3  55983.9  57963.4 
    -10.6      47.5      -2.4      70.9 
     -2.9      24.6      -2.7      16.6 
     -2.7      20.1      -2.6       7.3 
     -2.9      18.7      -2.4       6.4 
82931 -0.000000 -0.969377 -0.245576 
 98828.6  12425.5     -0.5     43.3     49.1      1.7 
    -0.5     86.6     50.1     29.2  57411.5  58989.0 
     -9.3      50.5      -5.2      77.3 
     -3.5      25.7      -2.5      17.1 
     -2.8      22.5      -2.4       7.3 
     -2.4      21.7      -2.4       6.4 
82932 -0.000000 -0.971238 -0.238110 
101578.0  12368.8     -0.5     43.3     49.0      1.7 
    -0.5     86.6     49.8     29.1  60616.0  62346.7 
    -12.6      57.1      -1.6      78.2 
     -3.2      25.8      -2.6      18.0 
     -2.3      21.9      -2.3       7.3 
     -3.2      22.1      -2.5       6.4 
82933 -0.000000 -0.972937 -0.231072 
104828.3  12516.9     -0.5     43.3     49.0      1.6 
    -0.5     86.6     49.6     29.0  62589.4  64279.7 
    -11.2      51.4      -1.0      83.1 
     -3.3      25.8      -2.4      19.3 
     -2.6      20.2      -2.4       7.4 
     -3.1      19.5      -2.5       6.6 
82934 -0.000000 -0.974491 -0.224428 
107791.1  12493.0     -0.5     43.3     49.1      1.5 
    -0.5     86.6     50.2     28.9  63103.7  65052.0 
    -11.5      50.5      -4.0      75.5 
     -3.3      24.8      -2.5      18.6 
     -2.9      19.9      -2.4       7.3 
     -2.9      19.0      -2.4       6.3 
82935 -0.000000 -0.975916 -0.218146 
111097.1  12429.7     -0.5     43.3     49.3      3.8 
    -0.5     86.6     50.1     28.9  66518.7  67845.5 
    -10.4      54.2       2.4      81.7 
     -3.5      26.7      -2.3      19.2 
     -3.1      22.7      -2.4       7.4 
     -3.1      22.0      -2.5       6.4 
82936 -0.000000 -0.977227 -0.212198 
113896.4  12407.4     -0.5     43.3     49.1      1.5 
    -0.5     86.6     50.3     28.7  67991.9  70828.5 
    -12.0      51.3      -1.4      75.6 
     -3.6      26.3      -2.4      19.2 
     -2.9      22.3      -2.3       7.4 
     -2.7      22.1      -2.4       6.4 
82937 -0.000000 -0.978434 -0.206558 
117314.6  12361.5     -0.5     43.3     49.2      1.3 
    -0.5     86.6     50.3     29.0  70614.4  72633.9 
    -14.2      50.0      -4.7      81.0 
     -4.0      25.3      -2.2      19.9 
     -2.8      20.6      -2.3       7.5 
     -3.1      19.7      -2.3       6.3 
82938 -0.000000 -0.979549 -0.201205 
120454.6  12378.5     -0.5     43.3     49.3      1.4 
    -0.5     86.6     50.3     28.7  72957.9  74968.8 
    -14.8      54.6       2.9      84.9 
     -3.1      25.3      -2.2      20.8 
     -2.9      19.9      -2.4       7.5 
     -2.7      19.2      -2.3       6.4 
82939 -0.000000 -0.980581 -0.196116 
123293.1  12354.1     -0.5     43.3     49.2      1.3 
    -0.5     86.6     50.4     28.6  74773.9  76966.9 
    -12.6      50.7       2.8      86.1 
     -3.4      26.2      -2.1      21.3 
     -2.7      22.5      -2.3       7.6 
     -2.9      22.0      -2.2       6.4 
82940 -0.000000 -0.981537 -0.191274 
126732.8  12350.0     -0.5     43.3     49.2      1.4 
    -0.5     86.6     50.2     28.7  76742.3  79047.6 
    -13.9      54.1      -1.1      87.5 
     -3.2      26.5      -2.6      20.5 
     -2.9      22.2      -2.3       7.4 
     -3.3      22.0      -2.3       6.3 
82941 -0.000000 -0.982424 -0.186661 
129704.6  12354.0     -0.5     43.3     49.1      1.3 
    -0.5     86.6     50.3     28.5  78315.4  81405.9 
    -14.4      53.4      -1.0      84.1 
     -3.9      25.6      -2.4      21.8 
     -2.9      20.3      -2.4       7.5 
     -2.7      19.8      -2.3       6.3 
82942 -0.000000 -0.983250 -0.182261 
132521.5  12318.3     -0.5     43.3     49.1      1.3 
    -0.5     86.6     50.3     28.6  81813.7  83742.4 
    -12.2      48.9       0.4      90.1 
     -4.3      25.9      -2.4      22.0 
     -2.9      20.2      -2.4       7.3 
     -3.0      19.0      -2.3       6.4 
82943 -0.000000 -0.984020 -0.178061 
135938.2  12342.1     -0.5     43.3     49.1      1.3 
    -0.5     86.6     50.4     28.4  81551.8  84546.6 
    -13.1      53.7       2.8      91.2 
     -3.6      26.7      -2.4      22.7 
     -2.5      22.5      -2.3       7.8 
     -2.8      22.5      -2.3       6.3 
82944 -0.000000 -0.984737 -0.174047 
139557.4  12383.3     -0.5     43.3     49.2      1.2 
    -0.5     86.6     50.2     28.4  85826.4  88315.7 
    -13.3      56.8       2.4      86.7 
     -3.6      26.5      -2.5      23.6 
     -2.9      22.1      -2.4       7.6 
     -3.1      22.1      -2.4       6.4 
82945 -0.000000 -0.985408 -0.170207 
142588.2  12360.8     -0.5     43.3     49.2      1.1 
    -0.5     86.6     50.4     28.5  87096.9  89883.1 
    -12.6      55.0      -8.0      94.7 
     -3.8      25.5      -2.7      23.2 
     -2.8      20.6      -2.2       7.5 
     -3.3      19.9      -2.4       6.5 
82946 -0.000000 -0.986036 -0.166531 
145241.5  12380.5     -0.5     43.3     49.3      1.0 
    -0.5     86.6     50.5     28.5  89178.9  91913.9 
    -13.6      53.7      -2.5      92.0 
     -3.7      25.5      -2.3      25.3 
     -2.9      20.1      -2.1       7.9 
     -2.5      19.1      -2.3       6.3 
82947 -0.000000 -0.986625 -0.163008 
148845.9  12305.6     -0.5     43.3     49.5      1.2 
    -0.5     86.6     50.3     28.3  91377.7  94099.3 
    -10.7      50.3      -7.1      90.0 
     -3.6      27.0      -2.3      25.0 
     -2.8      22.6      -2.4       8.3 
     -2.9      22.3      -2.3       6.3 
82948 -0.000000 -0.987696 -0.156385 
154909.8  12441.0     -0.5     43.3     49.2      1.1 
    -0.5     86.6     50.3     28.3  95837.3  98777.4 
    -13.5      55.2      -2.3      90.0 
     -3.9      26.0      -2.1      25.5 
     -2.9      20.6      -2.4       8.1 
     -3.1      20.1      -2.3       6.4 
82949 -0.000000 -0.988644 -0.150274 
161662.3  12431.7     -0.5     43.3     49.5      1.0 
    -0.5     86.6     50.6     28.3 101663.9 104849.2 
    -13.6      54.2      -7.8      93.9 
     -3.8      26.6      -3.2      25.0 
     -3.1      22.7      -2.4       8.1 
     -2.9      22.3      -2.2       6.5 
82950 -0.000000 -0.989488 -0.144617 
167941.0  12411.4     -0.5     43.3     49.2      0.8 
    -0.5     86.6     50.4     28.3 105095.7 107883.6 
    -16.3      57.3      -4.3      93.0 
     -4.3      26.1      -2.8      28.0 
     -3.3      20.8      -2.4       8.2 
     -3.0      20.3      -2.3       6.4 
82951 -0.000000 -0.990241 -0.139367 
173617.8  12426.6     -0.5     43.3     49.5      0.9 
    -0.5     86.6     50.5     28.1 108200.0 111673.3 
    -12.0      53.2      -7.9      97.8 
     -3.9      27.2      -2.5      26.9 
     -3.0      22.5      -2.4       8.8 
     -3.0      22.3      -2.3       6.3 
82952 -0.000000 -0.990916 -0.134481 
180560.8  12434.4     -0.5     43.3     48.9      0.6 
    -0.5     86.6     50.6     27.9 114105.5 117523.7 
    -14.6      54.8       1.8      95.8 
     -3.8      25.7      -2.9      27.8 
     -3.1      20.7      -2.3       8.6 
     -3.1      20.1      -2.4       6.4 
82953 -0.000000 -0.991524 -0.129924 
186835.6  12453.3     -0.5     43.3     49.4      0.9 
    -0.5     86.6     50.4     28.1 117754.0 121148.3 
    -10.3      53.4      -2.7      94.8 
     -3.8      27.3      -2.2      30.1 
     -3.3      23.1      -2.4       9.1 
     -2.8      22.2      -2.4       6.6 
82954 -0.000000 -0.992073 -0.125663 
193028.9  12517.2     -0.5     43.3     45.9     28.9 
    -0.5     86.6     50.7     27.9 119819.9 125476.8 
    -12.1      47.5      -4.7     102.5 
     -4.0      25.4      -2.8      30.2 
     -2.9      20.5      -2.3       8.7 
     -3.0      20.3      -2.2       6.6 
82955 -0.000000 -0.992571 -0.121670 
199510.8  12529.0     -0.5     43.3     45.9     28.9 
    -0.5     86.6     50.6     27.9 128322.9 132012.4 
     -8.1      39.2      -3.5      98.1 
     -3.4      26.4      -2.0      31.8 
     -2.9      22.5      -2.5       9.1 
     -3.3      22.3      -2.4       7.4 
82956 -0.000000 -0.993023 -0.117921 
205719.9  12657.4     -0.5     43.3     45.9     28.9 
    -0.5     86.6     50.6     27.9 132056.5 135795.6 
     -8.0      38.4      -3.2      96.6 
     -3.3      24.1      -2.4      30.0 
     -3.3      20.7      -2.5       9.4 
     -3.6      20.1      -2.4       7.0 
82957 -0.000000 -0.993435 -0.114396 
212222.4  12560.3     -0.5     43.3     45.9     28.9 
    -0.5     86.6     50.7     27.8 134853.1 138200.5 
    -10.6      40.4      -0.8     101.6 
     -3.3      25.9      -2.3      32.2 
     -2.7      22.7      -2.5       9.5 
     -2.6      22.0      -2.4       6.8 
82958 -0.000000 -0.993812 -0.111073 
218620.8  12434.8     -0.5     43.3     45.9     28.9 
    -0.5     86.6     50.6     27.8 138030.2 142603.3 
     -8.6      36.9       0.3      99.9 
     -3.6      24.1      -1.8      32.0 
     -3.0      20.5      -2.3       9.9 
     -3.4      20.0      -2.6       7.0 
82959 -0.000000 -0.994158 -0.107937 
224812.5  12511.1     -0.5     43.3     45.9     28.9 
    -0.5     86.6     50.7     27.7 143973.0 148412.2 
     -3.2      37.1      -6.4     105.8 
     -3.2      25.5      -2.1      33.1 
     -2.8      22.8      -2.5      10.8 
     -3.1      22.4      -2.2       6.8 
82960 -0.000000 -0.994475 -0.104972 
230875.5  12499.5     -0.5     43.3     45.9     28.9 
    -0.5     86.6     50.7     27.6 149904.1 152472.5 
     -2.9      33.1      -3.4     104.8 
     -3.1      23.1      -2.4      34.3 
     -3.0      20.3      -2.5       9.8 
     -3.5      20.4      -2.7       7.7 
82961 0.903278 -0.000000 -0.429057 
 55942.8  10436.0     -0.2     40.9     45.9     28.9 
    -0.1     83.8     45.9     57.7  30353.5  31555.4 
      1.7      83.7      12.3      47.0 
      2.3      28.6       3.4      18.5 
      0.2       4.2       3.1      14.7 
      0.5       2.7       3.2      14.6 
82962 0.887877 -0.000000 -0.460082 
 52535.0  10876.8     -0.0     41.1     45.9     28.9 
    -0.0     83.9     45.9     57.7  27644.2  28791.1 
     -1.0      81.7      12.6      49.8 
      2.4      30.3       3.0      18.6 
      0.7       7.4       2.8      15.0 
      0.7       2.3       3.1      14.8 
82963 0.868777 -0.000000 -0.495203 
 48808.8  11359.1     -0.2     41.0     45.9     28.9 
    -0.2     83.9     45.9     57.7  25300.3  26495.4 
      2.0      81.6      14.0      52.3 
     -0.6      28.1       2.9      18.0 
      0.3       5.4       2.4      13.5 
      0.6       1.8       2.7      13.7 
82964 0.844819 -0.000000 -0.535052 
 45110.0  12035.0      0.0     41.0     45.9     28.9 
    -0.0     83.9     45.9     57.7  23218.1  24089.9 
     -1.3      77.5      11.5      49.2 
     -0.5      26.4       2.7      17.5 
      0.8       4.2       2.2      14.2 
      0.4       2.2       2.3      14.2 
82965 0.814421 -0.000000 -0.580275 
 41778.1  12932.6     -0.2     41.0     45.9     28.9 
    -0.2     84.0     45.9     57.7  21147.8  21942.1 
      0.2      79.4      11.3      52.3 
      0.4      23.2       1.9      16.3 
      0.4       6.2       1.9      12.5 
      0.7       2.5       1.9      12.1 
82966 0.775436 -0.000000 -0.631426 
 38560.2  14333.8     -0.3     41.0     45.9     28.9 
    -0.4     84.0     48.1      6.2  19081.9  19824.7 
      2.4      78.0      11.4      50.5 
      1.6      19.8       1.5      15.8 
      0.6       3.2       1.1      12.8 
      0.5       2.4       1.4      12.8 
82967 0.724999 -0.000000 -0.688749 
 35733.7  16566.8     -0.2     41.0     45.9     28.9 
    -0.2     84.1     47.9     12.7  17521.7  18168.9 
      6.2      74.6       9.8      51.1 
     -0.9      19.5       0.7      14.5 
      0.6       4.9       0.4      10.5 
      0.3       4.4       0.2      10.0 
82968 0.659438 -0.000000 -0.751759 
 32744.3  19822.3     -0.1     41.4     45.9     28.9 
    -0.1     84.2     47.7     24.2  15726.0  16389.7 
     -1.9      74.7       9.7      50.2 
      0.8      18.7      -0.5      13.8 
      0.4       2.4      -0.5      10.4 
      0.6       1.5      -0.5      10.4 
82969 0.574426 -0.000000 -0.818557 
 30276.8  23248.5     -0.0     41.3     47.5      8.2 
    -0.0     84.3     47.9     36.0  13680.2  14584.2 
      0.2      76.1       5.9      50.6 
     -0.4      17.7      -1.3      11.4 
      0.7       2.3      -1.8       7.9 
      0.6       1.6      -1.8       6.8 
82970 0.465746 -0.000000 -0.884918 
 28325.7  23498.1      0.5     41.2     47.1     18.8 
     0.4     84.3     47.1     47.3  12904.8  13510.9 
     -0.9      71.0       9.0      57.3 
      0.7      10.9      -2.7       8.2 
      0.5       2.1      -2.9       5.9 
      0.5       1.4      -3.0       5.1 
82971 0.331088 -0.000000 -0.943600 
 26808.0  21934.0      0.0     41.3     44.7     25.5 
    -0.0     84.4     44.7     54.2  11619.1  12208.6 
     -0.3      73.1       5.4      62.8 
     -0.3      10.7      -1.9       9.7 
      0.5       1.7      -1.9       2.8 
      0.7       1.3      -1.9       1.6 
82972 0.254493 -0.000000 -0.967075 
 26022.8  21332.6     -0.2     41.4     46.4     21.9 
    -0.1     84.5     46.4     50.5  11407.3  11859.5 
     -2.5      70.8       5.8      57.2 
      0.5      10.8      -1.2       7.8 
      0.5       1.7      -1.4       4.8 
      0.5       1.3      -1.9       4.5 
82973 0.172799 -0.000000 -0.984957 
 25460.1  20877.7     -0.1     41.3     46.2     16.6 
    -0.1     84.4     46.4     45.3  11213.6  11750.5 
     -1.6      70.8       4.3      51.5 
      1.0      10.8      -2.5       8.1 
      0.3       2.0      -2.8       6.0 
      0.5       1.2      -3.3       5.4 
82974 0.087384 -0.000000 -0.996175 
 24868.8  19856.7      0.2     41.4     45.9     11.6 
     0.2     84.5     46.3     39.8  10790.1  11275.3 
     -0.2      67.6      -1.6      46.0 
      1.1      12.3      -3.5       9.4 
      0.4       1.6      -3.6       7.3 
      0.5       1.2      -3.9       6.8 
82975 -0.000000 -0.000000 -1.000000 
 24587.4  18393.7     -0.1     41.4     45.3      7.4 
    -0.1     84.5     45.9     34.5  10480.0  11155.3 
     -1.6      71.2      -3.0      40.9 
      0.7      11.7      -4.1      11.9 
      0.7       1.9      -4.1       8.8 
      0.6       1.2      -4.4       8.2 
82976 -0.087384 -0.000000 -0.996175 
 24594.5  16324.4     -0.1     41.7     43.3      5.9 
    -0.1     84.7     46.1     29.2  10109.1  10779.8 
     -0.8      75.0      -3.2      43.8 
     -0.0      11.2      -4.0      14.1 
      0.4       2.5      -3.9      11.3 
      0.6       1.3      -4.6      11.3 
82977 -0.172799 -0.000000 -0.984957 
 24606.1  13803.0     -0.3     41.5     39.7      8.0 
    -0.4     84.6     45.8     23.9  10660.9  11294.0 
     -1.2      73.0      -4.1      41.4 
     -0.1      10.4      -4.5      15.3 
      0.6       1.5      -4.6      12.5 
      0.5       1.1      -5.1      13.2 
82978 -0.254493 -0.000000 -0.967075 
 24960.0  12967.0     -0.2     41.8     45.9     28.9 
    -0.2     84.7     46.0     18.8  11086.7  11644.9 
      0.8      70.0      -5.4      44.0 
     -0.4      12.0      -4.5      15.6 
      0.3       3.0      -4.4      12.2 
      0.5       1.1      -5.1      13.0 
82979 -0.331088 -0.000000 -0.943600 
 25424.6  11587.6     -0.5     41.6     45.9     28.9 
    -0.5     84.7     45.6     13.9  11433.1  11911.8 
      1.1      72.6      -4.9      43.9 
      2.2      10.9      -4.3      16.1 
      0.6       1.6      -4.2      12.2 
      0.5       1.2      -4.8      12.5 
82980 -0.465746 -0.000000 -0.884918 
 27024.6  10244.0      0.1     41.6     45.9     28.9 
     0.1     84.7     43.6      9.0  11725.3  12453.5 
      2.0      68.5      -6.2      42.4 
      1.0      15.2      -3.6      18.7 
      0.4       3.1      -3.6      15.8 
      0.5       1.2      -4.5      16.4 
82981 -0.574426 -0.000000 -0.818557 
 29107.8   9345.6     -0.1     41.7     45.9     28.9 
    -0.1     84.8     45.9     57.7  13406.2  14018.0 
      0.5      76.4      -6.3      42.2 
      0.2      13.3      -3.1      18.5 
      0.5       2.4      -2.8      14.7 
      0.6       1.0      -4.2      15.9 
82982 -0.659438 -0.000000 -0.751759 
 31631.5   8809.4     -0.2     41.9     45.9     28.9 
    -0.3     84.9     45.9     57.7  14576.2  15501.4 
     -4.4      73.9      -6.7      42.6 
      0.2      16.7      -2.3      19.9 
      0.7       2.7      -2.5      17.1 
      0.4       1.5      -3.3      17.3 
82983 -0.724999 -0.000000 -0.688749 
 34646.2   8408.7     -0.1     41.8     45.9     28.9 
    -0.0     84.8     45.9     57.7  16536.1  17397.7 
      5.5      76.3      -7.0      40.8 
      1.6      24.3      -1.7      19.8 
      0.6       4.2      -1.9      16.8 
      0.6       1.1      -3.2      18.2 
82984 -0.775436 -0.000000 -0.631426 
 37697.3   8154.4      0.4     41.5     45.9     28.9 
     0.4     84.6     45.9     57.7  18469.4  19484.0 
      2.4      76.4      -7.0      39.8 
      0.9      20.0      -1.4      20.0 
      0.6       3.3      -1.4      17.9 
      0.5       1.2      -2.9      17.7 
82985 -0.814421 -0.000000 -0.580275 
 40955.1   8036.8     -0.1     41.8     45.9     28.9 
    -0.1     84.6     45.9     57.7  20066.7  21330.0 
     -0.6      77.9      -5.2      40.9 
      0.3      23.2      -1.8      20.4 
      0.3       5.1      -1.6      17.6 
      0.6       1.1      -2.5      19.6 
82986 -0.844819 -0.000000 -0.535052 
 44517.2   7885.6      0.0     41.7     45.9     28.9 
    -0.0     84.5     45.9     57.7  22289.0  23398.0 
      1.4      77.4      -6.9      40.3 
     -0.5      23.5      -0.7      20.8 
      0.2       6.7      -0.8      18.0 
      0.6       1.5      -2.1      18.4 
82987 -0.868777 -0.000000 -0.495203 
 48168.7   7892.6     -0.3     41.7     45.9     28.9 
    -0.2     84.4     45.9     57.7  25034.2  26392.9 
     -1.6      79.1      -6.2      36.8 
     -0.2      32.2      -1.0      20.7 
      0.2       3.8      -0.8      18.4 
      0.6       1.3      -2.0      20.2 
82988 -0.887877 -0.000000 -0.460082 
 51969.4   7694.4     -0.2     41.2     45.9     28.9 
    -0.1     84.1     45.9     57.7  26369.3  28053.1 
      3.9      83.7      -6.9      39.2 
     -1.8      31.7      -0.8      20.9 
      0.3       3.5      -0.3      18.2 
      0.5       2.7      -1.4      19.8 
82989 -0.903278 -0.000000 -0.429057 
 55670.7   7768.7     -0.5     41.2     45.9     28.9 
    -0.4     84.1     45.9     57.7  28913.5  30360.8 
      2.9      84.6      -5.2      36.8 
      3.9      29.8      -0.7      20.6 
      0.2       6.5      -0.1      19.0 
      0.6       3.0      -1.2      21.2 
82990 0.840060 -0.367526 -0.399028 
 59739.2  11261.4     -0.5     43.3     45.9     28.9 
     0.1     19.5     45.9     57.7  32354.8  33512.5 
     -6.0      58.7      12.6      49.6 
     -1.3      20.5       2.9      18.1 
     -1.4      15.1       2.9      14.6 
     -1.4      13.6       3.0      14.5 
82991 0.817505 -0.390173 -0.423616 
 56371.9  11764.1     -0.5     43.3     45.9     28.9 
     0.1     20.1     45.9     57.7  29981.2  30764.9 
     -6.5      57.2      12.7      50.2 
     -1.5      21.0       3.2      18.8 
     -1.2      15.2       2.5      15.0 
     -1.4      14.0       2.8      14.9 
82992 0.790440 -0.414981 -0.450551 
 53253.1  12464.6     -0.5     43.3     45.9     28.9 
    -0.0     20.6     45.9     57.7  28133.8  29379.1 
     -7.6      55.3      13.5      51.4 
     -1.7      21.5       2.4      17.4 
     -1.4      15.5       2.5      13.3 
     -1.2      14.2       2.1      13.3 
82993 0.757796 -0.442047 -0.479937 
 49920.1  13470.3     -0.5     43.3     45.9     28.9 
     0.3     21.2     45.9     57.7  25757.0  26791.8 
     -7.1      54.4      13.7      53.6 
     -1.3      21.3       2.1      17.1 
     -1.5      15.4       2.0      13.7 
     -1.4      14.4       1.9      13.8 
82994 0.718269 -0.471364 -0.511767 
 46878.4  14720.5     -0.5     43.3     45.9     28.9 
     0.0     21.9     45.9     57.7  23556.1  24753.0 
     -7.3      55.2      12.6      54.5 
     -1.6      21.2       1.5      15.8 
     -1.8      15.8       1.6      11.9 
     -1.5      14.7       1.0      11.6 
82995 0.670317 -0.502738 -0.545830 
 43947.5  16447.3     -0.5     43.3     45.9     28.9 
    -0.2     22.7     44.9      9.1  22576.8  23412.9 
     -6.1      52.8       9.3      51.6 
     -2.4      21.4       1.3      16.0 
     -1.7      15.7       1.1      12.3 
     -1.7      15.1       0.6      12.2 
82996 0.612205 -0.535679 -0.581595 
 41694.7  17881.7     -0.5     43.3     45.9     28.9 
    -0.3     23.3     47.8     11.4  20522.2  21442.2 
     -7.4      53.8       9.2      53.3 
     -2.3      21.6       0.4      14.6 
     -2.1      16.1       0.2      10.1 
     -1.7      15.3      -0.1       9.6 
82997 0.542159 -0.569267 -0.618061 
 39228.6  19082.1     -0.5     43.3     45.9     28.9 
    -0.3     23.8     47.9     23.1  19343.0  19977.6 
     -9.5      54.1       6.0      52.3 
     -2.1      21.3      -0.5      14.1 
     -2.1      16.2      -0.7      10.5 
     -1.8      15.2      -0.8       9.9 
82998 0.458673 -0.602008 -0.653609 
 37235.0  18436.5     -0.5     43.3     47.6      7.5 
    -0.4     24.2     47.8     34.9  18140.8  18923.8 
     -8.9      50.9       7.1      52.0 
     -2.0      21.5      -1.8      11.4 
     -2.1      16.4      -1.7       7.6 
     -2.0      15.4      -1.9       6.7 
82999 0.361020 -0.631785 -0.685938 
 35867.2  17829.9     -0.5     43.3     47.1     18.6 
    -0.5     24.9     47.1     46.6  17314.7  17845.9 
     -9.8      50.7       6.3      57.5 
     -2.5      21.7      -2.3       9.9 
     -1.9      16.6      -3.0       5.9 
     -2.3      15.8      -3.1       5.3 
83000 0.249898 -0.655981 -0.712208 
 34515.2  17124.7     -0.5     43.3     44.9     25.2 
    -0.5     25.1     44.9     53.8  16622.2  17128.5 
     -7.9      50.5       7.4      65.8 
     -2.6      21.7      -1.5      13.4 
     -2.5      16.5      -1.7       2.7 
     -2.5      16.1      -1.9       1.7 
83001 0.190037 -0.665130 -0.722141 
 33768.8  16805.6     -0.5     43.3     47.2     21.2 
    -0.8     25.4     47.3     49.8  15973.6  16645.1 
     -8.4      52.7       3.3      60.7 
     -2.6      21.7      -0.8      11.2 
     -2.8      16.7      -1.0       5.3 
     -2.9      16.2      -1.4       4.7 
83002 0.127982 -0.671905 -0.729496 
 33536.0  16691.0     -0.5     43.3     47.1     15.8 
    -1.0     25.5     47.4     44.6  16456.9  16930.9 
     -7.0      51.7       3.5      60.4 
     -2.7      21.9      -2.1       9.2 
     -2.5      16.6      -2.3       6.0 
     -2.9      16.3      -2.6       5.5 
83003 0.064388 -0.676070 -0.734019 
 33176.9  16496.7     -0.5     43.3     47.1     10.3 
    -0.6     25.9     47.4     38.7  15616.3  16249.6 
     -8.5      52.9      -2.3      48.3 
     -2.6      22.5      -2.9      10.0 
     -2.6      16.8      -3.1       7.2 
     -2.6      16.3      -3.3       6.6 
83004 -0.000000 -0.677476 -0.735545 
 32831.0  16382.6     -0.5     43.3     46.5      5.9 
    -0.7     26.1     47.2     32.8  15525.9  16274.4 
     -9.3      51.6      -2.7      48.9 
     -2.5      22.5      -3.4      11.7 
     -2.8      17.1      -3.5       8.5 
     -2.6      16.7      -3.9       7.8 
83005 -0.064388 -0.676070 -0.734019 
 32752.4  16444.5     -0.5     43.3     42.5      6.3 
    -0.7     26.1     47.0     27.2  15166.9  15845.0 
    -10.6      52.2      -3.1      45.7 
     -3.1      22.2      -4.3      13.5 
     -2.4      17.0      -3.8      10.7 
     -2.3      16.6      -4.0      10.2 
83006 -0.127982 -0.671905 -0.729496 
 32884.3  16066.8     -0.5     43.3     45.9     28.9 
    -0.9     26.2     47.2     21.8  15300.5  16054.3 
    -10.3      52.1      -3.1      46.9 
     -2.7      22.4      -4.3      15.0 
     -2.4      17.0      -4.1      11.8 
     -2.8      17.0      -4.5      11.7 
83007 -0.190037 -0.665130 -0.722141 
 33089.2  15720.6     -0.5     43.3     45.9     28.9 
    -0.7     26.2     47.2     16.2  15222.7  16056.5 
     -7.4      52.3      -4.8      47.0 
     -2.2      22.4      -4.0      15.1 
     -2.1      16.9      -3.9      11.4 
     -2.4      17.2      -4.3      11.4 
83008 -0.249898 -0.655981 -0.712208 
 33488.1  14292.7     -0.5     43.3     45.9     28.9 
    -0.8     26.2     47.0     11.7  15406.1  16371.8 
     -9.4      52.5      -3.8      46.9 
     -2.8      22.3      -3.8      15.1 
     -2.1      17.0      -3.4      11.1 
     -2.6      17.1      -4.0      10.9 
83009 -0.361020 -0.631785 -0.685938 
 34479.3  13211.3     -0.5     43.3     45.9     28.9 
    -0.3     25.9     43.3     10.3  16091.9  17132.3 
     -7.1      51.0      -4.9      47.7 
     -2.5      22.3      -3.1      17.4 
     -1.8      17.2      -2.6      14.5 
     -2.2      16.9      -3.4      15.0 
83010 -0.458673 -0.602008 -0.653609 
 36103.1  11647.0     -0.5     43.3     45.9     28.9 
    -0.4     25.4     45.9     57.7  17300.2  18286.3 
     -7.1      52.6      -5.9      45.4 
     -2.0      22.5      -2.8      17.4 
     -1.8      17.1      -2.6      13.9 
     -1.8      16.5      -2.8      14.1 
83011 -0.542159 -0.569267 -0.618061 
 38180.0  10778.3     -0.5     43.3     45.9     28.9 
    -0.2     24.8     45.9     57.7  18307.3  19223.7 
     -6.3      53.4      -5.6      41.9 
     -1.9      22.0      -1.4      19.0 
     -1.6      16.7      -1.6      16.3 
     -1.9      16.3      -2.7      17.0 
83012 -0.612205 -0.535679 -0.581595 
 40482.2   9980.2     -0.5     43.3     45.9     28.9 
    -0.5     24.0     45.9     57.7  20240.7  21017.0 
     -6.7      51.9      -6.6      43.8 
     -1.8      22.0      -1.7      18.9 
     -1.8      16.3      -2.0      15.7 
     -1.8      15.9      -2.2      16.6 
83013 -0.670317 -0.502738 -0.545830 
 43076.4   9565.2     -0.5     43.3     45.9     28.9 
    -0.6     23.2     45.9     57.7  20840.9  22186.6 
     -6.5      54.6      -5.3      42.9 
     -1.9      22.0      -1.3      20.1 
     -1.1      16.2      -1.1      17.6 
     -1.7      15.4      -1.9      18.0 
83014 -0.718269 -0.471364 -0.511767 
 46036.9   9047.4     -0.5     43.3     45.9     28.9 
    -0.3     22.6     45.9     57.7  23247.6  24575.2 
     -6.5      54.5      -6.3      41.2 
     -1.9      21.6      -1.3      20.0 
     -1.2      16.0      -1.1      17.1 
     -1.4      15.4      -1.4      18.7 
83015 -0.757796 -0.442047 -0.479937 
 49216.8   8835.8     -0.5     43.3     45.9     28.9 
    -0.1     21.9     45.9     57.7  24782.8  26142.9 
     -7.6      57.9      -6.7      40.4 
     -1.9      21.3      -0.6      20.4 
     -1.1      15.7      -0.8      18.1 
     -1.5      14.9      -1.2      18.7 
83016 -0.790440 -0.414981 -0.450551 
 52487.8   8662.7     11.0     95.0     45.9     28.9 
    -0.3     21.1     45.9     57.7  26238.9  28148.6 
     -6.7      54.2      -6.3      39.5 
     -1.4      21.4      -0.4      20.7 
     -1.0      15.6      -0.1      18.0 
     -1.4      14.6      -0.9      20.3 
83017 -0.817505 -0.390173 -0.423616 
 55839.1   8401.4     -3.8     94.8     45.9     28.9 
     0.1     20.6     45.9     57.7  24794.3  29427.0 
     -7.2      55.7      -6.1      39.3 
     -1.2      21.2      -0.3      20.5 
     -1.1      15.5       0.0      18.7 
     -1.0      14.4      -0.6      22.1 
83018 -0.840060 -0.367526 -0.399028 
 59127.9   8336.8     21.7     92.9     45.9     28.9 
    -0.2     20.0     45.9     57.7  28214.6  32076.8 
     -5.9      57.9      -4.9      37.2 
     -1.1      21.3      -0.0      20.7 
     -1.0      15.2      -0.1      18.3 
     -1.2      14.3      -0.2      23.2 
83019 0.708659 -0.620076 -0.336613 
 70879.5  13345.4     -0.5     43.3     45.9     28.9 
    -0.5     86.6     45.9     57.7  38900.3  40092.8 
    -10.1      57.8      12.2      51.7 
     -1.5      23.9       2.9      17.8 
     -1.4      18.6       2.8      13.1 
     -1.5      17.8       2.6      13.0 
83020 0.677337 -0.646549 -0.350984 
 68016.2  13957.8     -0.5     43.3     45.9     28.9 
    -0.5     86.6     45.9     57.7  37315.0  38415.1 
     -9.8      56.5      10.7      54.9 
     -2.0      23.5       2.9      18.3 
     -1.7      18.7       2.5      13.7 
     -1.5      18.2       2.6      13.8 
83021 0.641844 -0.673936 -0.365851 
 65261.2  14517.4     -0.5     43.3     45.9     28.9 
    -0.5     86.6     45.9     57.7  35487.0  36775.5 
     -9.3      53.4      12.3      53.5 
     -2.0      23.6       2.5      16.8 
     -1.3      18.9       1.9      12.0 
     -1.9      18.7       2.3      11.7 
83022 0.601687 -0.701968 -0.381068 
 62937.1  14858.0     -0.5     43.3     45.9     28.9 
    -0.5     86.6     45.9     57.7  34037.2  35017.9 
     -9.8      55.6       9.9      54.9 
     -1.9      24.2       2.2      17.3 
     -1.4      19.2       1.9      12.6 
     -1.2      18.7       1.6      12.4 
83023 0.556388 -0.730259 -0.396426 
 60785.2  15184.8     -0.5     43.3     45.9     28.9 
    -0.5     86.6     45.9     57.7  32344.0  33972.1 
    -10.7      54.8       9.5      56.9 
     -2.2      24.4       1.7      16.1 
     -1.5      19.7       1.2      10.8 
     -1.7      19.4       1.3      10.1 
83024 0.505524 -0.758286 -0.411641 
 58267.3  15205.6     -0.5     43.3     45.9     28.9 
    -0.5     86.6     44.3      7.2  31034.9  32012.7 
     -9.4      53.8       8.0      59.3 
     -2.3      24.2       0.9      16.6 
     -1.6      19.3       0.9      11.1 
     -2.0      19.5       0.8      10.7 
83025 0.448787 -0.785377 -0.426348 
 56591.0  14844.7     -0.5     43.3     45.9     28.9 
    -0.5     86.6     48.4      9.2  29984.7  31405.4 
    -11.7      54.5      11.0      61.4 
     -2.4      24.3       0.4      14.5 
     -1.7      20.0       0.0       9.0 
     -1.9      19.7      -0.0       8.2 
83026 0.386057 -0.810720 -0.440105 
 54863.1  14404.6     -0.5     43.3     45.9     28.9 
    -0.5     86.6     48.3     21.0  29186.9  30289.3 
    -10.5      50.8       5.0      58.9 
     -2.0      24.1      -0.8      15.0 
     -2.0      19.9      -1.2      10.5 
     -2.3      19.9      -1.0       9.8 
83027 0.317480 -0.833386 -0.452409 
 53418.7  13949.4     -0.5     43.3     48.2      5.6 
    -0.5     86.6     48.1     33.2  28444.7  29489.6 
    -10.2      53.1       4.2      62.2 
     -2.5      24.5      -1.5      12.5 
     -2.1      20.4      -1.8       7.1 
     -2.6      20.1      -2.0       6.2 
83028 0.243541 -0.852392 -0.462727 
 52520.3  13799.7     -0.5     43.3     47.7     17.1 
    -0.5     86.6     47.6     45.7  28083.7  28948.5 
    -11.0      52.6       4.7      71.4 
     -3.0      24.5      -2.1      12.5 
     -2.3      20.4      -2.8       5.9 
     -2.2      20.6      -3.0       5.4 
83029 0.165103 -0.866792 -0.470544 
 51739.5  13419.2     -0.5     43.3     45.2     24.6 
    -0.5     86.6     45.3     53.1  27264.7  28303.6 
    -11.9      53.9       4.9      75.5 
     -3.2      24.6      -0.5      20.2 
     -2.6      20.4      -1.0       5.8 
     -2.8      20.4      -1.6       2.1 
83030 0.124573 -0.872008 -0.473376 
 51378.9  13398.9     -0.5     43.3     47.7     20.4 
    -0.5     86.6     47.8     49.0  26881.5  28065.5 
    -12.4      51.5       4.9      69.0 
     -2.7      24.8      -0.6      14.6 
     -2.7      20.2      -0.4       6.3 
     -3.1      21.0      -0.8       5.0 
83031 0.083409 -0.875791 -0.475429 
 51036.2  13285.3     -0.5     43.3     48.5     14.8 
    -0.5     86.6     48.7     43.3  26473.7  27808.2 
    -11.6      50.2       1.5      63.5 
     -3.0      25.1      -1.7      12.2 
     -2.8      20.8      -1.6       6.2 
     -3.0      20.7      -2.0       5.5 
83032 0.041814 -0.878085 -0.476675 
 50741.2  13252.2     -0.5     43.3     48.3      8.8 
    -0.5     86.6     48.6     37.2  27228.8  27982.5 
    -11.5      53.7      -1.7      61.7 
     -2.8      24.6      -2.4      10.7 
     -2.8      20.5      -2.6       6.8 
     -2.6      20.8      -2.6       6.2 
83033 -0.000000 -0.878853 -0.477092 
 50786.2  13299.8     -0.5     43.3     47.9      3.7 
    -0.5     86.6     48.4     31.0  27045.8  27919.3 
     -9.0      50.4      -1.9      56.1 
     -2.8      25.0      -3.0      12.4 
     -2.4      20.8      -3.1       7.9 
     -2.8      20.8      -3.2       6.9 
83034 -0.041814 -0.878085 -0.476675 
 50592.9  13264.6     -0.5     43.3     45.9     28.9 
    -0.5     86.6     48.7     24.9  25965.7  27188.4 
    -12.4      54.1      -2.1      55.1 
     -2.6      25.0      -3.8      14.0 
     -2.2      20.9      -3.7      10.2 
     -2.8      21.0      -3.6       9.3 
83035 -0.083409 -0.875791 -0.475429 
 50668.9  13276.8     -0.5     43.3     45.9     28.9 
    -0.5     86.6     48.7     18.6  26802.5  27599.5 
     -9.6      53.5      -4.2      57.2 
     -2.1      25.0      -3.7      15.4 
     -2.4      20.9      -3.8      11.3 
     -2.7      21.1      -3.9      10.2 
83036 -0.124573 -0.872008 -0.473376 
 50631.6  13254.1     -0.5     43.3     45.9     28.9 
    -0.5     86.6     48.5     12.8  26729.8  27733.0 
    -11.0      52.6      -5.0      53.1 
     -2.5      25.1      -3.3      14.4 
     -2.5      20.7      -3.4      10.0 
     -3.1      21.1      -3.7       9.3 
83037 -0.165103 -0.866792 -0.470544 
 51037.9  13533.8     -0.5     43.3     45.9     28.9 
    -0.5     86.6     48.2      7.6  26591.4  27725.8 
     -9.6      51.8      -3.7      51.7 
     -2.2      25.2      -2.8      14.2 
     -1.8      20.9      -2.6       9.4 
     -2.6      20.7      -2.9       8.5 
83038 -0.243541 -0.852392 -0.462727 
 51463.0  13595.1     -0.5     43.3     45.9     28.9 
    -0.5     86.6     41.6      6.1  26876.0  27932.9 
     -9.2      51.9      -4.1      48.8 
     -2.3      24.6      -2.8      15.8 
     -2.4      21.0      -2.5      12.3 
     -2.2      20.9      -2.6      11.7 
83039 -0.317480 -0.833386 -0.452409 
 52576.5  13426.4     -0.5     43.3     45.9     28.9 
    -0.5     86.6     45.9     57.7  27405.7  28704.4 
    -11.8      55.1      -4.9      48.6 
     -1.9      25.2      -1.8      15.5 
     -2.0      20.6      -1.9      11.5 
     -2.5      20.7      -2.0      11.0 
83040 -0.386057 -0.810720 -0.440105 
 54074.7  13332.0     -0.5     43.3     45.9     28.9 
    -0.5     86.6     45.9     57.7  27499.7  29023.8 
    -10.6      54.7      -5.0      50.7 
     -1.7      24.9      -1.2      17.4 
     -1.9      20.9      -1.2      14.1 
     -2.1      20.6      -1.7      14.1 
83041 -0.448787 -0.785377 -0.426348 
 55515.8  12941.6     -0.5     43.3     45.9     28.9 
    -0.5     86.6     45.9     57.7  28547.9  30047.0 
    -12.5      57.3      -4.9      48.2 
     -2.0      24.4      -1.3      16.4 
     -1.6      20.4      -1.1      13.2 
     -2.3      20.4      -1.4      13.1 
83042 -0.505524 -0.758286 -0.411641 
 57158.6  11979.5     -0.5     43.3     45.9     28.9 
    -0.5     86.6     45.9     57.7  30668.6  31789.1 
     -7.5      55.0      -5.1      43.8 
     -1.6      24.7      -0.3      18.4 
     -1.7      20.1      -0.6      15.3 
     -1.7      19.9      -1.0      15.5 
83043 -0.556388 -0.730259 -0.396426 
 59581.0  11575.6     -0.5     43.3     45.9     28.9 
    -0.5     86.6     45.9     57.7  31529.3  33022.2 
     -9.4      52.9      -7.8      43.5 
     -2.0      24.2      -0.7      17.7 
     -1.7      20.0      -0.4      14.5 
     -1.5      19.7      -0.7      14.6 
83044 -0.601687 -0.701968 -0.381068 
 61870.3  11324.5     -0.5     43.3     45.9     28.9 
    -0.5     86.6     45.9     57.7  33186.3  34191.9 
     -9.3      53.9      -6.6      45.7 
     -2.1      24.5      -0.5      19.3 
     -1.5      19.5      -0.0      16.5 
     -1.4      19.1      -0.3      16.7 
83045 -0.641844 -0.673936 -0.365851 
 64420.4  10652.9     -0.5     43.3     45.9     28.9 
    -0.5     86.6     45.9     57.7  35066.6  36405.9 
    -13.2      57.6      -6.9      42.3 
     -1.8      24.5      -0.3      18.8 
     -1.6      19.4      -0.0      15.7 
     -1.7      19.1      -0.2      16.2 
83046 -0.677337 -0.646549 -0.350984 
 66971.0  10195.4     -0.5     43.3     45.9     28.9 
    -0.5     86.6     45.9     57.7  36631.5  37895.3 
     -9.5      54.9      -3.7      39.8 
     -1.7      23.9       0.3      20.0 
     -1.6      18.8       0.2      17.2 
     -1.4      18.4      -0.1      17.6 
83047 -0.708659 -0.620076 -0.336613 
 69898.9   9915.6     -0.5     43.3     45.9     28.9 
    -0.5     86.6     45.9     57.7  38166.9  39864.6 
     -8.7      57.3      -4.5      38.2 
     -1.4      24.2      -0.1      19.2 
     -1.4      18.9       0.2      16.4 
     -1.2      18.3       0.1      17.5 
83048 0.482910 -0.845093 -0.229382 
104285.8  14028.8     -0.5     43.3     45.9     28.9 
    -0.5     86.6     45.9     57.7  61058.6  63278.2 
    -11.3      53.2       9.6      59.2 
     -2.4      24.1       3.2      17.8 
     -1.9      19.5       2.9      11.2 
     -1.7      19.2       2.8      10.3 
83049 0.451149 -0.861285 -0.233777 
102376.9  13751.5     -0.5     43.3     45.9     28.9 
    -0.5     86.6     45.9     57.7  60684.0  62059.0 
    -12.4      53.7      11.2      65.5 
     -2.4      24.1       3.5      19.5 
     -1.8      19.5       2.5      12.0 
     -1.9      19.0       2.6      11.4 
83050 0.417577 -0.876913 -0.238019 
100742.9  13649.9     -0.5     43.3     45.9     28.9 
    -0.5     86.6     45.9     57.7  58157.7  61150.5 
    -14.3      55.3      16.0      64.1 
     -2.4      24.9       2.6      18.5 
     -2.0      19.8       2.5      10.1 
     -2.2      19.2       2.4       9.3 
83051 0.382204 -0.891810 -0.242063 
 99372.1  13510.0     -0.5     43.3     45.9     28.9 
    -0.5     86.6     45.9     57.7  57587.8  59830.1 
    -12.3      50.9      12.2      67.0 
     -2.3      24.8       2.4      20.4 
     -1.8      20.0       2.0      11.6 
     -2.3      19.2       2.1      10.4 
83052 0.345068 -0.905804 -0.245861 
 97852.8  13240.5     -0.5     43.3     45.9     28.9 
    -0.5     86.6     45.9     57.7  57688.2  59264.0 
    -13.1      54.5      11.3      67.7 
     -2.6      24.2       2.0      18.9 
     -2.0      20.0       1.6       9.3 
     -2.1      19.3       1.3       7.9 
83053 0.306238 -0.918714 -0.249365 
 96764.4  13028.5     -0.5     43.3     45.9     28.9 
    -0.5     86.6     45.9     57.7  57418.3  58764.7 
    -11.1      53.9       8.0      74.0 
     -2.8      24.8       1.5      19.9 
     -1.9      20.2       0.8      11.1 
     -2.3      19.8       0.9      10.1 
83054 0.265817 -0.930361 -0.252527 
 95632.8  12949.4     -0.5     43.3     45.9     28.9 
    -0.5     86.6     48.9      6.0  55547.0  57477.4 
    -14.3      53.3       9.4      76.7 
     -2.6      24.8       0.4      17.8 
     -2.4      20.0       0.3       7.7 
     -2.2      19.5       0.2       6.6 
83055 0.223945 -0.940570 -0.255298 
 94698.2  12737.3     -0.5     43.3     45.9     28.9 
    -0.5     86.6     48.9     18.5  54425.0  56367.0 
    -11.0      52.8       4.4      72.6 
     -2.9      25.3      -0.7      19.6 
     -2.7      20.1      -1.1      11.2 
     -2.3      19.4      -1.1      10.4 
83056 0.180796 -0.949177 -0.257634 
 93937.9  12586.5     -0.5     43.3     48.9      3.6 
    -0.5     86.6     48.9     31.5  55117.9  57218.6 
    -13.5      53.9       4.9      79.2 
     -3.3      25.1      -1.1      18.1 
     -2.5      20.0      -1.6       6.3 
     -2.9      19.5      -1.6       5.3 
83057 0.136577 -0.956038 -0.259496 
 93325.8  12497.1     -0.5     43.3     48.2     15.9 
    -0.5     86.6     47.9     44.5  54182.1  55616.6 
    -11.5      51.8       1.4      84.4 
     -3.1      24.5      -2.2      23.3 
     -2.7      20.4      -2.6       6.5 
     -3.0      19.6      -2.7       5.4 
83058 0.091527 -0.961030 -0.260851 
 92895.9  12369.0     -0.5     43.3     45.8     23.9 
    -0.5     86.6     45.8     52.3  54663.0  56289.2 
    -13.2      51.0       6.7      88.7 
     -3.3      24.8      -1.2      36.0 
     -2.9      19.9      -0.8       9.8 
     -2.9      19.2      -1.1       3.6 
83059 0.068771 -0.962796 -0.261330 
 93177.3  12470.8     -0.5     43.3     48.9     19.6 
    -0.5     86.6     48.8     48.0  54657.5  56267.4 
    -11.8      53.6       1.8      84.7 
     -3.6      24.9       0.1      29.3 
     -2.6      19.6       0.0       7.8 
     -3.2      19.3       0.1       5.8 
83060 0.045908 -0.964064 -0.261674 
 92825.1  12420.8     -0.5     43.3     49.6     13.8 
    -0.5     86.6     49.8     42.3  54822.1  56500.4 
    -11.6      54.0       3.0      82.7 
     -3.3      24.9      -1.1      21.7 
     -2.9      20.1      -1.0       7.2 
     -3.0      19.5      -1.2       5.8 
83061 0.022972 -0.964827 -0.261882 
 92389.0  12478.4     -0.5     43.3     49.8      7.5 
    -0.5     86.6     49.8     36.0  54146.9  55753.3 
    -12.4      52.5      -1.1      76.4 
     -3.3      24.7      -1.7      17.7 
     -2.6      20.1      -1.9       7.0 
     -2.8      19.4      -2.0       6.0 
83062 -0.000000 -0.965081 -0.261951 
 92510.4  12360.8     -0.5     43.3     48.9      1.8 
    -0.5     86.6     49.5     29.2  54253.7  55860.9 
    -11.9      51.2      -1.7      71.9 
     -3.7      25.1      -2.5      16.7 
     -2.8      20.0      -2.4       7.5 
     -2.4      19.7      -2.6       6.4 
83063 -0.022972 -0.964827 -0.261882 
 92383.3  12528.9     -0.5     43.3     45.9     28.9 
    -0.5     86.6     49.7     22.5  54652.4  56226.9 
    -13.0      53.9      -4.3      73.5 
     -3.1      25.0      -3.9      18.6 
     -3.2      20.2      -3.9      10.7 
     -2.9      19.7      -3.9       9.9 
83064 -0.045908 -0.964064 -0.261674 
 92599.0  12365.3     -0.5     43.3     45.9     28.9 
    -0.5     86.6     49.7     16.2  53503.1  55428.2 
    -12.7      52.2      -0.3      70.6 
     -3.1      24.9      -3.8      19.1 
     -2.7      20.2      -3.4      11.1 
     -2.9      19.5      -3.6      10.1 
83065 -0.068771 -0.962796 -0.261330 
 92178.2  12417.0     -0.5     43.3     45.9     28.9 
    -0.5     86.6     49.5      9.6  53338.5  55302.5 
     -9.3      51.2      -5.0      72.1 
     -3.2      25.1      -2.5      17.5 
     -2.6      20.4      -2.7       8.7 
     -2.6      19.5      -2.8       7.7 
83066 -0.091527 -0.961030 -0.260851 
 92334.6  12502.3     -0.5     43.3     45.9     28.9 
    -0.5     86.6     49.5      3.9  53454.9  55431.0 
    -14.2      56.4      -7.3      73.3 
     -3.1      24.5      -2.2      16.2 
     -2.8      20.4      -2.1       7.9 
     -2.8      19.9      -2.1       6.6 
83067 -0.136577 -0.956038 -0.259496 
 92855.9  12483.0     -0.5     43.3     45.9     28.9 
    -0.5     86.6     45.9     57.7  53323.1  55516.0 
    -12.8      55.8      -2.3      68.9 
     -3.0      25.0      -2.1      18.1 
     -2.2      20.4      -1.8      11.6 
     -2.9      20.0      -2.2      10.6 
83068 -0.180796 -0.949177 -0.257634 
 92773.6  12547.8     -0.5     43.3     45.9     28.9 
    -0.5     86.6     45.9     57.7  54090.2  55980.7 
    -11.9      51.6      -4.4      62.1 
     -2.7      25.0      -1.4      16.0 
     -2.1      20.4      -1.0       8.8 
     -2.6      20.2      -1.1       7.9 
83069 -0.223945 -0.940570 -0.255298 
 93734.5  12673.2     -0.5     43.3     45.9     28.9 
    -0.5     86.6     45.9     57.7  53615.7  55986.5 
    -13.9      51.2      -5.0      62.1 
     -2.7      25.1      -1.1      17.7 
     -2.5      20.8      -0.9      12.0 
     -2.3      19.9      -0.9      10.9 
83070 -0.265817 -0.930361 -0.252527 
 94628.8  12838.8     -0.5     43.3     45.9     28.9 
    -0.5     86.6     45.9     57.7  54879.3  56813.5 
    -10.8      51.2      -4.0      56.7 
     -2.6      24.9      -0.6      16.3 
     -2.3      20.3      -0.4      10.2 
     -2.5      19.9      -0.5       9.3 
83071 -0.306238 -0.918714 -0.249365 
 95667.8  13034.3     -0.5     43.3     45.9     28.9 
    -0.5     86.6     45.9     57.7  55715.0  57502.1 
    -11.0      53.4      -4.1      54.6 
     -2.4      24.7      -0.5      17.4 
     -2.2      20.2      -0.2      12.6 
     -2.1      19.8      -0.3      11.9 
83072 -0.345068 -0.905804 -0.245861 
 96784.3  13184.6     -0.5     43.3     45.9     28.9 
    -0.5     86.6     45.9     57.7  56011.8  57785.4 
    -10.8      51.0      -6.5      52.9 
     -2.9      25.3      -0.3      16.1 
     -2.3      20.6       0.0      11.2 
     -1.8      19.8       0.1      10.4 
83073 -0.382204 -0.891810 -0.242063 
 98229.0  13107.8     -0.5     43.3     45.9     28.9 
    -0.5     86.6     45.9     57.7  57269.2  59216.7 
     -8.5      50.1      -4.1      50.0 
     -2.9      25.3      -0.1      17.8 
     -1.7      20.1       0.3      13.4 
     -1.6      19.6       0.4      13.0 
83074 -0.417577 -0.876913 -0.238019 
 99756.7  13275.9     -0.5     43.3     45.9     28.9 
    -0.5     86.6     45.9     57.7  57939.9  60009.2 
    -11.0      51.9      -5.0      43.6 
     -2.4      25.2       0.3      17.0 
     -1.7      20.3       0.5      12.1 
     -2.6      19.8       0.1      11.5 
83075 -0.451149 -0.861285 -0.233777 
101512.0  13122.3     -0.5     43.3     45.9     28.9 
    -0.5     86.6     45.9     57.7  58650.1  61230.8 
    -14.0      54.2      -5.2      45.8 
     -2.7      24.7       0.5      18.3 
     -1.9      19.9       0.7      14.2 
     -2.3      19.6       0.4      14.2 
83076 -0.482910 -0.845093 -0.229382 
103383.6  12975.2     -0.5     43.3     45.9     28.9 
    -0.5     86.6     45.9     57.7  60351.9  62196.4 
    -10.2      52.9      -2.8      42.1 
     -2.4      24.5       0.2      17.4 
     -2.3      20.1       0.6      13.4 
     -1.7      19.5       0.7      12.9 
83077 0.337328 -0.927651 -0.160231 
149733.9  13094.8     -0.5     43.3     45.9     28.9 
    -0.5     86.6     45.9     57.7  92396.7  95163.4 
    -11.9      60.5      12.2      65.7 
     -2.9      25.3       3.8      21.6 
     -1.9      20.5       3.1       9.9 
     -1.9      20.0       3.0       8.6 
83078 0.312066 -0.936198 -0.161707 
148728.7  12938.3     -0.5     43.3     45.9     28.9 
    -0.5     86.6     45.9     57.7  91972.0  94468.0 
    -15.2      53.9      13.6      69.2 
     -3.2      25.6       3.6      22.7 
     -1.9      20.5       2.6      11.8 
     -2.2      20.1       2.8      10.5 
83079 0.286124 -0.944211 -0.163091 
147421.8  13066.8     -0.5     43.3     45.9     28.9 
    -0.5     86.6     45.9     57.7  89908.7  92869.4 
    -12.8      50.8      10.1      76.1 
     -2.8      25.8       3.1      22.2 
     -2.4      20.9       2.6       9.4 
     -1.7      20.2       2.3       7.8 
83080 0.259539 -0.951641 -0.164374 
146954.0  12779.1     -0.5     43.3     45.9     28.9 
    -0.5     86.6     45.9     57.7  90399.9  92780.9 
    -16.0      59.7      12.6      80.8 
     -3.5      26.4       2.8      25.4 
     -2.3      20.6       2.3      11.6 
     -2.1      19.8       2.2      10.2 
83081 0.232349 -0.958440 -0.165549 
145601.5  12775.8     -0.5     43.3     45.9     28.9 
    -0.5     86.6     45.9     57.7  88447.8  91610.9 
    -13.7      56.5       5.5      77.2 
     -3.4      25.4       2.5      23.9 
     -2.3      20.7       1.7       8.4 
     -2.4      19.9       1.8       6.6 
83082 0.204604 -0.964562 -0.166606 
144732.5  12666.7     -0.5     43.3     45.9     28.9 
    -0.5     86.6     45.9     57.7  89893.6  91895.6 
    -12.6      54.9       6.3      83.1 
     -3.1      25.2       1.4      25.4 
     -2.6      20.8       1.0      12.0 
     -2.5      20.1       1.0      10.4 
83083 0.176357 -0.969963 -0.167539 
144459.5  12624.5     -0.5     43.3     45.9     28.9 
    -0.5     86.6     49.3      4.2  89800.1  91503.8 
    -11.9      53.2       6.6      83.5 
     -3.1      25.1       0.9      23.8 
     -2.6      20.6       0.4       7.3 
     -2.7      20.4       0.5       5.7 
83084 0.147667 -0.974605 -0.168341 
143701.9  12533.4     -0.5     43.3     45.9     28.9 
    -0.5     86.6     49.1     17.4  88906.3  91427.0 
    -16.6      54.7       9.4      85.2 
     -3.8      25.8       0.2      26.8 
     -2.5      20.5      -0.9      12.0 
     -2.5      20.0      -0.6      11.2 
83085 0.118600 -0.978453 -0.169006 
143195.0  12529.7     -0.5     43.3     49.1      2.5 
    -0.5     86.6     48.6     30.6  89205.3  92027.5 
    -14.6      55.6       5.8      95.7 
     -3.8      25.9      -0.9      25.9 
     -2.8      20.7      -1.5       6.9 
     -3.0      20.2      -1.6       5.2 
83086 0.089225 -0.981478 -0.169528 
143216.9  12468.2     -0.5     43.3     48.2     15.5 
    -0.5     86.6     48.0     43.7  88324.8  90913.0 
    -16.5      60.4      -0.2      98.1 
     -3.5      25.3      -1.2      31.0 
     -2.7      20.6      -2.3       8.1 
     -2.8      19.7      -2.4       5.6 
83087 0.059616 -0.983656 -0.169904 
142894.0  12453.6     -0.5     43.3     46.0     23.5 
    -0.5     86.6     46.0     51.7  88026.0  91024.5 
    -15.0      56.1       2.0     104.4 
     -4.1      25.6      -1.0      47.3 
     -2.5      20.7      -1.1      14.8 
     -3.2      19.8      -1.0       6.9 
83088 0.044746 -0.984421 -0.170036 
142691.2  12372.5     -0.5     43.3     49.2     19.2 
    -0.5     86.6     49.0     47.4  87200.6  90397.8 
    -14.0      54.3      -0.5     101.7 
     -3.8      25.4       0.4      38.6 
     -2.8      20.5      -0.1      12.6 
     -3.2      19.9       0.2       7.1 
83089 0.029848 -0.984969 -0.170131 
142775.1  12406.8     -0.5     43.3     50.1     13.2 
    -0.5     86.6     50.0     41.5  88479.0  90244.4 
    -13.0      47.2       3.1      97.1 
     -4.2      25.7      -0.8      31.9 
     -2.9      20.6      -0.9       9.9 
     -3.2      19.9      -0.9       6.6 
83090 0.014929 -0.985299 -0.170188 
142506.4  12337.5     -0.5     43.3     50.4      6.7 
    -0.5     86.6     50.2     35.1  87955.3  90196.9 
    -10.2      50.7      -0.8      93.8 
     -3.7      25.4      -1.4      26.9 
     -2.8      20.3      -1.6       7.8 
     -3.1      19.7      -1.8       6.5 
83091 -0.000000 -0.985408 -0.170207 
142207.3  12391.9     -0.5     43.3     54.2     54.0 
    -0.5     86.6     50.5     28.5  87269.3  89774.4 
    -13.9      53.3       1.9      84.3 
     -3.8      25.8      -2.3      23.8 
     -3.1      20.4      -2.3       7.6 
     -3.1      19.8      -2.2       6.5 
83092 -0.014929 -0.985299 -0.170188 
142353.7  12335.4     -0.5     43.3     45.9     28.9 
    -0.5     86.6     50.4     21.7  86527.4  89987.1 
    -13.4      53.0       1.1      89.6 
     -4.0      25.9      -3.8      26.0 
     -2.9      20.5      -4.0      11.6 
     -2.7      20.3      -3.9      10.8 
83093 -0.029848 -0.984969 -0.170131 
142198.0  12411.3     -0.5     43.3     45.9     28.9 
    -0.5     86.6     50.2     15.0  87253.3  90067.1 
    -13.0      50.6      -2.8      82.5 
     -3.2      25.4      -3.3      23.8 
     -2.8      20.6      -3.3      11.2 
     -2.9      20.2      -3.4      10.1 
83094 -0.044746 -0.984421 -0.170036 
142456.3  12325.8     -0.5     43.3     45.9     28.9 
    -0.5     86.6     50.1      8.3  88295.5  90629.4 
    -12.7      56.8      -0.4      86.6 
     -3.4      25.3      -2.5      22.0 
     -3.0      20.9      -2.6       8.5 
     -2.9      20.1      -2.5       7.4 
83095 -0.059616 -0.983656 -0.169904 
142226.2  12379.0     -0.5     43.3     45.9     28.9 
    -0.5     86.6     50.1      2.4  87972.7  89866.9 
    -13.2      52.0      -4.0      79.4 
     -3.5      25.5      -1.8      21.4 
     -2.4      20.9      -1.6       7.3 
     -3.2      20.2      -1.7       5.6 
83096 -0.089225 -0.981478 -0.169528 
142445.9  12392.5     -0.5     43.3     45.9     28.9 
    -0.5     86.6     45.9     57.7  87836.1  90171.4 
    -10.3      52.3      -3.8      81.6 
     -3.3      26.2      -2.3      23.3 
     -2.8      20.8      -1.8      11.4 
     -2.7      20.2      -1.9      10.5 
83097 -0.118600 -0.978453 -0.169006 
142645.6  12419.6     -0.5     43.3     45.9     28.9 
    -0.5     86.6     45.9     57.7  88059.0  90702.9 
    -13.6      53.9      -6.6      75.0 
     -3.3      26.3      -0.6      20.8 
     -3.0      20.4      -0.8       7.9 
     -2.9      20.3      -0.8       6.6 
83098 -0.147667 -0.974605 -0.168341 
143370.1  12564.3     -0.5     43.3     45.9     28.9 
    -0.5     86.6     45.9     57.7  86526.4  90091.3 
    -13.3      48.4      -5.8      71.7 
     -2.9      26.0      -1.5      21.3 
     -2.5      21.0      -0.7      11.6 
     -2.4      20.0      -1.0      10.6 
83099 -0.176357 -0.969963 -0.167539 
143838.4  12631.4     -0.5     43.3     45.9     28.9 
    -0.5     86.6     45.9     57.7  88705.2  90970.3 
    -14.6      57.3      -0.3      74.2 
     -3.7      26.8      -0.6      19.8 
     -2.4      20.7       0.0       8.7 
     -2.1      20.4      -0.0       7.5 
83100 -0.204604 -0.964562 -0.166606 
144263.8  12763.5     -0.5     43.3     45.9     28.9 
    -0.5     86.6     45.9     57.7  87735.8  90375.2 
    -14.3      52.6      -2.7      64.4 
     -3.4      25.7      -0.5      20.2 
     -2.5      21.1      -0.1      12.0 
     -2.7      20.3      -0.2      10.7 
83101 -0.232349 -0.958440 -0.165549 
145537.3  12750.8     -0.5     43.3     45.9     28.9 
    -0.5     86.6     45.9     57.7  88828.8  91553.0 
    -14.5      55.9      -2.7      64.1 
     -2.6      25.7       0.4      18.6 
     -2.4      21.2       0.4       9.4 
     -2.3      20.3       0.5       8.3 
83102 -0.259539 -0.951641 -0.164374 
145986.2  12830.7     -0.5     43.3     45.9     28.9 
    -0.5     86.6     45.9     57.7  88526.1  91556.6 
    -11.2      55.3      -1.3      57.8 
     -3.5      26.4      -0.2      20.0 
     -2.3      21.0       0.2      12.4 
     -2.5      20.4       0.2      11.3 
83103 -0.286124 -0.944211 -0.163091 
147060.8  12932.2     -0.5     43.3     45.9     28.9 
    -0.5     86.6     45.9     57.7  89602.1  92651.2 
    -12.1      51.6      -4.9      54.3 
     -3.0      26.0       0.2      17.6 
     -2.3      21.1       0.7      10.4 
     -2.0      20.6       0.8       9.3 
83104 -0.312066 -0.936198 -0.161707 
147777.0  12928.3     -0.5     43.3     45.9     28.9 
    -0.5     86.6     45.9     57.7  90970.3  93566.3 
    -10.2      50.1      -4.7      49.2 
     -2.7      25.6       0.4      18.5 
     -1.9      20.8       1.0      12.4 
     -2.2      20.5       0.5      11.7 
83105 -0.337328 -0.927651 -0.160231 
149214.8  13084.8     -0.5     43.3     45.9     28.9 
    -0.5     86.6     45.9     57.7  92435.9  95250.8 
    -13.9      56.3      -0.5      49.4 
     -3.1      25.3       0.6      17.2 
     -2.2      20.7       1.0      10.9 
     -2.1      20.1       1.0      10.1 
