Dot1_150x100_prd2012lk:dj0070a@-263V,3.8T@90d,263K,rhe=1.10,rhh=0.7,0.25/0.25 
1105 1 3.80 60 5 29 0 263.0000 263.0000 0.2500 1.2500 1000.0000 0.8400 89.6000 150.0000 100.0000 285.0000 900.0000 0.4200 44.799999 1.5000 1.0000 0.8500 
30901 -0.000000 -0.000000 -45.000000 
 26080.9  19961.0     -0.4     41.3     44.4      7.1 
    -0.3     84.5     44.9     34.6  11106.0  11867.8 
      0.4      75.0      -2.1      42.7 
     -0.3      10.6      -2.9      11.0 
     -0.4       1.8      -2.8       8.1 
     -0.4       1.4      -3.2       7.4 
30902 -0.000000 -5.870454 -44.615444 
 26155.4  20013.5     -0.2     34.6     44.3      7.1 
    -0.1     77.7     44.9     34.4  11358.2  11935.2 
     -5.6      61.8      -2.2      42.8 
     -1.0       8.1      -2.8      11.1 
     -0.8       3.2      -3.0       8.1 
     -0.9       2.7      -2.9       7.5 
30903 -0.000000 -11.452198 -43.518353 
 26778.2  20763.5     -0.3     26.3     44.5      7.2 
    -0.1     69.0     44.8     34.8  11707.3  12438.8 
     -5.0      50.8      -1.0      43.4 
     -0.8       9.1      -3.0      11.1 
     -1.2       6.1      -3.1       8.2 
     -1.0       5.3      -3.1       7.4 
30904 -0.000000 -16.522495 -41.856983 
 27672.8  20950.3     -0.4     18.0     44.6      7.0 
    -0.4     60.5     45.0     34.5  12065.3  12842.4 
     -7.6      47.1      -3.0      42.9 
     -1.2      13.1      -2.9      11.2 
     -1.2       8.9      -2.9       8.0 
     -1.1       7.9      -3.1       7.3 
30905 -0.000000 -20.958590 -39.821320 
 29099.9  20935.3     -0.5     10.4     44.7      6.8 
    -0.4     51.4     45.2     34.2  13036.9  13687.4 
     -7.0      48.8       0.3      46.1 
     -1.4      17.0      -2.8      11.0 
     -1.1      11.7      -2.8       7.8 
     -1.1      10.5      -3.1       7.3 
30906 -0.000000 -24.732742 -37.593769 
 30836.2  20234.0     -0.7      8.4     44.8      6.5 
    -0.2     42.2     45.1     34.0  13984.6  14630.6 
     -6.0      49.3       0.5      47.3 
     -1.7      19.3      -2.7      11.0 
     -1.1      14.3      -2.8       7.8 
     -1.2      13.7      -2.9       7.2 
30907 -0.000000 -27.883995 -35.319725 
 32698.4  18674.8      0.4     43.3     45.0      6.1 
     0.0     33.0     45.3     33.6  15271.0  16146.5 
     -8.3      52.0      -0.7      46.9 
     -1.8      21.9      -2.9      10.8 
     -1.4      16.8      -2.8       7.7 
     -1.6      16.2      -2.8       7.0 
30908 -0.000000 -30.486408 -33.099529 
 34739.8  17172.1      0.4     43.3     45.1      5.7 
    -0.3     23.7     45.8     33.4  16831.5  17304.2 
     -7.1      49.0      -0.7      45.5 
     -1.4      21.7      -2.8      10.7 
     -1.3      16.5      -2.6       7.7 
     -1.7      15.8      -2.8       6.9 
30909 -0.000000 -32.624973 -30.993725 
 37220.0  16173.0      0.4     43.3     45.2      5.5 
    -0.3     14.9     45.6     33.2  17839.1  18760.5 
     -9.7      51.0      -2.0      51.3 
     -1.8      21.0      -2.5      10.8 
     -1.5      15.7      -2.7       7.5 
     -1.6      14.6      -2.7       6.8 
30910 -0.000000 -34.381348 -29.033136 
 39677.8  15281.5      0.4     43.3     45.5      5.2 
    -0.4      9.3     45.9     32.9  19453.3  20411.5 
     -9.2      50.8      -1.8      51.2 
     -1.9      22.0      -2.8      10.8 
     -1.9      16.7      -2.5       7.1 
     -1.7      16.0      -2.7       6.6 
30911 -0.000000 -35.827297 -27.228748 
 42150.9  14839.5      0.4     43.3     45.5      4.9 
    -4.2     12.1     46.0     32.6  21205.6  22135.5 
     -8.5      49.5      -2.8      46.8 
     -2.0      23.8      -2.7      10.9 
     -2.0      18.8      -2.7       7.3 
     -1.5      18.7      -2.6       6.5 
30912 -0.000000 -37.022865 -25.579433 
 44939.5  14347.4      0.4     43.3     45.8      4.6 
     0.4     86.6     45.9     32.5  22666.5  23723.2 
    -10.7      54.5       0.0      52.3 
     -2.2      23.6      -2.7      10.9 
     -1.4      18.4      -2.5       7.1 
     -1.8      17.7      -2.6       6.3 
30913 -0.000000 -38.016857 -24.077343 
 47783.4  14117.4      0.4     43.3     45.9      4.4 
     0.4     86.6     46.1     32.5  24416.5  25455.3 
    -10.0      51.4      -1.0      54.9 
     -1.7      22.6      -2.5      10.9 
     -1.7      17.0      -2.5       7.1 
     -1.4      16.3      -2.6       6.2 
30914 -0.000000 -38.848354 -22.711344 
 50798.0  13875.3      0.4     43.3     46.0      4.1 
     0.4     86.6     46.2     32.0  26190.4  27223.2 
    -10.6      51.7       1.2      55.4 
     -1.6      23.4      -2.4      11.4 
     -1.7      18.2      -2.3       7.0 
     -1.5      17.2      -2.4       6.1 
30915 -0.000000 -39.548401 -21.469133 
 53493.9  13619.5      0.4     43.3     46.0      4.0 
     0.4     86.6     46.5     32.0  28452.1  29657.1 
    -11.9      53.4      -2.1      57.0 
     -1.6      23.8      -2.5      11.0 
     -1.5      19.7      -2.3       6.8 
     -1.6      19.5      -2.3       6.1 
30916 -0.000000 -40.141609 -20.338415 
 56473.2  13449.5      0.4     43.3     46.1      3.8 
     0.4     86.6     46.8     32.0  29933.3  31250.3 
    -10.3      52.2      -0.8      56.9 
     -1.8      23.8      -2.2      11.8 
     -1.5      19.4      -2.3       6.8 
     -1.6      18.8      -2.4       5.9 
30917 -0.000000 -40.647488 -19.307556 
 59782.7  13361.7      0.4     43.3     46.2      3.6 
     0.4     86.6     46.4     31.7  31955.4  33444.8 
    -11.3      51.6      -1.3      62.5 
     -1.6      23.6      -2.5      12.0 
     -1.4      17.9      -2.4       6.7 
     -1.8      16.9      -2.3       5.8 
30918 -0.000000 -41.081562 -18.365873 
 62651.6  13261.3      0.4     43.3     46.2      3.5 
     0.4     86.6     46.6     31.5  34160.5  35181.0 
    -10.1      48.7       0.7      59.8 
     -1.7      23.5      -2.3      12.3 
     -1.8      19.1      -2.3       6.7 
     -1.5      17.4      -2.3       5.8 
30919 -0.000000 -41.456230 -17.503742 
 65823.0  13165.0      0.4     43.3     46.4      3.5 
     0.4     86.6     46.6     31.4  35871.3  37206.2 
    -12.5      52.8       2.9      63.9 
     -2.3      24.8      -2.5      12.9 
     -1.3      20.8      -2.3       6.6 
     -1.7      20.2      -2.3       5.7 
30920 -0.000000 -41.781452 -16.712580 
 69040.2  13088.9      0.4     43.3     46.6      3.3 
     0.4     86.6     46.7     31.2  37599.8  39132.1 
    -13.7      52.5      -2.1      62.4 
     -2.0      24.2      -2.3      12.9 
     -1.7      20.0      -2.3       6.6 
     -1.6      19.3      -2.4       5.6 
30921 -0.000000 -42.065262 -15.984799 
 72013.4  13078.3      0.4     43.3     46.5      3.2 
     0.4     86.6     46.8     31.2  39813.4  41720.0 
    -11.7      53.2      -0.5      63.3 
     -2.0      23.3      -2.2      13.1 
     -1.6      18.6      -2.1       6.5 
     -1.4      17.3      -2.3       5.6 
30922 -0.000000 -42.314190 -15.313706 
 75211.5  12950.3      0.4     43.3     46.5      2.9 
     0.4     86.6     46.9     31.1  42432.0  43596.8 
    -11.2      50.8      -0.8      62.4 
     -1.8      23.7      -2.2      13.7 
     -1.4      19.2      -2.1       6.4 
     -1.6      17.8      -2.2       5.5 
30923 -0.000000 -42.533558 -14.693412 
 78283.5  13014.9      0.4     43.3     46.7      2.9 
     0.4     86.6     47.0     31.0  44381.4  45948.4 
    -12.3      53.5      -1.4      67.2 
     -2.2      25.4      -2.3      13.8 
     -1.4      20.8      -2.2       6.4 
     -2.1      20.5      -2.2       5.5 
30924 -0.000000 -42.727760 -14.118738 
 81796.3  12953.0      0.4     43.3     46.7      2.9 
     0.4     86.6     47.0     31.0  45912.7  48039.8 
    -13.9      53.3       1.2      68.6 
     -2.2      24.6      -2.2      14.6 
     -1.7      20.3      -2.2       6.5 
     -2.0      19.6      -2.2       5.4 
30925 -0.000000 -42.900398 -13.585126 
 84845.3  12872.2      0.4     43.3     46.8      2.7 
     0.4     86.6     47.1     30.8  47907.0  49859.7 
    -12.8      53.8      -0.9      70.9 
     -2.0      24.1      -2.1      14.4 
     -1.8      18.7      -2.2       6.5 
     -1.9      18.0      -2.2       5.4 
30926 -0.000000 -43.054493 -13.088566 
 88213.0  12895.6      0.4     43.3     46.8      2.6 
     0.4     86.6     47.1     30.7  50632.2  52289.4 
    -13.0      51.0      -0.6      71.8 
     -2.2      24.2      -2.0      14.9 
     -2.1      19.4      -2.1       6.4 
     -1.5      18.0      -2.2       5.4 
30927 -0.000000 -43.192551 -12.625515 
 91225.4  12915.6      0.4     43.3     47.1     13.5 
     0.4     86.6     47.1     30.6  52859.5  54668.3 
    -12.7      57.5      -2.8      69.2 
     -2.2      25.4      -2.1      14.8 
     -1.4      21.2      -2.1       6.3 
     -2.1      20.9      -2.2       5.3 
30928 -0.000000 -43.316673 -12.192842 
 94460.7  12830.5      0.4     43.3     46.9      2.5 
     0.4     86.6     47.2     30.7  54579.5  56564.5 
     -9.9      51.2       0.7      72.0 
     -2.0      24.6      -2.0      16.4 
     -2.0      20.6      -2.1       6.3 
     -1.7      19.8      -2.1       5.3 
30929 -0.000000 -43.428661 -11.787779 
 97811.8  12907.9      0.4     43.3     47.0      2.3 
     0.4     86.6     47.0     30.5  57089.9  58764.9 
    -11.8      50.3       1.0      74.6 
     -2.5      24.3      -2.1      16.2 
     -2.0      18.9      -2.1       6.5 
     -1.8      17.5      -2.1       5.3 
30930 -0.000000 -43.529995 -11.407862 
101161.3  12863.0      0.4     43.3     47.0      2.4 
     0.4     86.6     47.1     30.4  59396.0  60869.6 
     -9.5      50.0      -2.5      76.6 
     -2.4      23.4      -2.3      16.6 
     -1.9      19.5      -2.1       6.3 
     -2.1      18.4      -2.1       5.3 
30931 -0.000000 -43.621986 -11.050903 
104417.2  12796.1      0.4     43.3     47.0      2.3 
     0.4     86.6     47.3     30.4  60517.1  63111.1 
    -13.0      52.0      -4.3      77.1 
     -1.8      25.7      -2.0      17.7 
     -1.6      21.8      -2.0       6.5 
     -1.2      21.3      -2.0       5.2 
30932 -0.000000 -43.705715 -10.714950 
107709.3  12791.6      0.4     43.3     47.1      2.3 
     0.4     86.6     47.4     30.3  62619.5  65053.6 
    -14.0      53.5      -0.4      78.6 
     -3.0      24.7      -2.2      17.5 
     -1.7      20.7      -1.9       6.4 
     -1.7      20.2      -2.1       5.3 
30933 -0.000000 -43.782146 -10.398259 
110780.3  12814.7      0.4     43.3     47.0      2.2 
     0.4     86.6     47.4     30.2  65506.5  67716.2 
    -13.5      50.3       0.8      80.3 
     -2.4      24.2      -2.1      17.7 
     -1.8      19.1      -2.0       6.4 
     -1.7      18.1      -2.0       5.2 
30934 -0.000000 -43.852077 -10.099266 
114271.9  12797.3      0.4     43.3     47.2      2.2 
     0.4     86.6     47.1     30.3  68101.2  70316.9 
    -12.2      50.3      -5.8      84.8 
     -2.2      23.9      -2.3      19.3 
     -1.4      19.4      -2.0       6.4 
     -1.5      18.5      -2.0       5.2 
30935 -0.000000 -43.916229 -9.816568 
117516.7  12846.1      0.4     43.3     47.2      2.1 
     0.4     86.6     47.2     30.1  69504.5  72195.4 
    -12.3      50.4       1.2      83.5 
     -2.7      25.4      -2.1      19.5 
     -1.7      21.6      -2.1       6.4 
     -1.7      21.2      -2.0       5.3 
30936 -0.000000 -43.975204 -9.548901 
120576.7  12848.7      0.4     43.3     47.2      2.1 
     0.4     86.6     47.5     30.3  72588.4  74517.9 
    -11.3      52.9      -3.6      82.8 
     -2.8      24.6      -2.2      20.0 
     -1.5      21.0      -1.8       6.5 
     -2.3      20.2      -2.0       5.2 
30937 -0.000000 -44.029541 -9.295126 
123851.9  12790.3      0.4     43.3     47.3      1.9 
     0.4     86.6     47.5     30.1  73570.7  76986.4 
    -11.3      51.6      -1.0      84.4 
     -2.1      23.6      -2.0      19.9 
     -1.7      19.0      -1.9       6.3 
     -1.7      18.3      -2.0       5.2 
30938 -0.000000 -44.079716 -9.054212 
127454.8  12813.1      0.4     43.3     47.2      2.0 
     0.4     86.6     47.1     30.1  76615.6  78579.6 
    -12.7      55.1       0.7      83.4 
     -2.3      24.0      -1.7      21.0 
     -1.7      19.6      -2.0       6.4 
     -2.0      18.7      -2.1       5.2 
30939 -0.000000 -44.126129 -8.825226 
130804.6  12821.9      0.4     43.3     47.2      1.9 
     0.4     86.6     47.5     30.1  79607.1  81250.9 
    -10.3      49.1       1.0      86.5 
     -2.5      26.1      -1.8      20.9 
     -1.4      21.4      -2.0       6.5 
     -1.8      21.2      -2.0       5.1 
30940 -0.000000 -44.169155 -8.607322 
134144.4  12854.0      0.4     43.3     47.3      1.9 
     0.4     86.6     47.6     30.0  82023.5  83937.6 
    -13.6      49.7      -1.3      86.2 
     -2.4      25.4      -2.3      22.0 
     -1.6      20.8      -1.9       6.6 
     -1.6      20.1      -1.9       5.1 
30941 -0.000000 -44.209099 -8.399729 
137056.9  12813.4      0.4     43.3     47.3      1.8 
     0.4     86.6     47.6     29.9  83033.2  85018.0 
    -14.0      51.3      -4.0      87.1 
     -2.5      23.9      -1.6      21.7 
     -1.6      19.2      -1.9       6.4 
     -2.0      18.2      -2.0       5.1 
30942 -0.000000 -44.246258 -8.201745 
140307.7  12905.3      0.4     43.3     47.3      1.7 
     0.4     86.6     47.5     29.9  85911.4  88964.0 
    -11.1      50.2       0.5      86.3 
     -2.5      24.1      -2.0      22.0 
     -1.7      19.5      -2.0       6.6 
     -1.5      18.3      -2.0       5.3 
30943 -0.000000 -44.280880 -8.012731 
143912.5  12804.7      0.4     43.3     47.3      1.7 
     0.4     86.6     47.5     29.8  88157.5  90561.1 
    -12.6      49.5      -5.2      87.0 
     -2.7      26.2      -1.7      23.2 
     -1.4      21.4      -1.9       6.7 
     -2.4      21.2      -2.0       5.1 
30944 -0.000000 -44.313187 -7.832098 
147094.4  12846.9      0.4     43.3     47.5      1.6 
     0.4     86.6     47.8     29.8  90286.1  93028.5 
    -10.8      54.1       4.7      88.1 
     -2.7      25.4      -1.9      23.6 
     -1.6      20.7      -1.9       6.3 
     -2.0      20.3      -2.0       5.1 
30945 -0.000000 -44.343372 -7.659310 
150755.2  12894.2      0.4     43.3     47.4      1.7 
     0.4     86.6     47.6     29.9  92222.8  95199.6 
    -13.6      53.4      -2.1      90.6 
     -2.6      24.3      -1.8      24.3 
     -2.2      19.2      -1.9       6.6 
     -1.4      18.1      -1.8       5.1 
30946 -0.000000 -44.371635 -7.493876 
153858.6  12818.8      0.4     43.3     47.5      1.7 
     0.4     86.6     47.5     29.9  94487.6  97323.5 
    -12.3      51.3      -4.3      90.5 
     -2.2      23.9      -2.0      23.5 
     -1.7      19.8      -1.9       6.9 
     -1.8      18.6      -1.8       5.1 
30947 -0.000000 -44.398117 -7.335341 
157237.8  12857.0      0.4     43.3     47.5      1.6 
     0.4     86.6     47.7     29.7  96148.5  99797.9 
    -13.6      53.1       7.2      88.1 
     -2.7      26.3      -1.9      24.6 
     -2.2      21.8      -1.9       6.6 
     -1.6      21.3      -2.1       5.2 
30948 -0.000000 -44.446323 -7.037334 
163642.7  12843.6      0.4     43.3     48.0     16.9 
     0.4     86.6     47.5     29.8 100323.5 104826.2 
    -11.1      54.5       1.5      95.7 
     -2.6      24.0      -2.0      25.7 
     -1.8      19.2      -1.8       7.2 
     -1.8      18.4      -1.9       5.1 
30949 -0.000000 -44.488998 -6.762328 
170706.2  12906.3      0.4     43.3     47.6      1.5 
     0.4     86.6     47.9     29.6 107327.0 110555.9 
    -13.0      51.3       0.4      97.1 
     -2.5      26.9      -2.1      26.3 
     -1.8      21.9      -1.9       7.1 
     -1.9      21.3      -1.9       5.3 
30950 -0.000000 -44.526943 -6.507784 
177289.8  12819.3      0.4     43.3     47.6      1.4 
     0.4     86.6     47.7     29.6 110523.0 113821.0 
    -12.2      52.2       0.3      96.8 
     -2.9      25.5      -2.3      28.1 
     -1.9      19.6      -1.8       8.2 
     -1.8      18.4      -1.8       5.1 
30951 -0.000000 -44.560837 -6.271525 
183557.0  13055.3      0.4     43.3     47.7      1.4 
     0.4     86.6     47.8     29.5 115612.5 118881.5 
     -9.8      49.7      -1.5      98.9 
     -2.6      26.0      -1.9      27.0 
     -2.2      21.8      -1.8       8.0 
     -2.2      21.3      -1.9       5.4 
30952 -0.000000 -44.591225 -6.051666 
190751.3  12900.2      0.4     43.3     48.5     19.9 
     0.4     86.6     47.6     29.5 120858.4 123830.4 
    -10.8      46.8      -0.6      90.6 
     -3.0      24.5      -1.5      29.1 
     -1.8      19.2      -1.9       7.6 
     -1.6      18.5      -1.8       5.4 
30953 -0.000000 -44.618580 -5.846572 
197296.3  12888.9      0.4     43.3     47.7      1.3 
     0.4     86.6     47.8     29.5 124664.2 128421.7 
    -10.7      48.4       9.0      97.1 
     -2.8      26.1      -2.0      28.0 
     -1.6      22.1      -1.8       8.2 
     -1.7      21.6      -1.8       5.3 
30954 -0.000000 -44.643284 -5.654816 
203963.0  12866.4      0.4     43.3     47.7      1.4 
     0.4     86.6     47.8     29.3 129099.6 132547.0 
    -13.2      43.6       1.8      97.7 
     -2.6      24.1      -1.9      29.6 
     -1.7      19.4      -2.0       8.2 
     -2.0      18.2      -1.9       5.4 
30955 -0.000000 -44.665680 -5.475147 
211074.3  12973.7      0.4     43.3     47.8      1.2 
     0.4     86.6     48.1     29.4 134464.2 137999.4 
     -8.5      41.7      -2.3      96.3 
     -2.4      25.2      -2.2      30.6 
     -1.7      21.7      -1.8       8.4 
     -2.2      21.1      -1.8       5.2 
30956 -0.000000 -44.686035 -5.306466 
217379.8  12913.4      0.4     43.3     47.9      1.2 
     0.4     86.6     47.9     29.3 138788.0 143392.1 
     -6.9      37.6      -8.6      98.1 
     -2.8      23.7      -1.9      31.5 
     -2.1      19.3      -2.1       8.2 
     -1.8      18.7      -1.8       5.5 
30957 -0.000000 -44.704586 -5.147801 
224470.7  13025.2      0.4     43.3     47.8      1.2 
     0.4     86.6     47.9     29.2 143566.1 148831.5 
     -6.1      35.3      -3.7      95.2 
     -2.8      25.1      -2.0      32.8 
     -2.1      21.9      -1.8       9.5 
     -2.1      21.6      -1.7       5.5 
30958 -0.000000 -44.721550 -4.998291 
231059.2  12998.3      0.4     43.3     47.1     21.9 
     0.4     86.6     47.9     29.4 147425.3 152035.5 
     -8.0      31.7      -1.6     106.4 
     -2.5      22.7      -1.5      31.9 
     -1.9      19.4      -1.8       8.2 
     -1.9      19.0      -1.7       5.5 
30959 -0.000000 -44.737095 -4.857171 
237309.3  12997.0      0.4     43.3     47.9      1.1 
     0.4     86.6     48.2     29.3 150873.1 155555.0 
     -3.9      32.5      -4.1     101.2 
     -2.3      24.1      -1.7      33.5 
     -1.6      21.7      -1.7       8.8 
     -1.7      21.0      -1.8       5.4 
30960 -0.000000 -44.751385 -4.723757 
244451.9  12960.4      0.4     43.3     47.9      1.1 
     0.4     86.6     48.0     29.4 158562.1 161558.4 
     -5.6      31.3      -2.7     100.4 
     -2.2      21.8      -2.1      32.3 
     -1.8      19.2      -1.8       9.4 
     -2.1      18.5      -1.8       5.3 
30961 40.647488 -0.000000 -19.307556 
 59106.4  10779.7     -0.3     40.8     44.8     28.9 
    -0.2     83.7     44.8     57.7  31571.4  32834.0 
     -1.3      79.9      10.9      46.9 
      1.2      30.0       1.4      17.3 
     -0.9       7.0       1.1      13.7 
     -0.3       4.3       1.2      13.4 
30962 39.954453 -0.000000 -20.703671 
 55151.8  11166.2     -0.1     41.1     44.8     28.9 
    -0.1     83.9     44.8     57.7  29647.4  30730.3 
     -1.7      80.7      11.8      48.1 
      0.6      27.8       1.1      17.8 
     -0.2       5.8       1.2      14.8 
     -0.3       2.9       0.9      14.8 
30963 39.094978 -0.000000 -22.284138 
 51538.7  11656.9      0.1     40.9     44.8     28.9 
     0.2     83.8     44.8     57.7  27398.2  28409.1 
      1.0      84.0      10.3      47.6 
     -1.6      25.2       0.6      16.2 
      0.2       5.3       0.7      12.9 
     -0.4       3.2       0.6      12.3 
30964 38.016857 -0.000000 -24.077343 
 47703.4  12283.0     -0.1     41.0     44.8     28.9 
    -0.1     83.9     44.8     57.7  24787.4  25770.2 
      0.9      79.3      12.3      48.5 
     -1.5      24.3       0.4      16.8 
     -0.0       4.4       0.2      14.0 
     -0.4       2.4       0.4      13.9 
30965 36.648933 -0.000000 -26.112364 
 44180.0  13272.1      0.2     40.7     44.8     28.9 
     0.2     83.8     44.8     57.7  22353.8  23341.5 
     -5.0      79.3      10.4      50.7 
     -0.6      23.4       0.2      15.6 
     -0.2       4.7       0.1      11.9 
     -0.5       2.6       0.0      11.2 
30966 34.894611 -0.000000 -28.414185 
 40629.6  14605.6      0.3     41.1     44.8     28.9 
     0.2     84.0     47.1      6.5  19779.0  20891.0 
     -6.1      78.5       8.9      49.4 
      1.8      22.0      -0.1      16.2 
     -0.4       3.3      -0.3      12.5 
     -0.5       2.4      -0.4      12.5 
30967 32.624973 -0.000000 -30.993725 
 37716.6  16668.5      0.3     41.0     44.8     28.9 
     0.3     84.0     45.6      9.7  18605.4  19346.9 
     -0.6      78.1       7.9      49.6 
      1.2      18.8      -0.8      14.1 
     -0.3       2.4      -0.8      10.2 
     -0.5       1.7      -0.8       9.5 
30968 29.674702 -0.000000 -33.829159 
 34623.3  19965.0     -0.4     41.3     44.8     28.9 
    -0.4     84.2     45.7     21.3  16371.9  17127.9 
     -0.9      76.4       8.3      50.7 
      0.7      15.9      -1.3      14.2 
     -0.4       3.8      -1.4      10.8 
     -0.4       1.6      -1.7      10.3 
30969 25.849159 -0.000000 -36.835049 
 32027.3  24503.2     -0.1     41.2     45.4      6.2 
    -0.1     84.2     45.7     33.6  14792.1  15454.1 
     -0.2      75.7       6.0      49.2 
     -1.6      14.9      -1.9      11.2 
     -0.5       2.7      -1.9       7.7 
     -0.4       1.6      -2.0       6.8 
30970 20.958590 -0.000000 -39.821320 
 29962.6  24596.9     -0.1     41.0     45.2     17.1 
    -0.1     84.1     45.3     45.6  13402.4  14099.8 
     -0.4      75.6       8.2      56.8 
      0.7      15.9      -2.4       8.5 
     -0.2       5.8      -2.5       5.6 
     -0.4       1.6      -2.6       4.8 
30971 14.898947 -0.000000 -42.462002 
 28313.0  23089.5      0.2     41.2     43.1     26.0 
     0.3     84.2     43.1     54.7  12221.0  12931.2 
      3.2      76.2       9.2      63.8 
     -1.9      15.5      -1.8      11.1 
     -0.3       2.6      -1.8       1.7 
     -0.4       1.6      -2.0       0.9 
30972 11.452198 -0.000000 -43.518353 
 27570.0  22538.9      0.2     41.1     45.1     22.7 
     0.2     84.2     45.3     51.4  12139.5  12555.1 
      1.4      73.3       9.6      62.1 
     -0.4      15.5      -1.1       8.5 
     -0.3       3.3      -1.3       3.7 
     -0.3       1.5      -1.7       3.5 
30973 7.775977 -0.000000 -44.323067 
 26809.2  21967.6      0.0     41.3     45.0     17.4 
     0.0     84.4     45.1     45.9  11674.3  12286.7 
     -2.2      70.7       1.9      54.2 
     -0.5      13.0      -2.0       6.9 
     -0.5       2.3      -2.2       4.8 
     -0.4       1.5      -2.7       4.5 
30974 3.932269 -0.000000 -44.827866 
 26282.0  21239.6      0.3     41.7     44.8     13.0 
     0.3     84.5     45.0     40.3  11160.0  11920.4 
      0.3      72.1       1.1      44.7 
     -0.3      10.3      -2.6       8.3 
     -0.7       3.7      -2.6       6.5 
     -0.4       1.4      -2.9       5.9 
30975 -0.000000 -0.000000 -45.000000 
 25990.9  19889.6     -0.2     41.3     44.3      7.2 
    -0.2     84.4     44.8     34.7  11417.7  11932.9 
      4.5      66.3      -1.2      41.0 
     -0.4      11.4      -2.7      10.6 
     -0.6       2.8      -2.7       8.2 
     -0.4       1.4      -3.1       7.4 
30976 -3.932269 -0.000000 -44.827866 
 25957.0  17636.9      0.2     41.3     43.0      4.7 
     0.2     84.4     45.1     29.2  11155.4  11722.5 
     -0.8      66.7      -2.5      41.0 
     -0.2      14.1      -2.7      13.2 
     -0.4       2.1      -2.7      10.4 
     -0.4       1.4      -3.1      10.1 
30977 -7.775977 -0.000000 -44.323067 
 26058.3  14870.0      0.0     41.5     37.6      5.9 
     0.1     84.5     44.9     23.5  11576.0  12095.2 
      0.6      70.3      -3.7      39.8 
      0.2      10.5      -2.8      15.1 
     -0.4       1.8      -2.9      12.0 
     -0.4       1.3      -3.0      12.2 
30978 -11.452198 -0.000000 -43.518353 
 26413.8  13560.9     -0.1     41.5     44.8     28.9 
    -0.1     84.5     44.8     17.9  11900.6  12319.2 
      0.0      69.2      -3.7      41.1 
     -0.0      12.6      -3.3      15.4 
     -0.4       1.7      -2.7      11.8 
     -0.3       1.3      -3.3      12.0 
30979 -14.898947 -0.000000 -42.462002 
 26845.6  12036.6     -0.2     41.4     44.8     28.9 
    -0.2     84.5     44.6     12.7  11734.5  12587.6 
      3.7      65.8      -4.3      42.0 
     -0.2      12.2      -3.1      15.2 
      0.1       5.2      -2.7      11.5 
     -0.4       1.3      -3.0      11.4 
30980 -20.958590 -0.000000 -39.821320 
 28655.4  10633.1     -0.3     41.5     44.8     28.9 
    -0.3     84.6     42.5      8.0  12803.6  13604.2 
      2.1      74.4      -5.4      43.5 
      0.1      10.3      -2.1      17.6 
     -0.4       1.7      -2.2      14.6 
     -0.5       1.3      -2.6      15.3 
30981 -25.849159 -0.000000 -36.835049 
 30812.7   9637.5     -0.3     41.5     44.8     28.9 
    -0.4     84.5     44.8     57.7  14738.5  15219.7 
      1.7      74.3      -4.1      41.8 
     -1.8      13.5      -1.9      17.6 
     -0.7       2.8      -2.0      14.3 
     -0.5       1.4      -2.5      14.6 
30982 -29.674702 -0.000000 -33.829159 
 33522.2   9002.3      0.0     41.7     44.8     28.9 
     0.0     84.6     44.8     57.7  16237.4  16789.2 
     -4.2      72.4      -6.6      41.2 
     -0.2      16.1      -1.9      18.8 
     -0.2       1.7      -1.4      16.1 
     -0.4       1.3      -2.0      16.2 
30983 -32.624973 -0.000000 -30.993725 
 36588.1   8601.0     -0.2     41.5     44.8     28.9 
    -0.3     84.5     44.8     57.7  18638.8  19287.8 
     -0.3      74.2      -5.6      42.8 
     -0.7      20.1      -1.3      18.5 
     -0.3       2.8      -0.9      15.6 
     -0.4       1.1      -1.7      16.3 
30984 -34.894611 -0.000000 -28.414185 
 39976.8   8366.6     -0.1     41.5     44.8     28.9 
    -0.0     84.4     44.8     57.7  19876.8  20783.9 
      1.2      74.5      -7.0      41.1 
     -0.6      23.7      -1.1      19.5 
     -0.5       4.0      -0.5      16.9 
     -0.6       3.1      -1.3      16.6 
30985 -36.648933 -0.000000 -26.112364 
 43430.2   8220.5     -0.2     41.6     44.8     28.9 
    -0.2     84.4     44.8     57.7  22280.3  23272.7 
      3.1      77.1      -5.3      41.3 
     -0.9      22.7      -1.1      19.4 
     -0.5       5.1      -0.8      16.4 
     -0.4       2.2      -1.2      17.4 
30986 -38.016857 -0.000000 -24.077343 
 47220.1   8145.7      0.3     41.3     44.8     28.9 
     0.2     84.2     44.8     57.7  23863.5  25143.1 
      1.3      77.2      -5.1      39.0 
     -1.1      28.6      -0.6      19.4 
     -0.6       8.9      -0.4      17.4 
     -0.5       1.6      -1.2      17.1 
30987 -39.094978 -0.000000 -22.284138 
 50909.4   8080.5      0.3     41.0     44.8     28.9 
     0.3     84.0     44.8     57.7  27081.5  28314.0 
      0.1      77.7      -6.2      37.9 
     -0.7      28.2      -0.6      19.7 
     -0.3       7.3      -0.5      16.8 
     -0.5       1.7      -1.4      18.0 
30988 -39.954453 -0.000000 -20.703671 
 54997.3   8159.4      0.3     41.1     44.8     28.9 
     0.3     84.1     44.8     57.7  28941.6  30213.1 
     -1.6      81.1      -6.2      37.4 
     -0.1      30.6      -0.7      19.8 
      0.0       6.5      -0.7      17.4 
     -0.2       1.9      -0.6      17.5 
30989 -40.647488 -0.000000 -19.307556 
 58853.3   8057.0      0.4     41.1     44.8     28.9 
     0.4     83.9     44.8     57.7  32149.5  33423.1 
      0.2      85.8      -6.0      35.7 
      0.1      32.9      -0.3      19.9 
     -0.3       9.2      -0.2      17.2 
     -0.6       4.3      -0.7      18.3 
30990 37.802700 -16.538681 -17.956282 
 63485.0  11699.2      0.4     43.3     44.8     28.9 
    -0.1     17.9     44.8     57.7  34336.7  35541.9 
     -6.6      59.3      11.8      47.6 
     -1.2      20.6       1.3      17.5 
     -1.0      15.1       1.0      13.6 
     -1.1      13.3       0.8      13.0 
30991 36.787724 -17.557777 -19.062731 
 59800.7  12262.5      0.4     43.3     44.8     28.9 
     0.1     18.6     44.8     57.7  32096.7  33285.9 
     -7.3      58.8       9.2      50.4 
     -1.5      20.7       1.1      17.9 
     -1.1      15.0       0.6      14.5 
     -1.1      13.6       0.6      14.4 
30992 35.569786 -18.674139 -20.274778 
 56433.6  12984.7      0.4     43.3     44.8     28.9 
     0.0     19.0     44.8     57.7  29817.0  31045.2 
     -8.2      54.8       9.9      49.5 
     -1.5      21.0       1.1      16.7 
     -1.3      15.3       0.5      12.7 
     -1.0      13.7       0.3      12.1 
30993 34.100807 -19.892136 -21.597176 
 53096.6  13891.3      0.4     43.3     44.8     28.9 
     0.1     19.6     44.8     57.7  27686.8  28647.0 
     -6.5      55.2      11.1      51.0 
     -1.0      20.9       0.2      17.1 
     -1.1      15.4       0.1      13.5 
     -1.0      14.2       0.1      13.4 
30994 32.322113 -21.211386 -23.029505 
 49795.1  15078.3      0.4     43.3     44.8     28.9 
     0.0     20.2     44.8     57.7  25514.3  26639.0 
     -9.1      55.1      10.5      52.5 
     -1.1      21.2       0.1      15.6 
     -1.3      15.6       0.2      11.4 
     -1.2      14.1      -0.3      10.8 
30995 30.164263 -22.623199 -24.562328 
 46815.3  16805.8      0.4     43.3     44.8     28.9 
    -0.2     20.6     44.8     57.7  23587.2  24597.6 
     -7.3      53.9       8.7      51.5 
     -1.1      21.3      -0.3      15.4 
     -1.1      15.6      -0.5      12.2 
     -1.2      14.2      -0.7      11.7 
30996 27.549229 -24.105576 -26.171766 
 44060.2  18236.9      0.4     43.3     44.8     28.9 
    -0.0     21.3     45.7      8.8  22105.1  22982.2 
     -7.4      53.9       7.4      52.2 
     -1.3      21.1      -0.7      13.7 
     -1.1      15.8      -0.9       9.7 
     -1.1      14.6      -1.3       8.8 
30997 24.397142 -25.617001 -27.812742 
 41636.9  19770.6      0.4     43.3     44.8     28.9 
    -0.3     21.7     46.1     20.5  20616.3  21437.7 
     -6.0      51.3       6.7      50.9 
     -2.0      21.2      -1.2      14.8 
     -1.3      15.9      -1.7      11.0 
     -1.3      14.7      -1.7      10.0 
30998 20.640287 -27.090378 -29.412409 
 39476.2  19316.4      0.4     43.3     45.4      5.4 
    -0.1     22.2     45.6     32.6  18947.9  19799.3 
     -8.7      54.8       7.3      53.6 
     -1.5      21.5      -1.8      11.3 
     -1.2      16.0      -1.9       7.2 
     -1.1      15.0      -2.1       6.3 
30999 16.245913 -28.430346 -30.867231 
 37756.0  18506.5      0.4     43.3     45.3     16.4 
    -0.3     22.6     45.4     45.0  18096.4  19270.3 
     -8.5      52.4       8.8      61.1 
     -1.8      21.4      -2.2       8.8 
     -1.5      16.2      -2.5       5.4 
     -1.3      15.0      -2.6       4.9 
31000 11.245388 -29.519146 -32.049355 
 36390.7  17834.7      0.4     43.3     42.8     26.0 
    -0.3     22.8     42.7     54.7  17367.8  18100.3 
     -7.3      50.3       5.6      67.1 
     -1.7      21.6      -2.6      14.2 
     -1.4      16.0      -1.9       1.7 
     -1.4      15.2      -1.9       0.8 
31001 8.551672 -29.930853 -32.496353 
 35924.1  17610.7      0.4     43.3     45.6     22.4 
    -0.0     23.1     45.6     51.0  17145.7  17881.3 
     -8.4      49.9       4.2      63.5 
     -1.4      21.7      -1.3      11.0 
     -1.7      16.2      -1.0       4.1 
     -1.7      15.4      -1.4       3.6 
31002 5.759181 -30.235706 -32.827335 
 35257.9  17233.2      0.4     43.3     45.3     16.8 
    -0.3     23.5     45.4     45.3  16663.0  17487.8 
     -7.3      50.4       1.9      58.6 
     -2.0      21.6      -1.9       7.7 
     -1.3      16.0      -2.0       4.9 
     -1.9      15.6      -2.4       4.4 
31003 2.897443 -30.423149 -33.030846 
 34972.7  17201.8      0.4     43.3     45.5     11.0 
    -0.7     23.4     45.7     39.4  16627.5  17449.4 
     -7.6      50.3      -1.2      50.1 
     -1.3      21.9      -2.2       8.7 
     -1.8      16.3      -2.5       6.1 
     -1.7      15.5      -2.5       5.5 
31004 -0.000000 -30.486408 -33.099529 
 34920.7  17228.0      0.4     43.3     45.1      5.8 
    -0.3     23.5     45.7     33.4  16706.9  17301.7 
     -7.6      49.5      -2.1      48.8 
     -1.7      22.0      -2.6      10.8 
     -1.4      16.8      -2.5       7.6 
     -1.7      15.7      -2.8       6.8 
31005 -2.897443 -30.423149 -33.030846 
 34887.6  17170.0      0.4     43.3     42.5      5.3 
    -0.3     23.9     45.7     27.4  16380.0  17059.1 
     -8.3      51.8      -0.9      48.1 
     -1.5      22.0      -2.8      13.1 
     -1.6      16.7      -2.7       9.7 
     -1.7      15.9      -2.8       9.2 
31006 -5.759181 -30.235706 -32.827335 
 34926.8  16731.0      0.4     43.3     44.8     28.9 
    -0.4     23.8     45.5     21.5  16325.0  17129.4 
     -8.6      51.9      -2.6      45.6 
     -1.7      22.1      -3.1      15.0 
     -1.3      16.6      -2.8      11.5 
     -1.6      15.8      -3.2      10.8 
31007 -8.551672 -29.930853 -32.496353 
 35242.4  16157.4      0.4     43.3     44.8     28.9 
    -0.3     23.8     45.6     15.7  16346.2  17289.9 
     -8.2      51.8      -2.6      46.7 
     -2.0      22.4      -3.0      15.0 
     -1.5      16.7      -2.6      11.1 
     -1.5      16.1      -2.9      10.8 
31008 -11.245388 -29.519146 -32.049355 
 35651.1  14844.1      0.4     43.3     44.8     28.9 
    -0.0     23.6     45.4     10.6  17023.5  17695.7 
     -7.1      52.4      -2.9      48.3 
     -1.8      21.7      -2.7      14.5 
     -1.3      16.7      -2.2      10.5 
     -1.7      16.0      -2.5      10.1 
31009 -16.245913 -28.430346 -30.867231 
 36656.9  13621.6      0.4     43.3     44.8     28.9 
    -0.3     23.4     42.2     10.3  17545.2  18237.6 
     -8.2      54.1      -3.9      42.4 
     -1.6      21.9      -1.9      16.6 
     -1.0      16.6      -1.6      13.5 
     -1.6      15.7      -2.5      13.5 
31010 -20.640287 -27.090378 -29.412409 
 38394.6  12083.6      0.4     43.3     44.8     28.9 
     0.2     22.8     44.8     57.7  18764.6  19418.0 
     -7.4      50.6      -6.7      42.7 
     -1.7      21.7      -1.9      16.5 
     -1.0      16.3      -1.4      13.1 
     -1.3      15.4      -1.8      13.0 
31011 -24.397142 -25.617001 -27.812742 
 40699.0  10943.1      0.4     43.3     44.8     28.9 
    -0.0     22.3     44.8     57.7  19910.0  20710.2 
     -5.5      52.2      -6.6      46.2 
     -1.6      21.9      -1.2      18.2 
     -1.3      16.4      -1.0      15.3 
     -1.1      15.4      -1.4      15.6 
31012 -27.549229 -24.105576 -26.171766 
 43037.2  10223.8      0.4     43.3     44.8     28.9 
    -0.1     21.8     44.8     57.7  21586.7  22378.0 
     -8.9      52.4      -8.5      42.5 
     -1.2      21.8      -1.2      17.8 
     -1.4      16.1      -1.0      14.5 
     -1.2      15.2      -1.5      15.0 
31013 -30.164263 -22.623199 -24.562328 
 45682.3   9840.2      0.4     43.3     44.8     28.9 
    -0.2     21.1     44.8     57.7  23433.3  24165.1 
     -5.6      51.7      -5.6      40.9 
     -1.4      21.3      -0.8      19.0 
     -1.2      15.8      -0.5      16.4 
     -1.2      14.8      -1.0      16.5 
31014 -32.322113 -21.211386 -23.029505 
 48939.2   9322.0      0.4     43.3     44.8     28.9 
    -0.4     20.4     44.8     57.7  25305.7  26029.1 
     -6.9      52.8      -6.8      42.3 
     -1.7      21.3      -0.9      18.6 
     -1.3      15.7      -1.0      15.8 
     -0.9      14.6      -0.5      16.1 
31015 -34.100807 -19.892136 -21.597176 
 52077.0   9082.7      0.4     43.3     44.8     28.9 
    -0.0     19.9     44.8     57.7  27163.4  28568.7 
     -7.3      56.1      -5.4      38.2 
     -1.2      20.7      -0.8      19.1 
     -0.9      15.6      -0.5      17.0 
     -1.0      14.2      -0.6      16.9 
31016 -35.569786 -18.674139 -20.274778 
 55451.0   8859.8      0.4     43.3     44.8     28.9 
    -0.1     19.3     44.8     57.7  29653.7  30856.5 
     -6.4      53.2      -7.2      40.3 
     -1.2      20.9      -0.5      19.3 
     -1.0      15.2      -0.2      16.3 
     -1.2      14.1      -0.5      17.0 
31017 -36.787724 -17.557777 -19.062731 
 59181.1   8732.9      0.4     43.3     44.8     28.9 
     0.0     18.6     44.8     57.7  31398.5  32891.7 
     -6.7      58.5      -6.7      40.8 
     -1.3      20.8      -0.0      19.5 
     -1.0      15.0       0.3      17.4 
     -0.8      13.5      -0.4      17.3 
31018 -37.802700 -16.538681 -17.956282 
 63163.4   8735.9      0.4     43.3     44.8     28.9 
    -0.1     18.3     44.8     57.7  34148.4  35409.1 
     -6.0      56.6      -5.9      37.8 
     -1.4      21.4      -0.3      19.6 
     -0.9      14.8       0.2      16.9 
     -1.0      13.7      -0.4      18.3 
31019 31.889639 -27.903433 -15.147578 
 75318.8  13689.2      0.4     43.3     44.8     28.9 
     0.4     86.6     44.8     57.7  42307.1  43842.8 
     -8.8      58.8      11.0      51.9 
     -1.6      23.5       1.3      17.5 
     -1.2      18.2       0.9      12.6 
     -1.3      17.2       0.8      11.6 
31020 30.480156 -29.094694 -15.794263 
 72245.8  14527.7      0.4     43.3     44.8     28.9 
     0.4     86.6     44.8     57.7  40326.4  41420.4 
     -8.1      53.2      11.2      52.6 
     -1.8      23.7       1.5      18.1 
     -1.2      18.5       0.7      13.5 
     -1.2      17.5       0.6      13.2 
31021 28.882971 -30.327118 -16.463293 
 69370.8  15007.6      0.4     43.3     44.8     28.9 
     0.4     86.6     44.8     57.7  37933.1  39140.8 
    -11.6      54.1      12.4      53.6 
     -1.4      23.9       0.9      16.8 
     -1.3      18.4       0.4      11.4 
     -1.2      17.6       0.5      10.7 
31022 27.075920 -31.588573 -17.148083 
 66761.6  15535.3      0.4     43.3     44.8     28.9 
     0.4     86.6     44.8     57.7  36061.5  37383.0 
     -8.4      54.2       9.3      54.8 
     -1.7      23.6       0.6      16.7 
     -1.3      18.5       0.2      12.5 
     -1.8      17.9       0.3      12.1 
31023 25.037458 -32.861668 -17.839190 
 64508.9  15852.8      0.4     43.3     44.8     28.9 
     0.4     86.6     44.8     57.7  34345.1  36082.8 
     -9.9      54.1       8.7      58.2 
     -1.4      23.6       0.1      15.2 
     -0.9      18.9      -0.0      10.3 
     -1.0      18.1      -0.2       9.2 
31024 22.748573 -34.122864 -18.523840 
 62144.6  15938.0      0.4     43.3     44.8     28.9 
     0.4     86.6     44.8     57.7  33751.2  34835.8 
    -10.9      53.7       9.7      60.1 
     -1.8      23.8      -0.2      16.1 
     -1.3      19.3      -0.6      11.4 
     -1.0      18.4      -0.6      10.7 
31025 20.195421 -35.341984 -19.185650 
 59942.9  15315.1      0.4     43.3     44.8     28.9 
     0.4     86.6     46.0      6.6  32375.8  33196.9 
     -9.3      53.6       7.1      59.8 
     -1.4      23.7      -0.6      13.6 
     -1.2      19.3      -1.0       8.7 
     -1.3      18.6      -0.9       7.6 
31026 17.372576 -36.482407 -19.804735 
 58093.4  14873.6      0.4     43.3     44.8     28.9 
     0.4     86.6     46.1     18.5  31115.3  32233.5 
    -10.4      53.7       5.0      58.2 
     -1.8      23.8      -1.6      15.5 
     -1.7      19.7      -1.5      11.0 
     -1.4      18.9      -1.8      10.0 
31027 14.286614 -37.502361 -20.358425 
 56606.3  14418.0      0.4     43.3     46.0      3.9 
     0.4     86.6     46.0     31.2  30130.6  31216.5 
     -8.9      53.7       7.8      61.2 
     -1.6      24.2      -1.7      11.9 
     -1.3      19.6      -2.0       6.6 
     -1.7      19.3      -1.9       5.5 
31028 10.959324 -38.357632 -20.822714 
 55536.7  14107.1      0.4     43.3     45.5     15.4 
     0.4     86.6     45.5     44.0  29714.4  30628.1 
    -11.0      49.5       5.2      67.8 
     -1.1      24.2      -2.2      12.0 
     -1.2      19.7      -2.5       5.3 
     -1.4      19.4      -2.5       4.7 
31029 7.429648 -39.005653 -21.174498 
 54512.2  13898.2      0.4     43.3     43.3     25.5 
     0.4     86.6     43.4     54.2  29245.9  30092.9 
    -10.8      52.6       4.9      70.8 
     -2.3      24.2      -1.2      22.0 
     -1.6      19.3      -1.8       3.8 
     -1.9      19.7      -1.9       1.4 
31030 5.605763 -39.240341 -21.301901 
 54275.6  13790.0      0.4     43.3     46.1     21.7 
     0.4     86.6     46.1     50.4  29140.9  30102.7 
    -11.7      52.7       3.0      72.9 
     -2.0      23.8      -0.7      17.6 
     -1.6      19.9      -0.7       4.7 
     -1.7      19.6      -1.0       4.0 
31031 3.753390 -39.410595 -21.394323 
 54054.1  13713.7      0.4     43.3     46.6     15.9 
     0.4     86.6     46.5     44.4  28537.8  29445.8 
    -11.2      50.2      -0.6      64.4 
     -2.1      24.6      -1.5      12.0 
     -1.6      19.8      -1.7       5.1 
     -1.5      19.6      -1.8       4.3 
31032 1.881610 -39.513817 -21.450357 
 53881.2  13685.1      0.4     43.3     46.4      9.7 
     0.4     86.6     46.3     38.3  28521.2  29740.5 
    -10.1      52.1      -0.5      61.7 
     -1.4      24.2      -2.2      11.2 
     -1.4      19.6      -2.1       5.6 
     -1.9      19.5      -2.4       5.0 
31033 -0.000000 -39.548401 -21.469133 
 53633.5  13655.5      0.4     43.3     46.2      3.9 
     0.4     86.6     46.3     31.8  28479.6  29628.8 
    -10.0      54.2      -1.2      58.6 
     -1.8      24.2      -2.5      11.4 
     -1.5      19.8      -2.3       6.8 
     -1.4      19.7      -2.4       6.0 
31034 -1.881610 -39.513817 -21.450357 
 53655.3  13707.8      0.4     43.3     44.8     28.9 
     0.4     86.6     46.3     25.5  27841.1  29316.4 
    -10.0      48.2      -2.3      55.1 
     -2.0      24.5      -3.1      13.9 
     -1.6      19.9      -2.9       9.5 
     -1.8      19.7      -2.9       8.6 
31035 -3.753390 -39.410595 -21.394323 
 53627.6  13686.9      0.4     43.3     44.8     28.9 
     0.4     86.6     46.2     19.2  28288.0  29316.4 
    -11.8      53.3      -4.5      57.7 
     -1.6      24.6      -2.9      15.0 
     -1.7      20.1      -3.1      11.4 
     -1.5      19.8      -2.8      10.3 
31036 -5.605763 -39.240341 -21.301901 
 53958.8  13788.2      0.4     43.3     44.8     28.9 
     0.4     86.6     46.0     13.0  28468.1  29397.3 
    -11.3      54.2      -3.1      58.0 
     -1.9      24.3      -2.7      14.6 
     -1.0      20.0      -2.3      10.3 
     -1.8      19.8      -2.7       9.2 
31037 -7.429648 -39.005653 -21.174498 
 54010.8  13817.9      0.4     43.3     44.8     28.9 
     0.4     86.6     46.0      7.2  28829.9  29734.4 
    -10.2      54.3      -3.7      54.6 
     -1.9      24.2      -2.2      13.6 
     -1.3      19.9      -1.9       9.1 
     -1.5      19.5      -2.1       7.9 
31038 -10.959324 -38.357632 -20.822714 
 54749.4  13960.1      0.4     43.3     44.8     28.9 
     0.4     86.6     44.8     57.7  28760.1  29914.5 
     -9.3      51.5      -4.1      51.2 
     -1.7      24.4      -1.9      15.8 
     -1.4      19.9      -1.6      12.1 
     -1.7      19.5      -2.0      11.3 
31039 -14.286614 -37.502361 -20.358425 
 55997.7  13971.1      0.4     43.3     44.8     28.9 
     0.4     86.6     44.8     57.7  28977.2  30084.4 
    -10.4      54.0      -5.2      50.1 
     -1.7      24.7      -1.2      15.1 
     -1.3      19.8      -1.3      11.0 
     -1.6      19.7      -1.5      10.2 
31040 -17.372576 -36.482407 -19.804735 
 57160.0  13825.2      0.4     43.3     44.8     28.9 
     0.4     86.6     44.8     57.7  30050.4  31172.0 
     -8.8      54.2      -4.1      47.8 
     -1.1      24.5      -0.9      16.7 
     -1.4      19.6      -0.9      13.3 
     -1.1      19.3      -0.9      12.8 
31041 -20.195421 -35.341984 -19.185650 
 59116.8  13252.9      0.4     43.3     44.8     28.9 
     0.4     86.6     44.8     57.7  31240.5  32049.3 
     -8.0      52.9      -4.3      48.1 
     -1.6      24.6      -0.9      16.4 
     -0.9      19.4      -0.6      12.4 
     -0.9      19.1      -0.5      11.9 
31042 -22.748573 -34.122864 -18.523840 
 61221.1  12349.5      0.4     43.3     44.8     28.9 
     0.4     86.6     44.8     57.7  32718.0  33906.1 
     -7.9      52.6      -4.8      45.3 
     -2.1      24.0      -1.0      17.4 
     -1.2      19.1      -0.6      14.2 
     -1.4      18.8      -0.9      14.2 
31043 -25.037458 -32.861668 -17.839190 
 63468.4  11874.5      0.4     43.3     44.8     28.9 
     0.4     86.6     44.8     57.7  34512.7  35608.8 
     -8.5      54.0      -4.6      42.8 
     -1.1      24.2      -0.4      17.2 
     -0.7      19.2      -0.1      13.5 
     -1.1      18.4      -0.4      13.1 
31044 -27.075920 -31.588573 -17.148083 
 65597.1  11431.3      0.4     43.3     44.8     28.9 
     0.4     86.6     44.8     57.7  35772.8  37143.9 
     -9.4      56.7      -6.9      43.4 
     -1.5      24.0      -0.2      18.1 
     -1.6      18.9      -0.4      15.2 
     -1.5      18.1      -0.6      15.3 
31045 -28.882971 -30.327118 -16.463293 
 68529.2  11046.1      0.4     43.3     44.8     28.9 
     0.4     86.6     44.8     57.7  37715.2  39107.0 
     -9.8      55.4      -5.6      39.6 
     -1.6      24.3      -0.4      17.6 
     -1.1      18.6      -0.1      14.6 
     -1.2      17.6      -0.2      14.5 
31046 -30.480156 -29.094694 -15.794263 
 71460.7  10545.0      0.4     43.3     44.8     28.9 
     0.4     86.6     44.8     57.7  39956.4  41089.1 
     -8.5      54.7      -4.4      39.8 
     -2.0      23.8      -0.3      18.5 
     -1.1      18.5       0.1      16.1 
     -1.2      17.4       0.1      16.0 
31047 -31.889639 -27.903433 -15.147578 
 74294.7  10193.0      0.4     43.3     44.8     28.9 
     0.4     86.6     44.8     57.7  40446.7  42076.2 
     -7.1      55.0      -3.9      38.4 
     -1.7      23.6      -0.3      18.3 
     -0.9      18.4       0.3      15.2 
     -1.1      17.4       0.2      15.5 
31048 21.730955 -38.029171 -10.322203 
110863.5  14526.6      0.4     43.3     44.8     28.9 
     0.4     86.6     44.8     57.7  66248.6  67785.6 
    -11.7      53.9      12.2      59.3 
     -1.8      23.4       1.8      18.7 
     -1.2      18.5       1.0      10.6 
     -1.4      17.4       0.9       9.6 
31049 20.301725 -38.757835 -10.519984 
109155.7  14339.6      0.4     43.3     44.8     28.9 
     0.4     86.6     44.8     57.7  63766.3  66053.0 
    -14.1      56.0      13.4      61.3 
     -1.7      24.1       1.3      20.5 
     -1.4      18.4       0.9      12.2 
     -1.3      17.2       0.7      11.1 
31050 18.790987 -39.461071 -10.710862 
106823.0  14122.3      0.4     43.3     44.8     28.9 
     0.4     86.6     44.8     57.7  62720.7  64626.1 
    -10.1      51.5       7.0      63.8 
     -2.0      23.5       1.1      17.7 
     -1.6      18.6       0.7       9.4 
     -1.3      17.5       0.7       8.4 
31051 17.199198 -40.131458 -10.892824 
105309.4  14076.7      0.4     43.3     44.8     28.9 
     0.4     86.6     44.8     57.7  61152.4  63372.7 
    -13.2      54.6       9.6      69.4 
     -2.5      23.9       1.2      20.3 
     -1.2      18.4       0.4      11.6 
     -1.4      17.5       0.3      10.6 
31052 15.528065 -40.761169 -11.063745 
103592.8  13672.7      0.4     43.3     44.8     28.9 
     0.4     86.6     44.8     57.7  61519.1  63054.1 
    -12.4      52.6       7.4      71.1 
     -1.7      23.4       0.5      17.7 
     -1.5      18.4       0.2       8.5 
     -1.3      17.9       0.1       7.5 
31053 13.780708 -41.342125 -11.221435 
102366.7  13472.6      0.4     43.3     44.8     28.9 
     0.4     86.6     44.8     57.7  61046.5  62549.2 
     -9.7      49.7       9.3      71.9 
     -2.3      23.7      -0.1      19.5 
     -1.3      18.7      -0.6      11.3 
     -1.6      17.8      -0.4      10.3 
31054 11.961784 -41.866245 -11.363695 
101383.7  13340.8      0.4     43.3     44.8     28.9 
     0.4     86.6     46.5      3.8  60324.3  61856.9 
    -11.4      51.1       7.0      75.1 
     -1.9      23.5      -0.1      18.0 
     -1.9      18.5      -0.5       7.5 
     -1.0      17.8      -0.8       6.1 
31055 10.077535 -42.325645 -11.488389 
100183.7  13265.6      0.4     43.3     44.8     28.9 
     0.4     86.6     46.4     16.4  58633.9  60489.7 
    -12.1      51.1       8.7      75.5 
     -2.0      23.7      -1.0      20.1 
     -1.4      19.0      -1.5      11.6 
     -1.8      18.1      -1.6      10.5 
31056 8.135806 -42.712982 -11.593524 
 99309.7  13139.2      0.4     43.3     46.9     18.9 
     0.4     86.6     46.4     29.7  57884.2  59178.6 
    -11.1      50.6       2.3      75.7 
     -2.4      24.4      -1.2      17.5 
     -1.6      18.7      -1.7       5.8 
     -1.5      17.7      -1.8       4.7 
31057 6.145958 -43.021706 -11.677320 
 99159.2  13035.9      0.4     43.3     45.8     14.3 
     0.4     86.6     45.6     42.7  57029.6  58632.2 
    -15.6      56.5       5.4      85.0 
     -2.1      23.5      -1.6      22.8 
     -1.7      18.7      -2.1       5.6 
     -1.8      17.7      -2.2       4.5 
31058 4.118702 -43.246368 -11.738300 
 98412.2  12946.1      0.4     43.3     43.5     25.1 
     0.4     86.6     43.5     53.4  57441.0  59310.5 
    -11.8      50.4      -0.1      89.8 
     -2.3      23.3      -0.8      36.4 
     -1.8      18.7      -1.8      10.7 
     -1.7      17.8      -1.9       3.3 
31059 3.094703 -43.325836 -11.759871 
 98435.1  12883.1      0.4     43.3     46.7     21.0 
     0.4     86.6     46.7     49.5  57153.3  59505.6 
    -12.6      52.7       2.4      88.1 
     -2.4      24.1       0.8      30.2 
     -2.0      18.8      -0.2       8.4 
     -2.2      18.0      -0.4       4.4 
31060 2.065851 -43.382874 -11.775351 
 98000.5  12835.5      0.4     43.3     47.6     15.3 
     0.4     86.6     47.4     43.7  56845.6  58496.6 
    -15.4      54.7       0.8      84.6 
     -2.4      23.8      -1.1      22.4 
     -1.8      18.8      -1.4       6.2 
     -2.0      18.0      -1.5       4.8 
31061 1.033743 -43.417198 -11.784668 
 97623.2  12823.5      0.4     43.3     47.3      8.6 
     0.4     86.6     47.0     37.0  56546.0  58542.9 
    -11.2      49.3       2.1      80.0 
     -2.5      23.7      -2.2      17.7 
     -1.7      19.1      -1.9       5.8 
     -1.5      18.0      -1.9       4.8 
31062 -0.000000 -43.428661 -11.787779 
 97734.6  12800.4      0.4     43.3     47.0      2.4 
     0.4     86.6     47.0     30.7  57209.8  58512.8 
    -11.5      50.7      -2.7      73.6 
     -2.6      23.5      -1.9      16.7 
     -1.7      19.1      -2.0       6.3 
     -1.7      18.1      -2.1       5.3 
31063 -1.033743 -43.417198 -11.784668 
 97474.8  12852.4      0.4     43.3     44.8     28.9 
     0.4     86.6     47.2     23.9  57525.5  58951.2 
    -13.2      51.8      -1.4      73.9 
     -2.6      24.3      -3.3      17.6 
     -1.5      19.1      -3.0      10.3 
     -1.6      18.0      -2.9       9.6 
31064 -2.065851 -43.382874 -11.775351 
 97740.4  12830.9      0.4     43.3     44.8     28.9 
     0.4     86.6     47.3     17.2  56248.0  58250.8 
    -12.1      50.5       1.1      74.6 
     -2.3      23.7      -2.8      18.5 
     -1.8      19.0      -2.5      11.5 
     -1.6      18.1      -2.7      10.6 
31065 -3.094703 -43.325836 -11.759871 
 97652.6  12826.9      0.4     43.3     44.8     28.9 
     0.4     86.6     47.0     10.6  56794.0  58740.8 
    -11.4      49.0      -1.9      71.2 
     -2.1      23.9      -2.4      16.8 
     -1.8      19.0      -2.3       9.4 
     -1.7      18.2      -2.5       8.4 
31066 -4.118702 -43.246368 -11.738300 
 97785.7  12903.1      0.4     43.3     44.8     28.9 
     0.4     86.6     46.8      4.4  56646.1  58677.1 
    -12.1      50.5       0.4      66.4 
     -2.4      24.2      -2.0      16.0 
     -1.5      19.3      -1.7       7.5 
     -1.4      18.3      -1.6       6.2 
31067 -6.145958 -43.021706 -11.677320 
 98101.5  12963.8      0.4     43.3     44.8     28.9 
     0.4     86.6     44.8     57.7  57021.4  58932.5 
    -11.7      53.0      -6.1      67.6 
     -2.1      24.0      -1.5      18.1 
     -1.7      19.1      -1.6      11.6 
     -1.7      18.3      -1.9      10.7 
31068 -8.135806 -42.712982 -11.593524 
 98716.1  13112.4      0.4     43.3     44.8     28.9 
     0.4     86.6     44.8     57.7  57435.3  59611.9 
    -11.5      50.9      -4.2      63.5 
     -2.2      24.0      -1.0      15.5 
     -1.2      19.0      -0.8       8.8 
     -1.6      18.3      -0.9       7.6 
31069 -10.077535 -42.325645 -11.488389 
 99702.6  13118.8      0.4     43.3     44.8     28.9 
     0.4     86.6     44.8     57.7  57906.7  59560.5 
    -12.5      52.1      -7.4      63.7 
     -1.9      24.1      -0.9      18.3 
     -1.8      19.2      -1.0      11.8 
     -1.7      18.3      -1.0      10.8 
31070 -11.961784 -41.866245 -11.363695 
100472.3  13294.0      0.4     43.3     44.8     28.9 
     0.4     86.6     44.8     57.7  57620.4  60468.3 
    -10.1      47.4      -5.2      55.2 
     -2.2      24.1      -0.7      16.3 
     -1.6      19.1      -0.4       9.9 
     -1.6      18.2      -0.6       8.7 
31071 -13.780708 -41.342125 -11.221435 
101616.7  13390.0      0.4     43.3     44.8     28.9 
     0.4     86.6     44.8     57.7  59408.8  61394.2 
    -11.3      50.2      -5.3      55.0 
     -2.0      23.9      -0.4      17.4 
     -1.7      18.9      -0.4      12.2 
     -1.5      18.2      -0.4      11.5 
31072 -15.528065 -40.761169 -11.063745 
103101.9  13637.7      0.4     43.3     44.8     28.9 
     0.4     86.6     44.8     57.7  59799.5  62042.4 
    -11.4      50.3      -2.6      53.4 
     -1.8      23.6      -0.2      16.4 
     -1.3      18.8      -0.0      10.5 
     -1.6      18.1      -0.2       9.9 
31073 -17.199198 -40.131458 -10.892824 
104525.6  13729.0      0.4     43.3     44.8     28.9 
     0.4     86.6     44.8     57.7  60109.7  62203.0 
    -11.1      48.4      -4.4      49.9 
     -2.0      23.8      -0.3      17.8 
     -1.3      19.0       0.1      12.9 
     -1.6      18.2      -0.1      12.2 
31074 -18.790987 -39.461071 -10.710862 
106175.0  13684.4      0.4     43.3     44.8     28.9 
     0.4     86.6     44.8     57.7  62907.5  64170.6 
     -9.2      50.4      -5.9      45.7 
     -1.6      23.1       0.0      16.1 
     -1.4      18.9       0.2      11.6 
     -1.3      17.8       0.2      10.7 
31075 -20.301725 -38.757835 -10.519984 
108153.5  13697.8      0.4     43.3     44.8     28.9 
     0.4     86.6     44.8     57.7  62728.3  65260.8 
     -9.5      56.7      -2.1      44.2 
     -2.3      23.5      -0.2      17.6 
     -1.4      18.9       0.3      13.5 
     -1.2      18.0       0.5      13.0 
31076 -21.730955 -38.029171 -10.322203 
109727.0  13544.4      0.4     43.3     44.8     28.9 
     0.4     86.6     44.8     57.7  64016.1  66760.4 
    -12.5      52.3      -5.4      41.6 
     -1.8      23.2       0.2      16.3 
     -1.4      18.6       0.3      12.4 
     -1.0      17.7       0.4      11.8 
31077 15.179742 -41.744289 -7.210377 
159346.1  13615.7      0.4     43.3     44.8     28.9 
     0.4     86.6     44.8     57.7  97178.0 100254.6 
    -13.9      50.0      10.1      67.5 
     -2.6      24.6       2.1      21.1 
     -1.6      19.3       1.2       9.6 
     -1.5      18.1       1.2       7.8 
31078 14.042964 -42.128887 -7.276808 
157815.1  13540.0      0.4     43.3     44.8     28.9 
     0.4     86.6     44.8     57.7  95944.8  98784.3 
     -9.7      50.8       5.6      69.6 
     -2.3      24.5       2.1      24.1 
     -1.3      19.3       1.0      12.1 
     -1.8      18.5       1.2      10.8 
31079 12.875603 -42.489483 -7.339093 
156577.7  13349.1      0.4     43.3     44.8     28.9 
     0.4     86.6     44.8     57.7  96114.9  98151.6 
    -12.0      55.3       6.6      73.7 
     -2.6      25.1       1.5      22.1 
     -1.7      19.2       0.9       8.5 
     -1.4      18.5       0.8       7.1 
31080 11.679233 -42.823853 -7.396847 
155116.3  13258.5      0.4     43.3     44.8     28.9 
     0.4     86.6     44.8     57.7  95413.3  98945.6 
    -12.2      50.4       7.3      73.3 
     -2.2      24.4       1.4      24.5 
     -1.7      19.2       0.6      11.9 
     -1.9      18.6       0.4      10.5 
31081 10.455710 -43.129807 -7.449694 
154523.4  13170.8      0.4     43.3     44.8     28.9 
     0.4     86.6     44.8     57.7  95026.5  97188.5 
    -11.9      54.7       8.4      82.5 
     -2.4      24.0       0.8      23.4 
     -1.7      19.2       0.4       8.1 
     -1.9      18.2       0.3       6.2 
31082 9.207181 -43.405285 -7.497276 
153490.0  13064.0      0.4     43.3     44.8     28.9 
     0.4     86.6     44.8     57.7  93951.0  97083.1 
    -12.0      55.6       5.8      85.1 
     -2.2      24.5       0.1      24.4 
     -1.6      19.3      -0.4      11.9 
     -1.3      18.4      -0.4      10.5 
31083 7.936064 -43.648350 -7.539260 
152822.5  12963.1      0.4     43.3     44.8     28.9 
     0.4     86.6     46.7      2.6  93762.7  97325.3 
    -11.4      51.4       8.4      80.5 
     -2.6      24.6       0.3      24.7 
     -1.6      19.2      -0.6       7.1 
     -1.2      18.5      -0.5       5.4 
31084 6.645037 -43.857243 -7.575342 
152288.2  12954.8      0.4     43.3     44.8     28.9 
     0.4     86.6     46.6     15.3  94741.7  97370.0 
    -10.5      53.0       3.5      91.1 
     -2.5      23.9      -0.5      26.8 
     -1.6      19.4      -1.4      11.9 
     -1.5      18.8      -1.6      10.7 
31085 5.337018 -44.030403 -7.605251 
151538.6  13045.3      0.4     43.3     46.4      1.4 
     0.4     86.6     46.3     28.8  93439.2  96186.0 
    -10.9      45.6       4.1      90.1 
     -2.3      24.1      -0.6      24.3 
     -1.5      19.2      -1.6       6.2 
     -1.7      18.7      -1.7       4.3 
31086 4.015138 -44.166508 -7.628761 
151503.9  12993.4      0.4     43.3     45.8     14.7 
     0.4     86.6     45.6     42.1  92572.7  95804.2 
    -16.7      55.7       7.6      93.5 
     -2.8      24.4      -1.6      31.9 
     -1.6      19.2      -2.3       7.5 
     -1.8      18.4      -2.2       4.5 
31087 2.682698 -44.264507 -7.645688 
151325.3  12902.4      0.4     43.3     43.5     24.9 
     0.4     86.6     43.4     52.7  93190.3  95737.5 
    -12.2      48.4      -2.3     100.2 
     -2.1      24.5      -1.4      47.3 
     -1.6      19.3      -2.3      17.2 
     -1.8      18.5      -2.0       5.8 
31088 2.013589 -44.298962 -7.651639 
150822.3  12914.4      0.4     43.3     46.4     20.7 
     0.4     86.6     46.5     48.8  93537.7  96437.7 
    -15.4      54.4       4.6      98.3 
     -2.7      23.8      -0.6      39.8 
     -1.9      19.5       0.1      12.8 
     -2.3      18.7      -0.0       6.6 
31089 1.343140 -44.323616 -7.655898 
150878.4  12857.9      0.4     43.3     47.6     14.7 
     0.4     86.6     47.6     43.2  90081.2  95044.4 
    -13.4      54.9      -1.9      94.3 
     -3.0      23.9      -0.7      33.1 
     -1.8      19.4      -1.0       8.9 
     -2.1      18.5      -1.3       5.3 
31090 0.671794 -44.338436 -7.658457 
150917.2  12871.2      0.4     43.3     47.7      8.2 
     0.4     86.6     47.5     36.5  91709.5  94301.1 
    -12.9      53.1       1.8      95.0 
     -2.8      25.1      -2.1      26.7 
     -2.2      19.2      -1.7       6.8 
     -2.1      18.5      -1.6       4.9 
31091 -0.000000 -44.343372 -7.659310 
150765.2  12937.2      0.4     43.3     47.5      1.6 
     0.4     86.6     47.4     29.9  93704.8  96075.8 
    -11.0      53.6      -4.7      85.9 
     -2.7      24.3      -1.6      23.7 
     -2.0      19.6      -2.0       7.2 
     -2.0      18.0      -1.9       5.4 
31092 -0.671794 -44.338436 -7.658457 
150502.3  12847.8      0.4     43.3     44.8     28.9 
     0.4     86.6     47.7     23.0  92335.5  94795.1 
    -18.0      58.5      -1.6      88.6 
     -2.8      24.5      -3.3      25.3 
     -1.6      19.6      -3.1      11.5 
     -1.9      18.2      -3.0      10.5 
31093 -1.343140 -44.323616 -7.655898 
150594.0  12819.5      0.4     43.3     44.8     28.9 
     0.4     86.6     47.5     16.3  93271.9  95415.8 
    -10.5      49.7      -2.2      87.9 
     -2.4      24.4      -2.4      23.6 
     -1.8      19.2      -2.7      11.9 
     -1.7      18.4      -2.7      10.9 
31094 -2.013589 -44.298962 -7.651639 
150819.5  12916.2      0.4     43.3     44.8     28.9 
     0.4     86.6     47.4      9.4  92594.5  95758.0 
    -11.4      51.0      -4.4      88.9 
     -2.9      24.2      -2.4      24.7 
     -2.0      19.6      -2.2       9.8 
     -1.7      18.5      -2.2       8.0 
31095 -2.682698 -44.264507 -7.645688 
150707.0  12922.9      0.4     43.3     44.8     28.9 
     0.4     86.6     47.3      3.0  92012.6  94631.8 
    -13.6      55.7      -7.0      86.5 
     -2.5      24.4      -1.8      21.5 
     -1.5      19.1      -1.6       7.1 
     -1.6      18.6      -1.6       5.3 
31096 -4.015138 -44.166508 -7.628761 
150770.9  12982.5      0.4     43.3     44.8     28.9 
     0.4     86.6     44.8     57.7  91629.8  94518.0 
    -13.6      55.9      -1.3      83.2 
     -1.9      24.2      -1.4      23.9 
     -1.9      19.6      -1.6      11.8 
     -1.7      18.6      -1.7      10.7 
31097 -5.337018 -44.030403 -7.605251 
151230.9  12886.0      0.4     43.3     44.8     28.9 
     0.4     86.6     44.8     57.7  94148.3  96349.4 
    -11.6      52.8      -2.9      74.5 
     -2.7      24.5      -1.1      20.1 
     -1.9      19.4      -0.8       8.0 
     -1.3      18.9      -0.6       6.4 
31098 -6.645037 -43.857243 -7.575342 
151573.5  12996.1      0.4     43.3     44.8     28.9 
     0.4     86.6     44.8     57.7  92274.6  94751.4 
    -12.2      50.7      -4.5      79.1 
     -2.5      24.8      -1.2      21.3 
     -1.7      19.5      -0.8      11.8 
     -1.7      18.5      -0.7      10.7 
31099 -7.936064 -43.648350 -7.539260 
152702.7  13061.8      0.4     43.3     44.8     28.9 
     0.4     86.6     44.8     57.7  93547.7  96078.7 
    -17.6      59.7      -8.0      75.0 
     -2.9      25.0      -1.0      19.6 
     -1.7      19.5      -0.3       8.3 
     -1.4      18.8      -0.1       7.3 
31100 -9.207181 -43.405285 -7.497276 
153003.8  13103.8      0.4     43.3     44.8     28.9 
     0.4     86.6     44.8     57.7  92675.4  95306.4 
    -11.6      54.6      -3.3      63.2 
     -2.6      24.2      -0.8      19.8 
     -1.8      19.3      -0.2      12.0 
     -1.3      18.8      -0.4      10.9 
31101 -10.455710 -43.129807 -7.449694 
153932.2  13282.0      0.4     43.3     44.8     28.9 
     0.4     86.6     44.8     57.7  94272.5  97749.1 
     -8.6      49.4      -2.6      62.7 
     -2.4      24.5      -0.5      18.2 
     -1.5      19.4       0.1       9.1 
     -1.2      18.9       0.1       8.1 
31102 -11.679233 -42.823853 -7.396847 
154565.2  13289.7      0.4     43.3     44.8     28.9 
     0.4     86.6     44.8     57.7  94312.0  97166.6 
    -11.1      49.9      -4.1      61.7 
     -2.4      24.6      -0.4      19.2 
     -1.7      19.5       0.1      12.0 
     -1.8      18.5       0.1      10.9 
31103 -12.875603 -42.489483 -7.339093 
155690.8  13372.1      0.4     43.3     44.8     28.9 
     0.4     86.6     44.8     57.7  95251.6  98423.5 
    -11.3      49.9      -1.7      53.6 
     -2.4      24.9      -0.4      17.6 
     -1.8      19.6       0.2       9.9 
     -1.6      18.6       0.3       8.8 
31104 -14.042964 -42.128887 -7.276808 
157031.0  13438.2      0.4     43.3     44.8     28.9 
     0.4     86.6     44.8     57.7  96008.5  98937.7 
    -13.2      58.0      -2.7      50.8 
     -2.2      24.2      -0.1      18.6 
     -1.8      19.3       0.2      12.4 
     -1.4      18.5       0.4      11.3 
31105 -15.179742 -41.744289 -7.210377 
158581.0  13713.1      0.4     43.3     44.8     28.9 
     0.4     86.6     44.8     57.7  98829.7 101656.6 
    -13.2      56.5      -6.8      46.6 
     -2.7      25.2      -0.2      17.2 
     -1.6      19.1       0.5      10.5 
     -1.9      18.7       0.4       9.6 
