Dot1_150x100_dj0180d@-375V,3.8T@90d,263K,rh=1.02/0.7,1.0/1.0,100Vdep 
1098 1 3.80 60 5 29 0 375.0000 263.0000 1.0000 1.1660 1050.0000 0.2300 64.7400 150.0000 100.0000 285.0000 1050.0000 0.1100 32.369999 1.5000 1.0000 0.8500 
29101 -0.000000 -0.000000 -1.000000 
 24676.9  20503.9     -0.3     41.8     32.2     13.0 
    -0.3     84.9     32.5     41.3  11227.2  11838.9 
     -0.8      74.4      -0.4      46.8 
     -0.0      11.5      -2.8       8.5 
     -0.2       1.8      -3.1       6.0 
     -0.2       1.6      -3.2       5.1 
29102 -0.000000 -0.130455 -0.991454 
 24699.8  20607.3     -1.0     35.1     32.3     13.0 
    -0.8     78.0     32.4     41.3  11599.6  12101.2 
     -5.1      60.8      -0.9      45.1 
     -1.0       5.3      -3.1       8.5 
     -0.9       2.9      -2.9       5.9 
     -1.0       2.5      -3.2       5.2 
29103 -0.000000 -0.254493 -0.967075 
 25222.1  21085.8     -0.6     26.7     32.2     12.8 
    -0.6     69.7     32.5     41.2  11525.5  12141.3 
     -5.3      48.9      -1.1      46.5 
     -1.4       9.1      -2.8       8.7 
     -1.4       6.0      -2.9       5.9 
     -1.5       5.0      -3.2       5.3 
29104 -0.000000 -0.367167 -0.930155 
 26093.9  21116.3     -1.0     18.7     32.5     12.7 
    -0.9     61.2     32.7     41.0  12313.3  12753.5 
     -9.0      48.3      -0.6      45.6 
     -2.2      13.3      -2.7       8.5 
     -1.9       8.7      -2.8       5.8 
     -1.8       7.4      -3.1       5.2 
29105 -0.000000 -0.465746 -0.884918 
 27326.3  20449.7     -0.8     11.3     32.5     12.6 
    -0.8     52.7     32.8     40.8  12818.6  13475.2 
     -7.7      47.6       0.7      46.8 
     -2.9      17.2      -2.6       8.6 
     -2.5      11.5      -2.8       5.8 
     -2.6       9.6      -3.1       5.2 
29106 -0.000000 -0.549617 -0.835417 
 28994.4  19345.6     -1.8      7.2     32.5     12.3 
    -0.6     43.6     32.8     40.4  13230.8  14159.6 
     -7.8      49.0      -0.2      51.8 
     -3.1      19.2      -2.9       8.8 
     -2.4      14.0      -2.7       5.9 
     -2.6      13.1      -3.0       5.1 
29107 -0.000000 -0.619644 -0.784883 
 30691.0  17856.3      0.1     43.3     32.8     12.0 
    -0.8     34.3     33.1     40.4  14842.7  15575.1 
     -7.5      49.0      -0.8      48.9 
     -3.4      21.7      -2.5       8.6 
     -2.9      16.2      -2.4       5.8 
     -3.1      15.7      -2.9       5.0 
29108 -0.000000 -0.677476 -0.735545 
 32869.0  16420.9      0.1     43.3     33.0     11.8 
    -0.8     25.1     33.2     40.0  16230.0  16807.1 
    -10.4      49.4      -1.6      53.6 
     -3.4      21.9      -2.5       8.6 
     -2.9      16.1      -2.4       5.8 
     -3.3      15.6      -2.6       5.0 
29109 -0.000000 -0.724999 -0.688749 
 34968.0  15586.1      0.1     43.3     33.4     11.5 
    -0.4     16.4     33.5     39.8  17831.0  18315.7 
     -9.1      50.0      -1.4      50.5 
     -3.6      21.2      -2.5       8.6 
     -3.0      15.1      -2.5       5.6 
     -3.2      14.2      -2.7       5.0 
29110 -0.000000 -0.764030 -0.645181 
 37309.2  14842.8      0.1     43.3     33.5     11.3 
    -0.9     10.5     33.7     39.7  18898.0  19611.6 
    -10.2      50.0      -1.7      51.5 
     -3.8      22.0      -2.5       8.9 
     -3.2      16.8      -2.3       5.8 
     -3.2      15.3      -2.6       4.8 
29111 -0.000000 -0.796162 -0.605083 
 39709.8  14375.3      0.1     43.3     33.5     11.0 
    -3.2     11.2     33.7     39.6  20695.4  21355.7 
    -10.8      53.1       1.4      55.2 
     -3.3      23.7      -2.4       9.5 
     -3.3      18.9      -2.2       5.6 
     -2.9      18.6      -2.5       4.8 
29112 -0.000000 -0.822730 -0.568432 
 42202.8  13867.3      0.1     43.3     33.7     10.8 
     0.1     86.6     33.8     39.3  21802.5  22552.3 
     -9.6      51.9       1.1      53.7 
     -3.5      23.7      -2.5       9.5 
     -3.2      18.3      -2.3       5.5 
     -3.4      17.9      -2.4       4.7 
29113 -0.000000 -0.844819 -0.535052 
 44976.4  13609.5      0.1     43.3     33.7     10.6 
     0.1     86.6     33.9     39.1  23927.1  24757.4 
    -11.4      50.9      -0.8      57.6 
     -3.9      23.3      -2.3      10.4 
     -3.4      17.0      -2.1       5.4 
     -3.4      16.3      -2.3       4.6 
29114 -0.000000 -0.863297 -0.504697 
 47669.7  13343.5      0.1     43.3     33.9     10.4 
     0.1     86.6     34.1     38.9  25276.6  26204.9 
    -12.8      51.7       2.3      58.9 
     -3.8      23.2      -2.0       9.8 
     -3.4      18.4      -2.1       5.5 
     -3.2      16.5      -2.3       4.6 
29115 -0.000000 -0.878853 -0.477092 
 50223.8  13101.3      0.1     43.3     34.1     10.3 
     0.1     86.6     34.1     38.9  27186.5  28093.1 
    -11.4      51.6      -3.5      60.3 
     -3.0      23.9      -1.9      10.2 
     -3.2      19.9      -2.1       5.2 
     -3.5      20.0      -2.3       4.6 
29116 -0.000000 -0.892036 -0.451965 
 53267.3  12983.5      0.1     43.3     34.2     10.2 
     0.1     86.6     34.3     38.7  29314.7  30053.2 
    -12.8      55.5      -0.3      62.4 
     -3.3      24.4      -1.9      11.8 
     -3.0      19.3      -2.0       5.2 
     -3.7      19.2      -2.1       4.4 
29117 -0.000000 -0.903278 -0.429057 
 55926.8  12840.8      0.1     43.3     34.3     10.0 
     0.1     86.6     34.4     38.5  30781.8  31965.7 
    -11.7      47.6      -1.4      62.2 
     -3.3      23.3      -2.0      11.5 
     -3.3      18.1      -2.0       5.3 
     -3.4      17.4      -2.0       4.4 
29118 -0.000000 -0.912924 -0.408131 
 58950.8  12796.4      0.1     43.3     34.3     12.0 
     0.1     86.6     34.4     38.4  32310.3  33554.2 
    -11.9      51.8       1.1      68.2 
     -3.5      23.4      -2.0      11.5 
     -3.3      18.6      -2.0       5.1 
     -3.7      17.1      -2.2       4.4 
29119 -0.000000 -0.921250 -0.388972 
 61779.3  12775.2      0.1     43.3     34.4      9.8 
     0.1     86.6     34.5     38.3  34152.0  35634.5 
    -12.2      53.6      -1.9      65.1 
     -3.4      24.9      -1.7      12.5 
     -3.2      21.1      -2.0       5.2 
     -3.4      20.5      -2.1       4.3 
29120 -0.000000 -0.928477 -0.371391 
 64534.2  12615.3      0.1     43.3     34.3      9.8 
     0.1     86.6     34.6     38.2  36208.2  37815.9 
    -12.4      51.3      -2.1      70.5 
     -3.9      24.8      -1.7      13.3 
     -3.6      20.3      -1.8       5.1 
     -3.7      20.2      -2.0       4.4 
29121 -0.000000 -0.934784 -0.355218 
 67341.8  12538.6      0.1     43.3     34.4      9.6 
     0.1     86.6     34.6     38.1  38401.9  39442.9 
    -11.8      51.8      -1.7      65.1 
     -4.2      24.0      -2.0      13.0 
     -3.5      18.5      -1.9       5.1 
     -3.7      17.8      -2.0       4.3 
29122 -0.000000 -0.940315 -0.340305 
 70642.6  12432.9      0.1     43.3     34.5      9.5 
     0.1     86.6     34.7     38.0  40045.8  41476.0 
    -10.5      49.4      -0.2      69.5 
     -3.8      24.0      -1.7      14.2 
     -2.8      19.0      -1.8       5.1 
     -3.7      17.4      -2.0       4.3 
29123 -0.000000 -0.945190 -0.326520 
 73395.6  12498.7      0.1     43.3     34.6      9.4 
     0.1     86.6     34.7     38.1  42222.8  43707.5 
    -11.4      50.2      -0.8      65.7 
     -3.6      25.3      -1.7      14.3 
     -3.5      21.5      -1.8       5.4 
     -3.9      20.8      -1.9       4.3 
29124 -0.000000 -0.949506 -0.313750 
 76537.6  12444.7      0.1     43.3     34.7      9.3 
     0.1     86.6     34.6     37.8  44064.2  45670.7 
    -14.1      51.1       0.1      73.8 
     -3.8      25.2      -1.6      14.6 
     -3.2      20.9      -1.9       5.4 
     -3.8      20.1      -1.9       4.2 
29125 -0.000000 -0.953342 -0.301892 
 79438.9  12360.4      0.1     43.3     34.6      9.2 
     0.1     86.6     34.7     37.9  46162.2  47228.0 
    -12.5      50.8       2.8      72.8 
     -3.7      24.1      -1.5      16.0 
     -3.7      18.8      -1.8       5.3 
     -3.8      18.6      -1.9       4.2 
29126 -0.000000 -0.956767 -0.290857 
 82651.1  12345.6      0.1     43.3     34.9      9.2 
     0.1     86.6     34.9     37.8  48107.3  49616.2 
    -13.2      49.2      -0.7      74.6 
     -3.8      24.1      -1.6      16.3 
     -3.7      19.1      -1.7       5.2 
     -3.6      17.9      -1.9       4.3 
29127 -0.000000 -0.959834 -0.280567 
 85783.1  12389.2      0.1     43.3     34.8      9.2 
     0.1     86.6     34.8     37.7  49874.7  51476.8 
    -13.4      52.9      -0.9      79.0 
     -3.8      25.6      -1.3      17.0 
     -3.4      21.7      -1.8       5.2 
     -3.8      21.0      -1.9       4.3 
29128 -0.000000 -0.962593 -0.270952 
 88962.7  12341.1      0.1     43.3     35.0      9.1 
     0.1     86.6     35.0     37.6  51623.3  53482.7 
    -12.2      53.1       2.5      80.4 
     -3.8      25.2      -1.3      17.4 
     -3.2      21.0      -1.7       5.5 
     -3.3      20.4      -1.7       4.2 
29129 -0.000000 -0.965081 -0.261951 
 91651.5  12318.0      0.1     43.3     35.0      9.0 
     0.1     86.6     34.9     37.5  53907.8  56111.7 
    -14.6      48.6      -1.3      84.1 
     -4.2      24.3      -1.7      18.5 
     -3.8      19.0      -1.7       5.6 
     -3.5      18.4      -1.8       4.2 
29130 -0.000000 -0.967333 -0.253508 
 94792.4  12314.0      0.1     43.3     35.1     10.8 
     0.1     86.6     35.1     37.4  56230.6  57760.3 
    -11.7      50.4       0.8      80.5 
     -3.8      24.0      -1.7      18.4 
     -3.6      19.5      -1.6       5.4 
     -3.8      18.1      -1.8       4.2 
29131 -0.000000 -0.969377 -0.245576 
 98071.5  12296.0      0.1     43.3     35.1      9.0 
     0.1     86.6     35.2     37.6  58928.8  60473.9 
    -10.9      51.1      -1.0      83.1 
     -4.3      26.2      -1.7      19.3 
     -3.2      21.7      -1.6       5.6 
     -3.6      21.3      -1.7       4.3 
29132 -0.000000 -0.971238 -0.238110 
100806.9  12290.1      0.1     43.3     35.1      8.9 
     0.1     86.6     34.9     37.5  60362.2  62088.5 
    -11.3      49.6       0.3      83.3 
     -4.5      25.7      -1.4      20.1 
     -3.7      21.2      -1.7       5.0 
     -4.0      20.6      -1.8       4.2 
29133 -0.000000 -0.972937 -0.231072 
104150.4  12295.0      0.1     43.3     35.2      8.9 
     0.1     86.6     35.1     37.4  61485.1  64305.4 
    -11.9      51.2       0.6      89.0 
     -4.1      24.5      -1.2      19.8 
     -3.2      19.6      -1.6       5.7 
     -4.0      18.5      -1.8       4.3 
29134 -0.000000 -0.974491 -0.224428 
106951.0  12259.8      0.1     43.3     35.1      8.7 
     0.1     86.6     35.1     37.2  64130.1  65766.9 
    -13.1      52.0       2.3      86.9 
     -4.5      24.9      -1.5      19.8 
     -3.6      19.3      -1.7       5.4 
     -3.8      18.1      -1.7       4.2 
29135 -0.000000 -0.975916 -0.218146 
110263.5  12278.7      0.1     43.3     35.1      8.8 
     0.1     86.6     35.2     37.2  65951.4  68330.5 
    -10.9      51.9       5.8      84.5 
     -4.5      26.0      -1.7      21.4 
     -3.6      22.1      -1.6       5.9 
     -3.7      21.5      -1.7       4.3 
29136 -0.000000 -0.977227 -0.212198 
113154.0  12256.2      0.1     43.3     35.3      8.6 
     0.1     86.6     35.0     37.2  68496.0  70646.9 
    -13.3      52.8      -0.5      79.0 
     -4.4      25.5      -1.3      21.3 
     -3.7      20.9      -1.7       5.5 
     -3.7      20.7      -1.7       4.3 
29137 -0.000000 -0.978434 -0.206558 
116439.5  12386.9      0.1     43.3     35.2      8.6 
     0.1     86.6     35.3     37.2  70575.9  72506.5 
    -13.2      48.8      -3.5      84.4 
     -4.5      24.8      -1.3      22.3 
     -3.7      19.6      -1.6       5.9 
     -3.7      18.8      -1.6       4.3 
29138 -0.000000 -0.979549 -0.201205 
119606.0  12312.7      0.1     43.3     35.2      8.6 
     0.1     86.6     35.0     37.3  72888.2  74394.4 
    -15.5      53.1       3.1      92.7 
     -4.3      24.0      -1.4      23.1 
     -3.8      19.7      -1.7       5.7 
     -4.0      18.3      -1.7       4.2 
29139 -0.000000 -0.980581 -0.196116 
122191.4  12246.2      0.1     43.3     35.2      8.6 
     0.1     86.6     35.1     37.0  74171.6  76465.3 
    -12.8      49.9       3.0      87.9 
     -4.1      26.2      -1.9      23.9 
     -3.4      21.8      -1.5       5.6 
     -3.5      21.4      -1.7       4.2 
29140 -0.000000 -0.981537 -0.191274 
125628.8  12277.9      0.1     43.3     35.3      8.5 
     0.1     86.6     35.2     37.0  77062.7  78831.9 
    -16.1      57.6      -5.1      84.6 
     -4.3      25.9      -1.7      24.0 
     -3.7      21.5      -1.5       6.0 
     -3.7      20.9      -1.6       4.3 
29141 -0.000000 -0.982424 -0.186661 
128647.9  12324.6      0.1     43.3     35.2      8.5 
     0.1     86.6     35.2     37.1  79530.4  81499.7 
    -15.7      52.3      -4.3      86.4 
     -4.4      24.7      -1.3      24.1 
     -3.6      19.8      -1.5       6.6 
     -3.5      18.8      -1.6       4.2 
29142 -0.000000 -0.983250 -0.182261 
131951.6  12363.3      0.1     43.3     35.2      8.5 
     0.1     86.6     35.3     37.0  81063.5  83184.9 
    -16.3      54.4       8.2      93.0 
     -4.0      24.3      -1.1      24.5 
     -3.8      19.5      -1.5       5.8 
     -3.8      18.5      -1.5       4.4 
29143 -0.000000 -0.984020 -0.178061 
134929.0  12295.2      0.1     43.3     35.4      8.5 
     0.1     86.6     35.2     36.8  82462.9  85006.5 
    -17.1      58.0      -3.5      90.3 
     -4.4      26.3      -1.8      25.7 
     -3.4      22.1      -1.5       6.1 
     -3.6      21.8      -1.7       4.3 
29144 -0.000000 -0.984737 -0.174047 
138288.4  12257.3      0.1     43.3     35.5     10.4 
     0.1     86.6     35.3     37.0  85523.0  87586.2 
    -13.2      51.0       4.7      92.4 
     -4.4      26.4      -1.2      27.0 
     -3.7      21.7      -1.4       6.6 
     -3.9      21.2      -1.6       4.4 
29145 -0.000000 -0.985408 -0.170207 
141629.0  12359.3      0.1     43.3     35.3      8.4 
     0.1     86.6     35.3     36.7  87749.2  90130.8 
    -16.0      55.1       1.2      96.0 
     -4.3      25.1      -1.5      27.6 
     -3.8      19.8      -1.5       6.8 
     -4.1      19.0      -1.6       4.5 
29146 -0.000000 -0.986036 -0.166531 
144454.2  12332.6      0.1     43.3     35.5      8.5 
     0.1     86.6     35.4     37.0  89503.2  92472.7 
    -11.9      49.5      -2.0      94.6 
     -4.1      24.3      -1.2      28.1 
     -3.7      19.7      -1.6       6.6 
     -3.8      18.2      -1.6       4.3 
29147 -0.000000 -0.986625 -0.163008 
147657.2  12299.2      0.1     43.3     35.5     11.1 
     0.1     86.6     35.3     36.7  91306.1  93864.5 
    -15.7      54.8       1.5      94.1 
     -4.3      26.5      -1.1      29.4 
     -3.5      22.1      -1.5       6.6 
     -3.6      21.7      -1.6       4.4 
29148 -0.000000 -0.987696 -0.156385 
153934.0  12379.8      0.1     43.3     35.2      8.3 
     0.1     86.6     35.2     36.8  96265.7  99274.9 
    -12.1      52.1      -4.8      99.3 
     -4.7      24.5      -1.1      28.6 
     -3.9      19.9      -1.4       7.4 
     -3.6      18.9      -1.6       4.3 
29149 -0.000000 -0.988644 -0.150274 
160336.9  12352.8      0.1     43.3     35.4      8.3 
     0.1     86.6     35.3     36.6 101226.7 103845.6 
    -14.9      54.8       1.3      97.6 
     -5.0      27.0      -1.3      30.2 
     -3.5      22.1      -1.5       6.8 
     -4.0      22.0      -1.6       4.4 
29150 -0.000000 -0.989488 -0.144617 
166477.4  12390.1      0.1     43.3     35.5      8.2 
     0.1     86.6     35.4     36.5 104669.5 107575.0 
    -12.3      52.6       7.3      99.0 
     -4.7      25.7      -1.6      31.0 
     -4.0      19.9      -1.4       7.2 
     -3.7      19.0      -1.5       4.7 
29151 -0.000000 -0.990241 -0.139367 
172320.6  12314.3      0.1     43.3     35.6     12.6 
     0.1     86.6     35.3     36.5 108521.2 112136.4 
    -17.0      52.4       3.3     100.8 
     -4.8      26.8      -1.4      30.5 
     -3.6      21.7      -1.5       8.0 
     -3.2      21.6      -1.5       4.9 
29152 -0.000000 -0.990916 -0.134481 
179176.9  12384.0      0.1     43.3     35.6      8.1 
     0.1     86.6     35.4     36.3 113973.4 116240.8 
    -18.5      51.0       2.7      98.2 
     -5.1      25.8      -1.0      31.2 
     -3.8      19.8      -1.4       7.5 
     -3.7      19.3      -1.5       4.7 
29153 -0.000000 -0.991524 -0.129924 
185347.1  12378.9      0.1     43.3     35.6      8.0 
     0.1     86.6     35.6     36.5 117392.6 119735.6 
    -11.5      46.6       1.9     100.9 
     -4.2      26.1      -1.5      32.0 
     -3.8      22.3      -1.2       8.5 
     -3.4      21.5      -1.4       4.5 
29154 -0.000000 -0.992073 -0.125663 
191763.8  12461.6      0.1     43.3     35.5      8.1 
     0.1     86.6     35.5     36.4 121770.9 125691.1 
     -9.4      43.4      -2.1      99.2 
     -4.8      24.6      -1.3      33.7 
     -3.7      20.0      -1.3       8.0 
     -4.1      19.3      -1.5       5.0 
29155 -0.000000 -0.992571 -0.121670 
198139.3  12557.1      0.1     43.3     35.8      8.1 
     0.1     86.6     35.7     36.4 126283.9 130323.9 
    -12.4      41.6       5.0      97.9 
     -4.4      25.7      -0.8      35.4 
     -3.9      22.0      -1.7       8.5 
     -3.0      21.5      -1.5       4.7 
29156 -0.000000 -0.993023 -0.117921 
204183.6  12521.7      0.1     43.3     35.8     10.3 
     0.1     86.6     35.6     36.3 130552.8 134841.8 
     -5.9      38.7      10.5     109.7 
     -4.3      23.9      -1.4      34.9 
     -3.6      19.6      -1.3       8.5 
     -3.6      19.3      -1.3       4.9 
29157 -0.000000 -0.993435 -0.114396 
210246.3  12402.3      0.1     43.3     35.9     10.5 
     0.1     86.6     35.7     36.5 136299.8 139339.9 
     -5.7      35.4       4.4     107.5 
     -4.3      25.6      -1.4      34.6 
     -3.5      22.1      -1.3       8.9 
     -3.7      21.8      -1.3       4.6 
29158 -0.000000 -0.993812 -0.111073 
216662.7  12515.2      0.1     43.3     36.0      7.9 
     0.1     86.6     35.6     36.3 140045.1 143862.6 
     -4.7      34.3       3.1      99.3 
     -4.3      23.4      -1.7      34.7 
     -3.8      19.9      -1.3       9.8 
     -4.2      19.3      -1.4       5.3 
29159 -0.000000 -0.994158 -0.107937 
223173.8  12484.1      0.1     43.3     36.1      7.9 
     0.1     86.6     35.8     36.2 141793.0 146086.1 
     -4.7      35.6       5.4     101.8 
     -4.0      24.7      -1.3      36.7 
     -3.9      22.1      -1.1       9.2 
     -3.8      21.8      -1.3       5.2 
29160 -0.000000 -0.994475 -0.104972 
229384.6  12471.2      0.1     43.3     35.9      7.9 
     0.1     86.6     35.6     36.1 148980.3 152174.1 
     -3.3      29.2       6.9     100.6 
     -4.2      22.7      -1.4      35.2 
     -4.0      19.8      -1.1       9.2 
     -3.5      19.0      -1.4       5.1 
29161 0.903278 -0.000000 -0.429057 
 55662.2   9708.7     -0.0     41.3     32.4     28.9 
    -0.0     84.2     32.4     57.7  30514.7  31377.3 
      1.0      88.1      12.2      46.8 
      1.9      31.2       2.8      18.1 
      0.5      10.2       2.7      14.1 
      0.0       2.1       3.0      13.3 
29162 0.887877 -0.000000 -0.460082 
 51697.4   9905.2     -0.4     41.4     32.4     28.9 
    -0.3     84.2     32.4     57.7  28695.2  29287.7 
     -1.5      80.0      12.0      47.2 
     -2.1      31.6       2.7      18.1 
      0.5       9.0       2.7      15.2 
     -0.2       2.2       2.8      15.5 
29163 0.868777 -0.000000 -0.495203 
 48270.4  10155.8      0.0     41.4     32.4     28.9 
    -0.0     84.3     32.4     57.7  25790.1  26577.8 
     -2.5      79.0      13.0      47.3 
      0.3      26.8       2.6      16.8 
     -0.4       5.4       2.5      13.8 
     -0.1       1.8       2.5      12.6 
29164 0.844819 -0.000000 -0.535052 
 44769.1  10679.9     -0.4     41.4     32.4     28.9 
    -0.4     84.3     32.4     57.7  23379.2  24436.2 
      0.9      81.9      11.8      48.4 
      0.8      24.4       2.1      17.3 
      0.0       3.2       2.2      14.2 
     -0.1       1.5       2.1      14.4 
29165 0.814421 -0.000000 -0.580275 
 41162.2  11292.0     -0.3     41.5     32.4     28.9 
    -0.2     84.4     32.4     57.7  21371.8  22247.7 
      5.9      78.6      12.3      47.1 
      1.0      23.0       2.0      16.3 
     -0.3       5.2       1.9      12.7 
     -0.0       3.0       1.9      11.7 
29166 0.775436 -0.000000 -0.631426 
 38061.1  12259.9      0.2     41.6     32.4     28.9 
     0.2     84.5     32.4     57.7  19796.9  20377.6 
     -2.0      79.3      12.8      50.9 
     -0.7      20.1       1.7      16.5 
     -0.5       4.6       1.4      12.6 
     -0.1       1.6       1.5      12.7 
29167 0.724999 -0.000000 -0.688749 
 34938.6  13689.5      0.3     41.7     32.4     28.9 
     0.3     84.6     33.3      7.1  17463.0  18111.7 
      5.8      79.2       9.5      49.6 
     -1.3      19.9       1.4      15.3 
      0.1       4.1       1.0      11.3 
     -0.0       1.3       1.3      10.5 
29168 0.659438 -0.000000 -0.751759 
 32331.4  16088.6      0.2     41.6     32.4     28.9 
     0.2     84.6     33.5     16.4  16114.4  16643.2 
     -0.4      75.1       9.4      49.2 
     -1.2      18.4       0.7      14.7 
      0.3       4.0       0.6      10.7 
     -0.2       1.6       0.5      10.2 
29169 0.574426 -0.000000 -0.818557 
 29900.1  19792.8     -0.2     41.4     32.8      4.4 
    -0.1     84.6     33.6     28.4  14555.2  15071.1 
      4.3      72.3       9.3      48.0 
      0.2      16.9       0.2      12.7 
      0.0       3.4       0.2       9.3 
     -0.1       1.7       0.2       8.8 
29170 0.465746 -0.000000 -0.884918 
 27944.4  23046.9      0.2     41.5     33.5     11.7 
     0.2     84.6     33.6     40.0  13468.5  13995.0 
     -2.9      71.9       7.8      47.9 
      0.0      13.1      -0.7      10.2 
     -0.0       2.8      -0.8       6.7 
     -0.2       1.2      -1.0       5.5 
29171 0.331088 -0.000000 -0.943600 
 26532.5  21811.7      0.3     41.7     33.0     22.6 
     0.3     84.7     33.0     51.3  12385.5  13097.1 
     -0.6      72.4       8.0      56.7 
      0.4      10.2      -1.3       7.2 
     -0.1       1.6      -1.7       3.4 
     -0.2       1.7      -1.8       2.9 
29172 0.254493 -0.000000 -0.967075 
 25862.6  21175.8     -0.5     41.9     31.1     26.4 
    -0.5     84.9     31.1     55.1  12292.2  12890.4 
      6.5      75.2       6.1      62.3 
      0.4      11.5      -0.2       8.9 
     -0.0       2.3      -1.3       2.5 
     -0.0       1.3      -1.2       0.8 
29173 0.172799 -0.000000 -0.984957 
 25435.5  20784.9     -0.6     41.8     32.8     23.5 
    -0.6     84.8     32.9     52.2  11985.2  12437.1 
     -4.6      71.6       4.9      57.6 
     -0.5      10.6      -0.9       7.3 
      0.1       2.3      -1.2       3.4 
     -0.1       1.2      -1.6       2.9 
29174 0.087384 -0.000000 -0.996175 
 25074.9  20481.7      0.3     41.8     32.6     18.1 
     0.3     84.9     32.6     46.8  11623.9  12144.4 
      0.9      70.3       1.3      51.2 
     -0.2      13.4      -2.3       6.6 
     -0.3       2.5      -2.4       4.5 
     -0.1       1.2      -2.7       3.8 
29175 -0.000000 -0.000000 -1.000000 
 24733.9  20455.5     -0.3     41.9     32.4     13.0 
    -0.4     85.0     32.5     41.3  11461.4  11945.3 
     -3.6      77.0      -0.4      50.8 
      0.2       7.8      -3.1       8.6 
     -0.1       2.1      -2.8       5.9 
     -0.2       1.1      -3.2       5.2 
29176 -0.087384 -0.000000 -0.996175 
 24513.2  19064.1      0.2     41.9     31.7      8.0 
     0.3     84.9     32.3     35.8  11476.0  11966.0 
      0.2      67.2      -1.7      43.6 
      0.3      11.7      -3.3      10.9 
     -0.2       1.6      -3.3       7.6 
     -0.1       1.4      -3.5       6.5 
29177 -0.172799 -0.000000 -0.984957 
 24553.8  16478.1      0.1     41.9     30.6      5.3 
     0.1     85.0     32.1     30.3  11021.8  11603.1 
     -3.9      73.6      -3.2      38.3 
     -0.5      14.3      -3.4      13.1 
     -0.0       2.1      -3.3       9.8 
     -0.2       1.1      -3.7       9.2 
29178 -0.254493 -0.000000 -0.967075 
 25029.0  14965.2     -0.4     41.9     27.4      5.5 
    -0.4     85.0     32.4     24.8  11503.9  11909.2 
     -0.4      78.3      -3.3      42.9 
     -0.3       6.1      -3.6      14.8 
     -0.2       1.5      -3.2      11.5 
      0.1       1.0      -4.0      11.7 
29179 -0.331088 -0.000000 -0.943600 
 25475.1  13191.0      0.1     41.8     32.4     28.9 
     0.0     84.9     32.3     19.2  11853.8  12399.4 
     -4.0      72.2      -4.4      43.9 
      0.1      15.9      -4.2      15.2 
     -0.0       1.4      -3.5      11.6 
     -0.2       1.2      -4.2      11.9 
29180 -0.465746 -0.000000 -0.884918 
 27006.0  11410.5      0.0     41.8     32.4     28.9 
     0.0     84.9     31.9     10.1  12788.5  13285.1 
     -0.7      76.2      -6.5      43.5 
      0.2      12.2      -3.3      16.6 
     -0.0       1.2      -3.1      12.5 
     -0.1       1.1      -3.6      11.6 
29181 -0.574426 -0.000000 -0.818557 
 28997.8  10063.2     -0.2     41.8     32.4     28.9 
    -0.2     84.9     26.8      9.0  14177.1  14725.1 
      1.9      75.1      -6.4      44.0 
     -1.1      12.3      -2.8      17.7 
     -0.0       1.9      -3.0      14.7 
     -0.1       1.1      -3.3      15.7 
29182 -0.659438 -0.000000 -0.751759 
 31279.4   9188.2      0.1     41.9     32.4     28.9 
     0.3     84.9     32.4     57.7  15459.2  16065.3 
      7.0      73.1      -6.4      39.8 
      0.5      18.5      -2.9      18.0 
     -0.3       1.8      -2.7      14.1 
     -0.0       1.1      -3.1      13.6 
29183 -0.724999 -0.000000 -0.688749 
 34346.2   8840.3     -0.3     42.0     32.4     28.9 
    -0.3     84.9     32.4     57.7  16777.4  17574.3 
      1.4      74.5      -8.2      41.9 
     -0.7      21.4      -2.4      19.3 
     -0.3       5.1      -1.9      16.6 
     -0.1       2.1      -3.2      17.4 
29184 -0.775436 -0.000000 -0.631426 
 37559.0   8542.3      0.0     41.8     32.4     28.9 
     0.1     84.8     32.4     57.7  19465.7  20133.1 
      1.5      79.2      -9.7      43.0 
      0.4      25.1      -1.8      18.5 
      0.1       2.5      -2.2      15.0 
     -0.1       1.7      -2.3      15.2 
29185 -0.814421 -0.000000 -0.580275 
 40821.8   8311.9      0.1     42.0     32.4     28.9 
     0.1     84.8     32.4     57.7  20987.6  21927.1 
     -3.5      75.3      -7.2      41.1 
      1.1      27.5      -2.1      20.3 
     -0.7       6.5      -1.6      17.8 
      0.0       2.7      -2.4      18.4 
29186 -0.844819 -0.000000 -0.535052 
 44364.4   8158.1      0.1     41.7     32.4     28.9 
     0.1     84.6     32.4     57.7  23874.8  24522.0 
      2.5      80.6      -6.9      39.7 
     -1.9      25.5      -2.0      19.3 
      0.5       5.6      -1.9      15.8 
      0.0       1.3      -2.4      15.8 
29187 -0.868777 -0.000000 -0.495203 
 47925.7   8069.9      0.1     42.1     32.4     28.9 
    -0.0     84.5     32.4     57.7  25380.2  26352.6 
     -8.7      82.4      -6.9      41.0 
      0.3      28.6      -1.8      20.5 
     -0.2       4.5      -1.2      18.3 
      0.2       6.0      -2.2      18.7 
29188 -0.887877 -0.000000 -0.460082 
 51508.6   7963.8      0.0     41.7     32.4     28.9 
     0.0     84.6     32.4     57.7  27958.4  29158.0 
     -0.1      80.0      -5.6      36.6 
     -1.3      31.6      -1.6      19.4 
      0.2       8.9      -1.7      16.3 
      0.2       4.3      -1.9      16.5 
29189 -0.903278 -0.000000 -0.429057 
 55349.0   7932.3      0.1     41.6     32.4     28.9 
     0.1     84.4     32.4     57.7  30318.4  31373.3 
      1.2      81.8      -6.5      36.7 
     -0.6      30.7      -2.0      21.1 
     -0.9       6.6      -1.3      18.7 
      0.0       2.5      -1.5      19.2 
29190 0.840060 -0.367526 -0.399028 
 59145.1  10349.0      0.1     43.3     32.4     28.9 
    -0.0     19.3     32.4     57.7  32460.5  33297.8 
     -6.9      56.1      12.0      46.5 
     -2.1      20.8       2.8      17.8 
     -1.7      14.5       2.2      14.0 
     -1.9      13.4       2.4      13.3 
29191 0.817505 -0.390173 -0.423616 
 55901.7  10777.2      0.1     43.3     32.4     28.9 
    -0.1     19.8     32.4     57.7  30703.8  31745.7 
     -8.0      55.2      10.9      48.2 
     -2.2      21.1       3.0      18.3 
     -2.1      14.7       2.2      14.8 
     -2.0      13.5       2.4      15.0 
29192 0.790440 -0.414981 -0.450551 
 52588.6  11229.1      0.1     43.3     32.4     28.9 
    -0.0     20.3     32.4     57.7  28281.9  29533.1 
     -8.4      56.1      12.2      48.9 
     -2.4      21.1       2.5      17.0 
     -2.2      15.0       2.3      13.6 
     -2.2      13.7       2.2      12.9 
29193 0.757796 -0.442047 -0.479937 
 49428.7  11912.6      0.1     43.3     32.4     28.9 
    -0.2     20.7     32.4     57.7  26443.3  27296.2 
     -8.8      56.4      12.5      53.0 
     -2.7      21.1       2.4      17.5 
     -2.1      15.4       1.8      13.6 
     -2.1      13.8       1.8      13.8 
29194 0.718269 -0.471364 -0.511767 
 46184.5  12765.1      0.1     43.3     32.4     28.9 
    -0.1     21.6     32.4     57.7  23988.9  24944.6 
     -5.9      54.9      10.3      50.5 
     -2.2      20.7       1.6      16.0 
     -2.1      15.0       1.5      12.4 
     -2.4      14.1       1.7      11.6 
29195 0.670317 -0.502738 -0.545830 
 43522.7  14134.9      0.1     43.3     32.4     28.9 
     0.1     22.0     32.4     57.7  22657.3  23414.4 
     -9.6      52.9      10.3      52.6 
     -2.6      21.0       1.4      16.1 
     -2.4      15.5       1.5      12.1 
     -2.1      14.4       1.1      11.9 
29196 0.612205 -0.535679 -0.581595 
 41046.6  15933.5      0.1     43.3     32.4     28.9 
    -0.4     22.8     32.7      7.1  20786.9  21865.7 
     -9.1      52.9       9.8      50.5 
     -2.6      21.5       1.2      14.6 
     -2.5      15.7       0.9      11.1 
     -2.4      14.6       0.9      10.3 
29197 0.542159 -0.569267 -0.618061 
 38656.2  17470.9      0.1     43.3     32.4     28.9 
    -0.2     23.2     33.5     15.1  19460.4  20366.9 
     -9.4      53.3       9.3      49.3 
     -3.1      21.6       0.7      14.5 
     -2.8      15.7       0.4      10.3 
     -2.3      14.7       0.2       9.8 
29198 0.458673 -0.602008 -0.653609 
 36703.4  18241.0      0.1     43.3     32.3      5.6 
    -0.5     23.8     33.8     27.3  18362.6  19306.9 
     -8.9      52.4       7.1      49.8 
     -3.1      21.5      -0.0      12.9 
     -2.6      15.9      -0.1       9.1 
     -2.6      14.8      -0.1       8.3 
29199 0.361020 -0.631785 -0.685938 
 35307.5  17675.8      0.1     43.3     33.8     10.9 
    -0.4     24.3     33.7     39.0  17532.2  18454.6 
     -9.5      53.7       7.8      56.4 
     -3.2      21.4      -0.9      10.1 
     -2.8      15.9      -1.2       6.5 
     -2.9      15.1      -1.2       5.6 
29200 0.249898 -0.655981 -0.712208 
 34137.7  17049.9      0.1     43.3     33.1     22.2 
    -0.6     24.5     33.0     50.7  17056.0  17802.5 
     -9.3      50.0       7.8      62.7 
     -3.8      22.0      -1.4      10.1 
     -3.1      15.7      -1.7       3.4 
     -3.1      15.1      -1.9       3.1 
29201 0.190037 -0.665130 -0.722141 
 33638.5  16626.1      0.1     43.3     30.8     26.6 
    -0.5     24.7     30.8     55.2  16688.0  17330.0 
     -8.4      52.3       6.6      69.6 
     -3.5      21.8      -1.4      13.4 
     -3.1      15.9      -1.2       1.7 
     -3.3      15.0      -1.3       1.0 
29202 0.127982 -0.671905 -0.729496 
 33334.3  16534.7      0.1     43.3     33.4     23.0 
    -1.0     24.6     33.5     51.7  16230.4  17024.1 
    -11.5      51.4       2.1      67.5 
     -4.0      21.4      -1.1       9.8 
     -3.2      15.8      -0.8       3.5 
     -3.4      14.9      -1.3       3.1 
29203 0.064388 -0.676070 -0.734019 
 32886.6  16450.7      0.1     43.3     33.3     17.3 
    -0.7     25.0     33.4     46.0  16519.3  17137.5 
     -8.9      51.5       1.7      54.1 
     -3.1      21.9      -1.9       7.9 
     -2.9      15.9      -2.0       4.4 
     -3.3      15.4      -2.2       3.9 
29204 -0.000000 -0.677476 -0.735545 
 32710.9  16302.3      0.1     43.3     33.2     11.8 
    -0.6     25.1     33.3     40.1  16090.0  16770.4 
     -9.8      50.2       0.3      52.4 
     -3.4      22.2      -2.4       8.8 
     -3.2      16.1      -2.5       5.6 
     -3.3      15.6      -2.8       4.9 
29205 -0.064388 -0.676070 -0.734019 
 32819.9  16381.7      0.1     43.3     32.8      6.7 
    -0.8     25.4     33.3     34.3  15885.0  16539.3 
    -11.9      52.1      -2.9      48.4 
     -3.3      22.0      -2.9      10.9 
     -2.8      16.5      -2.9       7.2 
     -3.4      15.7      -3.2       6.4 
29206 -0.127982 -0.671905 -0.729496 
 32833.0  16360.5      0.1     43.3     31.0      5.4 
    -0.4     25.5     33.0     28.5  15804.9  16554.5 
    -10.1      51.7      -2.9      47.1 
     -3.2      22.3      -3.1      13.0 
     -2.9      16.6      -2.9       9.3 
     -3.0      15.8      -3.2       8.6 
29207 -0.190037 -0.665130 -0.722141 
 32929.5  15956.2      0.1     43.3     32.4     28.9 
    -0.6     25.6     33.0     22.7  15786.1  16569.0 
     -8.5      51.2      -3.3      48.5 
     -3.2      22.2      -3.5      14.7 
     -2.9      16.3      -3.3      11.0 
     -3.2      15.9      -3.6      10.5 
29208 -0.249898 -0.655981 -0.712208 
 33598.9  15581.7      0.1     43.3     32.4     28.9 
    -0.5     25.5     33.1     17.2  16469.6  17202.3 
     -7.6      52.5      -4.6      49.7 
     -3.6      22.3      -3.7      14.9 
     -2.7      16.8      -3.3      11.1 
     -3.1      16.2      -3.7      10.8 
29209 -0.361020 -0.631785 -0.685938 
 34382.1  14332.0      0.1     43.3     32.4     28.9 
    -0.3     25.2     32.6      8.7  16372.9  17068.1 
     -9.1      52.1      -4.4      42.9 
     -2.7      22.0      -2.6      15.4 
     -2.8      16.3      -2.6      11.7 
     -2.6      15.9      -3.1      10.9 
29210 -0.458673 -0.602008 -0.653609 
 35979.6  12507.3      0.1     43.3     32.4     28.9 
    -0.5     24.6     30.3     13.6  17513.0  18264.4 
     -9.4      52.3      -7.0      44.1 
     -3.2      22.4      -2.8      17.1 
     -2.6      16.2      -2.4      13.5 
     -2.7      15.7      -3.1      13.9 
29211 -0.542159 -0.569267 -0.618061 
 38164.0  11394.3      0.1     43.3     32.4     28.9 
    -0.4     24.0     32.4     57.7  19008.8  19694.7 
     -6.2      53.8      -5.3      47.5 
     -2.6      21.5      -2.0      17.1 
     -2.6      16.2      -2.2      13.6 
     -2.4      15.6      -2.5      13.0 
29212 -0.612205 -0.535679 -0.581595 
 40259.7  10401.6      0.1     43.3     32.4     28.9 
    -0.8     23.5     32.4     57.7  20185.0  21224.9 
     -7.6      54.2      -4.3      42.7 
     -2.9      21.5      -2.3      18.2 
     -2.4      16.1      -1.8      15.6 
     -2.4      15.1      -2.1      16.2 
29213 -0.670317 -0.502738 -0.545830 
 42956.5   9871.3      0.1     43.3     32.4     28.9 
     0.2     22.7     32.4     57.7  21833.8  22768.7 
     -8.0      55.1      -6.9      44.9 
     -2.4      21.6      -1.8      18.4 
     -2.2      16.1      -1.7      14.8 
     -2.1      15.0      -2.0      14.7 
29214 -0.718269 -0.471364 -0.511767 
 45863.0   9321.4      0.1     43.3     32.4     28.9 
    -0.2     22.1     32.4     57.7  24111.7  24965.5 
     -5.8      54.4      -6.0      44.7 
     -2.6      21.3      -1.6      19.6 
     -1.9      15.7      -1.1      17.1 
     -2.1      14.5      -1.9      17.6 
29215 -0.757796 -0.442047 -0.479937 
 48934.4   8980.6      0.1     43.3     32.4     28.9 
    -0.2     21.2     32.4     57.7  25683.8  26804.6 
     -7.7      55.2      -7.5      41.8 
     -1.8      21.3      -1.1      18.7 
     -1.9      15.4      -1.2      15.8 
     -1.9      14.3      -1.4      15.9 
29216 -0.790440 -0.414981 -0.450551 
 52133.5   8960.3      0.1     43.3     32.4     28.9 
    -0.1     20.6     32.4     57.7  27536.2  28793.4 
     -5.7      56.7      -8.0      40.6 
     -2.6      21.3      -1.8      20.2 
     -2.0      15.3      -0.9      17.9 
     -2.0      14.2      -1.5      18.8 
29217 -0.817505 -0.390173 -0.423616 
 55475.7   8676.5      0.1     43.3     32.4     28.9 
    -0.6     20.0     32.4     57.7  30104.2  31151.2 
     -6.1      58.2      -7.0      39.4 
     -2.6      21.1      -1.2      19.4 
     -1.9      15.2      -1.1      16.7 
     -2.0      13.7      -1.5      17.3 
29218 -0.840060 -0.367526 -0.399028 
 58887.7   8550.8      0.1     43.3     32.4     28.9 
    -0.5     19.3     32.4     57.7  32268.6  33441.0 
     -9.5      59.0      -7.3      38.8 
     -2.0      21.0      -1.1      20.3 
     -1.9      14.8      -1.1      18.5 
     -2.1      13.5      -1.6      20.2 
29219 0.708659 -0.620076 -0.336613 
 70263.0  12325.5      0.1     43.3     32.4     28.9 
     0.1     86.6     32.4     57.7  39825.0  41204.8 
    -10.7      53.7      12.9      52.5 
     -2.9      23.5       2.8      17.9 
     -2.1      18.1       2.2      13.3 
     -2.0      16.8       2.4      12.4 
29220 0.677337 -0.646549 -0.350984 
 67492.3  12977.8      0.1     43.3     32.4     28.9 
     0.1     86.6     32.4     57.7  38089.7  39255.6 
     -9.7      54.7      13.4      52.4 
     -2.4      23.7       2.7      18.2 
     -1.9      18.3       2.0      13.3 
     -2.4      17.3       2.2      13.4 
29221 0.641844 -0.673936 -0.365851 
 64831.0  13590.3      0.1     43.3     32.4     28.9 
     0.1     86.6     32.4     57.7  36381.4  37455.6 
    -10.8      55.7      13.2      53.4 
     -2.6      23.1       2.3      16.3 
     -2.3      18.5       2.0      12.4 
     -2.5      17.3       2.1      11.6 
29222 0.601687 -0.701968 -0.381068 
 61885.5  14083.6      0.1     43.3     32.4     28.9 
     0.1     86.6     32.4     57.7  33579.0  34979.6 
    -10.5      52.8      11.5      53.4 
     -2.4      23.3       2.0      17.0 
     -2.5      18.6       2.0      12.3 
     -2.4      18.1       1.8      11.8 
29223 0.556388 -0.730259 -0.396426 
 59995.1  14777.1      0.1     43.3     32.4     28.9 
     0.1     86.6     32.4     57.7  32821.3  34061.1 
    -11.4      51.8      11.5      55.1 
     -2.8      23.9       2.0      16.2 
     -2.4      18.8       1.5      11.3 
     -2.3      18.0       1.4      10.4 
29224 0.505524 -0.758286 -0.411641 
 57965.0  14760.7      0.1     43.3     32.4     28.9 
     0.1     86.6     32.4     57.7  31392.7  32410.6 
     -7.3      52.4       9.9      55.3 
     -3.0      23.7       1.7      16.5 
     -2.4      19.3       1.2      11.1 
     -2.4      18.7       1.1      10.3 
29225 0.448787 -0.785377 -0.426348 
 55991.7  14563.8      0.1     43.3     32.4     28.9 
     0.1     86.6     32.3      5.8  30769.2  31616.4 
    -10.6      53.0      11.1      58.6 
     -2.8      23.8       1.0      14.7 
     -2.3      19.4       0.7      10.0 
     -2.5      19.0       0.9       9.1 
29226 0.386057 -0.810720 -0.440105 
 54338.2  14276.5      0.1     43.3     32.4     28.9 
     0.1     86.6     34.0     13.0  29298.5  30359.3 
    -11.4      52.5       8.3      56.9 
     -3.0      24.0       0.3      14.8 
     -2.6      19.7       0.1      10.0 
     -2.6      19.1       0.2       8.9 
29227 0.317480 -0.833386 -0.452409 
 52892.8  14054.8      0.1     43.3     32.4     28.9 
     0.1     86.6     34.3     25.3  28212.6  29336.4 
    -10.3      50.3       6.4      57.9 
     -3.4      24.4      -0.1      13.5 
     -3.0      19.7      -0.2       9.0 
     -2.7      19.3      -0.3       7.8 
29228 0.243541 -0.852392 -0.462727 
 51978.9  13662.9      0.1     43.3     34.2      9.6 
     0.1     86.6     33.9     37.7  28011.5  29322.0 
    -12.7      53.3       5.2      64.3 
     -3.2      24.5      -0.8      11.5 
     -2.5      20.1      -1.2       6.0 
     -3.4      19.5      -1.2       5.1 
29229 0.165103 -0.866792 -0.470544 
 51270.4  13500.0      0.1     43.3     33.2     21.4 
     0.1     86.6     33.2     50.1  28142.2  29095.6 
    -11.9      53.5       7.2      68.2 
     -3.4      23.8      -1.4      15.1 
     -3.1      20.1      -1.6       4.0 
     -3.9      19.7      -1.8       3.1 
29230 0.124573 -0.872008 -0.473376 
 50984.6  13279.5      0.1     43.3     31.3     26.0 
     0.1     86.6     31.3     54.6  27053.8  28239.4 
    -13.7      52.3       3.8      72.9 
     -3.4      24.4      -0.4      22.2 
     -3.3      20.0      -1.2       2.7 
     -3.4      19.4      -1.3       1.7 
29231 0.083409 -0.875791 -0.475429 
 50694.6  13206.4      0.1     43.3     33.8     22.4 
     0.1     86.6     33.9     51.1  27514.3  28414.3 
    -11.3      53.0       5.5      74.9 
     -3.4      24.0      -0.6      17.0 
     -3.4      20.0      -0.4       4.1 
     -4.0      19.6      -0.7       3.4 
29232 0.041814 -0.878085 -0.476675 
 50351.4  13182.5      0.1     43.3     34.2     16.5 
     0.1     86.6     34.2     45.1  27324.4  28262.7 
    -11.6      51.6       2.1      64.9 
     -3.8      24.5      -1.8      11.6 
     -3.2      20.1      -1.6       4.3 
     -3.5      20.1      -1.8       3.7 
29233 -0.000000 -0.878853 -0.477092 
 50425.1  13152.0      0.1     43.3     34.0     10.3 
     0.1     86.6     34.2     38.9  26774.5  28078.9 
    -11.5      53.0       0.4      60.6 
     -3.3      24.7      -1.8      10.5 
     -3.4      19.9      -2.1       5.4 
     -3.1      19.9      -2.3       4.5 
29234 -0.041814 -0.878085 -0.476675 
 50434.2  13214.4      0.1     43.3     34.0      4.6 
     0.1     86.6     34.0     32.8  27108.0  28223.5 
    -11.3      51.0      -3.2      57.4 
     -3.2      24.7      -2.6      11.1 
     -3.4      20.2      -2.5       6.5 
     -2.9      20.1      -2.6       5.5 
29235 -0.083409 -0.875791 -0.475429 
 50421.1  13246.9      0.1     43.3     29.9      2.9 
     0.1     86.6     34.1     26.2  27117.8  27834.1 
    -12.4      52.5      -4.7      53.6 
     -3.1      24.5      -3.1      13.3 
     -2.8      19.8      -2.8       8.8 
     -3.7      20.0      -2.9       7.8 
29236 -0.124573 -0.872008 -0.473376 
 50268.4  13242.2      0.1     43.3     32.4     28.9 
     0.1     86.6     34.2     20.1  27214.8  28057.9 
     -8.9      52.4      -1.3      57.5 
     -2.8      24.7      -3.2      14.9 
     -2.7      20.2      -2.9      10.9 
     -3.4      20.1      -3.4       9.9 
29237 -0.165103 -0.866792 -0.470544 
 50837.4  13270.6      0.1     43.3     32.4     28.9 
     0.1     86.6     34.1     14.0  26751.8  27868.2 
    -12.4      53.1      -2.5      55.2 
     -2.8      25.1      -2.9      14.9 
     -2.9      19.9      -2.7      10.2 
     -3.0      19.9      -3.0       9.2 
29238 -0.243541 -0.852392 -0.462727 
 51294.0  13474.8      0.1     43.3     32.4     28.9 
     0.1     86.6     33.6      6.2  27499.0  28690.6 
     -9.8      53.3      -3.6      57.4 
     -3.3      24.3      -2.3      14.3 
     -2.8      20.1      -2.1      10.2 
     -2.9      20.1      -2.3       9.3 
29239 -0.317480 -0.833386 -0.452409 
 52470.1  13618.5      0.1     43.3     32.4     28.9 
     0.1     86.6     32.4     57.7  28005.9  28817.9 
    -12.6      54.6      -3.8      55.3 
     -3.0      24.9      -2.4      15.8 
     -2.7      19.9      -2.2      11.7 
     -2.6      20.2      -2.1      11.2 
29240 -0.386057 -0.810720 -0.440105 
 53803.8  13311.2      0.1     43.3     32.4     28.9 
     0.1     86.6     32.4     57.7  28767.5  29672.7 
    -12.2      55.3      -4.9      50.4 
     -3.0      24.6      -1.4      15.6 
     -2.8      19.8      -1.6      11.7 
     -2.8      19.4      -1.8      10.8 
29241 -0.448787 -0.785377 -0.426348 
 55249.4  13320.0      0.1     43.3     32.4     28.9 
     0.1     86.6     32.4     57.7  29087.7  30068.8 
    -11.8      54.5      -5.9      49.5 
     -2.7      24.3      -1.5      17.0 
     -2.6      19.4      -1.7      12.9 
     -2.6      19.6      -1.7      13.2 
29242 -0.505524 -0.758286 -0.411641 
 57256.0  12705.1      0.1     43.3     32.4     28.9 
     0.1     86.6     32.4     57.7  30604.5  32140.9 
    -12.4      56.8      -7.5      47.1 
     -3.0      23.8      -1.5      16.6 
     -2.4      19.5      -1.0      13.2 
     -2.8      18.6      -1.5      12.3 
29243 -0.556388 -0.730259 -0.396426 
 59228.1  11997.8      0.1     43.3     32.4     28.9 
     0.1     86.6     32.4     57.7  31131.7  32848.9 
    -12.6      54.2      -7.0      46.4 
     -2.3      23.9      -1.2      17.9 
     -2.5      18.9      -0.9      14.5 
     -2.5      18.8      -1.2      14.8 
29244 -0.601687 -0.701968 -0.381068 
 61389.3  11280.7      0.1     43.3     32.4     28.9 
     0.1     86.6     32.4     57.7  33430.5  35038.0 
    -10.7      56.5      -8.4      45.8 
     -2.3      23.6      -0.9      17.4 
     -2.1      19.0      -0.7      14.0 
     -2.4      18.3      -1.1      13.4 
29245 -0.641844 -0.673936 -0.365851 
 64121.0  11107.8      0.1     43.3     32.4     28.9 
     0.1     86.6     32.4     57.7  36154.6  37273.4 
     -9.2      56.7      -5.2      43.2 
     -2.6      23.7      -0.7      18.9 
     -2.3      19.0      -0.6      15.6 
     -2.2      18.2      -0.8      16.1 
29246 -0.677337 -0.646549 -0.350984 
 66978.8  10417.1      0.1     43.3     32.4     28.9 
     0.1     86.6     32.4     57.7  37466.7  38506.8 
     -9.5      55.8      -5.7      42.2 
     -2.6      23.8      -0.8      18.0 
     -2.2      18.6      -0.7      14.7 
     -2.4      17.9      -0.9      14.5 
29247 -0.708659 -0.620076 -0.336613 
 69532.5  10133.6      0.1     43.3     32.4     28.9 
     0.1     86.6     32.4     57.7  38693.4  40268.5 
     -8.7      55.9      -4.9      38.1 
     -2.9      24.0      -1.0      19.6 
     -2.3      18.3      -0.4      16.7 
     -2.2      17.7      -0.7      17.1 
29248 0.482910 -0.845093 -0.229382 
103545.2  13995.1      0.1     43.3     32.4     28.9 
     0.1     86.6     32.4     57.7  61015.5  63491.4 
    -12.4      54.0      10.9      59.4 
     -3.5      24.1       3.1      18.2 
     -2.4      18.6       2.1      11.3 
     -2.4      17.7       2.5      10.6 
29249 0.451149 -0.861285 -0.233777 
101691.6  13790.8      0.1     43.3     32.4     28.9 
     0.1     86.6     32.4     57.7  60329.4  61869.8 
    -12.3      47.2      11.7      58.6 
     -3.3      23.7       2.7      18.2 
     -2.5      18.9       2.2      11.6 
     -2.9      18.3       2.3      10.8 
29250 0.417577 -0.876913 -0.238019 
100241.0  13492.1      0.1     43.3     32.4     28.9 
     0.1     86.6     32.4     57.7  58861.5  61120.4 
    -13.1      53.3      10.3      60.2 
     -3.8      24.6       3.1      18.9 
     -3.1      18.9       2.3      10.6 
     -2.8      18.4       2.2       9.8 
29251 0.382204 -0.891810 -0.242063 
 98207.0  13384.7      0.1     43.3     32.4     28.9 
     0.1     86.6     32.4     57.7  57761.5  59855.4 
    -11.3      51.4       9.8      63.6 
     -3.8      24.2       2.5      18.2 
     -2.7      19.1       1.8      10.5 
     -2.8      18.5       1.9       9.9 
29252 0.345068 -0.905804 -0.245861 
 97073.2  13190.5      0.1     43.3     32.4     28.9 
     0.1     86.6     32.4     57.7  58194.7  59171.8 
    -15.0      54.0      14.0      68.1 
     -3.4      24.2       2.1      18.6 
     -3.2      19.1       1.6      10.0 
     -3.1      18.2       1.6       8.7 
29253 0.306238 -0.918714 -0.249365 
 95739.6  12904.6      0.1     43.3     32.4     28.9 
     0.1     86.6     32.4     57.7  56661.7  58435.4 
     -9.5      50.2       4.3      67.6 
     -3.8      24.7       1.8      18.8 
     -3.5      19.2       1.5      10.0 
     -3.0      18.5       1.3       8.9 
29254 0.265817 -0.930361 -0.252527 
 94794.2  12783.9      0.1     43.3     32.4     28.9 
     0.1     86.6     32.4     57.7  55107.7  57080.9 
    -16.5      53.0       7.6      71.3 
     -3.9      24.2       1.2      17.8 
     -3.1      19.4       0.9       9.2 
     -3.1      18.0       1.0       8.1 
29255 0.223945 -0.940570 -0.255298 
 93821.1  12742.5      0.1     43.3     32.4     28.9 
     0.1     86.6     34.4     10.2  55882.6  57187.0 
    -11.5      50.6      10.4      76.4 
     -4.0      24.3       0.9      18.4 
     -2.9      19.2       0.3       9.1 
     -3.5      18.3       0.3       7.9 
29256 0.180796 -0.949177 -0.257634 
 93050.1  12564.9      0.1     43.3     32.4     28.9 
     0.1     86.6     34.6     23.5  55293.6  56873.0 
    -14.1      49.8       5.1      73.7 
     -4.4      23.8       0.0      18.0 
     -3.1      19.5      -0.4       9.9 
     -3.5      18.2      -0.5       8.9 
29257 0.136577 -0.956038 -0.259496 
 92439.7  12526.1      0.1     43.3     34.4      8.1 
     0.1     86.6     34.2     36.7  54465.7  56104.3 
    -13.3      54.3       5.7      83.4 
     -4.2      24.2      -0.6      18.0 
     -3.7      19.3      -1.1       5.6 
     -3.8      18.4      -1.2       4.6 
29258 0.091527 -0.961030 -0.260851 
 92260.1  12431.7      0.1     43.3     33.1     20.8 
     0.1     86.6     33.0     49.2  55137.8  56395.8 
    -14.1      50.9       5.5      88.2 
     -4.2      24.6       0.3      26.6 
     -3.6      19.0      -1.5       6.0 
     -3.9      18.3      -1.7       3.2 
29259 0.068771 -0.962796 -0.261330 
 92158.5  12384.3      0.1     43.3     31.1     25.7 
     0.1     86.6     31.0     54.0  54776.8  56577.3 
    -13.4      49.4       0.5      83.5 
     -4.0      24.0      -0.8      37.4 
     -3.5      19.2      -1.3      10.0 
     -3.8      18.4      -1.2       2.1 
29260 0.045908 -0.964064 -0.261674 
 91836.5  12345.1      0.1     43.3     34.6     21.8 
     0.1     86.6     34.5     50.2  54308.0  55990.2 
    -15.1      53.8      -0.1      88.7 
     -3.9      23.7      -0.7      29.1 
     -3.5      19.0       0.0       7.7 
     -3.6      18.3      -0.1       4.4 
29261 0.022972 -0.964827 -0.261882 
 91827.4  12269.2      0.1     43.3     34.9     15.5 
     0.1     86.6     35.0     44.1  54258.8  55894.6 
    -16.4      51.5       0.6      82.2 
     -4.1      23.7      -0.8      20.6 
     -3.4      19.3      -1.0       6.1 
     -3.3      18.2      -1.3       4.0 
29262 -0.000000 -0.965081 -0.261951 
 91663.3  12295.1      0.1     43.3     34.9      9.0 
     0.1     86.6     35.0     37.6  54369.0  55924.7 
    -13.7      54.0       1.1      77.3 
     -4.2      24.3      -1.8      17.5 
     -3.6      19.3      -1.7       5.3 
     -3.5      18.2      -1.8       4.2 
29263 -0.022972 -0.964827 -0.261882 
 91694.3  12418.2      0.1     43.3     34.8      2.8 
     0.1     86.6     35.1     30.9  54048.9  55754.1 
    -11.7      51.6      -1.5      73.4 
     -4.1      24.1      -1.9      15.8 
     -3.5      19.4      -2.0       5.9 
     -3.5      18.8      -2.2       4.9 
29264 -0.045908 -0.964064 -0.261674 
 91832.6  12318.1      0.1     43.3     32.4     28.9 
     0.1     86.6     35.0     24.3  53987.1  55560.9 
    -15.3      51.0      -2.2      74.3 
     -3.9      23.8      -2.9      17.9 
     -3.6      19.5      -3.1       9.6 
     -3.7      18.7      -2.9       8.7 
29265 -0.068771 -0.962796 -0.261330 
 91706.3  12330.7      0.1     43.3     32.4     28.9 
     0.1     86.6     34.7     17.6  54430.3  55736.2 
    -12.9      50.5      -1.3      74.1 
     -3.7      24.0      -3.1      18.2 
     -3.1      19.4      -3.0      11.1 
     -3.5      18.5      -3.1      10.2 
29266 -0.091527 -0.961030 -0.260851 
 91908.6  12401.6      0.1     43.3     32.4     28.9 
     0.1     86.6     35.0     11.1  54359.4  55780.2 
    -13.8      51.6      -3.1      71.3 
     -3.9      24.8      -2.6      17.7 
     -3.1      19.5      -2.4       9.6 
     -3.6      19.0      -2.6       8.3 
29267 -0.136577 -0.956038 -0.259496 
 92068.5  12461.9      0.1     43.3     32.4     28.9 
     0.1     86.6     32.1      3.3  54115.6  55905.2 
    -11.3      52.1      -4.6      69.9 
     -3.7      24.4      -1.9      17.4 
     -3.4      19.6      -1.8       9.2 
     -3.1      18.5      -1.9       8.0 
29268 -0.180796 -0.949177 -0.257634 
 92362.3  12540.3      0.1     43.3     32.4     28.9 
     0.1     86.6     32.4     57.7  54206.3  56161.6 
    -12.5      52.3      -1.6      63.7 
     -3.0      24.5      -1.6      16.9 
     -3.0      19.2      -1.8      10.3 
     -3.4      18.9      -1.9       9.2 
29269 -0.223945 -0.940570 -0.255298 
 93345.9  12681.6      0.1     43.3     32.4     28.9 
     0.1     86.6     32.4     57.7  54609.1  56515.4 
    -12.9      50.6      -4.9      61.2 
     -3.4      24.7      -1.1      16.8 
     -3.0      19.5      -1.1       9.9 
     -3.4      18.9      -1.2       8.8 
29270 -0.265817 -0.930361 -0.252527 
 94020.2  12698.9      0.1     43.3     32.4     28.9 
     0.1     86.6     32.4     57.7  55313.3  57057.9 
    -14.0      54.1      -6.0      63.2 
     -3.6      24.9      -1.7      17.1 
     -3.1      19.7      -1.1      11.1 
     -3.1      18.9      -1.2      10.1 
29271 -0.306238 -0.918714 -0.249365 
 95253.0  12825.2      0.1     43.3     32.4     28.9 
     0.1     86.6     32.4     57.7  55747.2  57133.2 
    -11.9      51.9      -3.6      55.3 
     -3.3      24.7      -0.9      16.4 
     -3.1      19.3      -0.8      10.7 
     -3.1      18.8      -0.9       9.8 
29272 -0.345068 -0.905804 -0.245861 
 96499.3  13039.0      0.1     43.3     32.4     28.9 
     0.1     86.6     32.4     57.7  56117.6  58227.9 
    -13.0      52.8      -7.2      53.3 
     -3.5      24.9      -1.0      17.9 
     -2.6      19.4      -0.7      12.1 
     -3.3      18.9      -1.0      11.2 
29273 -0.382204 -0.891810 -0.242063 
 97625.6  13282.5      0.1     43.3     32.4     28.9 
     0.1     86.6     32.4     57.7  57629.8  59425.9 
    -11.1      48.2      -4.7      51.2 
     -3.2      24.7      -0.6      16.6 
     -2.7      19.1      -0.2      11.4 
     -2.9      18.5      -0.5      10.6 
29274 -0.417577 -0.876913 -0.238019 
 99199.6  13284.7      0.1     43.3     32.4     28.9 
     0.1     86.6     32.4     57.7  58137.8  60536.7 
    -13.0      56.5      -4.0      51.4 
     -3.3      24.5      -0.8      17.7 
     -2.8      19.3      -0.4      12.8 
     -2.6      18.6      -0.4      12.1 
29275 -0.451149 -0.861285 -0.233777 
101094.8  13182.3      0.1     43.3     32.4     28.9 
     0.1     86.6     32.4     57.7  59173.0  61590.4 
    -14.0      53.8      -2.8      47.2 
     -3.3      24.1      -0.4      17.7 
     -2.6      19.3      -0.2      12.1 
     -3.0      18.5      -0.4      11.4 
29276 -0.482910 -0.845093 -0.229382 
102864.6  13023.6      0.1     43.3     32.4     28.9 
     0.1     86.6     32.4     57.7  59977.9  62380.5 
    -12.0      52.2      -4.6      46.4 
     -3.9      24.4      -0.7      18.4 
     -2.7      19.0      -0.3      13.4 
     -2.8      18.3      -0.6      13.0 
29277 0.337328 -0.927651 -0.160231 
148708.5  13085.8      0.1     43.3     32.4     28.9 
     0.1     86.6     32.4     57.7  91257.3  94006.5 
    -13.7      55.0      10.9      60.5 
     -4.2      25.3       3.5      21.4 
     -2.9      19.6       2.5      10.4 
     -2.6      18.9       2.6       9.2 
29278 0.312066 -0.936198 -0.161707 
147632.1  12927.8      0.1     43.3     32.4     28.9 
     0.1     86.6     32.4     57.7  91577.4  94529.4 
    -14.9      54.7      12.9      63.7 
     -4.1      25.7       2.9      22.5 
     -2.7      20.0       2.2      10.7 
     -2.7      18.9       2.3       9.5 
29279 0.286124 -0.944211 -0.163091 
146257.2  12792.9      0.1     43.3     32.4     28.9 
     0.1     86.6     32.4     57.7  89516.1  92308.1 
    -12.6      52.0      14.9      71.6 
     -4.0      24.1       2.9      21.1 
     -3.4      19.7       2.3      10.2 
     -3.3      19.0       2.1       8.6 
29280 0.259539 -0.951641 -0.164374 
145383.3  12783.1      0.1     43.3     32.4     28.9 
     0.1     86.6     32.4     57.7  91100.9  93487.3 
     -9.8      47.9       8.1      74.7 
     -4.0      24.9       2.7      22.9 
     -3.1      19.7       1.9      10.4 
     -3.4      19.3       2.1       9.0 
29281 0.232349 -0.958440 -0.165549 
144585.2  12648.1      0.1     43.3     32.4     28.9 
     0.1     86.6     32.4     57.7  89365.2  92498.7 
    -15.7      55.2       9.2      78.0 
     -4.3      25.2       2.3      23.1 
     -3.2      19.4       1.7       9.8 
     -3.1      18.9       1.6       8.4 
29282 0.204604 -0.964562 -0.166606 
143846.5  12561.5      0.1     43.3     32.4     28.9 
     0.1     86.6     32.4     57.7  88966.6  91433.6 
    -12.7      53.6      11.1      77.9 
     -4.2      25.6       1.8      23.7 
     -3.3      19.6       1.4       9.5 
     -3.3      18.9       1.3       8.3 
29283 0.176357 -0.969963 -0.167539 
142927.8  12522.4      0.1     43.3     32.4     28.9 
     0.1     86.6     32.4     57.7  89216.0  91437.2 
    -14.5      52.2       9.5      87.1 
     -3.8      24.9       1.0      24.4 
     -3.2      19.7       0.9      10.1 
     -3.4      19.1       1.0       8.7 
29284 0.147667 -0.974605 -0.168341 
142783.9  12451.2      0.1     43.3     32.4     28.9 
     0.1     86.6     34.4      8.9  88595.8  91235.0 
    -15.5      53.9       0.7      87.9 
     -4.3      25.2       0.6      24.7 
     -3.5      20.0       0.4       9.0 
     -3.5      19.1       0.2       7.7 
29285 0.118600 -0.978453 -0.169006 
142227.7  12467.9      0.1     43.3     32.4     28.9 
     0.1     86.6     34.5     22.4  88173.6  90591.8 
    -14.7      52.8       3.4      93.9 
     -4.4      25.2       0.0      25.0 
     -3.4      19.9      -0.3      11.4 
     -3.5      18.9      -0.5      10.1 
29286 0.089225 -0.981478 -0.169528 
142079.9  12435.1      0.1     43.3     34.4      7.3 
     0.1     86.6     34.1     35.9  87623.8  90470.3 
    -13.8      51.0       6.1      90.6 
     -4.2      24.7      -0.9      26.3 
     -3.4      20.0      -1.0       6.3 
     -3.5      18.8      -1.0       4.5 
29287 0.059616 -0.983656 -0.169904 
141688.1  12296.5      0.1     43.3     33.5     20.4 
     0.1     86.6     33.3     48.6  88083.6  91035.0 
    -14.8      51.2       5.6      97.8 
     -4.4      25.3      -0.6      40.1 
     -3.6      19.3      -1.6       9.0 
     -3.8      19.2      -1.6       5.2 
29288 0.044746 -0.984421 -0.170036 
141717.9  12347.3      0.1     43.3     31.5     25.3 
     0.1     86.6     31.5     53.4  87681.0  90241.5 
    -13.1      51.3       6.0     104.1 
     -4.6      24.9      -0.7      47.4 
     -4.0      19.7      -1.0      17.0 
     -3.4      19.3      -0.8       7.1 
29289 0.029848 -0.984969 -0.170131 
141795.5  12314.4      0.1     43.3     34.8     21.2 
     0.1     86.6     34.8     49.5  87523.1  90634.1 
    -14.1      48.0      -0.9      99.7 
     -4.3      24.7       0.5      41.0 
     -3.7      19.8       0.4      12.4 
     -4.0      19.0       0.1       6.0 
29290 0.014929 -0.985299 -0.170188 
141123.1  12363.7      0.1     43.3     35.3     15.1 
     0.1     86.6     35.3     43.5  86827.5  89245.4 
    -16.8      57.1      -1.9      95.4 
     -4.5      24.7      -0.4      31.1 
     -3.7      19.6      -0.9       8.2 
     -3.5      19.0      -1.0       5.2 
29291 -0.000000 -0.985408 -0.170207 
141293.8  12292.2      0.1     43.3     35.3      8.5 
     0.1     86.6     35.3     37.0  86875.4  89379.5 
    -17.5      56.4      -1.9      99.2 
     -4.8      25.0      -1.1      26.8 
     -4.1      19.6      -1.5       6.6 
     -4.1      19.1      -1.7       4.3 
29292 -0.014929 -0.985299 -0.170188 
141267.7  12304.3      0.1     43.3     35.3      2.0 
     0.1     86.6     35.5     30.0  86114.6  89566.3 
    -13.1      48.3       0.7      89.8 
     -4.5      24.5      -1.8      24.1 
     -3.5      19.8      -1.8       6.2 
     -3.2      19.3      -1.9       4.8 
29293 -0.029848 -0.984969 -0.170131 
141111.5  12297.8      0.1     43.3     32.4     28.9 
     0.1     86.6     35.3     23.4  87664.5  90042.8 
    -15.6      56.3       1.6      87.6 
     -4.6      24.9      -2.8      23.8 
     -3.5      19.9      -3.1      10.7 
     -3.7      19.0      -3.1       9.5 
29294 -0.044746 -0.984421 -0.170036 
141222.2  12283.5      0.1     43.3     32.4     28.9 
     0.1     86.6     35.2     16.6  88339.2  90993.3 
    -16.5      57.1      -1.4      88.4 
     -4.5      24.6      -3.0      23.3 
     -3.8      19.9      -3.0      11.5 
     -3.1      18.7      -2.7      10.6 
29295 -0.059616 -0.983656 -0.169904 
141435.9  12342.6      0.1     43.3     32.4     28.9 
     0.1     86.6     35.4      9.8  87532.4  89758.7 
    -15.6      55.7      -4.3      87.1 
     -4.2      25.4      -2.1      22.5 
     -3.7      19.8      -2.4       9.1 
     -3.5      19.1      -2.5       8.0 
29296 -0.089225 -0.981478 -0.169528 
141750.2  12360.4      0.1     43.3     32.4     28.9 
     0.1     86.6     32.4     57.7  87957.6  90106.5 
    -18.4      55.1      -4.7      80.2 
     -4.3      25.2      -2.2      22.3 
     -3.5      20.2      -2.0       9.9 
     -3.4      19.3      -2.1       8.3 
29297 -0.118600 -0.978453 -0.169006 
141737.3  12382.6      0.1     43.3     32.4     28.9 
     0.1     86.6     32.4     57.7  87428.5  89750.7 
    -15.1      49.0      -3.8      78.8 
     -3.9      25.5      -2.1      22.1 
     -3.6      19.9      -1.7      10.0 
     -3.7      19.2      -1.8       8.6 
29298 -0.147667 -0.974605 -0.168341 
142021.7  12528.8      0.1     43.3     32.4     28.9 
     0.1     86.6     32.4     57.7  88383.0  90601.4 
    -16.6      56.7      -3.5      77.4 
     -4.1      25.5      -1.3      19.5 
     -3.2      19.6      -1.1       9.5 
     -3.1      18.7      -1.2       8.0 
29299 -0.176357 -0.969963 -0.167539 
142779.7  12448.6      0.1     43.3     32.4     28.9 
     0.1     86.6     32.4     57.7  88198.1  90834.4 
    -15.3      54.7      -2.4      72.8 
     -3.9      24.9      -1.4      20.8 
     -3.3      19.8      -0.9      10.3 
     -3.5      19.1      -1.0       9.2 
29300 -0.204604 -0.964562 -0.166606 
143141.2  12549.2      0.1     43.3     32.4     28.9 
     0.1     86.6     32.4     57.7  90045.9  92698.9 
    -14.0      51.8      -2.5      64.9 
     -4.1      25.4      -0.7      19.7 
     -3.3      19.8      -0.5       9.6 
     -3.1      19.2      -0.3       8.4 
29301 -0.232349 -0.958440 -0.165549 
144242.3  12729.8      0.1     43.3     32.4     28.9 
     0.1     86.6     32.4     57.7  89267.7  91418.5 
    -11.4      50.7      -1.5      62.1 
     -3.9      25.3      -0.9      19.3 
     -3.4      20.0      -0.6      10.9 
     -3.1      19.7      -0.6       9.7 
29302 -0.259539 -0.951641 -0.164374 
144662.4  12748.8      0.1     43.3     32.4     28.9 
     0.1     86.6     32.4     57.7  88976.6  91815.7 
    -13.9      53.9      -4.7      59.6 
     -3.4      24.8      -0.4      17.9 
     -2.8      19.9      -0.1      10.3 
     -3.0      19.4      -0.2       9.0 
29303 -0.286124 -0.944211 -0.163091 
145996.0  12879.8      0.1     43.3     32.4     28.9 
     0.1     86.6     32.4     57.7  89747.3  92609.0 
    -12.8      52.7      -4.5      55.3 
     -4.0      25.1      -0.7      18.4 
     -2.9      20.1      -0.2      11.4 
     -2.8      19.6      -0.3      10.4 
29304 -0.312066 -0.936198 -0.161707 
146863.2  13168.6      0.1     43.3     32.4     28.9 
     0.1     86.6     32.4     57.7  90608.6  93623.2 
    -19.3      61.4      -4.6      53.6 
     -3.6      25.1      -0.2      17.9 
     -3.0      19.8       0.2      10.7 
     -2.9      19.1       0.2       9.6 
29305 -0.337328 -0.927651 -0.160231 
148011.0  12954.1      0.1     43.3     32.4     28.9 
     0.1     86.6     32.4     57.7  91050.9  94457.2 
    -14.3      54.6      -3.3      48.9 
     -3.8      24.8      -0.4      18.3 
     -3.2      19.9      -0.2      11.9 
     -2.5      19.0      -0.0      10.8 
