OCR_prd2017clk:dj0091a,R22@-300V,3.8T@20d,263K,rhe=1.10,rhh=0.7,0.7/0.7 
1087 1 3.80 28 3 29 5 300.0000 263.0000 0.7000 1.1460 900.0000 23.4800 -9.9400 150.0000 100.0000 290.0000 650.0000 11.7400 -4.970000 1.5000 1.0000 0.8500 
82711 -0.105170 0.946530 -0.304993 
 81647.5  12885.0     11.7     43.3     -3.8      4.8 
    11.7     86.6     -3.5     33.0  47820.7  49768.0 
     12.6      52.1     -11.7      69.8 
      6.6      23.9       0.1      14.1 
      6.4      18.9       0.5       5.1 
      6.3      17.8       0.6       4.0 
82712 -0.113613 0.937303 -0.329476 
 75688.0  13019.8     11.7     43.3     -3.9      4.9 
    11.7     86.6     -3.6     33.1  44287.8  45639.4 
     17.0      51.8      -8.4      67.0 
      6.5      23.2      -0.2      13.0 
      6.0      18.8       0.5       5.3 
      6.1      16.8       0.5       4.2 
82713 -0.123410 0.925573 -0.357888 
 69678.6  13273.7     11.7     43.3     -3.9      5.1 
    11.7     86.6     -3.7     33.2  39959.9  40894.7 
     15.5      55.9      -9.8      66.9 
      6.5      23.7      -0.0      12.6 
      5.9      18.4       0.5       5.2 
      6.1      17.2       0.5       4.2 
82714 -0.134874 0.910397 -0.391134 
 63740.7  13408.5     11.7     43.3     -4.1     11.0 
    11.7     86.6     -3.8     33.4  36167.2  37465.8 
     14.2      52.1      -7.9      61.3 
      5.8      22.8       0.2      11.4 
      5.5      18.2       0.5       5.4 
      5.8      16.6       0.6       4.4 
82715 -0.148397 0.890380 -0.430350 
 57948.0  13797.6     11.7     43.3     -4.1      5.6 
    11.7     86.6     -4.0     33.8  32508.6  33712.7 
     13.7      53.9     -10.8      62.2 
      6.2      22.9       0.1      10.4 
      5.6      17.6       0.5       5.6 
      5.7      16.4       0.5       4.6 
82716 -0.164460 0.863416 -0.476934 
 52169.1  14189.6     11.7     43.3     -4.2      6.0 
    11.7     86.6     -3.9     34.1  28637.1  29574.5 
     13.0      50.4      -5.0      54.7 
      5.3      22.3       0.2      10.1 
      5.6      17.3       0.4       5.7 
      5.6      15.8       0.4       4.8 
82717 -0.183618 0.826279 -0.532491 
 47056.1  14829.8     11.7     43.3     -4.2      6.5 
    11.7     86.6     -4.0     34.4  25156.9  26056.0 
     13.8      55.0      -6.0      56.6 
      5.6      22.4       0.4      10.6 
      5.6      16.6       0.5       6.0 
      5.3      15.2       0.4       5.0 
82718 -0.206405 0.774019 -0.598575 
 41844.2  15979.6     11.7     43.3     -4.5      6.9 
    15.7      8.3     -4.2     34.9  21906.9  22700.0 
     11.7      53.2      -7.9      53.1 
      5.4      21.0       0.1      10.3 
      5.0      15.9       0.4       6.2 
      5.2      14.8       0.3       5.3 
82719 -0.233063 0.699189 -0.675882 
 37164.0  17992.7     11.7     43.3     -4.5      7.4 
    16.0     21.7     -4.4     35.3  19107.4  19768.8 
     10.5      53.6      -6.0      52.8 
      5.0      20.7       0.2      10.1 
      4.6      14.7       0.4       6.4 
      4.9      13.7       0.3       5.6 
82720 -0.262862 0.591440 -0.762300 
 33058.6  21693.9     16.0      7.3     -4.6      7.9 
    16.0     40.4     -4.3     35.9  16390.3  17081.9 
      7.4      47.8      -4.4      46.8 
      4.3      18.9       0.1      10.0 
      4.3      13.6       0.2       6.6 
      4.4      12.4       0.2       5.8 
82721 -0.292854 0.439281 -0.849276 
 29591.3  23940.2     16.1     16.4     -4.8      8.4 
    16.0     58.8     -4.7     36.2  14771.7  15276.6 
      7.7      49.3      -4.3      44.3 
      3.6      14.2      -0.1      10.3 
      3.3       9.5       0.2       6.9 
      3.7       7.9       0.1       6.0 
82722 -0.316664 0.237498 -0.918324 
 27616.6  21979.9     15.5     33.7     -4.8      8.4 
    15.5     76.6     -4.6     36.5  13273.9  13834.7 
      4.7      57.1      -4.5      44.3 
      2.5       8.3      -0.0      10.4 
      2.6       4.8       0.2       6.9 
      2.5       4.2       0.1       5.9 
82723 -0.325991 -0.000000 -0.945373 
 26984.0  21190.5     15.4     34.9     -4.9      8.6 
    15.4     78.0     -4.6     36.5  13038.3  13501.4 
      2.1      62.9      -5.5      46.7 
      2.1       7.4      -0.3      10.3 
      2.2       4.1      -0.0       7.1 
      2.0       3.8       0.0       5.8 
82724 -0.323582 -0.121343 -0.938387 
 26996.0  21013.2     15.5     26.4     -4.6      8.5 
    15.4     69.6     -4.6     36.5  13060.1  13434.3 
     -2.0      55.4      -3.2      49.8 
      1.4       8.7       0.0      10.2 
      1.4       5.8       0.1       6.9 
      1.2       5.3       0.1       5.8 
82725 -0.316664 -0.237498 -0.918324 
 27401.9  21313.1     15.3     18.1     -4.8      8.5 
    15.0     60.8     -4.6     36.4  13510.2  13963.4 
     -2.6      48.7      -3.5      43.6 
      0.9      11.9       0.1      10.1 
      0.9       8.4       0.3       6.8 
      0.7       7.3       0.1       5.7 
82726 -0.306058 -0.344315 -0.887567 
 28316.9  21193.8     15.0     10.2     -4.7      8.4 
    15.0     51.7     -4.5     36.4  13948.9  14378.3 
     -3.5      46.0      -1.4      44.6 
      0.5      15.8      -0.1      10.2 
      0.7      10.8       0.2       6.6 
      0.6       9.3       0.2       5.7 
82727 -0.292854 -0.439281 -0.849276 
 29484.4  19451.6     15.0      7.3     -4.8      8.1 
    15.3     43.1     -4.4     36.2  14457.1  14973.6 
     -3.9      48.0      -2.0      43.7 
      0.7      18.8       0.3      10.0 
      0.5      13.8       0.2       6.7 
      0.2      12.8       0.3       5.6 
82728 -0.278147 -0.521525 -0.806626 
 31051.6  18068.7     11.7     43.3     -4.6      7.8 
    15.5     33.6     -4.5     36.0  15525.2  16103.3 
     -5.9      51.7      -0.5      48.4 
     -0.1      21.7       0.1      10.1 
      0.3      16.1       0.2       6.6 
      0.1      15.3       0.4       5.5 
82729 -0.262862 -0.591440 -0.762300 
 32815.5  17192.8     11.7     43.3     -4.4      7.6 
    15.3     24.4     -4.4     35.7  16428.0  17108.9 
     -7.1      52.0      -0.1      49.9 
     -0.4      21.5       0.2      10.2 
      0.1      15.7       0.3       6.3 
      0.1      14.8       0.4       5.5 
82730 -0.233063 -0.699189 -0.675882 
 36750.2  15311.3     11.7     43.3     -4.5      7.2 
    15.5     10.3     -4.2     35.2  18568.1  19556.7 
     -7.2      49.3       0.5      49.9 
      0.3      21.8       0.2      10.0 
      0.3      16.6       0.3       6.3 
      0.2      15.0       0.4       5.1 
82731 -0.206405 -0.774019 -0.598575 
 41766.0  14215.0     11.7     43.3     -4.4      6.7 
    11.7     86.6     -4.2     34.8  21942.6  22554.1 
     -7.8      52.7       0.8      54.1 
      0.2      23.2       0.3      10.3 
      0.6      17.6       0.5       6.0 
      0.3      17.0       0.5       4.9 
82732 -0.183618 -0.826279 -0.532491 
 46606.1  13539.5     11.7     43.3     -4.4      6.2 
    11.7     86.6     -4.0     34.5  24830.7  25603.5 
     -9.1      51.5       4.0      55.0 
      1.5      22.6       0.4      10.4 
      1.4      17.2       0.5       5.7 
      0.9      15.9       0.5       4.6 
82733 -0.164460 -0.863416 -0.476934 
 52092.9  13049.3     11.7     43.3     -4.2      5.9 
    11.7     86.6     -4.1     34.2  28262.7  29217.2 
     -5.8      49.9       2.0      57.0 
      0.9      24.0       0.4      11.3 
      1.3      18.9       0.5       5.5 
      0.9      18.2       0.6       4.3 
82734 -0.148397 -0.890380 -0.430350 
 57572.3  12770.7     11.7     43.3     -4.1      5.6 
    11.7     86.6     -3.8     33.8  31874.2  33133.6 
     -7.5      52.7       5.1      59.9 
      1.0      22.7       0.5      11.3 
      1.7      18.2       0.5       5.3 
      1.3      17.0       0.6       4.3 
82735 -0.134874 -0.910397 -0.391134 
 63447.1  12665.7     11.7     43.3     -4.1      5.4 
    11.7     86.6     -3.8     33.6  35950.9  37269.3 
     -9.1      51.1       5.0      65.3 
      1.2      24.7       0.6      11.5 
      1.1      19.7       0.6       5.1 
      1.1      18.7       0.6       4.1 
82736 -0.123410 -0.925573 -0.357888 
 69380.5  12543.3     11.7     43.3     -4.1      5.0 
    11.7     86.6     -3.9     33.3  40085.6  41189.4 
     -8.1      50.3       2.9      65.4 
      1.3      23.2       0.5      13.3 
      1.9      18.7       0.7       5.1 
      1.6      16.8       0.6       3.9 
82737 -0.113613 -0.937303 -0.329476 
 75480.1  12444.5     11.7     43.3     -4.0      4.8 
    11.7     86.6     -4.0     33.3  44002.3  45438.3 
     -8.1      51.1       5.7      67.3 
      0.8      24.4       0.8      12.8 
      1.5      19.7       0.6       4.9 
      1.6      18.7       0.6       3.8 
82738 -0.105170 -0.946530 -0.304993 
 81343.8  12302.3     11.7     43.3     -3.9      4.6 
    11.7     86.6     -3.6     32.9  47599.3  49073.4 
     -8.2      50.9       6.6      71.8 
      1.4      22.7       0.8      14.1 
      1.7      18.6       0.6       4.9 
      1.7      17.4       0.6       3.7 
82739 0.863216 -0.064741 -0.500666 
 49357.3   8973.6     15.8     24.8     -5.0     28.9 
    15.9     67.6     -5.0     57.7  27053.7  27936.6 
      6.7      67.0      11.7      47.4 
      1.8      11.5       1.8      17.6 
      2.0       5.0       1.8      14.0 
      2.0       4.3       2.0      13.7 
82740 0.838516 -0.069876 -0.540377 
 45424.4   9132.7     15.4     24.9     -5.0     28.9 
    15.6     68.0     -5.0     57.7  24115.4  25194.0 
      3.3      62.2       8.1      41.8 
      1.8      10.6       2.1      18.1 
      1.8       5.3       2.0      15.7 
      2.0       4.4       2.0      15.9 
82741 0.807288 -0.075683 -0.585284 
 41909.5   9493.2     15.5     25.0     -5.0     28.9 
    15.8     68.1     -5.0     57.7  22196.4  22910.1 
      5.3      58.9       9.5      42.2 
      1.8       9.8       2.3      17.0 
      2.0       5.5       2.3      13.4 
      1.8       4.5       2.2      13.0 
82742 0.767414 -0.082223 -0.635858 
 38823.5  10049.6     15.6     25.4     -5.0     28.9 
    15.8     68.5     -5.0     57.7  20104.5  20903.3 
      6.5      59.0      10.3      48.8 
      1.8      10.3       2.0      18.1 
      1.9       5.4       2.0      14.8 
      1.7       4.6       2.3      15.1 
82743 0.716102 -0.089513 -0.692232 
 35611.6  10557.7     15.5     25.5     -5.0     28.9 
    15.6     68.8     -5.0     57.7  18031.6  18776.0 
      7.7      60.9      10.3      45.9 
      1.7       9.4       3.1      16.1 
      1.8       5.4       2.4      12.5 
      1.6       4.8       2.7      11.8 
82744 0.649830 -0.097475 -0.753803 
 32890.8  11552.8     15.9     26.1     -5.0     28.9 
    15.8     68.9     -5.0     10.9  16599.0  17268.1 
      4.6      55.7       7.5      46.6 
      1.8       9.4       2.7      16.5 
      1.5       5.5       2.5      13.2 
      1.5       4.8       2.7      13.6 
82745 0.564543 -0.105852 -0.818588 
 30423.3  13166.2     15.0     26.1     -5.0     28.9 
    15.2     69.2     -4.2      9.9  15035.0  15568.8 
      3.0      56.9       7.8      43.0 
      1.6       8.9       3.2      15.0 
      1.4       5.7       2.9      10.9 
      1.6       5.0       2.9      10.0 
82746 0.456422 -0.114106 -0.882416 
 28346.3  15841.4     15.2     26.4     -5.0     28.9 
    15.2     69.5     -4.2     20.6  13703.8  14298.6 
      2.3      55.2       7.2      44.9 
      1.6       8.5       3.0      14.8 
      1.5       5.8       2.9      11.2 
      1.4       5.2       3.1      10.8 
82747 0.323582 -0.121343 -0.938387 
 26837.8  19708.2     14.8     26.6     -3.6      5.6 
    15.0     69.6     -4.3     32.2  12970.0  13510.6 
      3.2      54.8       6.8      43.3 
      1.4       8.9       2.7      11.8 
      1.4       6.0       2.6       8.3 
      1.3       5.1       2.7       7.3 
82748 0.168544 -0.126408 -0.977555 
 25933.1  21548.9     15.0     26.6     -4.5     15.1 
    15.1     69.7     -4.5     43.7  12228.3  12921.8 
      2.1      50.9       5.2      46.2 
      1.2       8.6       2.2       7.6 
      1.5       6.0       2.5       5.1 
      1.4       5.2       2.3       4.5 
82749 -0.000000 -0.128243 -0.991743 
 25888.5  21270.0     14.9     26.6     -4.5     25.7 
    14.8     69.6     -4.5     54.4  12528.8  12910.3 
     -0.3      49.3       4.0      64.5 
      1.5       8.3       1.0       7.5 
      1.2       6.0       1.2       2.5 
      1.2       5.2       1.2       2.4 
82750 -0.085184 -0.127776 -0.988138 
 25850.6  21310.2     15.0     26.6     -3.6     24.7 
    15.0     69.7     -3.6     53.3  12329.9  12905.6 
     -1.0      51.0       2.4      56.5 
      1.7       8.6       1.1       7.7 
      1.4       5.9       0.8       2.0 
      1.2       5.3       0.9       1.8 
82751 -0.168544 -0.126408 -0.977555 
 26059.6  21610.2     15.1     26.6     -4.4     19.5 
    15.1     69.7     -4.4     48.2  12357.8  13013.9 
      1.5      51.9      -1.8      51.6 
      1.5       8.2       0.6       5.6 
      1.4       5.8       0.5       3.6 
      1.3       5.3       0.6       3.0 
82752 -0.248443 -0.124222 -0.960648 
 26432.2  21637.4     15.6     26.5     -4.5     13.9 
    15.5     69.5     -4.3     42.4  12728.7  13195.2 
     -1.2      47.3      -1.3      47.4 
      1.3       8.6       0.1       7.7 
      1.5       6.0       0.4       5.1 
      1.4       5.3       0.3       4.4 
82753 -0.323582 -0.121343 -0.938387 
 26888.9  21050.7     15.0     26.6     -4.8      8.6 
    15.1     69.5     -4.7     36.6  13061.2  13576.1 
      1.6      52.7      -3.3      46.1 
      1.2       8.5      -0.1      10.2 
      1.4       5.9       0.0       6.6 
      1.3       5.3       0.1       5.7 
82754 -0.393068 -0.117920 -0.911917 
 27613.3  19144.6     15.2     26.4     -5.1      4.7 
    15.2     69.6     -4.9     30.7  13112.2  13670.6 
     -2.5      52.0      -3.5      45.7 
      1.3       8.6      -0.2      11.9 
      1.5       5.8      -0.2       8.3 
      1.4       5.3      -0.1       7.4 
82755 -0.456422 -0.114106 -0.882416 
 28548.1  16927.4     15.6     26.4    -33.2    124.4 
    15.5     69.4     -4.7     24.9  13894.3  14318.6 
     -2.1      53.4      -4.8      44.5 
      1.2       8.4      -0.7      13.9 
      1.7       6.0      -0.3      10.5 
      1.4       5.2      -0.5       9.9 
82756 -0.513527 -0.110042 -0.850988 
 29341.9  14961.8     15.3     26.3     -5.0     28.9 
    15.3     69.4     -4.5     18.9  14191.4  14868.5 
     -3.7      54.7      -4.9      44.5 
      1.9       8.4      -0.4      14.7 
      1.4       5.8      -0.4      10.8 
      1.5       5.3      -0.5      10.3 
82757 -0.564543 -0.105852 -0.818588 
 30446.4  13672.9     15.5     25.9     -5.0     28.9 
    15.5     69.2     -4.7     13.2  15371.4  15752.9 
     -3.5      58.8      -6.0      46.0 
      1.4       8.9      -0.9      14.3 
      1.7       5.7      -0.6      10.2 
      1.4       5.3      -0.7       9.5 
82758 -0.649830 -0.097475 -0.753803 
 32888.2  11927.4     15.7     25.8     -5.0     28.9 
    15.6     69.1     -4.9      6.4  16516.1  17174.8 
     -1.7      57.0      -6.2      45.2 
      1.6       9.1      -0.8      15.8 
      1.6       5.8      -0.6      12.5 
      1.4       5.2      -0.9      12.4 
82759 -0.716102 -0.089513 -0.692232 
 35630.9  10811.8     16.0     25.4     -5.0     28.9 
    15.9     68.5     -5.0     57.7  18564.3  19093.0 
     -3.6      58.1      -6.7      44.0 
      1.6       8.9      -1.0      15.7 
      1.7       5.7      -0.7      12.1 
      1.6       5.1      -0.8      11.7 
82760 -0.767414 -0.082223 -0.635858 
 38678.3  10082.5     15.8     25.4     -5.0     28.9 
    15.8     68.4     -5.0     57.7  20262.3  21024.7 
     -0.2      58.7      -7.7      44.3 
      1.6      10.0      -0.7      17.1 
      1.8       5.8      -0.7      13.9 
      1.7       5.0      -0.7      13.5 
82761 -0.807288 -0.075683 -0.585284 
 42014.0   9626.0     16.1     25.1     -5.0     28.9 
    16.1     68.3     -5.0     57.7  22242.2  23100.4 
     -6.0      58.6      -7.0      42.0 
      1.8      10.5      -0.7      17.0 
      2.0       5.4      -0.5      13.3 
      1.7       4.8      -0.6      13.2 
82762 -0.838516 -0.069876 -0.540377 
 45586.9   9226.2     16.0     24.9     -5.0     28.9 
    16.0     67.8     -5.0     57.7  24495.5  25307.4 
     -4.2      60.0      -7.8      42.1 
      1.8      10.8      -0.7      18.0 
      2.0       5.3      -0.7      14.9 
      1.8       4.6      -1.0      14.3 
82763 -0.863216 -0.064741 -0.500666 
 49008.8   8987.3     16.1     24.7     -5.0     28.9 
    16.1     67.6     -5.0     57.7  27081.2  27965.8 
     -4.9      60.5      -7.2      41.2 
      1.9      11.3      -0.7      17.5 
      2.2       5.2      -0.5      14.5 
      1.8       4.6      -0.7      14.1 
82764 -0.882965 -0.060202 -0.465563 
 52778.2   8791.8     16.1     24.5     -5.0     28.9 
    16.1     67.5     -5.0     57.7  29150.6  29995.7 
     -8.7      63.9      -8.8      39.9 
      1.7      12.9      -0.9      18.0 
      2.1       5.2      -0.8      15.0 
      2.0       4.5      -0.6      14.4 
82765 -0.898927 -0.056183 -0.434481 
 56736.7   8725.4     16.3     24.6     -5.0     28.9 
    16.2     67.2     -5.0     57.7  31980.8  33092.8 
     -4.7      65.3      -7.2      39.2 
      1.9      12.7      -0.8      17.9 
      2.1       5.2      -0.7      14.7 
      1.9       4.5      -1.1      14.9 
82766 -0.911966 -0.052613 -0.406877 
 60425.6   8565.9     16.0     24.0     -5.0     28.9 
    16.0     67.1     -5.0     57.7  34585.0  35692.8 
     -4.6      65.6      -8.1      37.7 
      1.8      13.8      -0.7      18.5 
      2.1       5.1      -0.6      15.6 
      2.0       4.5      -0.7      14.8 
82767 -0.922727 -0.049432 -0.382272 
 64251.3   8535.2     16.4     24.0     -5.0     28.9 
    16.3     67.0     -5.0     57.7  37480.8  38204.8 
     -4.9      72.7      -8.3      39.6 
      2.0      14.0      -1.2      18.0 
      2.2       5.3      -0.9      15.4 
      2.1       4.3      -1.2      15.1 
82768 0.806111 -0.362750 -0.467544 
 52471.4   9809.1     11.7     43.3     -5.0     28.9 
    16.3     20.0     -5.0     57.7  28867.1  29762.5 
      1.5      55.7      11.1      45.9 
      1.0      20.9       2.0      17.5 
      1.1      14.9       1.7      14.0 
      1.1      13.4       1.8      13.6 
82769 0.774912 -0.387456 -0.499388 
 49182.0  10148.7     11.7     43.3     -5.0     28.9 
    16.1     20.6     -5.0     57.7  26612.4  27361.0 
     -0.9      54.5      12.4      48.3 
      0.6      21.0       2.1      18.3 
      1.2      14.9       1.4      15.2 
      1.4      13.6       1.7      15.3 
82770 0.736803 -0.414452 -0.534182 
 46014.9  10693.6     11.7     43.3     -5.0     28.9 
    16.1     21.0     -5.0     57.7  24531.3  25278.4 
     -3.3      58.5      12.5      49.0 
      1.0      21.2       2.0      16.7 
      1.1      15.1       1.9      13.0 
      0.9      13.8       1.9      12.6 
82771 0.690099 -0.443635 -0.571796 
 42919.7  11432.9     11.7     43.3     -5.0     28.9 
    16.1     21.7     -5.0     57.7  22486.9  23363.0 
     -1.8      53.9      12.4      49.6 
      0.7      21.2       2.0      17.5 
      0.6      15.2       2.2      13.9 
      0.9      14.1       2.2      14.3 
82772 0.632842 -0.474632 -0.611748 
 40222.4  12417.7     11.7     43.3     -5.0     28.9 
    15.6     22.4     -5.0     57.7  20728.4  21522.1 
     -3.8      51.4      11.7      49.9 
      0.4      21.5       2.4      15.9 
      1.1      15.6       2.1      12.2 
      0.6      14.3       2.2      11.3 
82773 0.562936 -0.506642 -0.653006 
 37737.0  13838.2     11.7     43.3     -5.0     28.9 
    15.7     23.1     -3.3     12.7  18962.1  19936.9 
     -2.6      53.2      11.4      50.1 
      0.3      21.5       2.7      16.1 
      0.3      15.7       2.5      12.4 
      0.7      14.7       2.4      12.4 
82774 0.478468 -0.538276 -0.693778 
 35579.2  14914.4     11.7     43.3     -5.0     28.9 
    15.6     23.5     -4.8      9.1  18243.0  18914.3 
     -2.5      52.1       8.5      46.5 
      0.2      21.4       2.7      14.2 
      0.2      15.6       2.5      10.2 
      0.4      14.5       2.5       9.2 
82775 0.378295 -0.567442 -0.731370 
 34011.2  16416.8     11.7     43.3     -5.0     28.9 
    15.6     24.1     -4.6     19.3  17023.2  17830.9 
     -3.9      52.3      10.0      47.3 
     -0.1      21.6       2.9      14.7 
      0.4      15.7       2.8      11.1 
      0.3      14.7       2.7      10.5 
82776 0.262862 -0.591440 -0.762300 
 32825.2  16176.6     11.7     43.3     -3.9      5.4 
    15.7     24.5     -4.5     31.2  16331.5  17012.0 
     -5.4      53.4       7.6      47.5 
      0.3      22.4       2.5      11.8 
      0.1      16.0       2.3       7.9 
      0.2      14.7       2.5       6.9 
82777 0.134975 -0.607388 -0.782855 
 32123.5  16188.5     11.7     43.3     -4.4     14.5 
    14.8     24.3     -4.5     43.0  15904.1  16556.4 
     -2.8      49.5       7.6      55.0 
     -0.2      21.7       2.1       7.9 
     -0.6      15.8       2.3       4.9 
     -0.2      14.6       2.2       4.2 
82778 -0.000000 -0.612997 -0.790085 
 31833.7  16174.0     11.7     43.3     -5.0     25.1 
    15.2     24.5     -5.0     53.7  15810.4  16377.7 
     -6.4      50.5       5.0      64.5 
     -0.4      21.6       1.0       9.7 
     -0.0      15.6       0.9       2.7 
     -0.2      14.6       1.1       1.6 
82779 -0.067953 -0.611580 -0.788259 
 31937.6  16278.8     11.7     43.3     -3.7     24.2 
    15.1     24.5     -3.7     52.9  15701.2  16211.8 
     -5.7      50.2       3.4      63.4 
     -0.5      21.6       0.9       9.3 
      0.1      15.8       1.0       1.6 
     -0.2      15.0       0.9       1.2 
82780 -0.134975 -0.607388 -0.782855 
 31996.5  16533.7     11.7     43.3     -4.2     18.8 
    15.1     24.5     -4.1     47.5  15933.9  16670.8 
     -7.4      50.6       0.7      54.8 
     -0.4      21.5       0.7       6.2 
      0.1      15.6       0.7       3.2 
     -0.2      14.8       0.8       2.7 
82781 -0.200196 -0.600588 -0.774091 
 32546.0  16813.0     11.7     43.3     -4.3     13.2 
    15.3     24.5     -4.3     41.7  15845.5  16674.3 
     -5.9      51.4       1.3      53.8 
      0.1      21.8       0.6       8.1 
     -0.1      16.1       0.5       4.8 
     -0.1      14.9       0.5       4.1 
82782 -0.262862 -0.591440 -0.762300 
 32716.6  17076.5     11.7     43.3     -4.5      7.6 
    15.4     24.3     -4.4     35.7  16203.7  17046.0 
     -5.7      50.0      -1.9      46.7 
     -0.2      21.9       0.2       9.9 
      0.1      15.8       0.3       6.5 
     -0.2      15.0       0.3       5.4 
82783 -0.322373 -0.580271 -0.747905 
 33319.6  16985.9     11.7     43.3     -4.8      4.2 
    15.1     24.3     -4.5     29.9  16512.7  17164.3 
     -4.7      50.4      -1.8      45.9 
     -0.2      21.6      -0.2      11.6 
     -0.1      15.9       0.2       8.1 
      0.0      14.8       0.0       7.1 
82784 -0.378295 -0.567442 -0.731370 
 33899.0  16333.2     11.7     43.3     -5.0     28.9 
    15.6     24.1     -4.4     23.8  16915.9  17697.8 
     -7.6      50.2      -1.7      48.4 
     -0.3      21.4      -0.5      13.8 
      0.0      15.7      -0.2      10.3 
      0.1      15.0      -0.1       9.5 
82785 -0.430364 -0.553325 -0.713175 
 34808.3  15384.8     11.7     43.3     -5.0     28.9 
    15.6     23.8     -4.4     17.7  17385.6  18009.0 
     -6.5      54.4      -2.3      46.8 
     -0.1      21.9      -0.5      14.8 
      0.5      16.1      -0.2      10.8 
      0.2      14.9      -0.3       9.9 
82786 -0.478468 -0.538276 -0.693778 
 35675.8  14956.5     11.7     43.3     -5.0     28.9 
    15.3     23.6     -4.1     12.0  18214.2  18785.5 
     -4.2      50.8      -3.0      48.8 
     -0.2      21.6      -0.6      14.3 
      0.2      15.8      -0.4       9.9 
      0.3      14.8      -0.2       9.0 
82787 -0.562936 -0.506642 -0.653006 
 37923.7  13273.5     11.7     43.3     -5.0     28.9 
    16.0     23.1     -4.1      7.1  19636.6  20210.5 
     -5.0      52.6      -4.2      48.6 
      0.4      22.0      -0.4      16.0 
      0.6      15.7      -0.3      12.2 
      0.4      14.5      -0.4      11.7 
82788 -0.632842 -0.474632 -0.611748 
 40344.6  11862.8     11.7     43.3     -5.0     28.9 
    15.8     22.4     -5.0     57.7  20799.5  21820.5 
     -5.6      50.2      -6.9      45.8 
      0.4      21.4      -0.6      15.8 
      0.5      15.4      -0.5      11.6 
      0.8      14.4      -0.4      11.1 
82789 -0.690099 -0.443635 -0.571796 
 43045.0  10940.5     11.7     43.3     -5.0     28.9 
    15.7     21.8     -5.0     57.7  22555.0  23307.8 
     -7.0      54.9      -5.3      44.6 
      0.4      21.2      -0.3      17.0 
      0.7      15.2      -0.4      13.5 
      0.6      14.3      -0.7      13.2 
82790 -0.736803 -0.414452 -0.534182 
 45921.9  10331.9     11.7     43.3     -5.0     28.9 
    15.9     21.2     -5.0     57.7  24687.8  25395.8 
     -6.5      52.2      -5.9      44.1 
      0.2      20.9      -0.8      16.5 
      1.1      15.4      -0.3      12.9 
      0.6      13.8      -0.5      12.8 
82791 -0.774912 -0.387456 -0.499388 
 49153.1   9941.5     11.7     43.3     -5.0     28.9 
    16.1     20.7     -5.0     57.7  26722.6  27467.3 
     -5.3      56.8      -5.3      44.8 
      0.6      20.8      -0.6      17.1 
      1.1      15.3      -0.2      14.6 
      0.7      13.6      -0.2      13.8 
82792 -0.806111 -0.362750 -0.467544 
 52384.8   9533.1     11.7     43.3     -5.0     28.9 
    15.9     20.1     -5.0     57.7  28945.3  29646.2 
     -7.6      54.8      -6.6      43.3 
      0.5      21.0      -0.8      17.1 
      1.1      14.5      -0.3      13.8 
      0.9      13.3      -0.6      13.7 
82793 -0.831783 -0.340275 -0.438577 
 55910.8   9242.2     11.7     43.3     -5.0     28.9 
    16.2     19.6     -5.0     57.7  31102.0  32059.3 
     -8.4      55.0      -6.8      44.0 
      0.8      20.8      -0.7      17.9 
      1.2      14.8      -0.4      15.1 
      1.0      13.5      -0.6      14.7 
82794 -0.853040 -0.319890 -0.412303 
 59286.0   9067.3     11.7     43.3     -5.0     28.9 
    16.3     19.2     -5.0     57.7  33665.8  34628.9 
     -6.7      55.3      -4.7      39.5 
      0.9      20.5      -0.8      17.5 
      1.0      14.6      -0.5      14.5 
      0.8      13.1      -0.6      14.4 
82795 -0.870759 -0.301417 -0.388493 
 63018.6   9004.5     11.7     43.3     -5.0     28.9 
    15.8     18.8     -5.0     57.7  35745.2  36599.6 
     -6.2      59.2      -7.6      38.3 
      1.2      20.9      -0.4      18.2 
      1.4      14.4      -0.6      15.5 
      1.2      12.9      -0.7      14.8 
82796 -0.885633 -0.284668 -0.366905 
 66905.8   8841.2     11.7     43.3     -5.0     28.9 
    16.2     18.0     -5.0     57.7  38200.5  39659.5 
     -7.6      61.6      -6.0      35.7 
      0.7      20.4      -0.8      18.0 
      1.1      14.5      -0.3      14.9 
      1.1      12.8      -0.7      14.9 
82797 0.467453 -0.841416 -0.271123 
 90950.9  13221.4     11.7     43.3     -5.0     28.9 
    11.7     86.6     -5.0     57.7  53463.0  55178.8 
     -7.1      55.5      16.3      60.0 
      2.0      23.1       2.0      16.6 
      2.2      17.9       1.5      10.6 
      2.1      16.7       1.4       9.7 
82798 0.429723 -0.859446 -0.276932 
 88946.2  13131.8     11.7     43.3     -5.0     28.9 
    11.7     86.6     -5.0     57.7  52000.8  53912.7 
     -1.5      51.9      11.2      52.8 
      2.0      22.9       1.9      16.9 
      2.2      18.1       1.5      11.9 
      2.1      16.7       1.8      11.0 
82799 0.389600 -0.876600 -0.282460 
 87414.8  12890.3     11.7     43.3     -5.0     28.9 
    11.7     86.6     -5.0     57.7  50671.2  52640.6 
     -5.3      51.5      16.5      60.8 
      1.8      23.0       2.1      16.0 
      2.4      18.3       1.5       9.7 
      2.2      16.6       1.6       8.6 
82800 0.347131 -0.892622 -0.287623 
 85689.0  12630.5     11.7     43.3     -5.0     28.9 
    11.7     86.6     -5.0     57.7  50827.5  52374.6 
     -8.7      52.8      15.0      58.7 
      2.1      23.3       2.5      16.8 
      2.1      18.5       1.9      11.5 
      2.0      16.9       1.9      10.3 
82801 0.302414 -0.907242 -0.292333 
 84600.5  12620.3     11.7     43.3     -5.0     28.9 
    11.7     86.6     -5.0     57.7  49188.8  50803.9 
     -7.5      53.8      17.4      67.1 
      1.6      23.0       2.5      16.0 
      1.9      18.3       1.8       9.0 
      1.7      17.0       1.9       7.9 
82802 0.255608 -0.920190 -0.296506 
 83408.6  12363.7     11.7     43.3     -5.0     28.9 
    11.7     86.6     -5.0     57.7  48736.4  50545.4 
     -5.0      53.3      16.2      65.9 
      1.4      23.5       2.5      17.1 
      2.1      18.5       2.1      11.0 
      1.6      17.0       2.1       9.8 
82803 0.206935 -0.931206 -0.300055 
 82409.9  12355.4     11.7     43.3     -5.0     28.9 
    11.7     86.6     -5.4      4.3  48715.3  50089.9 
     -7.6      50.7      13.9      68.6 
      1.7      22.9       2.3      14.8 
      1.9      18.5       1.9       7.8 
      1.5      17.2       2.0       6.6 
82804 0.156676 -0.940054 -0.302906 
 81904.6  12231.5     11.7     43.3     -5.0     28.9 
    11.7     86.6     -5.3     14.7  47721.7  49246.7 
     -5.8      49.3      13.8      71.4 
      1.4      23.4       2.8      16.8 
      1.8      18.5       2.4      10.8 
      1.6      17.2       2.2       9.7 
82805 0.105170 -0.946530 -0.304993 
 81317.2  12175.1     11.7     43.3     -5.3      1.9 
    11.7     86.6     -5.6     27.7  47218.2  48278.3 
     -5.4      48.0      11.0      67.3 
      1.0      22.8       2.6      14.2 
      1.7      18.5       2.1       6.8 
      1.5      17.1       2.2       5.4 
82806 0.052804 -0.950480 -0.306266 
 81130.9  12257.5     11.7     43.3     -5.6     12.1 
    11.7     86.6     -5.7     40.8  48132.1  49066.4 
     -5.4      49.1      14.8      77.3 
      0.9      22.6       2.3      15.1 
      1.6      18.5       1.7       4.1 
      1.6      17.1       1.7       2.8 
82807 -0.000000 -0.951808 -0.306694 
 81253.8  12256.7     11.7     43.3     -5.3     24.2 
    11.7     86.6     -5.4     52.7  46910.7  48452.8 
     -7.9      51.3      14.8      90.5 
      1.2      23.5       2.1      31.1 
      1.5      18.7       0.6       6.3 
      1.5      16.9       0.8       3.0 
82808 -0.026430 -0.951476 -0.306587 
 81257.5  12300.9     11.7     43.3     -2.9     23.2 
    11.7     86.6     -2.8     51.7  46514.5  48203.2 
     -7.4      52.0       9.8      82.9 
      1.5      23.2       2.7      27.5 
      1.6      18.3       1.5       6.9 
      1.4      17.2       1.2       1.8 
82809 -0.052804 -0.950480 -0.306266 
 81105.6  12258.3     11.7     43.3     -3.2     17.1 
    11.7     86.6     -3.1     45.7  47414.0  48605.8 
     -7.9      49.8       8.7      75.8 
      1.5      22.9       1.0      18.8 
      1.6      18.8       0.9       4.2 
      1.4      17.4       0.9       1.8 
82810 -0.079069 -0.948828 -0.305734 
 81223.8  12262.4     11.7     43.3     -3.6     10.8 
    11.7     86.6     -3.4     39.3  47681.1  49053.5 
     -5.3      48.5       6.4      73.0 
      1.1      23.3       0.6      14.3 
      1.6      18.6       0.8       3.8 
      1.5      17.2       0.7       2.7 
82811 -0.105170 -0.946530 -0.304993 
 81413.2  12284.3     11.7     43.3     -3.8      4.6 
    11.7     86.6     -3.5     33.0  47500.0  48763.9 
    -10.1      52.0       4.3      69.7 
      1.4      23.5       0.7      14.2 
      1.9      19.0       0.6       4.8 
      1.9      17.2       0.6       3.7 
82812 -0.131055 -0.943599 -0.304049 
 81608.5  12503.7     11.7     43.3     -5.0     28.9 
    11.7     86.6     -3.8     26.4  47817.3  49367.0 
     -8.1      53.3       8.1      72.2 
      1.3      22.8       0.4      15.1 
      1.8      18.7       0.3       7.7 
      1.7      17.4       0.3       6.4 
82813 -0.156676 -0.940054 -0.302906 
 81950.9  12476.3     11.7     43.3     -5.0     28.9 
    11.7     86.6     -4.1     19.8  47313.4  49238.2 
     -9.5      54.5       2.9      74.6 
      1.4      23.0       0.3      17.4 
      1.8      18.9       0.1      11.1 
      2.0      17.5       0.2      10.2 
82814 -0.181983 -0.935915 -0.301572 
 82065.4  12569.5     11.7     43.3     -5.0     28.9 
    11.7     86.6     -4.0     13.1  48103.6  49820.3 
     -7.3      47.2       2.0      70.3 
      1.2      23.5       0.0      16.4 
      1.7      18.8       0.1      10.1 
      1.8      17.3       0.1       9.3 
82815 -0.206935 -0.931206 -0.300055 
 82419.6  12606.9     11.7     43.3     -5.0     28.9 
    11.7     86.6     -3.9      7.0  48437.3  49999.6 
     -7.3      48.2       4.2      69.4 
      1.3      23.4       0.1      15.1 
      2.0      18.4       0.2       7.7 
      1.9      17.5       0.2       6.5 
82816 -0.255608 -0.920190 -0.296506 
 83286.5  12908.4     11.7     43.3     -5.0     28.9 
    11.7     86.6     -5.0     57.7  48288.2  50254.5 
     -6.8      48.1       2.1      60.7 
      1.4      23.4       0.1      17.6 
      2.1      18.6      -0.1      10.7 
      1.7      17.1      -0.2       9.7 
82817 -0.302414 -0.907242 -0.292333 
 84691.6  13222.9     11.7     43.3     -5.0     28.9 
    11.7     86.6     -5.0     57.7  48900.5  50461.4 
     -8.4      52.8       1.5      65.3 
      1.6      23.3      -0.1      15.8 
      2.1      18.7      -0.2       9.0 
      2.0      17.4      -0.1       7.7 
82818 -0.347131 -0.892622 -0.287623 
 85717.6  13217.6     11.7     43.3     -5.0     28.9 
    11.7     86.6     -5.0     57.7  49559.8  51564.8 
     -9.4      53.5      -0.6      59.6 
      1.6      23.3      -0.5      16.9 
      2.3      18.2      -0.3      11.1 
      2.1      17.3      -0.0      10.1 
82819 -0.389600 -0.876600 -0.282460 
 87365.4  13639.2     11.7     43.3     -5.0     28.9 
    11.7     86.6     -5.0     57.7  51638.5  53032.2 
     -6.9      51.8       3.3      59.1 
      2.1      22.9      -0.3      15.8 
      2.0      18.6      -0.1      10.1 
      1.9      17.5      -0.4       8.9 
82820 -0.429723 -0.859446 -0.276932 
 88927.5  13596.6     11.7     43.3     -5.0     28.9 
    11.7     86.6     -5.0     57.7  52570.5  53916.9 
     -9.0      51.1      -2.3      55.8 
      1.9      22.9      -0.3      16.9 
      2.3      18.4      -0.2      11.5 
      2.1      17.3      -0.1      10.8 
82821 -0.467453 -0.841416 -0.271123 
 90966.9  13569.8     11.7     43.3     -5.0     28.9 
    11.7     86.6     -5.0     57.7  53292.5  55269.4 
     -5.3      54.4       1.2      53.8 
      1.7      22.8      -0.6      17.0 
      2.6      18.3      -0.1      10.7 
      2.1      16.5      -0.2       9.6 
82822 -0.502792 -0.822750 -0.265108 
 92835.3  13350.6     11.7     43.3     -5.0     28.9 
    11.7     86.6     -5.0     57.7  53979.9  56561.5 
    -10.5      55.4      -3.2      51.7 
      1.9      23.0      -0.4      17.2 
      2.4      18.0      -0.3      12.2 
      2.2      17.0      -0.3      11.6 
82823 -0.535778 -0.803668 -0.258960 
 94778.1  13273.6     11.7     43.3     -5.0     28.9 
    11.7     86.6     -5.0     57.7  55444.4  57450.3 
     -5.4      48.0       0.7      51.1 
      1.7      22.7      -0.7      16.4 
      2.2      17.8      -0.3      11.4 
      2.4      16.8      -0.3      10.7 
82824 -0.566482 -0.784360 -0.252738 
 97283.1  12844.3     11.7     43.3     -5.0     28.9 
    11.7     86.6     -5.0     57.7  57065.6  58824.3 
    -10.4      53.2       0.2      48.1 
      2.2      22.9      -0.2      17.6 
      2.2      17.9      -0.4      12.8 
      2.1      16.9      -0.3      12.5 
82825 -0.594996 -0.764995 -0.246498 
 99549.6  12500.0     11.7     43.3     -5.0     28.9 
    11.7     86.6     -5.0     57.7  59541.4  61587.1 
     -9.6      52.7      -0.5      46.0 
      1.9      23.1      -0.6      17.0 
      2.3      17.6      -0.3      12.1 
      2.5      16.6      -0.3      11.5 
