Dot1_150x100_dj0192i@-363V,3.8T@90d,263K,rh=0.98/0.7,1.5/1.5 
1110 1 3.80 60 5 29 0 263.0000 263.0000 1.5000 1.2310 1300.0000 -0.0000 65.0800 150.0000 100.0000 285.0000 950.0000 -0.0000 32.540001 1.5000 1.0000 0.8500 
31701 -0.000000 -0.000000 -45.000000 
 23267.8  19530.2      0.2     41.9     32.8     13.4 
     0.2     85.0     33.1     41.6  10066.1  10801.5 
      6.2      74.5       1.7      47.4 
      0.8      13.6      -1.3       9.0 
      0.1       2.2      -1.4       6.5 
     -0.1       1.7      -1.7       5.8 
31702 -0.000000 -5.870454 -44.615444 
 23333.5  19621.6     -0.4     35.7     32.6     13.4 
    -0.5     78.7     32.9     41.7  10149.9  10761.8 
     -6.3      58.5       1.1      43.4 
     -1.4       6.5      -1.3       9.1 
     -1.4       3.0      -1.4       6.5 
     -1.4       2.8      -1.7       6.0 
31703 -0.000000 -11.452198 -43.518353 
 23794.2  20069.1     -1.0     28.3     32.9     13.5 
    -1.0     71.1     33.1     41.7  10263.5  10836.5 
     -4.5      55.2       1.7      46.6 
     -2.3       9.1      -1.3       9.0 
     -2.1       6.0      -1.3       6.7 
     -2.1       5.4      -1.6       6.0 
31704 -0.000000 -16.522495 -41.856983 
 24520.9  20128.7     -1.7     21.0     32.9     13.2 
    -1.5     63.1     33.2     41.4  10608.3  11306.5 
     -8.3      50.9       0.4      46.1 
     -2.9      13.6      -1.5       9.0 
     -3.0       9.1      -1.3       6.6 
     -2.9       8.0      -1.6       6.1 
31705 -0.000000 -20.958590 -39.821320 
 25633.0  19514.7     -1.8     14.3     33.1     13.2 
    -1.6     55.1     33.5     41.3  11501.4  11942.3 
     -8.0      50.0       0.9      48.7 
     -4.2      17.2      -1.1       9.2 
     -3.7      11.8      -1.2       6.6 
     -3.6      10.4      -1.5       6.0 
31706 -0.000000 -24.732742 -37.593769 
 27305.2  18636.3     -2.8      9.7     33.2     12.8 
    -1.8     46.8     33.5     41.2  11780.1  12463.1 
    -10.5      53.8       1.4      53.7 
     -4.1      19.5      -1.0       9.3 
     -3.8      14.5      -1.1       6.4 
     -4.1      13.9      -1.4       5.8 
31707 -0.000000 -27.883995 -35.319725 
 28759.2  17237.3     -6.3     15.0     33.5     12.6 
    -1.7     37.9     33.7     40.8  12648.0  13581.3 
     -9.9      50.5       0.7      50.9 
     -4.5      22.1      -0.9       9.3 
     -4.2      16.9      -1.0       6.2 
     -4.5      17.8      -1.3       5.8 
31708 -0.000000 -30.486408 -33.099529 
 30610.1  15763.6     -0.0     43.3     33.5     12.2 
    -1.3     29.3     33.8     40.7  14433.8  15139.9 
    -12.1      52.3       1.2      49.0 
     -4.7      22.8      -0.8       9.5 
     -4.6      17.2      -0.9       6.2 
     -4.9      18.1      -1.2       5.6 
31709 -0.000000 -32.624973 -30.993725 
 32878.6  15118.1     -0.0     43.3     33.6     12.0 
    -1.6     21.0     33.8     40.2  15358.2  16236.2 
    -10.4      51.9       1.2      53.2 
     -4.8      22.3      -0.8       9.4 
     -5.1      16.5      -1.0       6.2 
     -5.0      16.9      -1.1       5.6 
31710 -0.000000 -34.381348 -29.033136 
 34899.3  14287.6     -0.0     43.3     33.9     11.8 
    -1.5     14.0     34.1     40.0  17024.5  17554.9 
    -13.0      54.7       1.1      50.5 
     -5.2      23.2      -0.8       9.0 
     -4.7      17.7      -0.8       6.0 
     -5.0      16.7      -0.9       5.5 
31711 -0.000000 -35.827297 -27.228748 
 37291.3  13935.5     -0.0     43.3     33.8     11.4 
    -3.0     12.9     34.1     40.0  18005.0  18897.7 
    -11.7      53.4       1.6      56.7 
     -5.0      24.8      -0.3       9.7 
     -4.9      20.4      -0.8       6.1 
     -5.3      20.8      -0.9       5.4 
31712 -0.000000 -37.022865 -25.579433 
 39644.6  13424.2     -0.0     43.3     34.1     11.3 
     3.9     22.8     34.3     39.5  19660.2  20743.3 
    -12.2      53.6       1.3      54.2 
     -4.7      25.1      -0.7       9.7 
     -4.9      20.2      -0.6       6.0 
     -4.9      21.5      -0.8       5.3 
31713 -0.000000 -38.016857 -24.077343 
 41978.4  13171.7     -0.0     43.3     33.9     11.1 
    -0.0     86.6     34.2     39.4  21513.5  22474.7 
    -12.6      54.6       3.0      58.6 
     -5.7      24.6      -0.7       9.9 
     -5.3      19.0      -0.6       5.9 
     -5.7      19.5      -0.8       5.2 
31714 -0.000000 -38.848354 -22.711344 
 44719.7  12926.1     -0.0     43.3     34.3     10.9 
    -0.0     86.6     34.4     39.2  23181.9  24023.5 
    -11.3      52.3       3.2      62.2 
     -5.4      24.3      -0.5      10.6 
     -4.8      19.3      -0.6       6.0 
     -5.5      18.0      -0.8       5.0 
31715 -0.000000 -39.548401 -21.469133 
 47359.4  12780.5     -0.0     43.3     34.2     10.7 
    -0.0     86.6     34.3     39.1  24601.3  25413.8 
    -12.4      53.2       1.0      57.8 
     -5.0      25.8      -0.4      10.5 
     -4.7      21.7      -0.5       5.7 
     -5.6      21.2      -0.6       5.1 
31716 -0.000000 -40.141609 -20.338415 
 49979.6  12530.9     -0.0     43.3     34.5     10.6 
    -0.0     86.6     34.5     38.9  26266.8  27260.0 
    -12.9      54.8       0.8      62.2 
     -5.1      26.4      -0.5      11.3 
     -4.8      22.1      -0.4       5.7 
     -5.6      22.7      -0.5       5.0 
31717 -0.000000 -40.647488 -19.307556 
 52648.8  12492.0     -0.0     43.3     34.5     10.4 
    -0.0     86.6     34.6     38.8  28301.9  29147.8 
    -14.3      52.2       3.8      62.1 
     -5.5      25.0      -0.4      11.4 
     -4.9      20.6      -0.4       5.8 
     -5.8      20.9      -0.5       4.9 
31718 -0.000000 -41.081562 -18.365873 
 55167.7  12358.3     -0.0     43.3     34.5     10.2 
    -0.0     86.6     34.4     38.8  30186.6  31273.6 
    -14.2      53.2       1.1      60.1 
     -4.9      25.1      -0.3      12.2 
     -5.2      19.7      -0.4       5.5 
     -5.5      19.2      -0.5       4.8 
31719 -0.000000 -41.456230 -17.503742 
 58043.5  12267.0     -0.0     43.3     34.6     10.1 
    -0.0     86.6     34.7     38.7  30997.2  32276.9 
    -15.2      54.3       3.0      70.1 
     -4.8      26.2      -0.3      12.1 
     -5.8      22.4      -0.4       5.7 
     -5.8      22.3      -0.5       4.8 
31720 -0.000000 -41.781452 -16.712580 
 60658.0  12204.3     -0.0     43.3     34.7     10.0 
    -0.0     86.6     34.8     38.6  33793.1  34838.7 
    -13.8      53.2       1.8      67.2 
     -5.2      26.5       0.2      12.3 
     -5.4      23.1      -0.3       5.5 
     -5.7      23.8      -0.5       4.8 
31721 -0.000000 -42.065262 -15.984799 
 63464.2  12249.6     -0.0     43.3     34.6      9.9 
    -0.0     86.6     34.7     38.6  35298.6  36910.2 
    -13.5      52.7       0.0      63.1 
     -5.9      25.5      -0.3      13.5 
     -5.6      21.3      -0.3       5.6 
     -5.9      21.4      -0.4       4.7 
31722 -0.000000 -42.314190 -15.313706 
 66446.8  12116.2     -0.0     43.3     34.8      9.9 
    -0.0     86.6     34.9     38.3  37119.7  38265.3 
    -16.8      53.4       3.6      69.0 
     -5.7      25.8      -0.1      13.5 
     -5.2      20.4      -0.2       5.4 
     -5.7      19.6      -0.4       4.6 
31723 -0.000000 -42.533558 -14.693412 
 69127.1  12098.3     -0.0     43.3     34.6      9.7 
    -0.0     86.6     34.8     38.2  38673.6  40049.7 
    -14.9      53.5       2.1      71.8 
     -5.3      26.5      -0.2      14.3 
     -5.1      22.8      -0.2       5.3 
     -5.6      22.3      -0.3       4.7 
31724 -0.000000 -42.727760 -14.118738 
 71981.9  12100.4     -0.0     43.3     34.7      9.7 
    -0.0     86.6     34.8     38.2  40849.3  42494.5 
    -13.3      49.3       0.9      70.3 
     -5.7      27.4       0.1      16.0 
     -5.5      23.3      -0.3       5.5 
     -6.0      24.0      -0.3       4.7 
31725 -0.000000 -42.900398 -13.585126 
 74808.1  12007.6     -0.0     43.3     34.8      9.6 
    -0.0     86.6     34.9     38.1  42913.0  44387.5 
    -13.9      52.9      -0.2      71.9 
     -5.7      26.4      -0.0      15.5 
     -5.8      21.6      -0.1       5.5 
     -6.0      21.9      -0.3       4.6 
31726 -0.000000 -43.054493 -13.088566 
 77766.2  11986.1     -0.0     43.3     34.8      9.5 
    -0.0     86.6     34.8     38.0  44147.5  46012.4 
    -16.4      55.2       3.1      79.0 
     -6.0      25.7      -0.5      16.3 
     -5.2      20.6      -0.0       5.5 
     -6.0      19.8      -0.3       4.5 
31727 -0.000000 -43.192551 -12.625515 
 80481.3  11975.9     -0.0     43.3     34.9      9.5 
    -0.0     86.6     34.9     38.1  47218.7  48485.5 
    -12.5      50.5       3.0      75.9 
     -6.0      26.9       0.1      17.0 
     -5.3      23.2      -0.1       5.5 
     -5.7      22.5      -0.3       4.5 
31728 -0.000000 -43.316673 -12.192842 
 83359.3  11905.9     -0.0     43.3     35.0      9.4 
    -0.0     86.6     34.9     37.9  48394.6  49973.3 
    -13.5      50.3       1.0      73.4 
     -6.0      28.2      -0.4      17.5 
     -5.6      23.7      -0.2       5.7 
     -5.5      24.1      -0.1       4.5 
31729 -0.000000 -43.428661 -11.787779 
 86536.0  11957.3     -0.0     43.3     34.8      9.4 
    -0.0     86.6     34.7     37.9  50598.0  51862.5 
    -14.9      55.3       3.4      78.7 
     -5.8      26.2       0.1      18.8 
     -5.3      22.1      -0.2       5.6 
     -5.8      22.7      -0.2       4.5 
31730 -0.000000 -43.529995 -11.407862 
 89170.7  11927.4     -0.0     43.3     34.7      9.3 
    -0.0     86.6     35.0     37.9  52454.2  53996.9 
    -14.3      51.5       0.0      78.9 
     -6.4      26.1      -0.4      18.8 
     -5.7      20.9      -0.0       5.7 
     -6.1      19.9      -0.1       4.5 
31731 -0.000000 -43.621986 -11.050903 
 92329.5  11979.7     -0.0     43.3     34.8      9.2 
    -0.0     86.6     34.8     37.8  53503.8  55657.4 
    -15.9      54.2       0.9      81.4 
     -5.8      27.0      -0.1      19.9 
     -5.4      23.5      -0.1       5.6 
     -5.7      22.1      -0.2       4.5 
31732 -0.000000 -43.705715 -10.714950 
 95007.1  11880.3     -0.0     43.3     35.0      9.1 
    -0.0     86.6     34.9     37.7  56859.6  58351.6 
    -14.5      50.1       2.9      82.8 
     -6.0      27.5      -0.1      19.4 
     -5.1      23.9      -0.1       5.7 
     -5.8      24.5      -0.3       4.5 
31733 -0.000000 -43.782146 -10.398259 
 97942.6  11884.6     -0.0     43.3     35.0      9.2 
    -0.0     86.6     35.2     37.7  58709.3  60466.9 
    -14.7      50.4       6.0      76.8 
     -6.3      26.7       0.0      21.6 
     -5.6      22.4      -0.0       5.9 
     -5.6      22.4      -0.1       4.5 
31734 -0.000000 -43.852077 -10.099266 
100964.7  11897.5     -0.0     43.3     35.0      9.0 
    -0.0     86.6     35.1     37.6  60759.8  62253.2 
    -16.5      51.4      -1.4      83.6 
     -6.2      26.2       0.2      21.3 
     -5.4      21.5      -0.1       5.9 
     -5.8      20.4      -0.1       4.5 
31735 -0.000000 -43.916229 -9.816568 
103699.4  11910.9     -0.0     43.3     35.1      9.1 
    -0.0     86.6     35.1     37.7  62188.1  63653.1 
    -14.5      49.8       3.4      81.0 
     -6.3      27.3      -0.3      21.7 
     -5.6      23.4      -0.1       6.3 
     -5.7      22.7      -0.2       4.5 
31736 -0.000000 -43.975204 -9.548901 
106643.0  11899.9     -0.0     43.3     35.0      9.0 
    -0.0     86.6     35.0     37.5  64296.9  66365.3 
    -16.6      58.2       5.5      84.9 
     -6.3      28.5       0.0      22.2 
     -5.8      24.5      -0.1       6.0 
     -5.8      25.1      -0.0       4.5 
31737 -0.000000 -44.029541 -9.295126 
109930.3  11883.8     -0.0     43.3     35.0      9.0 
    -0.0     86.6     35.1     37.4  65470.4  67305.2 
    -15.2      50.2       4.5      86.8 
     -6.5      26.8      -0.1      22.9 
     -5.4      22.7       0.1       6.1 
     -6.2      22.8      -0.1       4.6 
31738 -0.000000 -44.079716 -9.054212 
112530.6  11971.1     -0.0     43.3     35.0      8.9 
    -0.0     86.6     35.1     37.4  68223.9  70146.1 
    -15.5      51.5       1.4      86.7 
     -6.2      26.5      -0.1      23.1 
     -5.3      21.4      -0.1       6.0 
     -5.6      21.0      -0.1       4.7 
31739 -0.000000 -44.126129 -8.825226 
115626.6  11961.0     -0.0     43.3     35.2      8.9 
    -0.0     86.6     35.2     37.5  70287.2  72382.2 
    -16.9      54.4       2.5      85.5 
     -5.8      27.1      -0.1      24.5 
     -5.3      23.6       0.2       6.0 
     -6.0      22.7      -0.1       4.6 
31740 -0.000000 -44.169155 -8.607322 
118506.8  11889.2     -0.0     43.3     35.2      8.9 
    -0.0     86.6     35.3     37.5  71880.2  74078.4 
    -14.3      52.7      -1.8      85.3 
     -5.9      28.2      -0.1      24.2 
     -5.3      24.6       0.1       6.5 
     -5.9      24.7      -0.1       4.4 
31741 -0.000000 -44.209099 -8.399729 
121342.8  11867.7     -0.0     43.3     35.1      8.8 
    -0.0     86.6     35.2     37.2  74780.3  76491.4 
    -14.5      50.9      -2.3      91.8 
     -6.2      26.6       0.4      25.4 
     -5.5      23.2       0.1       6.3 
     -5.7      22.7       0.1       4.5 
31742 -0.000000 -44.246258 -8.201745 
124233.1  11897.5     -0.0     43.3     35.2     10.9 
    -0.0     86.6     35.2     37.1  75615.3  77939.4 
    -15.6      51.5       0.7      84.8 
     -6.7      26.9      -0.1      26.1 
     -5.8      21.8      -0.0       6.9 
     -5.9      20.8      -0.1       4.8 
31743 -0.000000 -44.280880 -8.012731 
127060.9  11837.9     -0.0     43.3     35.0      8.7 
    -0.0     86.6     35.2     37.2  77050.5  79786.6 
    -14.3      54.3      -0.0      89.4 
     -6.1      27.7       0.2      25.6 
     -5.4      23.3       0.1       6.1 
     -5.8      22.7      -0.0       4.5 
31744 -0.000000 -44.313187 -7.832098 
130426.6  12056.5     -0.0     43.3     35.3      8.7 
    -0.0     86.6     35.1     37.4  79491.3  81959.3 
    -14.6      52.8       3.1      91.9 
     -6.6      28.7      -0.1      25.7 
     -5.1      24.7       0.1       6.1 
     -5.3      25.1       0.1       4.5 
31745 -0.000000 -44.343372 -7.659310 
133266.2  11881.0     -0.0     43.3     35.1     11.1 
    -0.0     86.6     35.2     37.3  82264.2  84566.2 
    -16.8      54.2       0.6      90.8 
     -6.2      27.2       0.7      28.2 
     -5.7      23.2       0.1       6.7 
     -5.7      23.1       0.0       4.5 
31746 -0.000000 -44.371635 -7.493876 
135912.8  11823.5     -0.0     43.3     35.3      8.7 
    -0.0     86.6     35.4     37.2  83911.4  86337.4 
    -18.9      56.7       1.0      93.0 
     -6.5      26.6       0.2      26.6 
     -5.6      21.2       0.1       6.5 
     -6.0      20.6      -0.0       4.4 
31747 -0.000000 -44.398117 -7.335341 
139181.4  11883.5     -0.0     43.3     35.3      8.7 
    -0.0     86.6     35.4     37.1  86809.0  88503.3 
    -17.5      52.7      -0.9      87.3 
     -5.9      27.8      -0.5      26.7 
     -5.8      23.6       0.1       6.5 
     -6.8      22.6       0.1       4.5 
31748 -0.000000 -44.446323 -7.037334 
145100.5  11883.9     -0.0     43.3     35.1      8.6 
    -0.0     86.6     35.0     37.0  89553.8  92553.1 
    -15.3      54.3       1.6      91.5 
     -6.8      27.3      -0.1      27.0 
     -5.8      22.6      -0.0       6.8 
     -5.8      23.0      -0.1       4.7 
31749 -0.000000 -44.488998 -6.762328 
151003.7  11963.5     -0.0     43.3     35.2      8.6 
    -0.0     86.6     35.4     36.9  93709.1  95845.3 
    -18.8      56.3      -1.8      91.5 
     -6.1      27.9       0.1      28.9 
     -5.8      23.5       0.2       7.5 
     -5.5      23.0       0.1       4.8 
31750 -0.000000 -44.526943 -6.507784 
156742.5  11916.1     -0.0     43.3     35.4      8.6 
    -0.0     86.6     35.5     37.0  98661.5 101448.4 
    -16.6      54.2       4.7      94.7 
     -6.7      26.9       0.4      30.0 
     -6.0      22.9       0.2       6.7 
     -5.6      23.1       0.2       4.4 
31751 -0.000000 -44.560837 -6.271525 
162829.4  11989.1     -0.0     43.3     35.4      8.5 
    -0.0     86.6     35.4     36.9 101727.3 104921.5 
    -17.4      55.8       1.4      94.7 
     -7.0      28.6      -0.2      31.0 
     -5.6      23.5       0.1       7.9 
     -6.0      23.0       0.2       4.6 
31752 -0.000000 -44.591225 -6.051666 
168825.2  12031.8     -0.0     43.3     35.2      8.4 
    -0.0     86.6     35.3     36.6 105248.9 108846.7 
    -14.1      48.1      -0.7     100.4 
     -6.9      28.1       0.3      31.9 
     -5.8      22.6       0.1       7.6 
     -6.5      22.9       0.0       4.8 
31753 -0.000000 -44.618580 -5.846572 
174580.7  11829.2     -0.0     43.3     35.0      8.5 
    -0.0     86.6     35.2     36.8 110530.5 112800.9 
    -15.0      50.9       0.7      98.3 
     -6.1      27.7       0.0      31.8 
     -5.8      23.4       0.2       8.3 
     -6.3      23.2       0.2       5.7 
31754 -0.000000 -44.643284 -5.654816 
180714.3  11923.3     -0.0     43.3     35.3      8.5 
    -0.0     86.6     35.3     36.7 113065.7 117115.0 
    -12.0      44.3      -0.9     101.4 
     -7.0      27.2       0.1      34.3 
     -6.1      23.2       0.0       7.2 
     -6.1      22.9       0.1       4.7 
31755 -0.000000 -44.665680 -5.475147 
186653.7  11915.9     -0.0     43.3     35.5      8.4 
    -0.0     86.6     35.4     36.7 118775.7 122631.2 
    -12.2      41.4      -1.7     101.2 
     -6.5      27.3       0.5      34.5 
     -5.4      23.8       0.1       8.2 
     -5.9      22.7       0.3       5.5 
31756 -0.000000 -44.686035 -5.306466 
192426.6  12103.2     -0.0     43.3     35.2      8.3 
    -0.0     86.6     35.4     36.7 122749.0 126035.8 
     -9.4      42.0      -9.1     104.9 
     -6.7      27.0      -0.1      34.8 
     -5.9      23.1       0.3       9.4 
     -6.1      23.2       0.1       5.0 
31757 -0.000000 -44.704586 -5.147801 
198471.4  11920.0     -0.0     43.3     35.6     10.8 
    -0.0     86.6     35.3     36.7 127644.6 130125.7 
    -11.3      38.0      -2.7     104.6 
     -6.3      26.7       0.5      34.7 
     -5.9      23.6       0.2      10.1 
     -6.4      23.4       0.2       5.5 
31758 -0.000000 -44.721550 -4.998291 
204299.8  11946.5     -0.0     43.3     35.4      8.3 
    -0.0     86.6     35.7     36.6 131939.6 134960.3 
     -9.0      36.6      -2.4     102.9 
     -6.4      26.0       0.4      36.2 
     -5.9      22.6       0.4       9.2 
     -6.2      23.3       0.3       5.0 
31759 -0.000000 -44.737095 -4.857171 
210526.5  11958.3     -0.0     43.3     35.5      8.1 
    -0.0     86.6     35.5     36.4 134071.0 137264.6 
     -7.6      32.5       4.4      99.7 
     -6.3      25.8      -0.4      36.6 
     -6.2      23.8       0.3       9.4 
     -6.3      22.9       0.1       4.8 
31760 -0.000000 -44.751385 -4.723757 
216152.5  11964.8     -0.0     43.3     35.5      8.3 
    -0.0     86.6     35.5     36.4 140110.4 143394.3 
     -6.4      30.7       0.0     103.4 
     -6.1      25.0      -0.3      36.2 
     -6.2      22.9       0.3       9.4 
     -6.1      23.2       0.2       5.0 
31761 40.647488 -0.000000 -19.307556 
 52206.1   9473.4      0.3     41.5     32.5     28.9 
     0.3     84.3     32.5     57.7  27850.3  28931.8 
      2.2      82.8      15.3      48.0 
      0.1      31.9       5.2      19.6 
      0.6       9.8       5.2      16.1 
     -0.0       2.3       5.6      16.2 
31762 39.954453 -0.000000 -20.703671 
 48763.7   9687.7     -0.1     41.6     32.5     28.9 
    -0.2     84.4     32.5     57.7  25271.5  26233.3 
     -5.3      84.8      14.8      51.2 
     -0.3      31.8       5.3      20.0 
      0.2       6.9       5.0      17.9 
     -0.1       1.6       5.8      18.5 
31763 39.094978 -0.000000 -22.284138 
 45261.1  10039.5     -0.5     41.6     32.5     28.9 
    -0.5     84.4     32.5     57.7  23178.8  24416.6 
      2.5      79.3      14.8      49.1 
     -1.1      26.1       5.3      18.8 
     -0.1       5.9       4.7      15.1 
      0.0       1.8       5.5      15.0 
31764 38.016857 -0.000000 -24.077343 
 41957.6  10531.0     -0.4     41.5     32.5     28.9 
    -0.5     84.5     32.5     57.7  20955.4  21914.9 
     -2.1      81.8      13.8      49.9 
     -0.3      24.3       5.0      19.0 
      0.4       4.8       4.7      16.2 
      0.1       1.6       5.3      17.5 
31765 36.648933 -0.000000 -26.112364 
 38753.2  11189.7      0.4     41.6     32.5     28.9 
     0.5     84.6     32.5     57.7  19257.3  20392.8 
      3.4      78.8      15.9      51.6 
     -0.4      20.0       4.5      17.1 
     -0.5       4.4       4.8      13.6 
      0.0       2.2       5.0      13.3 
31766 34.894611 -0.000000 -28.414185 
 35700.0  12028.7     -0.0     41.7     32.5     28.9 
    -0.0     84.6     38.2      9.2  17647.7  18533.9 
     -0.7      74.7      13.3      50.0 
     -0.6      24.3       4.5      17.3 
      0.2       3.0       4.8      14.2 
     -0.0       1.2       5.0      15.1 
31767 32.624973 -0.000000 -30.993725 
 32875.3  13340.1     -0.2     41.6     32.5     28.9 
    -0.2     84.6     35.2     10.3  15278.9  16066.5 
      0.7      72.6      14.8      50.2 
      0.5      22.9       4.4      15.4 
     -0.5       5.2       4.1      12.1 
      0.0       1.3       4.6      11.0 
31768 29.674702 -0.000000 -33.829159 
 30256.5  15653.2     -0.6     41.6     32.5     28.9 
    -0.6     84.7     35.1     19.9  14534.5  15058.4 
     -9.2      76.1      11.9      47.6 
     -0.5      18.2       4.2      14.7 
      0.2       2.1       3.9      11.1 
      0.0       1.3       4.4      11.5 
31769 25.849159 -0.000000 -36.835049 
 28265.2  19409.7      0.2     41.9     36.0      6.5 
     0.2     84.8     35.0     31.2  12654.9  13385.5 
      1.6      74.6       9.2      48.9 
      1.1      14.9       3.7      12.3 
      0.1       2.0       3.4       8.8 
      0.1       1.8       3.7       8.1 
31770 20.958590 -0.000000 -39.821320 
 26341.3  21912.4     -0.5     41.6     35.2     14.1 
    -0.4     84.8     35.1     42.2  12259.3  12939.4 
      0.8      75.4       9.1      47.6 
      0.4      13.0       2.9      10.6 
     -0.0       1.5       2.6       7.3 
     -0.1       1.2       2.4       6.2 
31771 14.898947 -0.000000 -42.462002 
 25017.1  20663.0      0.0     41.7     34.6     24.0 
     0.0     84.8     34.6     52.7  11528.0  12049.2 
      1.6      70.9       8.7      59.7 
      0.3       9.8       1.2       7.2 
      0.2       1.7       0.9       4.3 
     -0.0       1.2       1.1       3.7 
31772 11.452198 -0.000000 -43.518353 
 24775.3  20227.5      0.3     41.7     33.4     26.8 
     0.3     84.7     33.4     55.6  11329.0  11962.0 
      4.1      76.9       9.9      65.3 
      0.7      16.2      -0.1      10.4 
      0.2       2.7       0.8       1.6 
     -0.0       1.2       0.8       0.9 
31773 7.775977 -0.000000 -44.323067 
 23987.8  19760.9      0.3     41.8     33.6     23.1 
     0.3     84.9     33.8     51.7  11152.8  11626.0 
     -3.4      75.8       5.2      59.1 
     -1.0       9.7       0.3       7.3 
      0.0       1.6       0.4       3.6 
     -0.1       1.2       0.1       3.3 
31774 3.932269 -0.000000 -44.827866 
 23538.3  19587.7     -0.0     42.0     33.1     18.2 
    -0.1     85.0     33.3     46.7  10719.5  11205.6 
     -0.7      73.6       3.2      54.2 
     -0.6      13.1      -0.5       6.9 
     -0.1       2.0      -0.5       4.9 
      0.1       1.2      -0.8       4.5 
31775 -0.000000 -0.000000 -45.000000 
 23300.0  19397.8     -0.0     42.0     33.0     13.4 
    -0.1     85.1     33.1     41.7  10387.3  10841.3 
     -1.8      72.0      -0.0      45.0 
      0.0      10.5      -1.2       9.0 
      0.0       2.4      -1.4       6.4 
     -0.0       2.2      -1.6       5.8 
31776 -3.932269 -0.000000 -44.827866 
 23133.5  18168.6     -0.3     41.9     32.4      9.1 
    -0.4     85.0     32.9     36.6  10206.7  10708.3 
     -4.2      72.4      -1.6      44.7 
      1.1       9.5      -2.1      11.6 
      0.0       2.0      -2.0       8.2 
     -0.1       2.0      -2.2       7.2 
31777 -7.775977 -0.000000 -44.323067 
 23131.6  15417.3      0.1     41.8     31.5      6.6 
     0.1     84.9     32.5     31.8   9608.2  10107.4 
     -1.6      77.3      -3.4      44.1 
      0.0      11.5      -2.2      13.5 
      0.1       1.8      -2.2      10.7 
      0.1       1.1      -2.7      10.0 
31778 -11.452198 -0.000000 -43.518353 
 23382.3  13837.6      0.0     41.8     28.8      7.2 
     0.0     84.9     32.3     26.7   9370.2  10056.7 
      1.3      74.7      -3.9      42.5 
      1.3      10.6      -2.6      15.5 
     -0.0       1.6      -2.3      12.6 
     -0.0       1.1      -3.4      13.9 
31779 -14.898947 -0.000000 -42.462002 
 23866.2  12209.7      0.0     42.0     22.0      7.7 
    -0.0     85.0     32.6     21.7  10449.9  11024.7 
      1.6      71.1      -5.4      41.4 
     -0.4      14.4      -2.9      16.6 
      0.2       1.5      -2.8      13.0 
      0.0       1.0      -3.5      14.6 
31780 -20.958590 -0.000000 -39.821320 
 25121.2  10576.8      0.5     41.8     32.5     28.9 
     0.5     85.0     32.2     12.9  11079.1  11708.8 
      0.2      72.4      -5.3      40.9 
     -0.0      12.8      -2.9      16.9 
     -0.1       2.3      -2.7      13.3 
     -0.0       1.0      -3.4      13.4 
31781 -25.849159 -0.000000 -36.835049 
 27146.7   9654.5     -0.1     42.2     32.5     28.9 
    -0.2     85.1     29.9     10.0  10970.7  12008.3 
     -0.3      75.9      -5.3      44.0 
     -0.6      13.2      -2.9      19.6 
      0.0       3.5      -2.5      16.8 
      0.0       1.0      -3.3      18.5 
31782 -29.674702 -0.000000 -33.829159 
 29487.2   8866.9      0.1     42.1     32.5     28.9 
     0.2     85.1     32.5     57.7  13506.3  14205.6 
     -0.5      76.7      -6.5      44.6 
     -0.6      20.4      -2.4      19.4 
      0.1       3.9      -2.5      15.4 
      0.0       1.1      -3.2      16.9 
31783 -32.624973 -0.000000 -30.993725 
 32208.6   8491.7      0.1     42.2     32.5     28.9 
     0.2     85.1     32.5     57.7  13862.0  15002.4 
     -5.5      75.8      -8.8      44.2 
     -0.5      21.3      -2.2      21.0 
      0.4       4.3      -2.1      18.4 
      0.1       1.6      -3.6      19.3 
31784 -34.894611 -0.000000 -28.414185 
 35140.8   8095.9      0.1     41.9     32.5     28.9 
     0.1     84.9     32.5     57.7  14988.5  17006.7 
      2.5      78.7      -6.3      44.5 
      0.7      23.0      -2.7      20.5 
      0.3       7.9      -2.7      17.6 
      0.1       1.1      -3.5      19.7 
31785 -36.648933 -0.000000 -26.112364 
 38407.1   7988.1      0.2     41.9     32.5     28.9 
     0.2     84.8     32.5     57.7  14801.0  18382.3 
     -2.1      77.6      -7.6      42.2 
     -0.9      23.2      -2.5      22.0 
     -0.5       4.1      -2.3      19.1 
      0.0       1.2      -3.9      21.1 
31786 -38.016857 -0.000000 -24.077343 
 41498.0   7882.4     -0.1     42.2    -91.4    152.8 
    -0.2     84.7     32.5     57.7  15649.7  19587.6 
      1.2      78.8      -7.9      41.1 
     -1.3      27.2      -2.3      21.0 
      0.7       5.7      -2.3      18.6 
     -0.0       1.4      -3.8      22.4 
31787 -39.094978 -0.000000 -22.284138 
 44851.8   7720.6      0.3     41.8   -187.1    161.1 
     0.3     84.7     32.5     57.7  14695.3  20645.0 
     -3.8      87.2      -8.0      40.4 
      0.7      29.9      -2.3      22.2 
      0.4       7.7      -2.1      19.6 
      0.1       1.5      -3.9      23.0 
31788 -39.954453 -0.000000 -20.703671 
 48500.4   7664.3      0.3     41.8     32.5     28.9 
     0.3     84.6     32.5     57.7  20300.1  23900.9 
     -1.7      80.3      -8.2      41.8 
      1.5      32.9      -1.9      22.0 
     -0.0       6.3      -2.1      19.4 
     -0.1       1.4      -3.5      24.0 
31789 -40.647488 -0.000000 -19.307556 
 51966.5   7603.4      0.1     41.8     32.5     28.9 
     0.2     84.6     32.5     57.7  19667.8  25219.9 
      2.7      84.1      -8.4      40.6 
      0.3      31.8      -2.1      23.0 
     -0.1       9.7      -2.5      19.9 
     -0.1       1.9      -4.5      24.7 
31790 37.802700 -16.538681 -17.956282 
 55430.3  10225.0     -0.0     43.3     32.5     28.9 
    -0.1     22.0     32.5     57.7  29330.2  30121.8 
     -9.2      59.3      13.3      47.7 
     -3.3      21.6       4.9      20.0 
     -3.0      15.5       4.5      16.3 
     -3.1      14.8       4.6      17.1 
31791 36.787724 -17.557777 -19.062731 
 51972.8  10607.8     -0.0     43.3     32.5     28.9 
    -0.2     22.8     32.5     57.7  26761.3  28124.1 
     -8.0      59.1      14.7      51.1 
     -3.7      21.5       4.7      20.7 
     -3.2      15.8       4.5      17.3 
     -3.2      14.7       4.6      18.4 
31792 35.569786 -18.674139 -20.274778 
 48854.9  11059.3     -0.0     43.3     32.5     28.9 
    -1.0     23.4     32.5     57.7  25604.3  26361.2 
     -9.2      57.4      16.3      52.4 
     -3.8      21.8       4.8      19.1 
     -3.4      15.6       4.4      15.1 
     -3.4      15.0       4.4      15.3 
31793 34.100807 -19.892136 -21.597176 
 46053.0  11756.1     -0.0     43.3     32.5     28.9 
    -0.6     23.9     32.5     57.7  23004.7  24095.6 
     -8.0      56.6      13.2      51.1 
     -3.7      21.7       4.4      18.9 
     -3.7      16.2       4.4      15.7 
     -3.6      15.6       4.2      17.0 
31794 32.322113 -21.211386 -23.029505 
 43037.5  12592.4     -0.0     43.3     32.5     28.9 
    -0.9     24.9     32.5     57.7  21761.5  22586.8 
     -9.1      55.8      12.0      49.6 
     -3.5      21.6       4.0      17.2 
     -3.9      16.4       4.1      13.9 
     -3.6      15.9       4.2      13.5 
31795 30.164263 -22.623199 -24.562328 
 40473.1  13812.8     -0.0     43.3     32.5     28.9 
    -0.5     25.8     38.3     13.5  19514.9  20831.3 
     -9.5      54.1      12.8      50.1 
     -3.7      21.9       3.8      17.1 
     -3.6      16.5       3.9      13.7 
     -3.8      16.1       4.1      14.3 
31796 27.549229 -24.105576 -26.171766 
 38249.1  15498.1     -0.0     43.3     32.5     28.9 
    -0.5     26.6     34.0     10.0  18440.5  19333.9 
     -9.9      53.9      12.3      53.4 
     -4.2      21.9       4.0      15.5 
     -4.0      16.6       3.8      11.3 
     -3.9      16.3       3.8      10.7 
31797 24.397142 -25.617001 -27.812742 
 36119.9  17067.2     -0.0     43.3     32.5     28.9 
    -1.1     27.1     34.6     18.6  17109.8  17812.5 
    -11.1      52.3      11.7      50.7 
     -4.4      22.4       3.7      15.2 
     -4.2      16.8       3.6      11.0 
     -4.3      17.2       3.6      11.0 
31798 20.640287 -27.090378 -29.412409 
 34341.1  17649.5     -0.0     43.3     34.8      6.4 
    -0.9     28.0     34.3     29.6  16342.6  17187.5 
     -8.9      51.3       9.6      50.0 
     -4.3      22.2       2.9      12.3 
     -4.3      16.8       2.9       8.6 
     -4.3      17.0       2.9       8.1 
31799 16.245913 -28.430346 -30.867231 
 33002.3  16845.6     -0.0     43.3     34.7     13.0 
    -0.9     28.4     34.5     41.1  15683.2  16387.0 
    -11.4      53.0       9.3      55.7 
     -5.2      22.3       2.4      10.5 
     -4.6      17.0       2.3       7.3 
     -4.8      17.4       2.0       6.6 
31800 11.245388 -29.519146 -32.049355 
 32022.6  16300.2     -0.0     43.3     34.2     23.5 
    -1.5     28.4     34.2     52.1  15420.7  15974.8 
    -12.5      55.1       8.5      64.2 
     -5.0      22.3       1.7      10.1 
     -4.6      17.1       1.2       4.5 
     -5.0      17.3       1.0       4.2 
31801 8.551672 -29.930853 -32.496353 
 31623.4  16126.9     -0.0     43.3     33.3     26.8 
    -1.7     28.6     33.4     55.4  14913.4  15771.2 
    -10.5      51.6       7.5      69.2 
     -5.3      21.9       1.2      13.8 
     -4.9      16.6       0.8       4.0 
     -5.4      17.5       0.7       1.4 
31802 5.759181 -30.235706 -32.827335 
 31310.5  15838.2     -0.0     43.3     34.3     22.6 
    -1.8     28.6     34.3     51.3  14858.8  15451.6 
    -10.2      52.1       7.2      63.0 
     -5.0      22.4       0.7      10.4 
     -4.9      17.0       0.6       4.0 
     -5.3      17.7       0.4       3.4 
31803 2.897443 -30.423149 -33.030846 
 30893.7  15708.3     -0.0     43.3     33.9     17.5 
    -1.6     29.0     34.0     46.0  14774.4  15275.8 
    -11.8      50.9       1.9      54.5 
     -5.0      22.6      -0.1       8.8 
     -4.8      17.0      -0.3       4.8 
     -5.1      17.8      -0.6       4.4 
31804 -0.000000 -30.486408 -33.099529 
 30619.9  15725.2     -0.0     43.3     33.5     12.3 
    -1.5     29.1     33.7     40.6  14472.7  15052.6 
    -10.3      50.8       2.2      51.5 
     -5.0      22.6      -0.9       9.3 
     -4.6      17.2      -1.0       6.1 
     -4.9      18.1      -1.2       5.8 
31805 -2.897443 -30.423149 -33.030846 
 30603.8  15633.5     -0.0     43.3     33.2      7.7 
    -1.4     29.5     33.6     35.2  14224.6  14673.5 
     -9.9      52.7      -0.2      46.9 
     -5.1      23.0      -1.8      11.3 
     -4.8      17.6      -1.5       7.8 
     -4.8      18.4      -1.8       7.3 
31806 -5.759181 -30.235706 -32.827335 
 30474.7  15794.4     -4.2     16.8     31.9      6.6 
    -1.4     29.7     33.5     29.9  13374.9  13992.8 
    -10.0      50.4      -2.7      43.5 
     -4.5      22.9      -1.6      13.3 
     -4.5      17.3      -1.5      10.2 
     -4.6      18.4      -2.2       9.8 
31807 -8.551672 -29.930853 -32.496353 
 30671.4  15115.1     -0.0     43.3     25.6      7.3 
    -1.4     29.5     33.4     24.5  14033.2  14683.6 
    -12.3      54.3      -3.6      46.1 
     -4.8      22.9      -2.1      15.4 
     -4.2      17.4      -2.0      11.8 
     -4.3      18.7      -2.4      12.4 
31808 -11.245388 -29.519146 -32.049355 
 31036.5  14586.1     -0.0     43.3     32.5     28.9 
    -1.4     29.9     33.3     19.4  13374.1  14375.6 
     -9.1      50.9      -2.0      46.3 
     -4.6      23.1      -2.4      15.4 
     -4.5      17.7      -2.5      12.0 
     -4.4      19.1      -2.7      13.2 
31809 -16.245913 -28.430346 -30.867231 
 32173.7  13471.2     -0.0     43.3     32.5     28.9 
    -1.5     29.5     32.8     11.2  14305.7  15203.1 
     -8.2      53.1      -4.0      47.4 
     -4.1      22.9      -2.0      16.2 
     -3.9      17.6      -1.8      12.5 
     -4.5      18.6      -2.6      12.2 
31810 -20.640287 -27.090378 -29.412409 
 33404.2  11980.3     -0.0     43.3     32.5     28.9 
    -0.8     28.8     30.5     14.4  14970.2  15557.9 
     -9.2      52.7      -4.5      48.3 
     -4.0      22.6      -2.2      18.1 
     -3.6      17.8      -1.9      15.3 
     -3.7      18.1      -2.3      17.0 
31811 -24.397142 -25.617001 -27.812742 
 35122.2  10723.3     -0.0     43.3     32.5     28.9 
    -0.9     28.1     32.5     57.7  16248.5  17019.4 
     -9.8      51.6      -6.6      47.6 
     -3.7      22.7      -2.0      18.6 
     -3.5      17.3      -1.9      14.8 
     -3.8      18.2      -2.7      15.9 
31812 -27.549229 -24.105576 -26.171766 
 37351.3  10054.9    -40.1     49.3     32.5     28.9 
    -0.5     27.2     32.5     57.7  16595.5  17753.0 
     -9.8      54.9      -6.1      46.2 
     -3.3      22.7      -1.3      20.3 
     -3.4      17.3      -1.8      17.6 
     -3.7      17.2      -2.7      19.5 
31813 -30.164263 -22.623199 -24.562328 
 39585.5   9549.4    -30.5     67.8     32.5     28.9 
    -0.7     26.5     32.5     57.7  18162.3  19867.8 
     -6.9      52.2      -5.1      42.0 
     -3.7      22.3      -2.2      20.0 
     -3.4      16.8      -2.2      16.9 
     -3.5      16.7      -2.6      18.9 
31814 -32.322113 -21.211386 -23.029505 
 42457.4   9155.4    -23.5     79.3    -69.7    139.4 
    -0.5     25.6     32.5     57.7  14526.8  19022.3 
     -7.4      53.3      -6.6      43.7 
     -3.0      22.0      -1.4      21.5 
     -3.1      16.7      -1.7      19.4 
     -3.3      16.5      -2.5      22.5 
31815 -34.100807 -19.892136 -21.597176 
 45312.3   8807.8    -23.0     87.4    -42.3    190.1 
    -0.6     24.8     32.5     57.7  12303.8  16792.7 
     -7.6      56.1      -6.3      43.2 
     -3.1      22.3      -1.5      21.2 
     -3.0      16.5      -2.0      18.4 
     -3.1      16.4      -2.5      24.6 
31816 -35.569786 -18.674139 -20.274778 
 48138.3   8589.2    -25.4     79.5   -134.7    168.2 
    -0.3     23.8     32.5     57.7  13748.3  16953.3 
     -6.9      55.4      -6.8      41.6 
     -3.6      21.6      -2.2      22.5 
     -2.6      15.9      -1.8      20.3 
     -2.8      15.7      -2.9      29.2 
31817 -36.787724 -17.557777 -19.062731 
 51302.4   8427.8    -29.6     97.0    -75.7    255.4 
    -0.4     22.9     32.5     57.7  12096.4  15715.1 
     -8.7      56.5      -7.7      40.7 
     -2.9      22.0      -1.9      22.2 
     -2.9      15.7      -1.9      19.7 
     -2.8      16.2      -3.0      33.1 
31818 -37.802700 -16.538681 -17.956282 
 54456.8   8164.6    -31.6     88.0    -72.9    252.3 
    -0.6     22.3     32.5     57.7  13154.7  17318.5 
     -7.2      57.6      -5.8      38.6 
     -3.2      21.4      -2.2      23.6 
     -2.7      15.7      -1.7      21.5 
     -3.2      16.3      -3.8      36.3 
31819 31.889639 -27.903433 -15.147578 
 65185.2  12119.3     -0.0     43.3     32.5     28.9 
    -0.0     86.6     32.5     57.7  35188.8  36229.3 
    -11.9      52.9      16.2      51.1 
     -3.7      24.2       4.7      19.3 
     -3.6      19.3       4.2      15.1 
     -3.7      19.1       4.4      14.7 
31820 30.480156 -29.094694 -15.794263 
 62359.0  12646.6     -0.0     43.3     32.5     28.9 
    -0.0     86.6     32.5     57.7  33430.7  34663.8 
    -11.0      53.2      13.2      50.9 
     -3.8      24.2       4.2      19.1 
     -3.6      19.9       4.1      15.9 
     -4.0      19.6       4.3      16.5 
31821 28.882971 -30.327118 -16.463293 
 60259.6  13234.8     -0.0     43.3     32.5     28.9 
    -0.0     86.6     32.5     57.7  31892.6  33289.5 
    -11.9      53.8      14.5      50.7 
     -3.8      24.6       4.4      18.4 
     -4.0      19.8       4.1      13.9 
     -3.4      19.6       4.1      13.4 
31822 27.075920 -31.588573 -17.148083 
 57850.2  13473.9     -0.0     43.3     32.5     28.9 
    -0.0     86.6     32.5     57.7  30578.7  31811.2 
     -9.3      53.6      13.7      55.0 
     -4.0      25.2       4.4      18.3 
     -3.5      20.8       3.8      14.0 
     -4.6      20.6       4.2      14.4 
31823 25.037458 -32.861668 -17.839190 
 55763.7  14374.1     -0.0     43.3     32.5     28.9 
    -0.0     86.6     32.5     57.7  29605.4  30512.7 
    -12.8      53.6      12.3      55.4 
     -4.0      25.1       3.8      17.0 
     -3.8      20.6       3.6      12.5 
     -4.2      20.9       4.1      11.9 
31824 22.748573 -34.122864 -18.523840 
 53768.3  14326.9     -0.0     43.3     32.5     28.9 
    -0.0     86.6     32.5     57.7  28257.6  29432.3 
    -13.5      53.6      12.3      55.2 
     -4.8      25.3       4.2      16.5 
     -4.1      21.3       3.8      12.2 
     -4.6      21.2       3.8      11.9 
31825 20.195421 -35.341984 -19.185650 
 51921.4  14186.9     -0.0     43.3     32.5     28.9 
    -0.0     86.6     33.6      8.0  26563.9  28183.4 
    -11.7      51.9      10.5      55.9 
     -4.5      25.5       3.6      15.0 
     -4.1      21.0       3.3      10.2 
     -4.5      21.2       3.4       9.4 
31826 17.372576 -36.482407 -19.804735 
 50763.6  13937.1     -0.0     43.3     32.5     28.9 
    -0.0     86.6     34.3     15.3  26497.6  27603.9 
    -12.9      53.2      11.8      56.7 
     -4.4      26.0       3.4      15.2 
     -4.6      21.1       3.3      10.3 
     -4.7      21.6       3.0       9.5 
31827 14.286614 -37.502361 -20.358425 
 49623.4  13529.4     -0.0     43.3     36.4     40.4 
    -0.0     86.6     34.5     27.3  25667.8  26649.4 
    -12.3      55.3      10.1      61.8 
     -4.7      26.1       3.0      12.8 
     -4.4      21.8       2.6       7.9 
     -5.3      21.5       2.8       7.0 
31828 10.959324 -38.357632 -20.822714 
 48718.1  13146.4     -0.0     43.3     34.7     11.0 
    -0.0     86.6     34.2     39.2  25416.1  26413.7 
    -12.9      54.4       7.5      61.6 
     -4.5      25.7       2.0      11.4 
     -4.6      21.6       2.0       7.0 
     -5.5      21.4       1.9       6.4 
31829 7.429648 -39.005653 -21.174498 
 48179.3  12986.7     -0.0     43.3     34.6     22.6 
    -0.0     86.6     34.4     51.2  25100.4  26310.4 
    -13.1      51.0       9.3      72.2 
     -5.4      25.8       1.2      16.3 
     -5.0      21.7       1.1       5.2 
     -5.5      21.5       1.1       4.6 
31830 5.605763 -39.240341 -21.301901 
 47897.5  13006.8     -0.0     43.3     33.9     26.5 
    -0.0     86.6     34.0     55.0  25108.0  26027.4 
    -11.9      51.6       7.3      70.9 
     -4.7      25.7       1.5      22.7 
     -5.3      21.0       0.8       3.4 
     -5.4      21.0       0.7       1.0 
31831 3.753390 -39.410595 -21.394323 
 47571.2  12790.2     -0.0     43.3     34.6     22.2 
    -0.0     86.6     34.7     50.8  24727.3  25739.2 
    -13.5      52.1       8.2      70.2 
     -5.1      26.1       1.1      15.3 
     -5.0      21.6       1.2       5.2 
     -5.9      21.3       0.8       3.5 
31832 1.881610 -39.513817 -21.450357 
 47472.6  12827.4     -0.0     43.3     34.4     16.5 
    -0.0     86.6     34.5     45.0  24937.0  26021.7 
    -13.3      53.1       3.8      66.6 
     -4.9      25.8       0.4      11.4 
     -5.0      21.7       0.0       4.7 
     -5.5      21.4      -0.1       4.1 
31833 -0.000000 -39.548401 -21.469133 
 47219.0  12765.0     -0.0     43.3     34.3     10.6 
    -0.0     86.6     34.4     39.0  24640.5  25360.3 
    -12.7      54.4       0.2      62.5 
     -4.7      25.9      -0.5      10.5 
     -4.8      21.7      -0.3       5.6 
     -5.6      21.6      -0.6       5.0 
31834 -1.881610 -39.513817 -21.450357 
 47125.3  12745.5     -0.0     43.3     34.3      5.3 
    -0.0     86.6     34.2     33.1  24394.8  25320.6 
    -13.1      51.7      -0.9      55.2 
     -4.7      25.9      -1.1      11.3 
     -5.0      22.3      -0.9       7.0 
     -5.1      21.9      -1.3       6.1 
31835 -3.753390 -39.410595 -21.394323 
 47031.3  12828.1     -0.0     43.3     33.2      3.8 
    -0.0     86.6     34.3     27.1  23733.2  25048.8 
    -11.6      50.6      -1.5      55.1 
     -4.6      25.9      -1.1      13.5 
     -4.4      21.7      -1.3       9.3 
     -4.7      21.9      -1.2       8.5 
31836 -5.605763 -39.240341 -21.301901 
 47133.0  12886.6     -0.0     43.3     32.5     28.9 
    -0.0     86.6     34.5     21.3  24246.9  25197.4 
    -12.1      52.8      -4.1      55.5 
     -4.7      25.6      -1.6      15.2 
     -4.4      21.9      -1.6      11.3 
     -5.0      21.7      -1.8      10.6 
31837 -7.429648 -39.005653 -21.174498 
 47313.7  12922.6     -0.0     43.3     32.5     28.9 
    -0.0     86.6     34.1     15.5  23761.3  24860.6 
    -11.9      53.5      -2.4      54.7 
     -4.3      26.3      -1.5      14.9 
     -5.1      22.0      -1.8      10.8 
     -4.8      22.6      -2.0      10.4 
31838 -10.959324 -38.357632 -20.822714 
 47668.6  13067.7     -0.0     43.3     32.5     28.9 
    -0.0     86.6     33.9      7.3  23932.5  24920.9 
    -12.6      53.2      -2.9      49.5 
     -3.9      26.2      -1.2      15.4 
     -4.2      21.9      -1.3      10.9 
     -4.8      22.3      -1.8      10.0 
31839 -14.286614 -37.502361 -20.358425 
 48800.4  13267.2     -0.0     43.3     32.5     28.9 
    -0.0     86.6     32.5     57.7  24894.3  25779.5 
    -11.6      52.7      -4.9      49.6 
     -4.3      26.0      -1.6      16.8 
     -4.1      21.8      -1.6      12.7 
     -4.6      22.1      -1.9      12.9 
31840 -17.372576 -36.482407 -19.804735 
 49646.0  12984.7     -0.0     43.3     32.5     28.9 
    -0.0     86.6     32.5     57.7  24500.4  26157.8 
    -11.8      52.1      -5.1      48.5 
     -4.1      25.9      -1.2      16.3 
     -4.0      22.0      -1.3      12.9 
     -4.4      22.3      -1.9      12.4 
31841 -20.195421 -35.341984 -19.185650 
 51231.3  12931.9     -0.0     43.3     32.5     28.9 
    -0.0     86.6     32.5     57.7  25556.6  26638.8 
    -13.5      52.9      -6.1      45.8 
     -3.9      26.0      -1.3      18.1 
     -3.7      21.8      -1.3      14.6 
     -4.3      22.2      -2.0      15.8 
31842 -22.748573 -34.122864 -18.523840 
 52912.1  11973.2     -0.0     43.3     32.5     28.9 
    -0.0     86.6     32.5     57.7  27286.9  28351.6 
    -13.0      54.4      -3.8      46.8 
     -4.2      25.3      -1.5      17.6 
     -3.7      21.1      -1.4      14.2 
     -4.0      21.4      -1.6      14.4 
31843 -25.037458 -32.861668 -17.839190 
 54828.8  11336.4     -0.0     43.3     32.5     28.9 
    -0.0     86.6     32.5     57.7  27973.5  29218.5 
    -11.6      56.5      -7.5      45.7 
     -3.8      25.8      -1.3      19.8 
     -3.9      20.9      -1.5      16.7 
     -3.8      21.1      -1.6      17.5 
31844 -27.075920 -31.588573 -17.148083 
 56967.0  11061.3     -0.0     43.3     32.5     28.9 
    -0.0     86.6     32.5     57.7  29323.4  30512.5 
    -12.2      54.9      -6.3      44.9 
     -3.9      25.0      -1.7      19.0 
     -3.6      20.8      -1.4      15.7 
     -4.0      21.3      -1.6      16.1 
31845 -28.882971 -30.327118 -16.463293 
 59185.8  10480.1     -0.0     43.3     32.5     28.9 
    -0.0     86.6     32.5     57.7  30090.2  32387.2 
    -10.5      56.2      -7.8      43.0 
     -3.7      24.9      -1.6      20.6 
     -3.3      20.5      -0.8      18.4 
     -4.0      21.2      -2.3      19.9 
31846 -30.480156 -29.094694 -15.794263 
 61766.1   9982.7     -0.0     43.3     32.5     28.9 
    -0.0     86.6     32.5     57.7  31027.4  33130.0 
     -8.6      55.4      -5.3      40.9 
     -3.5      25.2      -1.7      20.2 
     -3.4      20.0      -1.6      16.8 
     -3.3      20.9      -1.7      19.2 
31847 -31.889639 -27.903433 -15.147578 
 64248.5   9772.6     -0.0     43.3     32.5     28.9 
    -0.0     86.6     32.5     57.7  30534.4  34082.4 
     -6.2      55.5      -5.8      42.8 
     -3.6      24.6      -1.3      21.3 
     -3.6      20.1      -1.5      19.5 
     -3.4      21.6      -1.9      23.4 
31848 21.730955 -38.029171 -10.322203 
 96227.3  13317.8     -0.0     43.3     32.5     28.9 
    -0.0     86.6     32.5     57.7  56158.9  57525.1 
    -14.9      56.1      10.5      51.8 
     -4.7      26.0       4.3      19.3 
     -4.0      21.6       3.9      12.6 
     -4.2      21.8       4.0      11.9 
31849 20.301725 -38.757835 -10.519984 
 94783.3  13260.8     -0.0     43.3     32.5     28.9 
    -0.0     86.6     32.5     57.7  53572.7  56138.7 
    -13.7      56.4      12.1      59.6 
     -4.7      26.4       4.5      20.0 
     -4.1      22.0       3.8      12.9 
     -4.5      22.2       3.8      12.7 
31850 18.790987 -39.461071 -10.710862 
 92994.6  13148.6     -0.0     43.3     32.5     28.9 
    -0.0     86.6     32.5     57.7  53822.6  55796.1 
    -15.0      52.6      14.1      62.3 
     -4.6      26.4       3.9      18.1 
     -4.2      21.5       3.6      11.3 
     -4.2      22.0       3.9      10.7 
31851 17.199198 -40.131458 -10.892824 
 92054.0  12869.4     -0.0     43.3     32.5     28.9 
    -0.0     86.6     32.5     57.7  52973.4  55177.3 
    -13.5      54.7      14.3      65.7 
     -4.7      26.8       4.5      19.7 
     -4.2      22.4       3.7      11.7 
     -5.2      22.5       3.9      10.9 
31852 15.528065 -40.761169 -11.063745 
 90640.6  12776.2     -0.0     43.3     32.5     28.9 
    -0.0     86.6     32.5     57.7  52946.4  54722.9 
    -11.7      51.2       9.9      64.6 
     -4.9      26.6       4.0      17.6 
     -4.4      21.8       3.5      10.2 
     -4.8      22.2       3.5       9.5 
31853 13.780708 -41.342125 -11.221435 
 89569.2  12621.0     -0.0     43.3     32.5     28.9 
    -0.0     86.6     32.5     57.7  52170.0  53867.6 
    -14.3      52.4       8.9      67.2 
     -5.2      26.3       4.0      18.1 
     -4.6      22.3       3.6      10.5 
     -4.5      22.9       3.4       9.5 
31854 11.961784 -41.866245 -11.363695 
 88755.3  12436.2     -0.0     43.3     32.5     28.9 
    -0.0     86.6     32.9      6.0  51868.1  53352.1 
    -14.1      52.8      13.5      67.8 
     -5.4      26.9       3.5      18.1 
     -4.5      22.0       3.2       9.0 
     -5.2      22.6       3.3       7.8 
31855 10.077535 -42.325645 -11.488389 
 87882.2  12279.2     -0.0     43.3     32.5     28.9 
    -0.0     86.6     34.3     11.7  51804.9  53222.1 
    -16.0      55.6       6.7      69.6 
     -6.0      26.7       3.4      18.6 
     -5.0      22.0       3.0       9.3 
     -5.4      22.5       3.0       8.5 
31856 8.135806 -42.712982 -11.593524 
 87243.4  12096.1     -0.0     43.3     32.5     28.9 
    -0.0     86.6     34.5     24.5  51201.9  52645.8 
    -16.2      53.0       6.6      77.7 
     -5.6      26.3       2.7      17.7 
     -5.6      22.4       2.4       8.3 
     -5.5      22.4       2.6       7.1 
31857 6.145958 -43.021706 -11.677320 
 87114.0  12058.8     -0.0     43.3     34.9      9.0 
    -0.0     86.6     34.6     37.4  50626.7  52404.8 
    -16.2      53.4      10.2      80.0 
     -6.0      26.5       2.1      18.0 
     -5.3      22.0       1.9       6.6 
     -5.7      22.1       1.8       5.8 
31858 4.118702 -43.246368 -11.738300 
 86821.4  11985.2     -0.0     43.3     34.4     21.5 
    -0.0     86.6     34.2     49.9  50963.9  52170.2 
    -14.9      50.1       8.6      83.9 
     -5.6      26.4       1.7      28.0 
     -5.3      21.8       1.2       6.7 
     -6.0      22.2       0.9       4.5 
31859 3.094703 -43.325836 -11.759871 
 86740.0  11979.8     -0.0     43.3     34.0     26.1 
    -0.0     86.6     34.1     54.3  50055.2  52418.4 
    -17.1      52.8       5.5      86.9 
     -6.3      26.7       1.3      37.5 
     -5.5      21.8       1.5      10.5 
     -6.1      22.3       1.0       2.0 
31860 2.065851 -43.382874 -11.775351 
 86968.4  11910.2     -0.0     43.3     35.3     21.6 
    -0.0     86.6     35.3     50.1  50810.0  52662.0 
    -16.9      59.0       9.3      86.9 
     -5.8      26.5       1.6      30.9 
     -5.5      22.0       1.6       7.8 
     -6.3      22.3       1.1       4.4 
31861 1.033743 -43.417198 -11.784668 
 86432.8  11911.9     -0.0     43.3     34.9     15.6 
    -0.0     86.6     35.1     44.1  50655.9  52095.3 
    -17.4      58.8       0.7      82.8 
     -6.1      26.2       1.0      22.7 
     -5.5      22.1       0.4       6.0 
     -6.4      22.3       0.4       4.2 
31862 -0.000000 -43.428661 -11.787779 
 86180.0  11883.1     -0.0     43.3     34.8      9.3 
    -0.0     86.6     34.9     37.9  50751.1  52458.1 
    -15.9      54.0       0.7      74.9 
     -6.0      26.1      -0.2      17.7 
     -5.5      21.9      -0.2       5.6 
     -6.1      22.2      -0.2       4.5 
31863 -1.033743 -43.417198 -11.784668 
 86355.5  11946.8     -0.0     43.3     34.8      3.5 
    -0.0     86.6     34.9     31.3  50319.3  51530.6 
    -15.3      53.4       1.8      75.8 
     -5.5      26.5      -0.5      15.7 
     -5.7      22.2      -0.6       6.3 
     -5.9      22.6      -0.6       5.2 
31864 -2.065851 -43.382874 -11.775351 
 86189.8  11906.5     -0.0     43.3     32.5     28.9 
    -0.0     86.6     34.7     25.0  50551.0  52234.6 
    -12.8      51.7      -2.0      71.5 
     -5.7      26.6      -1.2      17.3 
     -5.3      22.1      -1.1       9.7 
     -5.3      22.5      -1.3       8.8 
31865 -3.094703 -43.325836 -11.759871 
 86087.9  11941.9     -0.0     43.3     32.5     28.9 
    -0.0     86.6     34.9     18.5  49860.5  51979.8 
    -14.5      51.3      -1.2      68.4 
     -5.6      27.0      -1.5      18.2 
     -5.2      22.6      -1.3      11.4 
     -5.5      22.8      -1.6      10.5 
31866 -4.118702 -43.246368 -11.738300 
 85995.3  11966.9     -0.0     43.3     32.5     28.9 
    -0.0     86.6     34.6     12.1  50260.2  51568.0 
    -16.2      54.1      -2.2      69.6 
     -5.1      26.2      -1.2      17.2 
     -5.0      22.3      -1.3       9.5 
     -5.3      23.0      -1.4       8.8 
31867 -6.145958 -43.021706 -11.677320 
 86273.2  12088.7     -0.0     43.3     32.5     28.9 
    -0.0     86.6     34.0      4.4  49678.3  51552.0 
    -15.6      51.8      -1.0      65.7 
     -4.9      26.6      -0.8      16.2 
     -4.8      22.6      -1.0       9.4 
     -5.5      22.8      -1.0       8.2 
31868 -8.135806 -42.712982 -11.593524 
 86705.4  12233.7     -0.0     43.3     32.5     28.9 
    -0.0     86.6     32.5     57.7  50088.4  51686.6 
    -14.7      54.4      -2.9      63.3 
     -5.6      27.4      -1.6      18.0 
     -4.6      22.4      -1.3      10.6 
     -5.4      23.5      -1.4      10.1 
31869 -10.077535 -42.325645 -11.488389 
 87151.9  12216.9     -0.0     43.3     32.5     28.9 
    -0.0     86.6     32.5     57.7  50218.7  51950.1 
    -13.7      51.6      -2.3      60.5 
     -5.0      27.1      -0.8      16.3 
     -4.4      22.3      -0.7      10.1 
     -4.9      23.2      -1.1       9.4 
31870 -11.961784 -41.866245 -11.363695 
 87882.2  12347.9     -0.0     43.3     32.5     28.9 
    -0.0     86.6     32.5     57.7  50812.3  52127.5 
    -15.1      51.4      -5.8      59.3 
     -4.8      26.6      -1.2      17.1 
     -5.0      22.9      -1.2      11.8 
     -4.7      23.2      -1.1      11.0 
31871 -13.780708 -41.342125 -11.221435 
 88654.2  12434.1     -0.0     43.3     32.5     28.9 
    -0.0     86.6     32.5     57.7  50970.5  52545.1 
    -11.5      49.7      -3.8      56.5 
     -4.9      26.8      -1.3      17.3 
     -4.0      22.3      -0.5      11.1 
     -4.5      22.7      -0.9      10.4 
31872 -15.528065 -40.761169 -11.063745 
 89811.4  12724.6     -0.0     43.3     32.5     28.9 
    -0.0     86.6     32.5     57.7  50172.5  51887.2 
    -12.8      52.6      -4.6      57.3 
     -4.4      26.9      -0.7      17.5 
     -3.9      22.7      -0.7      13.0 
     -4.4      23.3      -0.7      12.9 
31873 -17.199198 -40.131458 -10.892824 
 91068.6  12934.6     -0.0     43.3     32.5     28.9 
    -0.0     86.6     32.5     57.7  51563.6  53565.1 
    -13.5      53.3      -4.3      51.5 
     -4.5      26.9      -0.8      17.5 
     -4.1      22.3      -0.5      12.4 
     -4.8      22.8      -1.0      11.9 
31874 -18.790987 -39.461071 -10.710862 
 92378.8  12831.4     -0.0     43.3     32.5     28.9 
    -0.0     86.6     32.5     57.7  52986.6  54865.8 
    -15.2      54.8      -3.9      49.0 
     -4.7      27.7      -1.0      19.6 
     -4.2      22.9      -0.8      14.4 
     -4.6      23.6      -0.9      14.5 
31875 -20.301725 -38.757835 -10.519984 
 93716.7  12771.1     -0.0     43.3     32.5     28.9 
    -0.0     86.6     32.5     57.7  53196.8  55325.1 
    -10.7      54.3      -3.5      46.5 
     -4.4      27.0      -0.8      18.1 
     -3.8      22.7      -0.7      13.4 
     -4.2      23.2      -0.9      12.8 
31876 -21.730955 -38.029171 -10.322203 
 95396.0  12727.0     -0.0     43.3     32.5     28.9 
    -0.0     86.6     32.5     57.7  54057.6  55952.2 
    -17.2      55.1      -6.5      46.2 
     -4.7      26.8      -1.2      19.6 
     -3.9      22.5      -0.5      15.7 
     -4.0      23.1      -1.4      15.8 
31877 15.179742 -41.744289 -7.210377 
139195.9  12579.5     -0.0     43.3     32.5     28.9 
    -0.0     86.6     32.5     57.7  85229.5  87920.7 
    -18.9      60.5      17.2      65.0 
     -5.8      28.1       4.8      22.2 
     -4.5      22.8       3.9      11.2 
     -4.6      23.0       3.9      10.0 
31878 14.042964 -42.128887 -7.276808 
138077.2  12470.4     -0.0     43.3     32.5     28.9 
    -0.0     86.6     32.5     57.7  84156.4  87051.3 
    -12.8      49.5       7.5      65.8 
     -5.5      27.4       4.7      22.7 
     -5.0      23.2       4.1      11.4 
     -4.9      23.7       4.2      10.4 
31879 12.875603 -42.489483 -7.339093 
137080.7  12449.8     -0.0     43.3     32.5     28.9 
    -0.0     86.6     32.5     57.7  83432.3  86504.0 
    -17.3      54.5      16.8      69.8 
     -5.3      27.4       4.1      21.8 
     -5.2      23.1       3.9      10.4 
     -4.9      23.2       3.8       9.1 
31880 11.679233 -42.823853 -7.396847 
136115.2  12272.6     -0.0     43.3     32.5     28.9 
    -0.0     86.6     32.5     57.7  82554.6  85507.9 
    -14.5      56.8      12.9      71.8 
     -5.5      28.2       4.6      22.3 
     -4.6      23.0       3.8      10.6 
     -4.9      23.4       3.9       9.5 
31881 10.455710 -43.129807 -7.449694 
135648.1  12302.5     -0.0     43.3     32.5     28.9 
    -0.0     86.6     32.5     57.7  82350.5  85168.2 
    -17.1      57.1      10.5      71.1 
     -5.9      27.4       4.1      22.2 
     -5.1      23.2       3.8       9.7 
     -5.7      23.5       3.8       8.3 
31882 9.207181 -43.405285 -7.497276 
135006.2  12099.4     -0.0     43.3     32.5     28.9 
    -0.0     86.6     32.5     57.7  83447.0  85728.6 
    -18.3      55.6      12.1      82.8 
     -5.2      27.5       4.0      23.3 
     -5.2      22.8       3.5       9.9 
     -4.9      23.4       3.5       8.6 
31883 7.936064 -43.648350 -7.539260 
134435.0  12126.0     -0.0     43.3     32.5     28.9 
    -0.0     86.6     32.5     57.7  82742.8  85562.2 
    -15.0      55.8       8.6      82.3 
     -6.3      27.1       4.0      23.2 
     -4.9      23.0       3.4       9.2 
     -5.5      23.3       3.3       7.6 
31884 6.645037 -43.857243 -7.575342 
134398.0  12001.4     -0.0     43.3     32.5     28.9 
    -0.0     86.6     34.6      9.8  82391.4  85228.4 
    -16.2      54.4      14.2      87.8 
     -6.3      27.3       4.4      25.7 
     -5.2      22.9       2.9       9.1 
     -6.0      23.0       3.2       8.1 
31885 5.337018 -44.030403 -7.605251 
133971.2  11955.0     -0.0     43.3     32.5     28.9 
    -0.0     86.6     34.4     23.1  81596.0  84428.4 
    -16.8      53.9       9.5      87.6 
     -5.8      27.5       2.9      26.0 
     -5.1      23.3       2.5      10.0 
     -6.1      22.9       2.8       8.5 
31886 4.015138 -44.166508 -7.628761 
133550.4  11968.2     -0.0     43.3     34.8      8.0 
    -0.0     86.6     34.3     36.4  82241.4  84929.3 
    -19.2      53.8       5.0      93.2 
     -6.4      27.1       2.1      26.9 
     -5.7      22.8       1.8       7.0 
     -5.7      22.7       1.9       5.6 
31887 2.682698 -44.264507 -7.645688 
133666.7  11892.6     -0.0     43.3     34.4     20.9 
    -0.0     86.6     34.1     49.1  81060.6  84435.5 
    -14.3      53.1       4.6      99.5 
     -6.6      27.2       2.2      37.9 
     -5.7      22.9       1.0      10.2 
     -6.1      23.0       1.2       5.1 
31888 2.013589 -44.298962 -7.651639 
133616.4  11993.0     -0.0     43.3     34.1     25.6 
    -0.0     86.6     34.1     53.8  81962.0  84553.9 
    -16.8      54.9       5.1     101.8 
     -6.9      27.5       0.9      49.4 
     -5.8      22.6       0.8      18.4 
     -6.2      23.2       1.0       6.4 
31889 1.343140 -44.323616 -7.655898 
133303.8  11852.8     -0.0     43.3     35.3     21.7 
    -0.0     86.6     35.2     49.5  82164.2  84067.9 
    -14.5      54.3       0.2      95.2 
     -6.7      27.6       1.3      39.3 
     -6.1      22.9       1.7      11.7 
     -6.6      23.0       1.3       5.9 
31890 0.671794 -44.338436 -7.658457 
133589.3  11867.4     -0.0     43.3     35.7     15.3 
    -0.0     86.6     35.5     43.6  82289.0  84516.9 
    -18.4      55.0       1.0      91.5 
     -6.9      26.8       0.9      32.0 
     -5.9      22.7       0.4       8.3 
     -5.6      23.1       0.6       4.7 
31891 -0.000000 -44.343372 -7.659310 
133131.5  11944.9     -0.0     43.3     35.2      8.7 
    -0.0     86.6     35.2     37.1  81055.5  83527.9 
    -16.0      54.0      -3.5      96.4 
     -6.8      27.6       0.7      27.1 
     -5.8      22.7       0.1       6.8 
     -5.9      22.8       0.0       4.4 
31892 -0.671794 -44.338436 -7.658457 
133309.2  11903.5     -0.0     43.3     35.0      2.4 
    -0.0     86.6     35.3     30.6  82705.3  84735.4 
    -16.1      54.4       3.8      86.9 
     -6.2      27.3      -0.2      23.8 
     -5.4      23.1      -0.5       6.6 
     -6.1      22.9      -0.4       4.8 
31893 -1.343140 -44.323616 -7.655898 
133249.7  11814.2     -0.0     43.3     32.5     28.9 
    -0.0     86.6     35.0     23.9  81150.9  83553.9 
    -15.0      54.9      -0.8      85.1 
     -6.1      27.2      -0.7      23.2 
     -5.2      23.0      -1.2      10.8 
     -5.4      23.0      -1.2       9.6 
31894 -2.013589 -44.298962 -7.651639 
133175.4  11873.5     -0.0     43.3     32.5     28.9 
    -0.0     86.6     34.9     17.2  81715.2  83813.2 
    -13.9      49.1      -0.5      78.4 
     -6.2      27.7      -0.9      24.8 
     -5.4      22.9      -1.4      11.5 
     -5.5      23.6      -1.6      10.7 
31895 -2.682698 -44.264507 -7.645688 
133066.6  11924.2     -0.0     43.3     32.5     28.9 
    -0.0     86.6     34.7     10.6  81319.9  84129.0 
    -17.8      55.8      -2.6      84.7 
     -6.3      27.9      -1.3      22.3 
     -5.3      22.9      -1.1       9.2 
     -5.4      23.6      -1.3       8.1 
31896 -4.015138 -44.166508 -7.628761 
132998.6  11827.4     -0.0     43.3     32.5     28.9 
    -0.0     86.6     32.5     57.7  80664.6  83496.4 
    -17.4      56.0      -0.8      81.6 
     -6.2      27.2      -1.4      22.8 
     -5.0      23.0      -0.9       9.4 
     -5.6      23.6      -1.1       7.8 
31897 -5.337018 -44.030403 -7.605251 
132951.4  11984.9     -0.0     43.3     32.5     28.9 
    -0.0     86.6     32.5     57.7  80548.1  83376.8 
    -16.5      55.0      -4.0      75.7 
     -6.1      27.5      -1.3      21.4 
     -5.4      23.2      -1.1      10.1 
     -5.7      23.6      -1.2       9.1 
31898 -6.645037 -43.857243 -7.575342 
133388.0  12024.2     -0.0     43.3     32.5     28.9 
    -0.0     86.6     32.5     57.7  81498.1  83917.1 
    -13.9      53.6       2.0      75.0 
     -5.5      27.6      -0.7      19.6 
     -5.0      23.0      -0.7       9.2 
     -5.2      23.6      -0.7       7.9 
31899 -7.936064 -43.648350 -7.539260 
133774.7  12146.0     -0.0     43.3     32.5     28.9 
    -0.0     86.6     32.5     57.7  81048.1  84620.9 
    -13.4      52.2      -2.2      69.5 
     -6.0      27.8      -0.9      21.1 
     -5.0      23.6      -1.1      10.9 
     -5.0      23.5      -0.9      10.1 
31900 -9.207181 -43.405285 -7.497276 
134059.1  12159.6     -0.0     43.3     32.5     28.9 
    -0.0     86.6     32.5     57.7  81778.6  84231.2 
    -17.4      56.3      -6.0      61.5 
     -5.6      28.0      -0.8      19.1 
     -4.8      22.8      -0.5       9.8 
     -4.6      23.0      -0.5       8.5 
31901 -10.455710 -43.129807 -7.449694 
134998.4  12117.8     -0.0     43.3     32.5     28.9 
    -0.0     86.6     32.5     57.7  82180.5  84453.7 
    -16.3      55.1      -3.4      62.9 
     -5.5      28.2      -1.4      21.0 
     -4.8      23.3      -0.7      11.5 
     -4.6      23.6      -0.8      10.6 
31902 -11.679233 -42.823853 -7.396847 
135294.3  12351.9     -0.0     43.3     32.5     28.9 
    -0.0     86.6     32.5     57.7  81329.3  84170.8 
    -16.4      57.1      -4.6      58.5 
     -5.1      27.5      -0.4      18.3 
     -5.0      23.3      -0.5      10.6 
     -4.6      23.5      -0.6       9.6 
31903 -12.875603 -42.489483 -7.339093 
136218.4  12369.4     -0.0     43.3     32.5     28.9 
    -0.0     86.6     32.5     57.7  82574.8  85270.0 
    -14.5      52.8      -2.4      57.4 
     -5.6      28.3      -0.9      20.3 
     -4.9      23.5      -0.7      11.9 
     -5.1      24.0      -0.8      11.7 
31904 -14.042964 -42.128887 -7.276808 
137150.4  12451.2     -0.0     43.3     32.5     28.9 
    -0.0     86.6     32.5     57.7  82732.7  85615.4 
    -15.5      53.2      -4.3      51.7 
     -5.6      27.3      -0.9      18.0 
     -4.7      23.3      -0.3      11.3 
     -4.7      23.2      -0.6      10.5 
31905 -15.179742 -41.744289 -7.210377 
138325.2  12522.3     -0.0     43.3     32.5     28.9 
    -0.0     86.6     32.5     57.7  84308.9  87060.6 
    -15.6      53.8      -2.4      51.1 
     -5.1      28.7      -1.1      19.4 
     -4.2      23.6      -0.4      13.1 
     -4.5      23.4      -0.7      12.2 
