Dot1_150x100_prd2012lk:dj0091a@-275V,3.8T@90d,263K,rhe=1.10,rhh=0.7,0.7/0.7 
1102 1 3.80 60 5 29 0 275.0000 263.0000 0.7000 1.2870 900.0000 0.0000 83.2100 150.0000 100.0000 285.0000 900.0000 0.0000 41.610001 1.5000 1.0000 0.8500 
83201 -0.000000 -0.000000 -1.000000 
 24965.3  19161.9     -0.2     41.2     43.6      7.0 
    -0.1     84.3     43.9     34.9  11100.1  11662.7 
     -0.4      66.4      -0.7      43.2 
     -0.6      10.1      -1.6      10.7 
     -0.0       3.0      -1.5       8.6 
     -0.2       1.6      -1.9       7.9 
83202 -0.000000 -0.130455 -0.991454 
 25115.6  19512.7      0.1     34.4     43.7      6.9 
     0.1     77.6     44.0     34.6  11095.1  11533.1 
     -3.6      60.1      -0.2      45.1 
     -0.8       6.6      -1.6      11.0 
     -0.5       3.1      -1.5       8.5 
     -0.9       2.6      -1.8       8.0 
83203 -0.000000 -0.254493 -0.967075 
 25571.7  19863.6     -0.6     26.1     43.7      6.9 
    -0.5     69.0     44.2     34.6  11479.9  12104.8 
     -5.4      52.0      -0.2      45.1 
     -1.2       8.9      -1.5      10.8 
     -1.3       5.9      -1.5       8.5 
     -1.0       5.1      -1.7       8.0 
83204 -0.000000 -0.367167 -0.930155 
 26530.8  20092.9     -0.2     17.8     44.0      6.8 
    -0.5     60.1     44.4     34.7  12123.6  12664.5 
     -3.9      46.9      -0.3      43.4 
     -1.5      12.7      -1.2      11.0 
     -1.6       8.8      -1.6       8.4 
     -1.7       7.5      -1.8       7.8 
83205 -0.000000 -0.465746 -0.884918 
 27921.6  20077.4     -0.9      9.8     44.0      6.6 
    -1.0     51.1     44.5     34.3  12790.8  13382.7 
     -6.9      47.2      -1.1      45.2 
     -2.1      17.2      -1.2      10.9 
     -1.8      11.5      -1.3       8.4 
     -1.9      10.2      -1.7       7.9 
83206 -0.000000 -0.549617 -0.835417 
 29587.1  19508.3     -1.6      8.2     44.3      6.2 
    -0.3     42.0     44.7     33.8  13798.0  14486.6 
     -5.7      48.3      -2.4      46.9 
     -2.3      18.9      -1.4      11.0 
     -1.9      14.5      -1.4       8.4 
     -2.2      13.5      -1.6       7.6 
83207 -0.000000 -0.619644 -0.784883 
 31388.8  18063.4      0.0     43.3     44.4      5.9 
    -0.5     32.5     44.7     33.7  15170.2  15623.8 
     -8.3      50.4       0.6      47.8 
     -2.6      22.0      -1.3      11.1 
     -2.6      16.4      -1.1       8.1 
     -2.2      15.8      -1.4       7.5 
83208 -0.000000 -0.677476 -0.735545 
 33375.2  16573.2      0.0     43.3     44.7      5.7 
    -0.7     23.3     44.9     33.4  16051.2  16672.1 
     -8.8      52.0      -0.5      49.4 
     -2.7      21.3      -1.2      10.9 
     -2.3      16.1      -1.0       8.1 
     -2.9      15.3      -1.4       7.4 
83209 -0.000000 -0.724999 -0.688749 
 35765.2  15723.1      0.0     43.3     44.8      5.4 
    -0.4     14.6     45.3     33.3  17447.4  18088.1 
    -10.5      52.8      -0.1      52.6 
     -2.9      20.7      -0.9      10.9 
     -2.6      15.2      -1.1       8.0 
     -2.4      13.8      -1.2       7.4 
83210 -0.000000 -0.764030 -0.645181 
 37998.0  14936.4      0.0     43.3     45.1      5.0 
    -0.7      9.1     45.5     33.0  19163.5  19802.0 
     -9.9      49.4      -3.0      50.8 
     -2.8      21.3      -1.0      11.0 
     -2.6      16.9      -0.9       8.0 
     -2.7      15.8      -1.1       7.3 
83211 -0.000000 -0.796162 -0.605083 
 40630.0  14567.9      0.0     43.3     45.3      4.7 
    -1.7     12.6     45.7     32.9  20614.2  21309.7 
     -8.9      51.4      -0.6      50.6 
     -2.5      23.4      -0.7      11.3 
     -2.4      18.6      -0.7       7.9 
     -2.4      17.9      -1.1       7.2 
83212 -0.000000 -0.822730 -0.568432 
 43118.6  14059.6      0.0     43.3     45.2      4.6 
     0.0     86.6     45.7     32.6  21798.4  23012.7 
    -10.5      50.5       1.0      50.8 
     -3.1      23.0      -0.9      11.4 
     -2.9      17.7      -0.8       7.9 
     -3.0      17.2      -0.9       7.1 
83213 -0.000000 -0.844819 -0.535052 
 45732.1  13712.6      0.0     43.3     45.4      4.3 
     0.0     86.6     46.0     32.3  23940.6  24746.6 
    -11.7      51.8      -0.6      54.2 
     -3.3      22.2      -0.7      11.4 
     -2.5      16.6      -0.7       7.9 
     -2.7      15.5      -0.9       7.0 
83214 -0.000000 -0.863297 -0.504697 
 48441.0  13462.6      0.0     43.3     45.5      4.2 
     0.0     86.6     46.0     32.2  25847.3  26541.3 
     -9.8      52.0      -0.3      54.0 
     -2.4      22.4      -0.5      11.2 
     -2.4      18.3      -0.7       7.7 
     -2.8      16.8      -0.8       7.0 
83215 -0.000000 -0.878853 -0.477092 
 51270.3  13232.1      0.0     43.3     45.8      3.9 
     0.0     86.6     46.1     32.1  27117.7  28133.8 
    -12.9      53.1       3.6      57.4 
     -3.0      24.0      -0.6      11.6 
     -2.4      19.6      -0.5       7.7 
     -2.7      19.3      -0.8       6.9 
83216 -0.000000 -0.892036 -0.451965 
 53972.2  13096.6      0.0     43.3     45.9      3.8 
     0.0     86.6     46.1     31.9  29248.4  30025.7 
    -12.7      49.9      -1.1      58.9 
     -2.5      23.6      -0.5      12.1 
     -2.8      18.7      -0.6       7.7 
     -2.5      18.2      -0.7       6.8 
83217 -0.000000 -0.903278 -0.429057 
 57046.0  13041.0      0.0     43.3     46.0      3.6 
     0.0     86.6     46.2     31.8  31109.3  32378.4 
    -11.6      52.5      -0.6      59.8 
     -2.7      22.2      -0.6      11.8 
     -2.2      17.7      -0.4       7.6 
     -2.5      16.4      -0.8       6.7 
83218 -0.000000 -0.912924 -0.408131 
 59966.5  12843.4      0.0     43.3     46.1      3.5 
     0.0     86.6     46.4     31.6  32693.7  34047.5 
    -12.9      49.2       2.0      62.1 
     -3.1      23.1      -0.6      12.4 
     -2.4      18.6      -0.3       7.5 
     -2.8      17.4      -0.8       6.8 
83219 -0.000000 -0.921250 -0.388972 
 63005.0  12799.8      0.0     43.3     46.2      3.4 
     0.0     86.6     46.6     31.5  35155.2  36163.3 
    -13.0      52.2      -1.7      61.6 
     -2.6      24.6      -0.5      12.2 
     -2.7      20.5      -0.4       7.5 
     -2.5      19.9      -0.5       6.8 
83220 -0.000000 -0.928477 -0.371391 
 65777.4  12651.9      0.0     43.3     46.3      3.1 
     0.0     86.6     46.7     31.3  36818.5  37885.1 
    -10.6      48.3      -2.7      62.1 
     -2.8      23.8      -0.3      13.6 
     -2.5      19.7      -0.4       7.5 
     -2.9      18.4      -0.5       6.7 
83221 -0.000000 -0.934784 -0.355218 
 69016.0  12744.6      0.0     43.3     46.4      3.1 
     0.0     86.6     46.6     31.1  38909.3  40147.4 
    -12.5      50.9       4.5      66.3 
     -2.5      23.1      -0.1      13.4 
     -2.7      18.4      -0.4       7.5 
     -2.6      16.9      -0.6       6.7 
83222 -0.000000 -0.940315 -0.340305 
 71826.8  12635.8      0.0     43.3     46.3      3.1 
     0.0     86.6     46.8     31.2  40492.8  42342.7 
    -11.0      51.0       0.6      67.4 
     -3.0      23.4      -0.4      14.4 
     -2.5      19.0      -0.2       7.4 
     -2.6      17.9      -0.5       6.7 
83223 -0.000000 -0.945190 -0.326520 
 74914.3  12538.8      0.0     43.3     46.6      2.9 
     0.0     86.6     46.9     31.1  42849.3  44068.0 
    -13.1      52.8       1.3      69.6 
     -2.6      24.6      -0.2      14.6 
     -2.2      20.7      -0.2       7.6 
     -2.5      20.1      -0.4       6.6 
83224 -0.000000 -0.949506 -0.313750 
 77896.7  12497.3      0.0     43.3     46.5      2.8 
     0.0     86.6     46.9     31.0  44554.2  46062.3 
    -12.8      51.2       1.9      69.9 
     -3.2      24.5      -0.2      14.2 
     -2.3      19.9      -0.2       7.5 
     -3.0      19.1      -0.4       6.6 
83225 -0.000000 -0.953342 -0.301892 
 81008.0  12552.7      0.0     43.3     46.6      2.7 
     0.0     86.6     46.9     31.0  46434.4  48060.0 
    -12.4      51.9      -0.9      72.2 
     -3.1      23.4      -0.4      14.9 
     -2.7      18.2      -0.3       7.4 
     -2.7      17.3      -0.3       6.7 
83226 -0.000000 -0.956767 -0.290857 
 83959.9  12419.0      0.0     43.3     46.6      2.7 
     0.0     86.6     47.1     30.9  48669.3  50212.0 
    -11.5      49.7       1.4      72.1 
     -2.8      23.6      -0.3      15.0 
     -2.4      19.2       0.0       7.3 
     -2.5      17.9      -0.4       6.5 
83227 -0.000000 -0.959834 -0.280567 
 87084.5  12553.3      0.0     43.3     46.4     14.4 
     0.0     86.6     47.1     30.5  50465.4  51952.4 
    -13.7      53.7       2.5      69.7 
     -3.0      24.5      -0.4      15.1 
     -2.9      21.0      -0.2       7.5 
     -2.5      20.8      -0.3       6.5 
83228 -0.000000 -0.962593 -0.270952 
 90148.3  12497.8      0.0     43.3     46.8      2.5 
     0.0     86.6     47.1     30.7  52399.8  54015.4 
    -12.1      48.4       2.5      74.5 
     -3.0      24.5      -0.1      16.2 
     -2.6      19.8      -0.2       7.4 
     -2.7      19.5      -0.2       6.6 
83229 -0.000000 -0.965081 -0.261951 
 93421.8  12474.2      0.0     43.3     46.8      2.5 
     0.0     86.6     47.1     30.6  55029.4  56776.1 
     -8.9      46.0       1.4      72.7 
     -3.0      22.9      -0.2      16.7 
     -2.6      18.8      -0.1       7.5 
     -3.0      17.4      -0.3       6.5 
83230 -0.000000 -0.967333 -0.253508 
 96682.6  12469.9      0.0     43.3     46.9      2.4 
     0.0     86.6     46.7     30.5  56802.0  58356.9 
    -11.5      48.1      -0.1      76.0 
     -2.8      23.9      -0.0      16.9 
     -2.7      19.4      -0.3       7.5 
     -2.6      18.0      -0.2       6.6 
83231 -0.000000 -0.969377 -0.245576 
 99498.2  12401.1      0.0     43.3     47.0      2.3 
     0.0     86.6     47.0     30.5  59515.1  61246.2 
    -14.3      49.0      -2.4      77.5 
     -3.3      25.0      -0.1      16.7 
     -2.4      21.2      -0.1       7.4 
     -2.6      20.6      -0.3       6.5 
83232 -0.000000 -0.971238 -0.238110 
102690.1  12404.0      0.0     43.3     47.0      2.3 
     0.0     86.6     47.3     30.4  61517.6  63231.5 
    -15.4      53.0       2.1      79.3 
     -2.9      24.6      -0.2      17.7 
     -2.6      20.3      -0.1       7.3 
     -2.9      19.5      -0.2       6.5 
83233 -0.000000 -0.972937 -0.231072 
105986.6  12411.8      0.0     43.3     47.0      2.2 
     0.0     86.6     47.2     30.3  62505.0  64572.0 
    -11.0      47.8       0.7      80.3 
     -3.0      23.4      -0.4      18.4 
     -2.7      18.7      -0.1       7.7 
     -2.8      17.7      -0.1       6.6 
83234 -0.000000 -0.974491 -0.224428 
108829.2  12380.3      0.0     43.3     47.0      2.2 
     0.0     86.6     47.0     30.2  64899.4  66663.6 
    -13.1      51.7       2.1      76.6 
     -3.5      24.5      -0.1      20.1 
     -2.5      19.5      -0.1       7.4 
     -2.6      18.4      -0.2       6.5 
83235 -0.000000 -0.975916 -0.218146 
111897.9  12356.8      0.0     43.3     47.5     15.6 
     0.0     86.6     47.2     30.3  67024.6  69513.7 
    -15.0      55.0       0.5      76.8 
     -3.0      25.3      -0.4      19.3 
     -2.3      21.5      -0.0       7.4 
     -3.0      20.7      -0.2       6.6 
83236 -0.000000 -0.977227 -0.212198 
115283.1  12414.2      0.0     43.3     47.1      2.1 
     0.0     86.6     47.5     30.3  70218.1  71975.4 
    -14.3      52.1      -0.0      85.0 
     -3.3      25.2      -0.1      20.2 
     -2.3      20.3       0.0       7.7 
     -3.0      19.7      -0.1       6.5 
83237 -0.000000 -0.978434 -0.206558 
118399.1  12433.3      0.0     43.3     47.1      2.0 
     0.0     86.6     47.3     30.3  71376.7  73865.4 
    -12.8      50.1      -1.1      89.4 
     -3.5      24.1      -0.2      21.1 
     -2.6      18.8       0.0       7.7 
     -2.8      17.5      -0.1       6.5 
83238 -0.000000 -0.979549 -0.201205 
121622.9  12460.9      0.0     43.3     47.2      1.9 
     0.0     86.6     47.2     30.1  74177.4  76390.4 
    -15.7      52.3       2.0      83.8 
     -3.3      24.3      -0.0      20.7 
     -2.2      19.4       0.0       7.8 
     -2.9      18.8      -0.1       6.5 
83239 -0.000000 -0.980581 -0.196116 
124434.2  12374.7      0.0     43.3     47.2      1.9 
     0.0     86.6     47.3     30.2  75147.5  77491.7 
    -13.3      53.5      -0.3      85.5 
     -3.2      25.4       0.0      21.9 
     -2.9      21.3       0.0       7.6 
     -2.5      21.0       0.0       6.6 
83240 -0.000000 -0.981537 -0.191274 
127932.8  12387.9      0.0     43.3     47.2      1.9 
     0.0     86.6     47.2     30.1  77527.6  79823.9 
    -12.7      51.2       4.3      88.4 
     -4.0      26.2      -0.0      22.6 
     -2.9      20.4      -0.0       7.7 
     -2.8      19.9      -0.1       6.4 
83241 -0.000000 -0.982424 -0.186661 
131333.8  12505.4      0.0     43.3     47.2      1.8 
     0.0     86.6     47.3     30.0  79609.2  82081.8 
    -11.6      50.2      -2.9      87.3 
     -3.5      23.7      -0.0      22.5 
     -2.9      19.0      -0.1       7.8 
     -3.0      17.8      -0.0       6.5 
83242 -0.000000 -0.983250 -0.182261 
134394.1  12496.7      0.0     43.3     47.3      1.8 
     0.0     86.6     47.3     30.1  82971.8  84879.8 
    -10.7      49.9       3.8      89.5 
     -3.3      24.5      -0.2      24.0 
     -2.7      19.3      -0.1       7.5 
     -2.6      18.4       0.0       6.6 
83243 -0.000000 -0.984020 -0.178061 
137244.6  12391.4      0.0     43.3     47.3      1.8 
     0.0     86.6     47.7     30.0  83531.8  85959.4 
    -18.2      56.4       0.0      93.4 
     -3.1      25.2       0.0      23.1 
     -2.2      21.4       0.2       7.7 
     -3.0      21.0       0.2       6.5 
83244 -0.000000 -0.984737 -0.174047 
140247.6  12355.7      0.0     43.3     47.3      1.8 
     0.0     86.6     47.6     29.8  86201.6  88538.9 
    -17.2      55.2       1.0      89.5 
     -3.3      25.4      -0.0      23.7 
     -2.7      20.2       0.1       7.9 
     -2.9      19.7      -0.0       6.7 
83245 -0.000000 -0.985408 -0.170207 
143557.3  12476.8      0.0     43.3     47.4      1.7 
     0.0     86.6     47.3     29.9  87974.1  90925.7 
    -15.4      55.7      -0.3      95.8 
     -3.2      24.2       0.2      23.9 
     -2.6      18.9      -0.0       7.8 
     -2.8      18.0      -0.1       6.5 
83246 -0.000000 -0.986036 -0.166531 
146759.2  12383.8      0.0     43.3     47.4      1.7 
     0.0     86.6     47.7     30.1  90827.6  93049.6 
    -13.0      52.8      -3.8      88.8 
     -3.2      24.5       0.2      24.8 
     -2.5      19.4       0.1       8.0 
     -3.0      18.4       0.1       6.5 
83247 -0.000000 -0.986625 -0.163008 
150153.7  12414.4      0.0     43.3     47.4      1.7 
     0.0     86.6     47.5     29.7  92399.5  96126.2 
    -16.5      57.3      -0.8      93.4 
     -3.3      25.3       0.1      25.1 
     -2.8      21.5       0.1       7.6 
     -2.8      21.1      -0.0       6.6 
83248 -0.000000 -0.987696 -0.156385 
156159.9  12402.0      0.0     43.3     47.5      1.7 
     0.0     86.6     47.8     29.8  97609.7 100040.0 
    -15.1      55.2      -2.4      92.2 
     -3.6      24.4       0.2      26.3 
     -2.6      19.0       0.2       8.4 
     -2.6      18.3      -0.0       6.8 
83249 -0.000000 -0.988644 -0.150274 
162952.6  12488.0      0.0     43.3     48.2     18.7 
     0.0     86.6     47.4     29.7 100803.6 104649.7 
    -11.8      49.5       2.7      94.2 
     -3.7      26.6      -0.4      28.3 
     -2.8      21.5       0.1       8.0 
     -2.6      20.8      -0.0       6.5 
83250 -0.000000 -0.989488 -0.144617 
169284.9  12495.6      0.0     43.3     47.5      1.5 
     0.0     86.6     47.6     29.6 105734.2 108703.2 
    -12.6      47.8       2.2      92.6 
     -4.2      24.8      -0.0      28.0 
     -2.8      18.8       0.1       8.4 
     -2.8      18.0       0.1       6.4 
83251 -0.000000 -0.990241 -0.139367 
175571.8  12439.7      0.0     43.3     47.6      1.4 
     0.0     86.6     47.7     29.7 109976.5 112753.4 
    -12.8      48.4      -1.4      96.4 
     -3.6      25.5       0.2      27.6 
     -2.6      21.7       0.1       8.7 
     -2.8      21.2       0.2       6.6 
83252 -0.000000 -0.990916 -0.134481 
182068.1  12473.4      0.0     43.3     47.7      1.4 
     0.0     86.6     47.7     29.7 113850.0 116812.0 
    -10.3      46.8       6.3     102.2 
     -3.8      24.9      -0.1      29.3 
     -2.6      18.9       0.2       9.2 
     -2.5      18.0       0.2       6.7 
83253 -0.000000 -0.991524 -0.129924 
187936.2  12396.5      0.0     43.3     47.6      1.4 
     0.0     86.6     47.8     29.6 119829.5 122977.8 
    -11.4      44.7      -2.1     101.3 
     -3.4      25.3       0.5      28.6 
     -2.7      21.5       0.2       8.5 
     -2.6      21.1       0.2       6.7 
83254 -0.000000 -0.992073 -0.125663 
194662.8  12556.8      0.0     43.3     47.7      1.3 
     0.0     86.6     47.7     29.4 123334.9 126814.0 
    -11.9      48.5      -1.7     101.1 
     -3.7      23.9       0.8      30.5 
     -2.9      19.2       0.2       9.7 
     -2.8      17.8       0.0       6.8 
83255 -0.000000 -0.992571 -0.121670 
201085.2  12513.5      0.0     43.3     47.7      1.3 
     0.0     86.6     48.0     29.2 129748.9 132633.9 
     -6.8      43.4      -5.0     104.8 
     -3.6      25.5      -0.1      30.8 
     -2.5      21.5       0.2       9.1 
     -2.6      20.9       0.3       6.8 
83256 -0.000000 -0.993023 -0.117921 
207483.4  12526.2      0.0     43.3     47.7      1.3 
     0.0     86.6     47.9     29.3 132501.4 137130.4 
     -8.5      34.5      -1.5     101.4 
     -3.6      23.5      -0.1      31.0 
     -2.8      18.9       0.2       9.4 
     -3.0      18.6       0.1       6.7 
83257 -0.000000 -0.993435 -0.114396 
213790.0  12546.4      0.0     43.3     47.8      1.2 
     0.0     86.6     47.9     29.4 138335.6 141973.2 
     -9.3      33.2       4.7     101.9 
     -3.3      24.9       0.3      32.3 
     -2.9      21.3       0.2       9.7 
     -3.0      21.1       0.3       6.8 
83258 -0.000000 -0.993812 -0.111073 
220315.6  12563.2      0.0     43.3     47.7      1.2 
     0.0     86.6     47.8     29.2 141476.4 144951.8 
     -6.1      35.4       7.6     104.4 
     -3.3      22.5       0.6      33.3 
     -3.1      19.2       0.1       9.7 
     -3.0      17.6       0.0       7.1 
83259 -0.000000 -0.994158 -0.107937 
227067.5  12500.4      0.0     43.3     47.9      1.2 
     0.0     86.6     47.7     29.2 145422.3 148317.5 
     -2.2      34.2       5.7     105.6 
     -3.4      23.9      -0.1      33.9 
     -2.8      21.3       0.3       9.9 
     -2.5      21.1       0.2       7.2 
83260 -0.000000 -0.994475 -0.104972 
233012.7  12603.9      0.0     43.3     47.9      1.1 
     0.0     86.6     47.9     29.2 150833.4 154612.7 
     -1.0      32.2       0.2     104.4 
     -2.9      21.7      -0.3      32.3 
     -2.7      18.8       0.4       9.8 
     -3.4      18.2       0.1       6.9 
83261 0.903278 -0.000000 -0.429057 
 56491.4  10293.3     -0.2     40.7     41.6     28.9 
    -0.1     83.6     41.6     57.7  30761.0  31851.1 
      5.5      85.8      14.5      46.9 
     -0.4      27.2       4.8      16.8 
      0.8       8.3       4.4      13.3 
      0.1       2.3       4.6      12.9 
83262 0.887877 -0.000000 -0.460082 
 52818.9  10706.6     -0.3     40.9     41.6     28.9 
    -0.2     83.7     41.6     57.7  28455.4  29606.8 
      6.7      84.8      15.9      49.4 
      0.6      29.2       4.5      18.1 
      0.1       5.3       4.2      14.7 
     -0.1       2.3       4.2      14.5 
83263 0.868777 -0.000000 -0.495203 
 49251.6  11106.0      0.2     40.8     41.6     28.9 
     0.2     83.7     41.6     57.7  26457.3  27325.5 
      2.7      79.3      15.7      50.3 
      0.7      25.2       4.0      16.3 
     -0.2       7.7       3.8      12.7 
     -0.3       2.2       4.0      12.0 
83264 0.844819 -0.000000 -0.535052 
 45552.3  11786.5      0.1     40.8     41.6     28.9 
     0.0     83.9     41.6     57.7  24057.5  24954.5 
     -5.0      84.7      14.1      52.6 
     -2.4      25.0       4.0      16.8 
      0.5       5.5       3.4      13.5 
      0.0       2.0       3.6      13.6 
83265 0.814421 -0.000000 -0.580275 
 42244.8  12625.8      0.1     40.8     41.6     28.9 
     0.0     83.8     41.6     57.7  21823.8  22564.0 
     -2.5      78.7      13.5      49.8 
     -1.3      22.3       3.4      15.3 
      0.2       3.6       3.2      11.6 
      0.1       2.1       3.5      10.8 
83266 0.775436 -0.000000 -0.631426 
 38946.5  14012.2     -0.0     40.9     41.6     28.9 
    -0.0     83.9     46.9      7.2  19517.3  20313.4 
     -2.0      79.2      16.5      53.1 
      1.2      21.2       2.9      15.8 
      0.0       3.8       2.8      12.2 
      0.0       2.1       2.8      12.2 
83267 0.724999 -0.000000 -0.688749 
 35981.6  15938.1      0.1     40.8     41.6     28.9 
     0.0     83.9     45.1      9.5  17770.6  18388.9 
     -0.3      79.3      12.7      50.5 
     -0.3      15.8       2.3      14.1 
      0.0       4.2       2.2      10.0 
     -0.0       1.9       2.3       9.1 
83268 0.659438 -0.000000 -0.751759 
 33165.3  18959.8     -0.1     41.0     41.6     28.9 
    -0.1     84.0     45.2     21.1  15685.9  16509.3 
      2.0      70.9      10.1      48.7 
      0.1      16.2       1.7      14.2 
     -0.3       2.5       1.4      10.6 
     -0.0       2.1       1.3      10.2 
83269 0.574426 -0.000000 -0.818557 
 30563.6  23303.2     -0.1     41.1     44.9      5.8 
    -0.1     84.2     45.1     33.3  14677.1  15303.9 
      0.9      73.6       8.5      46.7 
      0.5      17.2       0.9      11.3 
     -0.1       3.5       0.8       7.7 
     -0.0       2.5       0.5       6.7 
83270 0.465746 -0.000000 -0.884918 
 28560.6  23614.7     -0.1     41.2     44.8     16.5 
    -0.1     84.2     44.8     45.2  12731.4  13526.9 
     -2.3      74.5      10.9      56.9 
     -0.7      13.9      -0.5       9.4 
      0.0       3.2      -0.9       6.6 
     -0.1       1.9      -0.8       5.7 
83271 0.331088 -0.000000 -0.943600 
 26917.5  22013.6      0.5     41.1     42.1     25.7 
     0.4     84.2     42.0     54.4  11826.4  12540.7 
     -2.3      68.5       8.1      60.3 
      0.2      13.0      -0.3       8.2 
      0.1       3.6      -0.3       2.0 
      0.1       1.8      -0.2       1.7 
83272 0.254493 -0.000000 -0.967075 
 26160.0  21548.7     -0.2     41.1     44.0     22.8 
    -0.1     84.3     44.1     51.4  11505.8  12186.1 
      2.5      70.0       8.5      59.7 
     -0.4      13.6       1.3       8.9 
      0.0       4.1       1.5       5.0 
      0.1       1.7       0.9       4.6 
83273 0.172799 -0.000000 -0.984957 
 25604.4  20974.5     -0.0     41.3     44.1     17.3 
     0.0     84.4     44.3     46.1  11198.3  11846.6 
      2.4      71.8       8.1      54.1 
     -0.9      12.1       0.2       7.9 
      0.1       2.5      -0.2       6.1 
      0.0       1.7      -0.5       5.5 
83274 0.087384 -0.000000 -0.996175 
 25170.0  20523.6      0.2     41.3     44.0     11.9 
     0.2     84.4     44.1     40.2  11271.7  11839.9 
      1.1      70.3       1.8      45.4 
      0.1      12.7      -0.8       8.7 
     -0.1       2.0      -0.9       7.0 
     -0.0       1.6      -1.4       6.6 
83275 -0.000000 -0.000000 -1.000000 
 24936.1  19207.9     -0.0     41.3     43.6      7.0 
    -0.1     84.4     44.1     34.7  10983.1  11493.8 
     -2.1      71.3       1.4      42.1 
      0.3      11.6      -1.4      11.1 
      0.1       2.1      -1.5       8.5 
      0.0       1.6      -1.8       7.9 
83276 -0.087384 -0.000000 -0.996175 
 24887.5  16934.4      0.1     41.4     41.6      4.7 
     0.1     84.5     44.3     29.0  11001.3  11610.2 
      0.4      71.2      -1.2      39.4 
     -0.2      12.5      -2.0      13.3 
     -0.0       2.2      -1.6      10.4 
      0.0       1.6      -2.0      10.1 
83277 -0.172799 -0.000000 -0.984957 
 25008.2  14409.7      0.4     41.5     37.1      7.5 
     0.5     84.6     44.0     23.6  11232.9  11849.8 
      6.3      72.5      -3.9      42.4 
      0.9      12.5      -2.3      14.9 
      0.1       2.7      -2.2      11.7 
      0.0       1.7      -2.4      11.8 
83278 -0.254493 -0.000000 -0.967075 
 25377.9  13258.6     -0.4     41.4     41.6     28.9 
    -0.4     84.5     43.9     17.9  11744.0  12320.4 
     -2.3      72.3      -3.2      42.3 
      0.3      10.6      -2.6      15.2 
     -0.1       2.5      -2.1      11.5 
      0.1       1.6      -2.5      11.5 
83279 -0.331088 -0.000000 -0.943600 
 25968.2  11988.5     -0.2     41.5     41.6     28.9 
    -0.2     84.6     44.0     12.8  11810.3  12424.6 
     -0.2      74.4      -3.9      42.1 
      0.2      10.3      -2.1      15.2 
      0.1       1.9      -1.9      11.4 
     -0.1       1.6      -2.2      11.1 
83280 -0.465746 -0.000000 -0.884918 
 27351.8  10360.3     -0.0     41.6     41.6     28.9 
    -0.0     84.6     41.7      7.5  12380.0  13129.6 
     -1.4      69.9      -4.0      39.9 
      1.3      18.3      -1.3      17.3 
     -0.2       3.1      -0.9      14.6 
     -0.0       1.5      -1.6      15.0 
83281 -0.574426 -0.000000 -0.818557 
 29595.8   9572.5      0.1     41.5     41.6     28.9 
     0.0     84.5     41.6     57.7  13989.4  14812.7 
     -2.6      76.2      -5.5      42.4 
     -0.8      19.7      -1.1      17.2 
     -0.0       2.4      -0.9      13.5 
     -0.0       1.5      -1.1      13.7 
83282 -0.659438 -0.000000 -0.751759 
 32186.9   8961.9      0.1     41.7     41.6     28.9 
     0.1     84.6     41.6     57.7  15859.4  16364.6 
     -0.9      73.4      -5.2      42.9 
      0.7      17.9      -0.1      18.7 
      0.1       2.3       0.1      16.3 
     -0.1       3.0      -0.6      16.0 
83283 -0.724999 -0.000000 -0.688749 
 35087.1   8568.8     -0.1     41.5     41.6     28.9 
    -0.2     84.4     41.6     57.7  17713.1  18433.2 
      0.7      75.1      -5.2      40.3 
      0.3      17.5       0.6      17.9 
     -0.3       4.9       0.5      14.9 
     -0.1       1.6      -0.3      15.4 
83284 -0.775436 -0.000000 -0.631426 
 38413.1   8270.6     -0.4     41.6     41.6     28.9 
    -0.3     84.3     41.6     57.7  19393.0  20268.3 
     -0.3      78.4      -4.9      41.4 
      0.1      23.8       0.8      19.4 
     -0.1       2.7       0.8      16.6 
      0.1       2.1       0.1      16.4 
83285 -0.814421 -0.000000 -0.580275 
 41700.2   8061.1      0.2     41.2     41.6     28.9 
     0.2     84.2     41.6     57.7  21895.5  22550.3 
     -2.9      77.6      -4.3      40.9 
      0.2      24.2       1.0      18.5 
     -0.3       4.5       1.1      15.5 
     -0.0       2.0       0.5      16.3 
83286 -0.844819 -0.000000 -0.535052 
 45401.9   8026.5      0.2     41.2     41.6     28.9 
     0.2     84.1     41.6     57.7  24153.2  25234.3 
     -1.7      80.0      -4.0      39.1 
      0.6      22.6       0.9      19.8 
     -0.1       4.2       1.5      16.9 
     -0.0       1.9       0.8      16.4 
83287 -0.868777 -0.000000 -0.495203 
 48998.6   7943.8      0.5     41.3     41.6     28.9 
     0.5     84.1     41.6     57.7  26801.2  27705.4 
     -3.3      81.6      -4.3      41.4 
      0.3      26.3       1.6      18.8 
     -0.1       8.6       1.5      16.4 
      0.0       2.2       1.3      16.7 
83288 -0.887877 -0.000000 -0.460082 
 52689.1   7843.8      0.1     41.1     41.6     28.9 
     0.1     84.0     41.6     57.7  29064.7  29937.8 
      1.4      84.3      -4.2      38.6 
      0.1      27.5       1.6      19.6 
     -0.1       6.7       1.9      16.9 
      0.1       2.0       1.2      16.7 
83289 -0.903278 -0.000000 -0.429057 
 56638.2   7810.5      0.1     41.1     41.6     28.9 
     0.1     83.9     41.6     57.7  31089.7  32165.8 
     -0.5      85.1      -3.4      36.6 
      0.9      33.1       2.0      19.1 
      0.0       7.2       2.1      16.5 
      0.4       5.7       1.6      17.4 
83290 0.840060 -0.367526 -0.399028 
 60710.1  11163.3      0.0     43.3     41.6     28.9 
     0.4     17.9     41.6     57.7  33296.2  34582.1 
     -8.3      59.8      13.4      46.4 
     -1.6      20.6       4.4      17.4 
     -1.4      14.5       4.1      13.1 
     -1.4      13.1       4.1      12.2 
83291 0.817505 -0.390173 -0.423616 
 56996.1  11659.4      0.0     43.3     41.6     28.9 
     0.2     18.2     41.6     57.7  30828.0  32063.2 
     -7.0      56.0      12.8      48.5 
     -1.7      20.2       4.1      17.6 
     -1.4      14.6       4.0      14.1 
     -1.5      13.3       4.0      14.2 
83292 0.790440 -0.414981 -0.450551 
 53897.5  12269.4      0.0     43.3     41.6     28.9 
     0.4     18.8     41.6     57.7  28956.4  29920.1 
     -8.6      56.2      13.2      51.2 
     -1.7      20.6       3.7      15.8 
     -1.7      15.1       3.8      12.3 
     -1.7      13.4       3.7      11.5 
83293 0.757796 -0.442047 -0.479937 
 50823.6  13157.6      0.0     43.3     41.6     28.9 
    -0.0     19.3     41.6     57.7  27078.7  27846.8 
     -5.6      55.3      14.2      50.1 
     -1.6      20.9       3.4      16.7 
     -1.9      15.1       3.4      13.2 
     -1.9      13.7       3.4      12.9 
83294 0.718269 -0.471364 -0.511767 
 47615.3  14476.3      0.0     43.3     41.6     28.9 
     0.4     19.8     41.6     57.7  24721.7  25713.5 
    -10.4      53.7      16.3      54.3 
     -2.0      20.8       3.2      15.3 
     -1.5      15.1       2.8      10.9 
     -1.7      13.8       2.9      10.3 
83295 0.670317 -0.502738 -0.545830 
 44734.5  16141.3      0.0     43.3     41.6     28.9 
     0.2     20.3     40.4      7.2  23138.5  23886.1 
     -8.5      51.9      13.0      51.7 
     -2.4      21.1       2.6      16.0 
     -1.7      15.3       2.5      11.9 
     -2.0      13.9       2.6      11.4 
83296 0.612205 -0.535679 -0.581595 
 42088.7  17213.3      0.0     43.3     41.6     28.9 
     0.0     20.9     44.9      8.5  21116.7  22099.8 
    -10.0      54.5      12.0      51.7 
     -2.1      21.1       2.2      13.4 
     -1.9      15.5       1.8       9.5 
     -2.0      14.2       1.8       8.5 
83297 0.542159 -0.569267 -0.618061 
 39561.7  18746.6      0.0     43.3     41.6     28.9 
    -0.0     21.4     45.2     20.1  19602.6  20632.1 
     -8.2      49.4       7.6      51.4 
     -2.4      20.9       1.0      14.5 
     -2.3      15.4       1.1      10.8 
     -2.0      14.1       0.9       9.9 
83298 0.458673 -0.602008 -0.653609 
 37698.6  18452.6      0.0     43.3     45.1      5.0 
    -0.1     21.9     45.2     32.5  18917.6  19832.6 
     -8.9      52.8       9.0      52.7 
     -3.0      21.1       0.9      11.1 
     -2.4      15.7       0.5       7.2 
     -2.2      14.6       0.3       6.3 
83299 0.361020 -0.631785 -0.685938 
 36088.3  17932.1      0.0     43.3     44.9     16.0 
    -0.3     22.4     44.8     44.6  17869.6  18711.1 
     -8.6      51.6       7.5      54.5 
     -2.8      21.3      -0.6      10.0 
     -2.5      15.7      -0.9       6.5 
     -2.5      14.7      -1.0       5.9 
83300 0.249898 -0.655981 -0.712208 
 34738.6  17062.5      0.0     43.3     41.8     25.5 
    -0.6     22.7     41.8     54.3  17090.5  17800.8 
     -8.5      51.3       9.8      67.4 
     -2.9      21.2       0.2      11.5 
     -2.8      15.7      -0.1       3.1 
     -2.7      14.6      -0.2       1.7 
83301 0.190037 -0.665130 -0.722141 
 34261.6  16920.4      0.0     43.3     44.3     22.3 
    -0.6     22.8     44.4     50.9  16450.5  17238.4 
    -11.3      50.9       4.6      61.5 
     -2.9      21.4       1.7      11.0 
     -2.7      15.8       1.9       5.4 
     -2.9      14.8       1.5       4.9 
83302 0.127982 -0.671905 -0.729496 
 33989.4  16736.5      0.0     43.3     45.1     16.8 
    -0.6     23.0     45.2     45.4  16376.6  17104.7 
     -8.3      52.1       6.3      57.5 
     -3.0      21.5       0.4       9.4 
     -2.7      16.1       0.4       6.1 
     -2.7      15.0      -0.2       5.6 
83303 0.064388 -0.676070 -0.734019 
 33582.7  16646.7      0.0     43.3     45.0     11.0 
    -0.4     23.2     45.1     39.4  16059.5  16748.3 
     -9.3      51.8       1.0      50.0 
     -2.5      21.3      -0.5       9.3 
     -2.9      16.2      -0.8       6.9 
     -2.4      15.2      -0.9       6.4 
83304 -0.000000 -0.677476 -0.735545 
 33448.3  16609.9      0.0     43.3     44.6      5.7 
    -0.6     23.2     45.1     33.4  15957.3  16755.4 
     -8.9      52.2       0.1      48.9 
     -3.0      21.6      -1.3      10.9 
     -2.4      16.0      -1.0       8.2 
     -2.5      15.2      -1.4       7.5 
83305 -0.064388 -0.676070 -0.734019 
 33384.4  16589.1      0.0     43.3     41.2      4.3 
    -0.2     23.4     44.9     27.6  16243.8  16857.1 
     -8.3      51.8      -0.5      48.2 
     -2.9      21.6      -1.8      13.1 
     -2.3      16.1      -1.6       9.9 
     -2.7      15.1      -1.9       9.2 
83306 -0.127982 -0.671905 -0.729496 
 33507.9  16294.6      0.0     43.3     41.6     28.9 
    -0.2     23.4     44.9     21.6  16147.4  16778.5 
     -8.5      50.7      -1.6      47.7 
     -2.8      21.7      -2.1      14.8 
     -2.6      16.2      -2.0      11.2 
     -2.8      15.4      -2.2      10.7 
83307 -0.190037 -0.665130 -0.722141 
 33818.2  15840.1      0.0     43.3     41.6     28.9 
    -0.7     23.3     45.2     15.9  16066.5  16985.4 
     -8.8      50.3      -2.4      46.9 
     -2.2      21.4      -1.8      14.8 
     -2.7      16.3      -1.9      10.9 
     -2.6      15.6      -2.0      10.4 
83308 -0.249898 -0.655981 -0.712208 
 34225.2  14432.0      0.0     43.3     41.6     28.9 
    -0.2     23.3     45.0     10.4  16780.4  17465.6 
     -9.2      50.3      -3.8      48.8 
     -2.3      21.7      -1.3      14.2 
     -1.8      16.3      -1.1      10.4 
     -2.3      15.2      -1.5       9.5 
83309 -0.361020 -0.631785 -0.685938 
 35248.0  13538.9      0.0     43.3     41.6     28.9 
    -0.4     23.2     42.6     10.2  17205.1  17978.8 
     -7.3      50.6      -3.5      44.1 
     -2.8      21.6      -0.7      16.6 
     -2.1      16.3      -0.4      13.2 
     -2.1      15.5      -1.0      13.3 
83310 -0.458673 -0.602008 -0.653609 
 36927.0  11966.8      0.0     43.3     41.6     28.9 
     0.0     22.5     41.6     57.7  18264.2  19175.3 
     -7.9      52.6      -5.0      43.8 
     -2.0      21.6      -0.3      16.2 
     -1.8      16.0      -0.3      12.7 
     -2.0      14.9      -0.5      12.3 
83311 -0.542159 -0.569267 -0.618061 
 38989.6  10828.9      0.0     43.3     41.6     28.9 
     0.1     22.1     41.6     57.7  19356.1  20271.9 
     -9.3      52.0      -3.5      42.7 
     -2.0      21.4       0.6      17.6 
     -2.0      15.8       0.5      14.9 
     -1.9      14.9      -0.2      15.1 
83312 -0.612205 -0.535679 -0.581595 
 41374.1  10138.9      0.0     43.3     41.6     28.9 
     0.1     21.4     41.6     57.7  21683.4  22197.2 
     -6.2      51.7      -4.2      42.2 
     -2.0      21.7       0.3      17.5 
     -1.7      15.6       0.6      14.0 
     -1.9      14.5       0.3      14.1 
83313 -0.670317 -0.502738 -0.545830 
 44082.9   9670.3      0.0     43.3     41.6     28.9 
     0.1     21.0     41.6     57.7  22727.3  23560.7 
     -8.6      53.5      -5.0      45.0 
     -1.9      21.0       1.4      18.6 
     -1.2      15.3       1.2      16.0 
     -1.7      14.2       0.7      15.9 
83314 -0.718269 -0.471364 -0.511767 
 46944.5   9101.6      0.0     43.3     41.6     28.9 
    -0.3     20.3     41.6     57.7  24919.3  25629.9 
     -6.4      53.3      -3.7      41.9 
     -1.6      20.8       1.2      18.1 
     -1.4      15.1       1.3      15.1 
     -1.7      14.1       0.8      15.3 
83315 -0.757796 -0.442047 -0.479937 
 50171.0   8904.6      0.0     43.3     41.6     28.9 
    -0.2     19.7     41.6     57.7  26788.6  27846.2 
     -8.5      58.5      -4.1      41.7 
     -1.7      21.0       1.6      18.8 
     -1.3      15.1       1.5      16.6 
     -1.4      13.9       1.4      16.4 
83316 -0.790440 -0.414981 -0.450551 
 53435.0   8697.3      0.0     43.3     41.6     28.9 
    -0.1     19.0     41.6     57.7  28881.4  30042.0 
     -7.9      56.7      -3.4      38.0 
     -1.8      20.9       1.5      18.7 
     -1.8      14.7       1.6      15.7 
     -1.4      13.6       1.2      16.2 
83317 -0.817505 -0.390173 -0.423616 
 56816.5   8567.0      0.0     43.3     41.6     28.9 
     0.3     18.7     41.6     57.7  31449.8  32491.1 
     -6.9      59.4      -2.4      38.6 
     -1.4      20.5       1.9      19.4 
     -1.4      14.4       1.7      16.9 
     -1.2      13.3       1.6      16.7 
83318 -0.840060 -0.367526 -0.399028 
 60254.3   8313.3      0.0     43.3     41.6     28.9 
     0.1     18.3     41.6     57.7  34158.4  35022.6 
     -6.8      57.4      -3.6      36.8 
     -1.0      20.4       2.1      19.0 
     -1.2      14.5       2.2      16.2 
     -1.4      13.2       1.6      16.9 
83319 0.708659 -0.620076 -0.336613 
 71893.8  13096.9      0.0     43.3     41.6     28.9 
     0.0     86.6     41.6     57.7  40319.0  42018.4 
     -9.8      53.5      13.7      52.9 
     -2.5      23.0       4.7      17.0 
     -1.8      17.6       4.0      11.8 
     -1.8      16.8       4.3      11.4 
83320 0.677337 -0.646549 -0.350984 
 68925.2  13737.0      0.0     43.3     41.6     28.9 
     0.0     86.6     41.6     57.7  39124.8  40337.3 
    -10.3      55.7      15.8      55.8 
     -2.1      22.8       4.2      18.1 
     -1.5      18.1       3.9      13.1 
     -1.8      17.1       3.8      12.9 
83321 0.641844 -0.673936 -0.365851 
 66515.9  14347.4      0.0     43.3     41.6     28.9 
     0.0     86.6     41.6     57.7  37338.5  38431.1 
    -11.0      53.9      16.3      54.6 
     -2.2      23.2       4.0      16.3 
     -1.7      18.2       3.6      11.3 
     -1.8      17.1       3.7      10.3 
83322 0.601687 -0.701968 -0.381068 
 63879.3  14470.7      0.0     43.3     41.6     28.9 
     0.0     86.6     41.6     57.7  34719.0  35682.3 
    -12.3      57.3      16.4      58.2 
     -2.3      23.3       3.7      17.0 
     -1.7      18.3       3.2      12.1 
     -2.0      17.6       3.3      11.8 
83323 0.556388 -0.730259 -0.396426 
 61624.3  15162.1      0.0     43.3     41.6     28.9 
     0.0     86.6     41.6     57.7  33673.6  34674.6 
    -10.1      55.4      13.1      59.6 
     -2.5      23.4       3.5      15.1 
     -1.9      18.5       3.0      10.1 
     -1.8      17.7       2.7       8.9 
83324 0.505524 -0.758286 -0.411641 
 59288.2  15136.3      0.0     43.3     41.6     28.9 
     0.0     86.6     41.6     57.7  32051.6  33399.1 
     -9.2      52.6      11.6      59.1 
     -2.3      23.2       2.5      16.2 
     -2.3      19.1       2.6      11.3 
     -2.0      18.1       2.4      10.5 
83325 0.448787 -0.785377 -0.426348 
 57345.8  15025.1      0.0     43.3     41.6     28.9 
     0.0     86.6     45.2      6.4  30670.1  32221.5 
    -12.0      54.8      11.7      61.5 
     -2.2      23.4       2.2      13.8 
     -1.9      18.9       1.8       8.6 
     -2.2      18.3       1.8       7.4 
83326 0.386057 -0.810720 -0.440105 
 55520.6  14370.6      0.0     43.3     41.6     28.9 
     0.0     86.6     45.5     18.4  30148.3  31024.9 
     -9.4      52.1       8.9      60.1 
     -2.3      23.7       1.1      15.6 
     -2.5      19.1       1.1      11.0 
     -2.4      18.5       0.8      10.0 
83327 0.317480 -0.833386 -0.452409 
 53908.2  14143.5      0.0     43.3     45.5      3.5 
     0.0     86.6     45.4     31.1  29093.1  30109.5 
    -10.9      48.7       7.4      56.9 
     -2.3      23.6       0.8      11.6 
     -2.4      19.1       0.5       6.5 
     -2.4      18.8       0.3       5.4 
83328 0.243541 -0.852392 -0.462727 
 53048.4  13738.0      0.0     43.3     45.1     15.0 
     0.0     86.6     44.8     43.6  28121.1  29360.4 
    -11.3      50.0       5.7      63.5 
     -2.8      24.1      -0.5      12.8 
     -2.3      19.3      -0.7       6.5 
     -2.5      18.6      -0.9       5.9 
83329 0.165103 -0.866792 -0.470544 
 52259.5  13531.5      0.0     43.3     41.7     25.3 
     0.0     86.6     41.8     53.9  28192.5  29244.6 
    -13.0      53.2       4.8      72.8 
     -3.1      23.5      -0.4      20.2 
     -2.6      19.3      -0.5       5.2 
     -2.7      18.9      -0.3       3.0 
83330 0.124573 -0.872008 -0.473376 
 51832.0  13391.9      0.0     43.3     45.1     21.6 
     0.0     86.6     45.1     50.2  27400.0  28672.1 
    -10.6      53.1       5.1      71.1 
     -3.3      24.2       2.2      17.3 
     -2.5      19.5       2.6       6.0 
     -2.8      19.0       2.2       5.5 
83331 0.083409 -0.875791 -0.475429 
 51717.9  13341.8      0.0     43.3     46.0     15.9 
     0.0     86.6     46.1     44.5  27521.9  28439.6 
    -12.1      51.7       4.0      68.2 
     -3.0      23.9       1.1      12.9 
     -2.5      19.6       0.8       6.3 
     -3.0      19.0       0.5       5.7 
83332 0.041814 -0.878085 -0.476675 
 51346.3  13212.4      0.0     43.3     46.0      9.8 
     0.0     86.6     46.1     38.3  27075.5  28293.4 
    -12.3      53.0       1.6      62.3 
     -2.8      23.8      -0.0      11.4 
     -2.7      19.6      -0.0       6.8 
     -2.8      19.3      -0.3       6.2 
83333 -0.000000 -0.878853 -0.477092 
 51346.9  13284.9      0.0     43.3     45.7      3.9 
     0.0     86.6     45.8     32.0  27290.6  28390.6 
    -11.1      51.9       1.4      58.4 
     -2.8      24.1      -0.5      11.9 
     -2.4      19.7      -0.7       7.6 
     -2.9      19.3      -0.9       6.8 
83334 -0.041814 -0.878085 -0.476675 
 51320.5  13253.1      0.0     43.3     41.6     28.9 
     0.0     86.6     46.1     25.6  27132.7  27900.6 
    -10.6      55.6      -0.4      57.5 
     -2.5      23.8      -1.9      13.8 
     -2.0      19.4      -1.6       9.6 
     -2.4      19.3      -1.5       8.6 
83335 -0.083409 -0.875791 -0.475429 
 51271.7  13287.1      0.0     43.3     41.6     28.9 
     0.0     86.6     46.2     19.3  27157.4  28092.2 
    -10.7      51.4      -0.5      55.0 
     -2.8      24.5      -2.0      15.2 
     -2.4      19.8      -1.7      11.2 
     -2.6      19.3      -1.8      10.2 
83336 -0.124573 -0.872008 -0.473376 
 51429.8  13354.7      0.0     43.3     41.6     28.9 
     0.0     86.6     46.2     13.1  27441.2  28347.8 
    -12.0      52.9      -2.6      55.4 
     -2.6      23.9      -1.5      14.3 
     -2.2      20.1      -1.2      10.1 
     -2.2      19.4      -1.2       9.2 
83337 -0.165103 -0.866792 -0.470544 
 51749.1  13408.4      0.0     43.3     41.6     28.9 
     0.0     86.6     46.0      7.3  27417.2  28426.4 
    -11.1      53.7      -0.9      52.9 
     -2.6      24.5      -0.7      13.8 
     -2.2      19.5      -0.7       8.9 
     -2.4      19.4      -0.7       7.9 
83338 -0.243541 -0.852392 -0.462727 
 52541.4  13673.6      0.0     43.3     41.6     28.9 
     0.0     86.6     41.6     57.7  27996.4  29022.0 
    -13.6      54.5      -3.6      53.0 
     -2.3      24.2      -0.5      16.1 
     -1.8      19.3      -0.2      11.6 
     -2.0      19.3      -0.3      11.0 
83339 -0.317480 -0.833386 -0.452409 
 53699.6  13742.2      0.0     43.3     41.6     28.9 
     0.0     86.6     41.6     57.7  28547.6  29742.5 
     -9.9      53.8      -1.8      49.9 
     -2.6      24.1      -0.1      15.0 
     -2.0      19.7       0.3      10.7 
     -2.2      19.3       0.1       9.9 
83340 -0.386057 -0.810720 -0.440105 
 55007.6  13418.0      0.0     43.3     41.6     28.9 
     0.0     86.6     41.6     57.7  28945.5  30080.5 
    -11.2      51.7      -2.6      48.5 
     -1.9      23.8       1.0      16.3 
     -2.2      19.3       0.6      13.1 
     -1.8      18.7       0.6      12.6 
83341 -0.448787 -0.785377 -0.426348 
 56687.0  13083.6      0.0     43.3     41.6     28.9 
     0.0     86.6     41.6     57.7  30621.9  31737.0 
    -11.4      55.4      -4.8      46.2 
     -2.1      23.9       0.8      15.9 
     -2.0      19.5       0.9      12.1 
     -1.8      18.6       0.9      11.4 
83342 -0.505524 -0.758286 -0.411641 
 58566.5  12293.5      0.0     43.3     41.6     28.9 
     0.0     86.6     41.6     57.7  31916.9  33393.3 
    -12.0      54.3      -1.8      45.1 
     -2.2      23.9       1.3      17.1 
     -1.8      19.0       1.5      14.2 
     -2.1      18.2       1.1      13.7 
83343 -0.556388 -0.730259 -0.396426 
 60960.1  11678.7      0.0     43.3     41.6     28.9 
     0.0     86.6     41.6     57.7  34316.4  35075.7 
    -12.0      57.0      -2.5      45.6 
     -2.5      24.0       1.0      17.0 
     -1.9      18.9       1.6      13.2 
     -1.7      18.0       1.5      12.7 
83344 -0.601687 -0.701968 -0.381068 
 62956.0  11172.4      0.0     43.3     41.6     28.9 
     0.0     86.6     41.6     57.7  35304.8  36305.9 
    -10.4      54.5      -4.3      44.9 
     -2.0      22.9       1.7      17.5 
     -1.2      18.5       2.0      15.1 
     -2.1      17.7       1.5      15.0 
83345 -0.641844 -0.673936 -0.365851 
 65812.3  10801.2      0.0     43.3     41.6     28.9 
     0.0     86.6     41.6     57.7  36747.2  37946.3 
    -10.1      55.0      -4.5      43.2 
     -1.8      23.6       1.7      17.5 
     -1.7      18.5       2.2      14.0 
     -1.6      17.6       1.9      13.9 
83346 -0.677337 -0.646549 -0.350984 
 68494.1  10219.7      0.0     43.3     41.6     28.9 
     0.0     86.6     41.6     57.7  38268.8  39560.0 
    -10.0      57.7      -2.5      38.1 
     -2.0      23.2       2.5      18.4 
     -1.6      18.0       2.3      15.8 
     -1.6      17.1       2.0      15.5 
83347 -0.708659 -0.620076 -0.336613 
 71399.3   9925.1      0.0     43.3     41.6     28.9 
     0.0     86.6     41.6     57.7  39387.6  41269.3 
    -11.0      57.3      -2.3      36.4 
     -1.3      23.5       2.4      18.0 
     -1.5      18.1       2.4      14.8 
     -1.7      17.0       2.1      14.7 
83348 0.482910 -0.845093 -0.229382 
106159.6  14076.7      0.0     43.3     41.6     28.9 
     0.0     86.6     41.6     57.7  63482.5  65127.7 
    -11.3      50.9      10.3      57.6 
     -2.3      22.8       4.8      18.8 
     -1.9      18.1       4.2      10.4 
     -1.9      16.6       4.2       9.2 
83349 0.451149 -0.861285 -0.233777 
104272.2  13870.5      0.0     43.3     41.6     28.9 
     0.0     86.6     41.6     57.7  62448.0  64554.6 
     -9.9      47.2      11.3      63.4 
     -2.9      23.3       4.8      20.0 
     -2.0      17.9       4.1      11.8 
     -2.1      16.7       3.9      11.0 
83350 0.417577 -0.876913 -0.238019 
102199.6  13718.7      0.0     43.3     41.6     28.9 
     0.0     86.6     41.6     57.7  61151.4  62541.9 
    -12.7      53.9      14.9      61.1 
     -2.5      23.3       4.4      18.2 
     -2.3      18.1       3.9       9.5 
     -2.0      17.1       3.7       8.4 
83351 0.382204 -0.891810 -0.242063 
100677.6  13504.3      0.0     43.3     41.6     28.9 
     0.0     86.6     41.6     57.7  59939.5  61947.3 
     -9.7      50.0       8.7      67.8 
     -2.4      23.5       4.0      19.7 
     -2.0      18.2       3.4      11.6 
     -2.4      17.4       3.5      10.5 
83352 0.345068 -0.905804 -0.245861 
 99049.0  13202.4      0.0     43.3     41.6     28.9 
     0.0     86.6     41.6     57.7  58856.0  60239.8 
    -12.6      53.0      12.1      70.9 
     -2.3      23.0       3.6      17.6 
     -1.8      18.2       3.1       8.4 
     -2.1      17.0       3.1       7.1 
83353 0.306238 -0.918714 -0.249365 
 97744.9  13022.9      0.0     43.3     41.6     28.9 
     0.0     86.6     41.6     57.7  58237.1  59956.1 
    -13.6      51.6      10.6      72.8 
     -2.5      22.9       2.8      20.2 
     -2.4      18.1       2.6      11.3 
     -2.2      17.2       2.5      10.1 
83354 0.265817 -0.930361 -0.252527 
 96795.9  12904.8      0.0     43.3     41.6     28.9 
     0.0     86.6     45.7      3.8  56872.0  58509.5 
    -15.0      54.3      10.0      73.4 
     -2.7      23.5       2.6      18.4 
     -1.9      18.5       2.0       7.4 
     -2.0      17.3       1.9       5.9 
83355 0.223945 -0.940570 -0.255298 
 95889.1  12714.5      0.0     43.3     41.6     28.9 
     0.0     86.6     46.0     16.1  56193.9  57712.8 
    -13.8      53.1      11.0      76.0 
     -3.1      23.8       1.2      19.9 
     -2.5      18.5       1.0      11.3 
     -2.2      17.2       0.8      10.5 
83356 0.180796 -0.949177 -0.257634 
 95118.0  12626.5      0.0     43.3     45.8      2.0 
     0.0     86.6     45.5     29.5  55612.8  57329.1 
    -12.8      51.9       4.8      76.4 
     -3.4      23.4       1.2      17.5 
     -2.5      18.6       0.5       6.1 
     -2.7      17.5       0.6       4.7 
83357 0.136577 -0.956038 -0.259496 
 94321.3  12575.4      0.0     43.3     45.1     14.0 
     0.0     86.6     45.0     42.6  55805.4  57331.8 
    -13.9      52.0       4.5      86.8 
     -3.2      23.5      -0.3      21.3 
     -2.4      18.5      -0.8       6.9 
     -2.5      17.2      -0.9       5.7 
83358 0.091527 -0.961030 -0.260851 
 93833.9  12498.8      0.0     43.3     42.2     24.7 
     0.0     86.6     42.3     53.1  55452.9  57089.7 
    -13.0      53.6      -0.2      90.3 
     -3.4      23.5       1.9      36.0 
     -2.4      18.7      -0.0       9.9 
     -2.6      17.5      -0.1       4.1 
83359 0.068771 -0.962796 -0.261330 
 93740.4  12571.2      0.0     43.3     45.9     20.8 
     0.0     86.6     46.0     49.3  55053.9  56658.2 
    -15.8      54.7       3.3      88.6 
     -3.2      23.4       2.4      29.8 
     -2.7      19.0       3.0      10.3 
     -2.8      17.3       2.6       6.6 
83360 0.045908 -0.964064 -0.261674 
 93409.6  12404.2      0.0     43.3     46.9     15.2 
     0.0     86.6     46.8     43.7  54871.8  56500.4 
    -14.9      53.8       4.1      83.8 
     -2.7      23.1       1.4      23.6 
     -2.9      18.4       1.2       7.3 
     -2.5      17.1       1.1       6.2 
83361 0.022972 -0.964827 -0.261882 
 93546.9  12451.6      0.0     43.3     47.1     10.6 
     0.0     86.6     47.1     37.3  55335.5  56758.1 
    -14.3      52.9       5.4      78.7 
     -3.3      23.5       0.2      18.4 
     -2.7      18.6       0.5       7.1 
     -2.9      17.2       0.2       6.3 
83362 -0.000000 -0.965081 -0.261951 
 93717.5  12437.4      0.0     43.3     46.8      2.4 
     0.0     86.6     47.1     30.7  54704.8  56210.0 
    -15.2      57.1       0.9      79.8 
     -3.1      23.0      -0.2      15.9 
     -2.8      18.4      -0.1       7.5 
     -3.0      17.4      -0.4       6.5 
83363 -0.022972 -0.964827 -0.261882 
 93287.7  12387.9      0.0     43.3     41.6     28.9 
     0.0     86.6     47.0     24.0  54879.7  56772.1 
    -11.6      50.2      -4.1      76.1 
     -3.4      23.6      -2.0      19.0 
     -2.5      18.5      -1.7      10.3 
     -2.7      17.5      -1.8       9.4 
83364 -0.045908 -0.964064 -0.261674 
 93424.6  12509.0      0.0     43.3     41.6     28.9 
     0.0     86.6     47.0     17.3  54859.7  56769.4 
    -13.2      49.0      -3.8      69.4 
     -2.9      23.2      -1.5      18.2 
     -2.9      18.7      -1.6      11.6 
     -2.7      17.5      -1.7      10.4 
83365 -0.068771 -0.962796 -0.261330 
 93271.4  12416.6      0.0     43.3     41.6     28.9 
     0.0     86.6     46.9     10.7  55010.2  56768.3 
    -17.1      57.6      -3.6      68.1 
     -2.9      23.1      -1.0      17.1 
     -2.6      18.3      -0.9       9.3 
     -2.6      17.4      -1.1       8.3 
83366 -0.091527 -0.961030 -0.260851 
 93572.2  12483.9      0.0     43.3     41.6     28.9 
     0.0     86.6     46.8      4.4  54495.4  56327.3 
     -9.5      49.3      -1.4      71.3 
     -2.8      23.7      -0.6      16.8 
     -2.4      18.8      -0.3       7.5 
     -2.5      17.4      -0.1       6.1 
83367 -0.136577 -0.956038 -0.259496 
 93895.6  12497.1      0.0     43.3     41.6     28.9 
     0.0     86.6     41.6     57.7  54848.0  56944.7 
    -11.4      51.4      -0.4      70.9 
     -2.8      23.6      -0.0      18.2 
     -2.4      18.8      -0.1      11.7 
     -2.4      17.7      -0.2      10.4 
83368 -0.180796 -0.949177 -0.257634 
 94497.6  12650.7      0.0     43.3     41.6     28.9 
     0.0     86.6     41.6     57.7  56195.6  57607.4 
    -11.5      48.8      -2.8      61.1 
     -2.5      23.5       0.7      16.0 
     -2.4      18.7       0.8       8.8 
     -1.9      17.8       0.8       7.3 
83369 -0.223945 -0.940570 -0.255298 
 95065.8  12709.4      0.0     43.3     41.6     28.9 
     0.0     86.6     41.6     57.7  55156.3  56794.1 
    -11.7      52.4      -2.8      64.1 
     -2.9      23.4       0.7      17.1 
     -2.4      18.6       0.9      11.6 
     -2.3      17.3       0.8      10.7 
83370 -0.265817 -0.930361 -0.252527 
 96458.7  12912.0      0.0     43.3     41.6     28.9 
     0.0     86.6     41.6     57.7  56250.0  58003.2 
    -14.1      52.5      -4.9      61.0 
     -2.9      23.7       1.1      15.5 
     -2.0      18.6       1.5       9.6 
     -1.9      17.5       1.5       8.4 
83371 -0.306238 -0.918714 -0.249365 
 97557.2  12993.5      0.0     43.3     41.6     28.9 
     0.0     86.6     41.6     57.7  57272.4  59258.1 
    -13.5      54.9      -4.1      54.5 
     -2.8      23.6       1.1      17.2 
     -2.0      18.4       1.7      12.2 
     -2.3      17.2       1.3      11.2 
83372 -0.345068 -0.905804 -0.245861 
 98678.6  13211.3      0.0     43.3     41.6     28.9 
     0.0     86.6     41.6     57.7  57535.3  59588.1 
    -11.8      53.5      -3.8      52.3 
     -2.5      23.8       1.6      16.0 
     -2.2      18.2       1.9      10.5 
     -1.7      17.5       2.0       9.5 
83373 -0.382204 -0.891810 -0.242063 
100217.4  13277.4      0.0     43.3     41.6     28.9 
     0.0     86.6     41.6     57.7  59309.1  60938.6 
    -12.4      54.4      -4.3      50.4 
     -2.8      23.7       1.7      17.3 
     -1.7      18.5       2.4      12.6 
     -1.9      17.4       2.0      12.0 
83374 -0.417577 -0.876913 -0.238019 
101466.8  13319.6      0.0     43.3     41.6     28.9 
     0.0     86.6     41.6     57.7  60083.0  61911.4 
    -11.2      52.3      -2.6      48.5 
     -2.4      24.1       2.1      16.6 
     -1.9      18.3       2.3      11.3 
     -2.1      17.4       2.1      10.5 
83375 -0.451149 -0.861285 -0.233777 
103679.9  13244.4      0.0     43.3     41.6     28.9 
     0.0     86.6     41.6     57.7  59959.3  62320.2 
    -10.0      52.3      -1.9      46.0 
     -2.6      23.4       2.3      17.2 
     -1.9      18.2       2.5      13.1 
     -1.9      17.1       2.4      12.5 
83376 -0.482910 -0.845093 -0.229382 
105556.8  13173.3      0.0     43.3     41.6     28.9 
     0.0     86.6     41.6     57.7  61664.6  63992.7 
    -10.9      53.3      -1.7      41.6 
     -2.6      23.4       2.2      17.1 
     -2.0      18.1       2.5      12.1 
     -1.8      17.2       2.5      11.6 
83377 0.337328 -0.927651 -0.160231 
151628.2  13228.4      0.0     43.3     41.6     28.9 
     0.0     86.6     41.6     57.7  94356.8  97522.2 
    -10.9      47.4      10.9      63.0 
     -2.8      23.4       4.9      20.9 
     -2.0      18.5       4.5       9.1 
     -2.3      17.9       4.5       7.8 
83378 0.312066 -0.936198 -0.161707 
150900.3  13112.5      0.0     43.3     41.6     28.9 
     0.0     86.6     41.6     57.7  92642.4  96041.4 
     -9.9      48.0      11.5      73.6 
     -2.8      24.4       4.3      23.1 
     -2.1      18.9       3.8      11.7 
     -2.1      17.7       4.1      10.5 
83379 0.286124 -0.944211 -0.163091 
149571.0  12915.8      0.0     43.3     41.6     28.9 
     0.0     86.6     41.6     57.7  91591.8  94259.5 
    -12.5      52.0      10.0      73.0 
     -2.7      23.5       4.5      21.5 
     -2.7      19.0       4.1       8.4 
     -2.1      18.0       3.9       7.1 
83380 0.259539 -0.951641 -0.164374 
148596.1  12821.2      0.0     43.3     41.6     28.9 
     0.0     86.6     41.6     57.7  91384.8  94210.8 
    -15.3      58.8      12.3      75.3 
     -3.1      24.6       4.6      24.2 
     -2.3      18.9       3.4      11.9 
     -2.5      17.4       3.7      10.4 
83381 0.232349 -0.958440 -0.165549 
147503.5  12792.8      0.0     43.3     41.6     28.9 
     0.0     86.6     41.6     57.7  90957.1  93525.3 
    -14.5      53.4       9.3      79.4 
     -3.0      24.0       3.9      23.5 
     -2.4      18.9       3.4       8.1 
     -2.3      17.6       3.4       6.2 
83382 0.204604 -0.964562 -0.166606 
146311.0  12686.4      0.0     43.3     41.6     28.9 
     0.0     86.6     41.6     57.7  91852.5  93920.6 
    -12.1      49.4       7.2      80.5 
     -3.7      25.0       3.4      26.1 
     -2.6      18.9       2.8      11.8 
     -2.7      18.2       2.8      10.5 
83383 0.176357 -0.969963 -0.167539 
145633.7  12641.8      0.0     43.3     41.6     28.9 
     0.0     86.6     46.2      2.4  90034.6  92118.4 
    -12.5      51.1      11.6      88.0 
     -3.3      23.5       3.1      24.6 
     -2.7      19.1       2.3       7.0 
     -2.5      17.7       2.2       5.2 
83384 0.147667 -0.974605 -0.168341 
145327.8  12632.3      0.0     43.3     41.6     28.9 
     0.0     86.6     46.0     15.1  90260.5  92794.1 
    -17.6      55.8       8.2      90.2 
     -3.4      24.1       1.7      26.7 
     -2.8      18.8       1.2      12.0 
     -2.6      17.6       1.0      10.9 
83385 0.118600 -0.978453 -0.169006 
144560.0  12438.9      0.0     43.3     46.1      1.3 
     0.0     86.6     45.7     28.6  89155.9  91916.1 
    -14.9      53.9       5.3      91.9 
     -3.5      23.6       0.9      24.9 
     -2.5      18.7       0.6       6.3 
     -2.5      17.8       0.6       4.5 
83386 0.089225 -0.981478 -0.169528 
144496.6  12460.8      0.0     43.3     45.2     13.4 
     0.0     86.6     44.9     42.0  89520.6  91859.6 
    -16.0      53.9       3.4      98.3 
     -3.5      24.6       0.1      31.8 
     -2.6      18.7      -0.5       8.7 
     -2.7      17.6      -0.5       5.9 
83387 0.059616 -0.983656 -0.169904 
144166.2  12358.3      0.0     43.3     42.4     24.3 
     0.0     86.6     42.5     52.5  89085.4  91356.1 
    -15.4      58.8       8.0     107.0 
     -3.1      23.8       1.1      46.8 
     -2.3      18.7      -0.1      16.2 
     -2.6      18.0       0.3       6.8 
83388 0.044746 -0.984421 -0.170036 
143845.2  12433.3      0.0     43.3     46.0     20.4 
     0.0     86.6     46.0     48.6  87878.8  90908.2 
    -17.6      59.2      14.7     102.5 
     -3.3      23.4       2.8      41.7 
     -2.7      19.0       2.9      13.4 
     -2.9      17.7       2.9       7.8 
83389 0.029848 -0.984969 -0.170131 
143775.1  12358.7      0.0     43.3     47.6     14.9 
     0.0     86.6     47.4     42.9  88255.2  90661.6 
    -14.1      52.8       0.8      98.6 
     -3.5      24.6       1.6      32.7 
     -2.9      19.1       1.3       9.8 
     -2.9      17.4       1.4       6.7 
83390 0.014929 -0.985299 -0.170188 
143759.6  12389.3      0.0     43.3     47.5      8.1 
     0.0     86.6     47.4     36.5  89194.1  91285.7 
    -13.0      48.2       2.8      86.4 
     -3.7      24.7       1.2      27.8 
     -2.6      19.1       0.7       8.4 
     -2.8      18.1       0.5       6.5 
83391 -0.000000 -0.985408 -0.170207 
143769.6  12369.8      0.0     43.3     47.3      1.7 
     0.0     86.6     47.4     29.7  89299.3  91589.6 
    -14.5      51.2       8.0      87.4 
     -3.7      24.8       0.1      24.5 
     -2.8      19.1       0.0       8.1 
     -2.9      18.2      -0.0       6.5 
83392 -0.014929 -0.985299 -0.170188 
143793.5  12377.8      0.0     43.3     41.6     28.9 
     0.0     86.6     47.5     23.1  87430.7  90667.1 
    -15.6      59.4      -3.6      90.5 
     -3.5      23.7      -1.6      25.0 
     -2.8      19.1      -1.8      11.4 
     -2.5      17.7      -1.9      10.4 
83393 -0.029848 -0.984969 -0.170131 
143729.3  12455.1      0.0     43.3     41.6     28.9 
     0.0     86.6     47.3     16.3  87881.4  91065.8 
    -11.2      47.6      -2.6      90.7 
     -3.4      25.1      -1.5      23.4 
     -2.7      19.1      -1.4      11.8 
     -2.6      17.9      -1.5      10.6 
83394 -0.044746 -0.984421 -0.170036 
143647.9  12527.8      0.0     43.3     41.6     28.9 
     0.0     86.6     47.4      9.5  89355.7  91818.3 
    -13.4      51.2      -4.1      91.5 
     -3.3      24.2      -0.7      22.3 
     -2.4      18.9      -0.6       9.3 
     -2.7      18.1      -0.8       7.9 
83395 -0.059616 -0.983656 -0.169904 
144006.2  12401.4      0.0     43.3     41.6     28.9 
     0.0     86.6     47.2      3.1  88990.9  91678.1 
    -12.6      51.5       0.3      85.8 
     -3.2      24.3      -0.3      22.2 
     -2.7      18.9       0.1       7.5 
     -2.4      18.2       0.0       5.6 
83396 -0.089225 -0.981478 -0.169528 
143822.2  12451.5      0.0     43.3     41.6     28.9 
     0.0     86.6     41.6     57.7  89255.4  91296.7 
     -9.8      49.8       4.7      78.3 
     -3.4      24.2      -0.4      23.1 
     -2.7      18.9      -0.2      11.8 
     -2.6      17.8      -0.3      10.7 
83397 -0.118600 -0.978453 -0.169006 
144474.1  12460.6      0.0     43.3     41.6     28.9 
     0.0     86.6     41.6     57.7  88903.6  92121.6 
    -10.8      51.8       0.6      74.3 
     -3.1      24.0       0.6      20.1 
     -2.6      18.9       1.1       7.9 
     -2.2      17.9       1.0       6.3 
83398 -0.147667 -0.974605 -0.168341 
145064.0  12539.4      0.0     43.3     41.6     28.9 
     0.0     86.6     41.6     57.7  90762.1  92475.5 
    -13.2      53.8      -1.8      73.4 
     -3.1      24.9       0.6      22.0 
     -2.7      19.0       0.9      11.8 
     -2.6      18.2       0.8      10.7 
83399 -0.176357 -0.969963 -0.167539 
145282.1  12652.5      0.0     43.3     41.6     28.9 
     0.0     86.6     41.6     57.7  89230.6  91767.9 
    -12.6      51.8      -9.6      69.3 
     -3.5      24.5       1.4      19.5 
     -2.3      19.1       1.6       8.4 
     -2.3      18.2       1.8       6.9 
83400 -0.204604 -0.964562 -0.166606 
146108.7  12626.4      0.0     43.3     41.6     28.9 
     0.0     86.6     41.6     57.7  90420.8  92823.6 
    -14.5      53.8      -1.6      68.0 
     -3.0      25.2       1.4      21.0 
     -2.4      19.2       1.4      11.9 
     -2.5      18.3       1.6      10.5 
83401 -0.232349 -0.958440 -0.165549 
146819.8  12631.2      0.0     43.3     41.6     28.9 
     0.0     86.6     41.6     57.7  90758.8  93550.9 
    -11.6      49.0       0.7      61.1 
     -2.7      24.3       1.7      18.0 
     -2.2      18.7       2.2       9.1 
     -2.0      18.3       2.3       7.7 
83402 -0.259539 -0.951641 -0.164374 
147956.2  12825.6      0.0     43.3     41.6     28.9 
     0.0     86.6     41.6     57.7  91029.0  94128.6 
    -11.0      52.4      -2.9      60.8 
     -3.2      24.5       1.7      18.8 
     -1.8      19.0       2.3      11.8 
     -1.7      18.1       2.3      10.9 
83403 -0.286124 -0.944211 -0.163091 
149199.1  12860.9      0.0     43.3     41.6     28.9 
     0.0     86.6     41.6     57.7  90987.8  94546.1 
    -12.5      54.7      -2.1      52.5 
     -3.0      24.0       2.2      17.6 
     -2.2      19.1       2.5      10.0 
     -2.3      17.8       2.5       8.6 
83404 -0.312066 -0.936198 -0.161707 
150375.3  13005.0      0.0     43.3     41.6     28.9 
     0.0     86.6     41.6     57.7  93530.9  95579.1 
    -11.0      56.3      -0.7      49.0 
     -2.8      23.7       2.1      18.2 
     -1.9      18.7       2.7      11.8 
     -2.0      17.8       2.6      11.2 
83405 -0.337328 -0.927651 -0.160231 
151587.3  13180.4      0.0     43.3     41.6     28.9 
     0.0     86.6     41.6     57.7  94071.2  97960.8 
    -13.5      55.8      -3.9      46.3 
     -3.0      25.5       2.2      17.2 
     -2.3      18.8       2.5      10.3 
     -2.3      17.8       2.7       9.2 
