Dot1_150x100_dj0192g@-475V,3.8T@90d,263K,rh=1.02/0.7,2.5/2.5,100Vdep 
1109 1 3.80 60 5 29 0 263.0000 263.0000 2.5000 1.3200 1500.0000 0.0000 54.8200 150.0000 100.0000 285.0000 1500.0000 0.0000 27.410000 1.5000 1.0000 0.8500 
32001 -0.000000 -0.000000 -45.000000 
 21827.3  18330.7      0.2     42.5     26.6     17.4 
     0.3     85.4     27.0     45.4   7775.6   8466.2 
      3.3      73.2       3.3      48.7 
      0.8      11.1      -1.6       8.3 
      0.1       1.9      -1.5       5.9 
     -0.0       1.0      -1.8       5.6 
32002 -0.000000 -5.870454 -44.615444 
 21823.8  18469.3     -1.0     36.7     26.6     17.5 
    -1.0     79.4     27.1     45.4   7713.0   8426.4 
     -4.6      62.9       3.1      48.3 
     -1.6       6.9      -1.6       8.5 
     -1.7       3.4      -1.5       5.6 
     -1.8       3.4      -1.5       5.8 
32003 -0.000000 -11.452198 -43.518353 
 22162.0  18936.6     -1.6     30.2     26.9     17.5 
    -1.4     72.2     27.2     45.4   7456.9   8250.8 
     -6.4      52.4       2.1      47.9 
     -3.2      10.2      -1.4       8.1 
     -3.1       6.9      -1.5       5.8 
     -3.1       6.8      -1.8       5.9 
32004 -0.000000 -16.522495 -41.856983 
 22773.4  18945.6     -2.5     23.9     27.1     17.4 
    -2.1     65.1     27.4     45.3   8080.1   8799.0 
     -9.3      50.0       2.7      49.5 
     -4.4      14.1      -1.2       8.2 
     -4.1      10.3      -1.4       5.8 
     -4.2      10.1      -1.5       5.9 
32005 -0.000000 -20.958590 -39.821320 
 23829.6  18561.0     -3.4     18.2     27.2     17.7 
    -2.6     57.7     27.6     45.0   8564.8   9445.2 
    -10.6      53.8       1.6      51.0 
     -5.3      18.4      -0.8       8.2 
     -5.3      13.7      -1.2       6.0 
     -5.4      13.1      -1.6       6.0 
32006 -0.000000 -24.732742 -37.593769 
 25115.8  17599.1     -4.5     14.5     27.3     17.0 
    -2.5     49.6     27.5     44.8   9238.0   9845.3 
    -10.1      47.4       0.1      49.7 
     -5.6      19.6      -1.1       8.1 
     -5.6      15.9      -1.3       5.8 
     -6.1      16.1      -1.6       5.7 
32007 -0.000000 -27.883995 -35.319725 
 26679.0  16301.7     -6.2     15.2     27.6     16.6 
    -2.7     41.6     28.0     44.6   9646.7  10411.8 
    -11.9      51.2       1.8      55.2 
     -6.1      22.5      -1.2       8.6 
     -6.3      19.0      -1.0       5.8 
     -6.9      21.6      -1.2       5.6 
32008 -0.000000 -30.486408 -33.099529 
 28429.2  15094.1    -15.2     21.4     27.6     16.2 
    -2.8     33.0     27.9     44.2  11120.9  12075.8 
    -14.1      54.6       1.8      56.2 
     -7.0      24.0      -0.9       8.8 
     -7.0      19.9      -1.0       5.7 
     -7.3      23.0      -1.3       5.5 
32009 -0.000000 -32.624973 -30.993725 
 30268.3  14512.4      0.0     43.3     27.7     16.0 
    -3.0     24.9     28.1     44.0  12896.2  13525.3 
    -14.1      52.4       3.6      56.2 
     -7.7      24.6      -0.9       8.6 
     -7.5      19.9      -0.9       5.4 
     -8.0      22.2      -1.2       5.5 
32010 -0.000000 -34.381348 -29.033136 
 32389.6  13752.9      0.0     43.3     28.1     15.6 
    -3.3     18.4     28.3     43.8  13988.0  14791.2 
    -11.9      51.0      -0.4      54.4 
     -8.1      24.7      -1.0       8.7 
     -7.6      20.7      -0.8       5.5 
     -8.1      20.9      -1.2       5.2 
32011 -0.000000 -35.827297 -27.228748 
 34507.3  13424.7      0.0     43.3     28.1     15.4 
    -3.3     14.6     28.4     43.5  14541.5  15461.3 
    -14.2      53.0       2.5      56.2 
     -7.2      26.9      -0.4       9.6 
     -7.7      22.9      -0.8       5.4 
     -8.3      23.6      -0.9       5.0 
32012 -0.000000 -37.022865 -25.579433 
 36789.9  13032.6      0.0     43.3     28.1     15.1 
    -5.1     19.7     28.4     43.3  16562.1  17509.0 
    -14.6      55.9       4.4      58.4 
     -7.5      27.0      -0.7       9.6 
     -7.9      23.8      -0.7       5.3 
     -8.6      26.7      -0.9       5.0 
32013 -0.000000 -38.016857 -24.077343 
 39145.5  12745.7      0.0     43.3     28.3     14.9 
     0.0     86.6     28.5     43.1  18237.1  19322.7 
    -14.8      52.4       2.8      55.8 
     -8.2      27.5      -0.5      10.0 
     -8.3      23.0      -0.7       5.2 
     -8.6      25.5      -0.8       4.8 
32014 -0.000000 -38.848354 -22.711344 
 41322.6  12437.5      0.0     43.3     28.3     14.7 
     0.0     86.6     28.6     43.0  19639.7  20547.9 
    -14.6      50.8       2.2      58.8 
     -7.9      27.1      -0.2      10.7 
     -8.1      22.6      -0.4       5.3 
     -8.7      23.5      -0.7       4.6 
32015 -0.000000 -39.548401 -21.469133 
 43775.4  12403.2      0.0     43.3     28.6     14.5 
     0.0     86.6     28.8     42.8  21127.7  22126.1 
    -15.5      55.3       0.3      63.5 
     -8.5      28.3      -0.5      10.1 
     -7.9      24.4      -0.5       5.0 
     -9.0      24.5      -0.6       4.5 
32016 -0.000000 -40.141609 -20.338415 
 46237.6  12066.8      0.0     43.3     28.7     14.4 
     0.0     86.6     28.9     42.6  22984.7  24036.2 
    -14.7      53.7       1.5      63.4 
     -8.3      29.3      -0.3      11.3 
     -8.0      26.5      -0.4       4.9 
     -9.6      28.3      -0.6       4.4 
32017 -0.000000 -40.647488 -19.307556 
 48729.8  12010.6      0.0     43.3     28.5     14.2 
     0.0     86.6     28.7     42.4  24317.0  25447.5 
    -15.9      55.6       2.7      63.9 
     -9.1      28.7      -0.2      11.8 
     -8.9      24.7      -0.3       5.0 
     -9.1      27.4      -0.4       4.3 
32018 -0.000000 -41.081562 -18.365873 
 51163.4  11857.0      0.0     43.3     28.5     14.0 
     0.0     86.6     28.7     42.3  25950.8  27331.4 
    -16.7      51.7      -2.1      60.0 
     -8.8      27.9      -0.6      12.4 
     -8.6      23.4      -0.4       4.9 
     -9.7      25.7      -0.4       4.2 
32019 -0.000000 -41.456230 -17.503742 
 53848.0  11858.1      0.0     43.3     28.8     14.0 
     0.0     86.6     28.9     42.1  27240.2  28503.6 
    -18.4      55.4       3.7      67.1 
     -8.1      28.6      -0.3      13.0 
     -8.3      24.3      -0.4       5.1 
     -9.2      25.6      -0.4       4.1 
32020 -0.000000 -41.781452 -16.712580 
 56312.4  11706.7      0.0     43.3     28.8     13.8 
     0.0     86.6     28.9     42.1  29264.4  30631.0 
    -20.0      54.3       1.8      64.2 
     -9.1      30.5      -0.2      13.6 
     -8.6      26.8      -0.3       5.0 
     -9.3      29.5      -0.4       4.1 
32021 -0.000000 -42.065262 -15.984799 
 58779.4  11829.6      0.0     43.3     28.9     13.6 
     0.0     86.6     29.1     42.0  31455.9  32769.8 
    -19.7      54.7      -0.2      66.4 
     -9.5      29.2       0.0      13.4 
     -8.6      26.2      -0.3       4.8 
     -9.6      28.8      -0.3       4.2 
32022 -0.000000 -42.314190 -15.313706 
 61767.3  11570.8      0.0     43.3     28.7     13.6 
     0.0     86.6     28.8     41.9  32248.4  34232.6 
    -17.1      51.8       1.3      71.5 
     -9.0      28.9      -0.2      14.7 
     -9.0      24.3      -0.1       5.0 
     -8.8      26.5      -0.3       3.9 
32023 -0.000000 -42.533558 -14.693412 
 64169.3  11533.7      0.0     43.3     28.7     13.6 
     0.0     86.6     29.0     41.8  34112.2  36321.3 
    -17.0      53.6       4.2      71.7 
     -9.0      29.3      -0.6      15.0 
     -8.4      25.1      -0.1       4.8 
     -9.4      26.8      -0.3       3.8 
32024 -0.000000 -42.727760 -14.118738 
 66787.2  11608.2      0.0     43.3     28.7     13.5 
     0.0     86.6     29.0     41.7  36087.6  38154.7 
    -16.7      53.9       0.4      72.1 
     -9.3      31.0       0.2      15.3 
     -8.8      27.5      -0.2       5.1 
     -9.4      29.9      -0.4       3.9 
32025 -0.000000 -42.900398 -13.585126 
 69488.0  11537.5      0.0     43.3     28.8     13.5 
     0.0     86.6     29.1     41.7  37513.1  40139.9 
    -17.8      53.1       3.4      69.8 
     -9.2      29.8      -0.4      15.5 
     -9.5      26.5      -0.2       5.2 
    -10.4      30.7      -0.2       3.9 
32026 -0.000000 -43.054493 -13.088566 
 72000.5  11486.8      0.0     43.3     29.0     13.4 
     0.0     86.6     29.3     41.5  39714.4  41698.9 
    -16.5      57.2       0.7      72.9 
     -9.1      28.8       0.1      15.9 
     -8.9      25.2      -0.0       4.8 
     -9.7      27.9      -0.2       3.8 
32027 -0.000000 -43.192551 -12.625515 
 74939.1  11432.7      0.0     43.3     29.2     13.3 
     0.0     86.6     29.3     41.5  41712.2  43176.8 
    -17.7      54.0       2.1      76.2 
     -9.3      29.6       0.2      18.9 
     -8.9      25.5      -0.1       4.9 
     -9.8      27.4      -0.2       3.7 
32028 -0.000000 -43.316673 -12.192842 
 77600.3  11412.0      0.0     43.3     29.0     13.1 
     0.0     86.6     29.2     41.4  43320.0  45239.6 
    -17.5      55.3       1.6      83.4 
     -8.6      31.4       0.1      17.9 
     -8.7      28.2       0.0       4.9 
    -10.3      30.4      -0.2       3.7 
32029 -0.000000 -43.428661 -11.787779 
 80288.9  11415.4      0.0     43.3     29.2     13.1 
     0.0     86.6     29.3     41.3  45577.5  47185.1 
    -19.8      57.2       1.3      77.6 
     -9.5      30.7      -0.1      18.0 
     -9.0      27.1      -0.1       4.8 
     -9.9      31.0      -0.2       3.7 
32030 -0.000000 -43.529995 -11.407862 
 82954.1  11389.3      0.0     43.3     29.1     13.1 
     0.0     86.6     29.1     41.2  43912.3  48308.4 
    -16.4      55.3      -1.0      79.3 
     -9.8      30.0      -0.2      19.4 
     -9.7      25.7      -0.2       5.0 
    -10.4      29.1      -0.2       3.9 
32031 -0.000000 -43.621986 -11.050903 
 85871.7  11409.1      0.0     43.3     29.1     13.1 
     0.0     86.6     29.3     41.4  46114.6  50397.6 
    -19.4      53.3       3.5      81.0 
     -9.6      30.2       0.3      21.3 
     -9.5      26.2      -0.0       4.8 
     -9.9      28.6      -0.2       3.7 
32032 -0.000000 -43.705715 -10.714950 
 88744.2  11412.2      0.0     43.3     28.8     13.0 
     0.0     86.6     28.9     41.3  49806.0  52593.5 
    -17.5      51.9      -0.9      81.2 
     -9.1      32.3       0.1      20.8 
     -8.8      28.7      -0.1       5.3 
    -10.3      31.4      -0.2       3.8 
32033 -0.000000 -43.782146 -10.398259 
 91089.6  11332.5      0.0     43.3     29.2     13.0 
     0.0     86.6     29.3     41.1  50012.3  54196.6 
    -17.0      53.0       3.3      83.6 
     -9.4      30.9       0.4      21.6 
     -9.0      27.7       0.0       5.6 
     -9.5      32.1      -0.0       3.6 
32034 -0.000000 -43.852077 -10.099266 
 93945.2  11423.9      0.0     43.3     29.1     12.9 
     0.0     86.6     29.2     41.2  53456.3  56356.9 
    -16.3      52.1       1.7      76.9 
     -9.9      29.7       0.6      23.0 
     -9.6      26.0      -0.1       5.1 
    -10.2      29.5      -0.1       3.6 
32035 -0.000000 -43.916229 -9.816568 
 96500.5  11316.5      0.0     43.3     29.3     12.9 
     0.0     86.6     29.4     41.1  55566.5  58119.2 
    -17.8      55.5       4.1      81.1 
    -10.1      30.0      -0.2      22.8 
     -8.8      25.8      -0.0       5.6 
     -9.2      27.8      -0.0       3.5 
32036 -0.000000 -43.975204 -9.548901 
 99310.4  11385.9      0.0     43.3     29.4     12.8 
     0.0     86.6     29.5     41.0  54401.7  59738.8 
    -16.7      50.9       3.7      86.1 
     -9.0      31.4       0.3      24.7 
     -8.9      28.9       0.0       5.2 
    -10.2      33.1      -0.0       3.8 
32037 -0.000000 -44.029541 -9.295126 
102497.0  11349.0      0.0     43.3     29.0     13.7 
     0.0     86.6     29.3     40.9  59664.0  62393.4 
    -16.1      51.2       2.4      85.3 
     -9.7      31.8       0.2      26.0 
     -9.5      28.2      -0.1       5.9 
    -10.6      32.3       0.0       3.6 
32038 -0.000000 -44.079716 -9.054212 
104863.8  11423.7      0.0     43.3     29.2     14.0 
     0.0     86.6     29.4     40.9  57795.5  63469.9 
    -19.1      56.1      -2.5      87.2 
     -9.8      30.4       0.1      25.8 
     -9.1      26.3       0.1       5.9 
    -11.2      29.8      -0.1       3.9 
32039 -0.000000 -44.126129 -8.825226 
107617.6  11353.0      0.0     43.3     28.9     12.8 
     0.0     86.6     29.3     41.0  61447.1  66226.2 
    -17.9      55.3       0.4      88.2 
    -10.1      30.7       0.5      26.0 
     -9.8      26.6       0.1       5.9 
    -10.1      30.3       0.0       3.9 
32040 -0.000000 -44.169155 -8.607322 
110210.6  11626.3      0.0     43.3     29.2     12.7 
     0.0     86.6     29.2     40.9  63310.8  68103.2 
    -18.7      55.2       0.8      86.4 
     -9.5      31.7       0.1      26.8 
     -9.2      28.8       0.0       6.0 
    -10.1      32.7       0.1       4.2 
32041 -0.000000 -44.209099 -8.399729 
112814.6  11349.2      0.0     43.3     29.3     12.7 
     0.0     86.6     29.3     40.9  66176.5  70557.5 
    -20.9      56.8       4.4      90.7 
    -10.2      32.1       0.8      27.4 
     -9.5      28.4      -0.1       5.9 
    -10.5      32.7       0.0       4.3 
32042 -0.000000 -44.246258 -8.201745 
116088.0  11587.0      0.0     43.3     29.1     12.6 
     0.0     86.6     29.3     40.7  65340.0  71622.4 
    -21.7      59.0       8.0      91.4 
    -10.1      31.1       0.1      27.1 
     -9.5      27.0       0.0       6.2 
    -11.3      30.3      -0.0       3.7 
32043 -0.000000 -44.280880 -8.012731 
118576.0  11439.4      0.0     43.3     29.1     12.8 
     0.0     86.6     29.3     40.8  63883.1  72779.7 
    -19.6      56.5       3.1      90.3 
    -10.2      30.9      -0.0      28.1 
     -9.1      26.8       0.1       6.7 
    -11.2      29.6      -0.1       3.7 
32044 -0.000000 -44.313187 -7.832098 
121577.7  11381.0      0.0     43.3     29.2     12.6 
     0.0     86.6     29.4     40.7  65235.1  74944.9 
    -17.3      54.6       5.4      91.1 
    -10.7      32.6       0.8      29.2 
     -9.1      29.2       0.1       6.3 
    -10.3      33.6       0.1       3.9 
32045 -0.000000 -44.343372 -7.659310 
124231.7  11376.2      0.0     43.3     29.3     12.6 
     0.0     86.6     29.5     40.8  69360.5  77690.9 
    -21.1      59.2      -0.8      88.8 
     -9.8      32.9       0.5      29.0 
     -9.4      28.5       0.2       6.1 
    -10.1      32.1       0.1       4.0 
32046 -0.000000 -44.371635 -7.493876 
127057.8  11417.2      0.0     43.3     29.4     12.6 
     0.0     86.6     29.5     40.6  73997.2  78415.4 
    -17.7      55.6       2.0      93.6 
    -10.7      30.7       0.1      31.7 
     -9.4      26.8       0.0       6.5 
    -11.3      31.8       0.1       3.6 
32047 -0.000000 -44.398117 -7.335341 
129598.6  11488.2      0.0     43.3     29.2     12.5 
     0.0     86.6     29.4     40.5  73541.2  81879.6 
    -23.3      58.6       1.2      91.4 
     -9.9      30.4       0.6      31.1 
     -9.7      26.5      -0.1       6.1 
    -10.2      29.4       0.0       3.9 
32048 -0.000000 -44.446323 -7.037334 
135295.7  11390.8      0.0     43.3     29.4     12.5 
     0.0     86.6     29.6     40.6  80327.8  85521.5 
    -21.7      60.2       4.3      96.2 
    -10.2      32.6       0.4      31.0 
     -9.7      29.2       0.1       6.8 
     -9.9      32.0       0.2       3.6 
32049 -0.000000 -44.488998 -6.762328 
140697.7  11445.4      0.0     43.3     29.4     12.5 
     0.0     86.6     29.6     40.4  76112.7  87561.9 
    -19.9      55.5       7.0     101.7 
    -10.2      30.7       0.3      32.7 
     -9.4      26.4       0.1       6.6 
    -10.4      30.9       0.2       3.8 
32050 -0.000000 -44.526943 -6.507784 
146544.6  11544.2      0.0     43.3     29.1     12.5 
     0.0     86.6     29.3     40.5  78781.7  91733.1 
    -21.9      56.7       5.5     104.6 
    -10.8      33.1      -0.1      33.8 
     -9.8      29.2       0.2       6.7 
    -10.6      33.1       0.1       4.0 
32051 -0.000000 -44.560837 -6.271525 
151714.2  11513.2      0.0     43.3     29.4     12.5 
     0.0     86.6     29.7     40.3  72567.0  93741.3 
    -21.0      54.6      -0.6      98.2 
    -10.5      30.6       1.3      34.6 
     -9.8      26.2       0.1       7.0 
    -10.3      31.0       0.2       4.3 
32052 -0.000000 -44.591225 -6.051666 
157595.5  11547.6      0.0     43.3     29.3     12.5 
     0.0     86.6     29.4     40.4  81072.9  98203.7 
    -19.3      56.3      -1.2     102.4 
    -10.6      33.3       0.5      35.7 
     -9.8      29.2       0.2       7.1 
    -10.6      34.8       0.1       4.4 
32053 -0.000000 -44.618580 -5.846572 
163177.5  11464.7      0.0     43.3     29.2     12.4 
     0.0     86.6     29.5     40.2  89287.6 104269.7 
    -18.9      48.6       3.1     101.0 
    -11.0      31.7       0.1      35.2 
     -9.4      27.4       0.3       8.0 
    -11.0      31.3       0.2       5.1 
32054 -0.000000 -44.643284 -5.654816 
168659.8  11467.9      0.0     43.3     29.2     12.3 
     0.0     86.6     29.4     40.2  90722.1 106163.1 
    -20.8      47.8       3.1     100.0 
    -10.1      32.4       0.2      36.5 
    -10.2      29.7       0.2       7.2 
    -10.2      33.4       0.2       4.3 
32055 -0.000000 -44.665680 -5.475147 
174104.1  11500.7      0.0     43.3     29.5     13.2 
     0.0     86.6     29.6     40.0  87703.3 109071.3 
    -19.5      46.8      -3.0     100.9 
    -10.6      30.4      -0.0      37.4 
    -10.2      27.1       0.2       8.3 
    -10.5      31.4       0.2       4.5 
32056 -0.000000 -44.686035 -5.306466 
179917.9  11452.7      0.0     43.3     29.6     12.3 
     0.0     86.6     29.6     40.0 102030.2 116326.8 
    -16.1      49.2       0.2     102.6 
    -10.4      32.8       0.6      35.9 
     -9.7      29.1       0.2       8.7 
    -11.4      34.0       0.1       4.3 
32057 -0.000000 -44.704586 -5.147801 
184825.6  11499.4      0.0     43.3     29.2     12.3 
     0.0     86.6     29.4     40.0  82204.9 113305.4 
    -13.7      43.7      -5.5      93.1 
    -10.5      30.2       0.5      38.4 
     -9.6      26.8       0.0       8.9 
    -11.1      32.2       0.1       4.8 
32058 -0.000000 -44.721550 -4.998291 
191123.0  11689.3      0.0     43.3     29.0     12.3 
     0.0     86.6     29.4     40.0  96078.4 120786.9 
    -12.8      42.6       1.7     108.5 
    -10.1      32.1       0.5      37.7 
    -10.0      29.9       0.1       9.1 
    -11.2      33.8       0.2       4.9 
32059 -0.000000 -44.737095 -4.857171 
196073.6  11526.4      0.0     43.3     29.4     12.3 
     0.0     86.6     29.5     39.8  96670.7 121531.4 
    -11.0      35.4       2.3     105.2 
    -10.2      29.0      -0.1      38.2 
    -10.3      27.4       0.2       9.7 
    -11.0      30.9       0.1       6.3 
32060 -0.000000 -44.751385 -4.723757 
202055.6  11505.7      0.0     43.3     29.5     12.2 
     0.0     86.6     29.6     39.8 109177.9 130252.2 
    -11.8      33.9      10.6     103.3 
     -9.8      30.8       0.4      39.7 
    -10.6      30.1       0.2      10.2 
    -11.3      36.2       0.2       6.2 
32061 40.647488 -0.000000 -19.307556 
 48450.3   8762.7      0.2     42.0      5.4    202.5 
     0.2     84.8     27.4     57.7  15075.2  19524.0 
     -2.0      85.4      18.5      49.0 
      0.7      34.5       7.3      22.6 
     -0.9      10.6       7.2      19.3 
      0.3       2.8       9.3      25.7 
32062 39.954453 -0.000000 -20.703671 
 45087.2   8999.9      0.1     42.1     65.0    190.6 
     0.1     84.9     27.4     57.7  14835.5  18481.1 
      2.0      87.6      15.9      48.5 
      0.7      29.8       7.1      22.8 
     -0.4       8.8       7.5      20.8 
     -0.2       4.7       9.3      24.6 
32063 39.094978 -0.000000 -22.284138 
 41978.2   9311.3      0.2     42.4     27.4     28.9 
     0.2     85.0     27.4     57.7  16217.2  20020.7 
     -0.4      80.3      15.9      47.7 
     -0.6      29.8       7.2      20.7 
      0.0       4.0       7.2      18.1 
      0.0       1.7       8.6      20.7 
32064 38.016857 -0.000000 -24.077343 
 38772.6   9667.8     -0.2     42.2     27.4     28.9 
    -0.1     85.1     27.4     57.7  16384.0  18083.4 
      0.3      81.2      14.6      50.1 
      0.6      30.5       6.5      21.5 
      0.6       6.6       7.1      19.2 
      0.0       0.9       8.4      21.4 
32065 36.648933 -0.000000 -26.112364 
 35899.3  10241.5     -0.0     42.1     27.4     28.9 
    -0.1     85.0     27.4     57.7  15893.9  16734.0 
     -1.2      78.6      18.0      52.1 
      0.2      29.5       7.0      20.0 
     -0.1       5.0       7.0      16.5 
      0.1       1.5       7.6      17.2 
32066 34.894611 -0.000000 -28.414185 
 33064.2  10971.4      0.4     42.1     27.4     28.9 
     0.4     85.1     35.4     12.6  13453.2  14551.0 
     -1.9      79.8      16.6      49.8 
      0.6      24.6       6.5      19.4 
     -1.2       7.8       6.9      16.9 
     -0.1       1.6       7.2      19.2 
32067 32.624973 -0.000000 -30.993725 
 30456.1  12211.0      0.4     42.1     27.4     28.9 
     0.4     85.1     31.0     11.2  12821.1  13589.8 
      0.8      77.0      15.7      48.9 
     -1.8      23.5       6.6      17.7 
      0.6       5.1       6.8      14.6 
      0.1       1.0       7.4      14.5 
32068 29.674702 -0.000000 -33.829159 
 28104.0  14068.9     -0.1     42.2     37.2     11.4 
    -0.1     85.2     30.8     20.0  11794.6  12623.7 
     -0.6      77.8      13.0      48.8 
      0.3      17.4       6.3      16.1 
      0.0       3.3       6.3      13.3 
      0.0       0.9       6.8      15.1 
32069 25.849159 -0.000000 -36.835049 
 26049.2  16970.8      0.1     42.3     32.5      8.1 
     0.1     85.2     30.6     30.6   9689.0  10351.8 
      1.1      75.5      11.1      46.4 
     -1.3      18.9       5.6      14.1 
     -0.2       3.8       5.4      11.3 
     -0.0       1.1       5.8      11.9 
32070 20.958590 -0.000000 -39.821320 
 24572.6  19875.6      0.1     42.2     31.0     13.7 
     0.1     85.2     30.4     40.8   9173.0   9804.0 
      0.3      73.7      13.4      50.1 
     -0.4      13.8       5.0      11.8 
     -0.1       6.9       4.5       8.5 
      0.0       1.1       4.6       7.4 
32071 14.898947 -0.000000 -42.462002 
 23432.3  19521.3     -0.0     42.3     30.0     22.5 
    -0.0     85.3     29.8     50.8   8757.4   9317.6 
      3.2      76.5      10.9      59.0 
     -0.8      16.2       2.6       7.0 
     -0.3       2.3       2.8       4.5 
      0.1       1.1       2.9       3.8 
32072 11.452198 -0.000000 -43.518353 
 23129.7  19078.2      0.2     42.0     29.3     26.7 
     0.2     85.1     29.3     55.3   8614.5   9304.3 
      2.3      75.8      13.7      64.8 
     -0.3      15.3       2.0       9.6 
      0.2       2.1       1.9       2.7 
     -0.1       0.9       2.0       2.2 
32073 7.775977 -0.000000 -44.323067 
 22627.9  18643.4      0.1     42.3     28.8     26.0 
     0.1     85.3     28.9     54.6   8525.2   9167.6 
     -1.4      74.7       7.9      63.6 
      0.5      11.1       1.7      10.3 
      0.1       1.8       1.1       2.6 
      0.0       0.8       0.9       2.2 
32074 3.932269 -0.000000 -44.827866 
 22134.8  18340.9      0.1     42.3     27.8     21.4 
     0.2     85.3     28.0     49.9   7991.0   8665.8 
      1.4      71.2       6.5      54.0 
      1.5      16.3      -0.4       7.6 
      0.1       1.2      -0.7       3.9 
     -0.1       0.8      -0.7       3.8 
32075 -0.000000 -0.000000 -45.000000 
 21846.3  18324.1      0.0     42.2     26.8     17.4 
     0.0     85.3     27.2     45.3   7705.8   8439.7 
      4.9      70.5       2.4      47.4 
      1.1      12.1      -1.6       8.0 
      0.1       1.4      -1.5       5.7 
     -0.2       2.0      -1.5       5.5 
32076 -3.932269 -0.000000 -44.827866 
 21707.2  17283.4      0.2     42.4     26.3     13.5 
     0.2     85.3     26.6     40.8   7351.6   8140.7 
     -3.7      73.9      -1.9      47.6 
     -0.3      12.0      -2.7      10.8 
      0.0       2.8      -2.5       7.9 
      0.0       0.8      -2.5       7.4 
32077 -7.775977 -0.000000 -44.323067 
 21556.2  15327.9     -0.1     42.4     25.5     10.7 
    -0.1     85.4     26.2     36.3   7262.5   7827.0 
      0.0      74.0      -2.7      41.3 
     -0.6       9.4      -3.3      13.1 
      0.3       3.8      -2.9      10.2 
      0.1       0.8      -3.3       9.6 
32078 -11.452198 -0.000000 -43.518353 
 21845.1  14132.4      0.2     42.4     24.2      9.4 
     0.2     85.4     26.0     31.5   7126.1   7676.3 
      2.4      75.5      -3.5      42.0 
      0.0      17.0      -3.4      15.4 
      0.4       3.3      -3.6      12.9 
      0.1       0.8      -4.2      13.5 
32079 -14.898947 -0.000000 -42.462002 
 22233.6  12418.0      0.4     42.5     21.1     11.9 
     0.4     85.5     26.1     26.7   6884.7   7767.0 
     -0.3      71.1      -5.6      42.8 
     -0.2      16.1      -3.9      16.6 
      0.3       2.1      -4.4      14.4 
      0.0       0.8      -4.9      17.2 
32080 -20.958590 -0.000000 -39.821320 
 23354.7  10656.4     -0.0     42.4     11.5     31.0 
    -0.1     85.4     26.0     18.1   8262.1   9472.1 
     -0.8      76.5      -6.6      43.9 
      1.0      17.3      -4.3      18.0 
      0.2       1.8      -4.7      14.7 
     -0.0       0.7      -5.3      17.8 
32081 -25.849159 -0.000000 -36.835049 
 25054.8   9521.3      0.5     42.3    -20.5     52.3 
     0.5     85.4     24.9     11.6   8745.0   9513.8 
      6.8      73.1      -7.7      46.3 
     -0.0      15.5      -4.3      20.4 
     -0.5       4.7      -4.5      18.1 
      0.0       1.0      -5.9      18.7 
32082 -29.674702 -0.000000 -33.829159 
 27279.2   8910.7      0.4     42.4    -29.2     85.5 
     0.4     85.4     20.8     13.4   7446.5   9250.9 
      2.5      76.4      -9.6      45.0 
     -1.3      18.4      -5.0      21.4 
     -0.2       3.3      -4.6      19.3 
      0.3       2.8      -6.0      23.2 
32083 -32.624973 -0.000000 -30.993725 
 29641.1   8345.5     -0.3     42.3    -32.9    107.3 
    -0.3     85.3     27.4     57.7   6893.7   8731.2 
     -1.0      78.2     -10.3      43.9 
      0.9      21.0      -4.7      22.3 
     -1.1      10.4      -4.8      20.0 
      0.1       1.3      -7.1      22.4 
32084 -34.894611 -0.000000 -28.414185 
 32447.2   7953.8     -0.0     42.3    -38.5    132.1 
    -0.0     85.3     27.4     57.7   6844.0   8740.5 
     -1.8      82.0     -11.5      45.8 
     -0.4      21.0      -5.3      24.6 
     -0.2       7.5      -5.0      21.9 
     -0.4       5.9      -7.2      28.1 
32085 -36.648933 -0.000000 -26.112364 
 35091.2   7756.5     -0.0     42.5    -16.5    160.2 
     0.0     85.3     27.4     57.7   6922.8   8874.5 
     -0.4      81.4     -11.3      44.0 
     -0.4      25.7      -5.6      23.7 
     -0.3       8.1      -5.8      21.0 
     -0.0       2.2      -8.2      29.8 
32086 -38.016857 -0.000000 -24.077343 
 38279.4   7686.2      0.0     42.3    -50.2    174.6 
     0.1     85.2     27.4     57.7   6660.8   8094.0 
      5.3      84.5      -9.7      46.5 
      1.1      26.6      -5.0      25.5 
      1.8       9.2      -5.6      23.8 
     -0.2       4.1      -9.5      36.7 
32087 -39.094978 -0.000000 -22.284138 
 41339.4   7435.7      0.1     42.4    -48.0    196.1 
     0.1     85.1     27.4     57.7   6912.4   8342.2 
      2.7      79.0     -11.8      47.3 
     -0.5      33.0      -5.0      25.5 
     -1.9      12.1      -5.6      22.7 
     -0.1       1.1     -10.6      41.0 
32088 -39.954453 -0.000000 -20.703671 
 44371.1   7382.1     -0.0     42.4    -10.3    232.3 
     0.0     85.1     27.4     57.7   7032.6   9131.4 
      0.8      86.8     -10.1      47.6 
      1.0      31.5      -5.6      27.5 
      0.8       8.9      -5.8      26.0 
     -0.5       5.0     -12.4      49.6 
32089 -40.647488 -0.000000 -19.307556 
 47614.1   7348.3      0.4     42.3    -42.3    245.7 
     0.4     85.0     27.4     57.7   7250.5   8466.9 
      1.9      81.3     -10.6      42.9 
     -3.7      34.4      -5.7      26.6 
     -0.8      20.0      -5.8      24.5 
     -0.1       6.7     -12.7      55.5 
32090 37.802700 -16.538681 -17.956282 
 50523.4   9499.5    -28.2     78.6    132.1    190.4 
    -1.5     25.0     27.4     57.7  12723.6  15913.2 
     -9.7      57.3      15.5      47.1 
     -5.0      22.1       6.8      23.1 
     -5.1      17.3       7.0      20.6 
     -5.5      18.1       8.5      31.6 
32091 36.787724 -17.557777 -19.062731 
 47606.0   9868.3    -20.2     82.3     83.0    186.7 
    -1.4     25.9     27.4     57.7  11902.3  16437.0 
    -11.1      58.2      18.0      52.8 
     -5.2      22.6       7.0      23.6 
     -5.1      17.6       6.6      21.4 
     -5.7      18.4       8.3      28.2 
32092 35.569786 -18.674139 -20.274778 
 44754.1  10311.0    -41.9     66.2    137.0    120.9 
    -1.5     26.9     27.4     57.7  15037.2  18994.1 
     -8.3      58.5      14.9      51.7 
     -5.2      22.4       6.6      21.6 
     -5.2      17.8       6.5      18.9 
     -5.6      17.9       7.4      22.5 
32093 34.100807 -19.892136 -21.597176 
 42106.1  10843.2     -8.6     68.5     59.6    138.5 
    -1.7     27.6     27.4     57.7  17017.1  19368.8 
     -9.3      56.2      15.5      52.2 
     -5.2      23.1       6.1      21.7 
     -5.5      18.0       6.3      19.2 
     -6.1      18.5       7.0      22.2 
32094 32.322113 -21.211386 -23.029505 
 39353.0  11665.1    -54.8     63.6     27.4     28.9 
    -2.0     28.7     27.4     57.7  17182.4  18409.8 
     -8.3      53.7      14.4      50.7 
     -5.8      23.3       6.1      20.0 
     -5.6      18.3       6.3      16.9 
     -5.8      19.8       6.6      18.1 
32095 30.164263 -22.623199 -24.562328 
 37120.5  12941.7    -14.8     27.9     27.4     28.9 
    -2.0     29.5     31.5     15.0  16125.0  16933.6 
    -11.1      52.8      14.5      50.6 
     -6.0      23.3       6.1      19.3 
     -5.6      18.4       6.0      16.2 
     -6.3      19.9       6.5      18.5 
32096 27.549229 -24.105576 -26.171766 
 35060.7  14187.1     -6.7     17.4     27.4     28.9 
    -2.4     30.5     30.2     12.1  14976.1  15891.1 
    -12.5      54.8      14.7      51.0 
     -6.2      23.5       5.9      17.6 
     -5.8      19.1       5.5      14.4 
     -6.8      20.4       6.2      14.7 
32097 24.397142 -25.617001 -27.812742 
 33128.8  16008.6    -11.8     21.0     27.4     28.9 
    -2.5     31.4     29.9     18.9  13701.7  14575.1 
    -11.4      53.3      12.6      49.9 
     -6.8      23.9       6.0      16.2 
     -6.5      19.8       5.6      13.0 
     -7.0      21.6       6.0      14.6 
32098 20.640287 -27.090378 -29.412409 
 31612.6  16666.2     -7.6     19.8     31.5      9.6 
    -2.8     32.0     29.8     28.9  12756.9  13526.6 
    -12.8      50.9      12.1      49.7 
     -6.9      23.7       4.8      14.0 
     -6.1      19.4       4.5      10.7 
     -7.3      21.5       5.0      11.6 
32099 16.245913 -28.430346 -30.867231 
 30449.6  16118.6    -12.3     22.4     30.3     12.6 
    -3.0     32.4     29.7     39.5  12084.9  13223.5 
    -11.3      53.4       9.9      50.9 
     -7.0      23.8       4.4      12.1 
     -6.7      19.7       4.0       8.5 
     -7.6      22.3       4.0       8.0 
32100 11.245388 -29.519146 -32.049355 
 29579.5  15508.9     -8.9     21.0     29.6     21.8 
    -2.5     32.3     29.4     50.0  12079.9  12933.3 
    -13.5      50.3      10.2      57.2 
     -7.4      23.6       2.4       9.6 
     -7.0      19.8       2.6       4.5 
     -7.5      22.1       2.6       4.3 
32101 8.551672 -29.930853 -32.496353 
 29279.4  15326.4    -14.4     18.7     29.2     26.4 
    -3.3     32.4     29.1     54.9  11890.1  12753.8 
    -13.5      53.0       6.2      68.0 
     -7.4      23.2       2.0      12.1 
     -7.2      19.4       1.9       3.7 
     -7.8      22.2       1.8       2.6 
32102 5.759181 -30.235706 -32.827335 
 28955.8  15227.2    -14.8     15.8     28.9     25.7 
    -3.1     32.7     28.9     54.3  11894.4  12684.6 
    -13.4      50.9       6.8      64.9 
     -7.3      23.9       0.7      12.3 
     -7.2      19.6       1.0       2.8 
     -7.7      22.4       0.9       2.2 
32103 2.897443 -30.423149 -33.030846 
 28662.3  15099.5     -9.0     22.8     28.0     21.0 
    -2.9     32.6     28.1     49.3  11625.0  12474.0 
    -15.1      50.7       1.6      58.5 
     -7.2      23.5      -0.2       7.7 
     -7.1      19.6      -0.4       4.2 
     -7.7      22.8      -0.3       3.7 
32104 -0.000000 -30.486408 -33.099529 
 28310.1  14964.3     -8.9     22.6     27.6     16.3 
    -3.1     33.3     28.0     44.3  10654.1  11724.2 
    -13.2      52.1       0.8      51.3 
     -7.4      23.6      -1.2       8.5 
     -7.1      20.2      -0.8       5.6 
     -7.4      23.1      -1.3       5.6 
32105 -2.897443 -30.423149 -33.030846 
 28361.3  14970.4    -10.2     25.4     27.1     12.2 
    -3.4     33.6     27.5     39.3  11032.2  11983.5 
    -13.6      54.1      -2.2      50.3 
     -7.1      24.4      -1.8      10.9 
     -6.7      20.4      -1.7       7.7 
     -7.4      23.6      -2.1       7.7 
32106 -5.759181 -30.235706 -32.827335 
 28089.5  15004.6     -9.3     22.7     26.5      9.4 
    -3.1     33.8     27.4     34.2  10767.6  11678.3 
    -14.1      52.6      -2.0      46.9 
     -7.5      24.1      -2.7      12.7 
     -7.0      20.2      -2.4       9.7 
     -7.1      23.4      -2.9       9.9 
32107 -8.551672 -29.930853 -32.496353 
 28332.9  14857.2     -9.2     21.2     24.6     10.4 
    -3.0     34.1     27.0     29.6  10313.6  11135.3 
    -12.7      52.1      -3.8      47.2 
     -6.7      24.6      -2.8      14.8 
     -6.4      20.4      -2.6      12.2 
     -7.1      23.0      -3.3      13.1 
32108 -11.245388 -29.519146 -32.049355 
 28530.6  14466.9     -8.4     22.6     19.0     13.0 
    -2.8     34.1     27.0     24.6  10583.3  11589.0 
    -12.5      51.9      -4.2      46.6 
     -6.3      24.2      -2.8      16.1 
     -6.7      20.5      -3.4      13.8 
     -7.1      24.1      -3.9      15.6 
32109 -16.245913 -28.430346 -30.867231 
 29267.9  13381.0     -9.9     22.3     -4.0     31.1 
    -2.7     34.0     26.9     16.3  11051.1  12034.8 
    -12.3      51.7      -4.8      45.6 
     -6.5      24.7      -4.0      17.4 
     -6.6      21.0      -4.2      14.4 
     -6.7      23.7      -4.4      16.3 
32110 -20.640287 -27.090378 -29.412409 
 30414.6  12009.7    -10.9     25.4    -32.5     68.7 
    -2.9     33.3     25.9     14.3  11190.3  11840.9 
    -11.3      52.6      -7.2      45.9 
     -6.2      24.6      -4.0      19.8 
     -6.4      20.0      -4.3      17.4 
     -6.7      22.2      -5.0      19.2 
32111 -24.397142 -25.617001 -27.812742 
 31911.4  10655.3    -19.5     52.1    -13.1     85.8 
    -2.2     32.6     26.3     22.1   9091.2  11146.8 
    -12.3      53.2      -6.7      45.9 
     -5.5      24.0      -3.8      20.5 
     -5.6      20.5      -4.2      18.6 
     -6.1      23.0      -5.0      21.9 
32112 -27.549229 -24.105576 -26.171766 
 33918.2   9862.0    -27.1     60.3    -38.7    105.0 
    -1.9     31.3     27.4     57.7   7698.9   9642.7 
    -10.9      55.5      -7.2      47.7 
     -5.7      23.7      -4.4      22.4 
     -5.4      19.6      -4.4      19.9 
     -6.0      21.3      -5.9      24.1 
32113 -30.164263 -22.623199 -24.562328 
 35951.1   9180.7    -27.9     71.1    -42.0    139.3 
    -2.1     30.5     27.4     57.7   7451.3   8827.8 
     -9.6      51.5      -8.1      46.3 
     -5.3      23.9      -4.1      23.7 
     -5.2      19.5      -4.4      21.7 
     -5.8      20.9      -6.7      31.5 
32114 -32.322113 -21.211386 -23.029505 
 38269.0   8742.1    -26.8     73.1    -51.9    152.8 
    -1.8     29.4     27.4     57.7   7793.1   9222.2 
     -8.7      52.8      -8.5      47.5 
     -5.1      23.0      -4.4      24.2 
     -4.6      18.4      -4.3      22.3 
     -5.4      21.8      -7.2      36.6 
32115 -34.100807 -19.892136 -21.597176 
 40795.5   8494.4    -22.1     78.6    -54.6    180.1 
    -1.8     28.3     27.4     57.7   7115.8   8071.9 
     -7.7      58.7      -9.6      48.1 
     -4.9      23.1      -4.8      26.4 
     -5.1      18.8      -5.2      25.4 
     -6.2      22.0      -8.6      45.0 
32116 -35.569786 -18.674139 -20.274778 
 43406.8   8305.7    -20.6     79.0    -49.5    205.9 
    -1.5     27.4     27.4     57.7   7386.1   8563.1 
    -10.1      55.4      -8.7      45.1 
     -4.6      22.9      -4.6      27.8 
     -4.4      17.9      -5.0      25.8 
     -5.7      21.1     -10.0      54.5 
32117 -36.787724 -17.557777 -19.062731 
 45949.0   8042.0    -23.7     80.6   -101.4    203.9 
    -1.4     26.3     27.4     57.7   7688.3   9113.3 
     -8.4      55.4     -10.2      49.1 
     -4.4      22.6      -5.4      29.9 
     -4.7      17.8      -5.4      28.8 
     -6.0      23.0     -12.0      66.9 
32118 -37.802700 -16.538681 -17.956282 
 49034.8   7945.6    -26.5     84.7    -91.3    242.3 
    -1.4     25.5     27.4     57.7   7395.7   8254.5 
     -7.8      59.5     -10.5      46.7 
     -4.8      22.5      -5.1      30.0 
     -4.7      17.9      -6.1      29.6 
     -5.5      24.1     -13.1      74.0 
32119 31.889639 -27.903433 -15.147578 
 59345.0  11350.8    -57.5    175.9    101.2    197.6 
     0.0     86.6     27.4     57.7  22902.8  28559.2 
    -13.1      52.7      13.4      48.5 
     -6.7      26.8       6.4      21.9 
     -6.0      22.4       6.0      18.0 
     -6.9      25.6       6.9      22.6 
32120 30.480156 -29.094694 -15.794263 
 57048.1  11897.6      0.0     43.3     27.4     28.9 
     0.0     86.6     27.4     57.7  27100.7  29004.9 
    -13.4      53.5      15.1      51.1 
     -6.2      27.1       5.9      21.6 
     -6.7      23.0       6.3      19.2 
     -7.1      24.3       6.9      21.4 
32121 28.882971 -30.327118 -16.463293 
 54890.6  12766.6      0.0     43.3     27.4     28.9 
     0.0     86.6     27.4     57.7  27066.4  28400.2 
    -13.9      56.5      13.3      53.4 
     -6.5      27.1       5.9      20.2 
     -6.2      22.9       5.7      17.0 
     -7.3      23.9       6.8      17.7 
32122 27.075920 -31.588573 -17.148083 
 52912.9  12872.9      0.0     43.3     27.4     28.9 
     0.0     86.6     27.4     57.7  25914.8  26965.3 
    -12.8      56.3      13.5      52.4 
     -6.5      27.5       6.0      19.5 
     -6.7      23.8       6.0      16.6 
     -7.4      24.7       6.0      18.3 
32123 25.037458 -32.861668 -17.839190 
 50981.1  13795.5      0.0     43.3     27.4     28.9 
     0.0     86.6     27.4     57.7  24288.9  25477.4 
    -14.9      56.4      13.2      54.0 
     -6.8      28.1       5.5      19.3 
     -6.8      23.7       5.6      15.0 
     -7.5      25.3       6.3      15.4 
32124 22.748573 -34.122864 -18.523840 
 49272.5  13516.2      0.0     43.3     27.4     28.9 
     0.0     86.6     28.1      7.1  23670.5  24718.1 
    -14.7      55.8      12.4      54.9 
     -7.4      27.7       5.9      17.7 
     -7.0      24.0       5.4      14.1 
     -7.6      24.6       5.8      14.5 
32125 20.195421 -35.341984 -19.185650 
 47773.9  13588.8      0.0     43.3     27.4     28.9 
     0.0     86.6     28.8      9.6  22522.2  23597.6 
    -14.0      53.3      12.3      57.6 
     -7.3      27.7       5.5      16.4 
     -7.1      23.9       5.1      12.5 
     -7.7      24.9       5.3      12.7 
32126 17.372576 -36.482407 -19.804735 
 46592.4  13286.4      0.0     43.3     27.4     28.9 
     0.0     86.6     29.3     14.9  22067.8  23261.6 
    -15.4      55.3      12.6      56.7 
     -7.0      28.0       5.0      15.6 
     -7.5      24.4       4.9      11.2 
     -8.3      25.6       4.9      11.4 
32127 14.286614 -37.502361 -20.358425 
 45546.9  13060.0      0.0     43.3     30.5      9.1 
     0.0     86.6     29.1     25.7  21551.6  22622.1 
    -16.8      55.1      10.7      57.6 
     -7.7      27.9       4.5      14.0 
     -7.7      23.9       4.1       9.8 
     -8.3      24.9       4.3       9.6 
32128 10.959324 -38.357632 -20.822714 
 44887.1  12706.6      0.0     43.3     29.7      9.9 
     0.0     86.6     29.2     37.3  21289.5  22476.8 
    -15.9      53.3      11.1      57.1 
     -8.4      28.0       4.0      12.6 
     -7.5      24.4       3.4       7.8 
     -9.1      24.6       3.4       7.4 
32129 7.429648 -39.005653 -21.174498 
 44583.7  12555.9      0.0     43.3     29.2     20.5 
     0.0     86.6     28.9     48.8  21738.2  22631.0 
    -16.5      55.6       7.1      72.8 
     -8.3      27.6       2.7      13.4 
     -8.3      24.1       2.4       4.6 
     -9.1      24.1       2.4       4.4 
32130 5.605763 -39.240341 -21.301901 
 44502.8  12485.0      0.0     43.3     29.4     25.9 
     0.0     86.6     29.3     54.3  21393.2  22453.6 
    -12.3      51.7       6.8      71.9 
     -8.3      27.5       1.2      21.0 
     -8.1      23.7       1.6       4.2 
     -9.7      24.4       1.6       3.2 
32131 3.753390 -39.410595 -21.394323 
 44337.2  12421.1      0.0     43.3     29.2     25.2 
     0.0     86.6     29.4     53.8  21275.5  22444.7 
    -17.2      55.2       6.8      72.7 
     -8.6      27.5       2.6      21.0 
     -8.2      23.4       1.5       6.0 
     -9.7      23.9       1.2       2.3 
32132 1.881610 -39.513817 -21.450357 
 43943.0  12277.7      0.0     43.3     28.7     20.1 
     0.0     86.6     28.9     48.5  20926.3  22264.4 
    -16.3      52.7       2.2      61.4 
     -8.7      27.2       0.5      13.5 
     -8.5      24.0       0.3       4.0 
     -9.1      24.4       0.2       3.2 
32133 -0.000000 -39.548401 -21.469133 
 43877.0  12302.4      0.0     43.3     28.4     14.6 
     0.0     86.6     28.6     42.7  21008.4  22026.9 
    -15.7      54.8       2.3      56.8 
     -8.0      28.3      -0.6      11.0 
     -8.1      23.8      -0.6       5.0 
     -9.0      24.5      -0.6       4.5 
32134 -1.881610 -39.513817 -21.450357 
 43647.2  12344.9      0.0     43.3     28.1      9.5 
     0.0     86.6     28.5     37.1  20757.2  21699.5 
    -16.1      52.8       0.0      57.2 
     -8.0      28.4      -1.2      11.1 
     -8.5      24.6      -1.2       6.5 
     -8.8      25.4      -1.4       6.0 
32135 -3.753390 -39.410595 -21.394323 
 43588.8  12289.5      0.0     43.3     27.5      6.1 
     0.0     86.6     28.4     31.4  20635.0  21491.7 
    -15.2      53.4      -1.2      52.6 
     -7.5      28.2      -1.5      12.4 
     -7.4      24.4      -1.7       8.5 
     -8.8      24.8      -1.8       7.6 
32136 -5.605763 -39.240341 -21.301901 
 43310.8  12417.2      0.0     43.3     24.4      8.8 
     0.0     86.6     28.3     25.7  20303.3  21152.4 
    -14.8      53.4      -2.2      52.2 
     -8.1      28.2      -2.1      14.4 
     -8.1      24.8      -2.0      10.8 
     -8.9      25.3      -2.4      10.5 
32137 -7.429648 -39.005653 -21.174498 
 43391.8  12434.3      0.0     43.3     21.0     41.7 
     0.0     86.6     28.1     20.4  19715.0  21074.5 
    -14.2      52.3      -3.3      54.8 
     -7.5      28.8      -2.6      15.5 
     -7.8      24.7      -2.6      12.0 
     -8.5      26.1      -3.0      12.1 
32138 -10.959324 -38.357632 -20.822714 
 43717.5  12745.8      0.0     43.3     27.4     28.9 
     0.0     86.6     28.0     11.0  20217.7  21218.1 
    -13.4      54.0      -4.9      49.5 
     -7.0      29.0      -2.7      15.5 
     -7.6      25.1      -3.0      11.4 
     -8.3      26.3      -3.2      11.5 
32139 -14.286614 -37.502361 -20.358425 
 44612.5  12770.2      0.0     43.3     27.4     28.9 
     0.0     86.6     26.7      9.3  20107.4  21191.8 
    -13.3      56.8      -4.9      52.7 
     -7.1      28.6      -3.1      17.7 
     -7.7      25.1      -3.2      14.6 
     -8.3      26.4      -3.7      15.5 
32140 -17.372576 -36.482407 -19.804735 
 45501.0  12310.7      0.0     43.3     27.4     28.9 
     0.0     86.6     27.4     57.7  21202.9  22194.5 
    -14.0      55.6      -4.8      50.0 
     -6.7      29.2      -3.0      18.0 
     -6.9      25.7      -3.1      14.8 
     -8.0      26.7      -4.0      15.8 
32141 -20.195421 -35.341984 -19.185650 
 46667.0  12505.5      0.0     43.3     27.4     28.9 
     0.0     86.6     27.4     57.7  20304.3  21709.3 
    -12.0      54.8      -6.7      47.7 
     -7.0      28.7      -3.3      20.2 
     -6.8      24.9      -3.5      17.3 
     -7.6      26.6      -4.1      19.2 
32142 -22.748573 -34.122864 -18.523840 
 48209.0  11820.1      0.0     43.3     27.4     28.9 
     0.0     86.6     27.4     57.7  20516.3  22451.5 
    -15.5      57.9      -8.8      48.0 
     -6.7      28.6      -3.4      20.2 
     -6.4      25.0      -3.7      17.4 
     -7.5      26.8      -4.3      19.7 
32143 -25.037458 -32.861668 -17.839190 
 49899.4  11154.3    -56.3    168.6    -49.5    172.3 
     0.0     86.6     27.4     57.7  18202.2  22215.6 
    -14.2      54.0      -8.9      48.3 
     -6.3      28.7      -3.4      22.0 
     -7.0      24.4      -3.7      19.5 
     -6.9      26.7      -4.5      22.2 
32144 -27.075920 -31.588573 -17.148083 
 51838.5  10676.1    -44.0    175.4    -35.1    189.0 
     0.0     86.6     27.4     57.7  12150.2  16254.1 
    -13.8      56.2      -8.8      47.7 
     -6.6      28.4      -3.6      22.4 
     -6.1      24.1      -4.0      19.9 
     -7.9      30.5      -5.4      27.9 
32145 -28.882971 -30.327118 -16.463293 
 53700.9  10120.3   -124.1    147.6   -120.6    171.6 
     0.0     86.6     27.4     57.7  11677.6  14079.4 
    -12.7      54.7      -8.1      45.5 
     -6.4      28.0      -4.2      23.5 
     -6.2      23.9      -4.2      21.8 
     -7.9      33.2      -6.0      33.5 
32146 -30.480156 -29.094694 -15.794263 
 55719.3   9784.9    -66.6    177.2    -63.9    219.2 
     0.0     86.6     27.4     57.7   9732.3  11173.6 
    -13.0      55.0      -9.3      45.8 
     -6.5      28.2      -4.5      25.7 
     -6.0      24.0      -4.2      23.1 
     -8.1      39.3      -6.8      44.8 
32147 -31.889639 -27.903433 -15.147578 
 58241.1   9419.8    -84.0    174.1    -94.4    225.7 
     0.0     86.6     27.4     57.7   9381.0  10792.7 
    -12.6      54.4      -9.0      42.7 
     -6.3      28.0      -4.4      26.2 
     -6.2      24.1      -4.6      23.9 
     -9.4      41.5      -9.5      51.0 
32148 21.730955 -38.029171 -10.322203 
 88238.7  12816.9      0.0     43.3     27.4     28.9 
     0.0     86.6     27.4     57.7  48035.3  51121.5 
    -15.4      52.0      12.8      53.4 
     -7.5      30.5       5.4      21.2 
     -7.7      26.6       5.4      15.4 
     -8.2      30.1       6.2      17.0 
32149 20.301725 -38.757835 -10.519984 
 86937.8  12906.1      0.0     43.3     27.4     28.9 
     0.0     86.6     27.4     57.7  47426.6  49582.6 
    -16.9      53.7      14.6      57.1 
     -8.5      31.7       6.5      21.0 
     -7.9      28.1       5.7      15.1 
     -8.4      31.3       5.8      17.0 
32150 18.790987 -39.461071 -10.710862 
 85647.7  12614.0      0.0     43.3     27.4     28.9 
     0.0     86.6     27.4     57.7  44772.1  48791.2 
    -15.0      54.1      14.1      57.2 
     -8.7      30.8       5.8      20.1 
     -8.0      27.8       5.5      14.2 
     -9.0      32.9       5.9      16.0 
32151 17.199198 -40.131458 -10.892824 
 84504.3  12285.8      0.0     43.3     27.4     28.9 
     0.0     86.6     27.4     57.7  43784.5  47737.4 
    -17.5      56.2      12.8      62.1 
     -8.2      31.1       5.9      19.9 
     -8.0      28.2       5.4      12.9 
     -8.5      32.4       5.6      14.9 
32152 15.528065 -40.761169 -11.063745 
 83358.4  12202.5      0.0     43.3     48.4    125.1 
     0.0     86.6     27.4     57.7  38784.1  46238.1 
    -15.7      54.7      12.2      64.9 
     -8.4      31.0       5.5      19.5 
     -8.1      27.9       5.0      12.7 
     -8.2      32.5       5.0      12.9 
32153 13.780708 -41.342125 -11.221435 
 82661.4  11991.7      0.0     43.3     27.4     28.9 
     0.0     86.6     27.4     57.7  41226.5  46177.8 
    -16.5      53.7      12.9      69.7 
     -8.3      31.9       5.5      18.6 
     -8.1      28.5       5.1      11.4 
     -8.4      33.9       4.9      12.3 
32154 11.961784 -41.866245 -11.363695 
 81822.7  11872.8      0.0     43.3     63.5     95.5 
     0.0     86.6     26.6      6.5  42448.7  45937.7 
    -18.0      55.3      11.5      71.1 
     -8.7      31.2       5.0      18.2 
     -8.1      28.0       4.7      10.6 
     -8.7      32.1       4.6      10.4 
32155 10.077535 -42.325645 -11.488389 
 81511.7  11893.3      0.0     43.3     48.8     60.5 
     0.0     86.6     29.2     10.1  44075.6  46962.0 
    -17.4      54.0      11.9      71.4 
     -9.2      31.1       4.9      17.4 
     -8.7      28.2       4.5       9.3 
     -9.1      32.4       4.4       9.1 
32156 8.135806 -42.712982 -11.593524 
 81118.3  11646.9      0.0     43.3     45.8     33.8 
     0.0     86.6     29.0     22.1  43252.3  46859.0 
    -16.3      57.3      11.7      71.0 
     -9.0      30.7       4.5      18.0 
     -8.8      27.7       4.1       9.9 
     -9.4      32.1       4.1       8.8 
32157 6.145958 -43.021706 -11.677320 
 80833.8  11650.1      0.0     43.3     29.6      7.7 
     0.0     86.6     29.1     34.7  44392.6  47037.3 
    -17.2      56.4       6.4      80.4 
     -9.4      31.3       3.5      18.1 
     -8.7      27.6       3.2       6.7 
     -9.4      32.2       3.1       6.1 
32158 4.118702 -43.246368 -11.738300 
 80651.4  11500.8      0.0     43.3     29.3     19.3 
     0.0     86.6     29.1     47.3  46105.9  47609.2 
    -17.0      55.9      10.5      83.4 
     -9.2      30.6       2.8      23.8 
     -9.3      26.9       2.0       5.4 
    -10.1      30.8       2.2       4.1 
32159 3.094703 -43.325836 -11.759871 
 81008.4  11475.2      0.0     43.3     29.0     25.2 
     0.0     86.6     28.8     53.4  45077.7  47024.4 
    -15.7      54.3       5.9      88.6 
    -10.0      30.8       3.4      32.3 
     -9.4      27.7       1.4       9.4 
    -10.4      30.4       1.6       3.7 
32160 2.065851 -43.382874 -11.775351 
 80665.7  11435.5      0.0     43.3     29.3     24.9 
     0.0     86.6     29.5     53.2  43836.5  47394.2 
    -19.6      56.0       3.5      89.0 
    -10.2      30.3       2.3      35.6 
     -9.2      27.4       2.2       9.5 
    -10.9      31.2       1.7       4.7 
32161 1.033743 -43.417198 -11.784668 
 80568.4  11480.8      0.0     43.3     29.3     19.2 
     0.0     86.6     29.4     47.7  43442.0  46733.1 
    -20.4      58.1       1.5      81.6 
     -9.7      30.6       0.3      27.0 
     -9.0      27.1       0.6       6.0 
    -10.0      31.2       0.5       3.3 
32162 -0.000000 -43.428661 -11.787779 
 80321.0  11458.0      0.0     43.3     29.1     13.2 
     0.0     86.6     29.2     41.3  42895.6  46079.5 
    -17.1      54.3      -1.0      75.6 
     -9.4      30.8      -0.7      19.9 
     -8.7      27.2      -0.1       4.7 
    -10.3      32.1      -0.2       3.7 
32163 -1.033743 -43.417198 -11.784668 
 80263.3  11410.8      0.0     43.3     28.7     10.8 
     0.0     86.6     28.9     35.0  43751.5  47479.8 
    -16.9      56.3       0.5      74.2 
     -9.7      30.8      -1.0      16.9 
     -8.9      27.4      -0.8       5.8 
     -9.2      30.8      -0.6       4.6 
32164 -2.065851 -43.382874 -11.775351 
 79910.5  11583.7      0.0     43.3     26.0     12.9 
     0.0     86.6     28.9     28.8  42838.2  46357.7 
    -19.8      54.4      -0.6      71.7 
     -9.9      30.5      -1.1      15.9 
     -9.4      27.5      -1.2       6.9 
     -9.1      31.7      -1.1       6.0 
32165 -3.094703 -43.325836 -11.759871 
 80071.5  11522.9      0.0     43.3     25.0     51.5 
     0.0     86.6     28.9     22.5  40728.7  45734.5 
    -17.9      55.1       0.1      75.3 
     -9.2      31.2      -2.0      18.4 
     -8.8      27.9      -1.8      10.7 
     -9.8      33.0      -2.0       9.7 
32166 -4.118702 -43.246368 -11.738300 
 79953.7  11509.7      0.0     43.3     13.1     59.7 
     0.0     86.6     28.5     16.2  35769.4  43892.5 
    -20.9      56.5      -0.6      72.1 
     -9.4      31.1      -2.4      18.2 
     -8.5      27.7      -2.2      10.9 
     -9.4      33.8      -2.5      10.5 
32167 -6.145958 -43.021706 -11.677320 
 79775.2  11561.8      0.0     43.3    -22.9     62.8 
     0.0     86.6     28.3      5.6  36897.4  44249.7 
    -17.6      57.3      -4.8      67.4 
     -9.0      31.7      -2.4      17.2 
     -8.7      28.2      -2.2       9.1 
     -9.5      32.5      -2.3       8.6 
32168 -8.135806 -42.712982 -11.593524 
 80020.9  11567.1      0.0     43.3     -3.6     90.3 
     0.0     86.6     27.4     57.7  38751.0  44789.6 
    -16.8      55.7      -5.0      64.0 
     -8.6      31.8      -2.9      18.5 
     -8.5      28.7      -2.4      12.1 
     -8.8      34.1      -2.6      12.1 
32169 -10.077535 -42.325645 -11.488389 
 80197.2  11683.4      0.0     43.3    -53.1     85.9 
     0.0     86.6     27.4     57.7  36671.1  44755.3 
    -16.7      54.1      -4.3      62.6 
     -9.1      32.0      -2.9      17.6 
     -7.4      28.8      -2.4      11.1 
     -9.1      35.2      -2.8      11.8 
32170 -11.961784 -41.866245 -11.363695 
 80798.9  11904.0      0.0     43.3     41.3    129.3 
     0.0     86.6     27.4     57.7  38958.1  44856.2 
    -16.6      54.7      -5.7      59.2 
     -8.4      32.2      -2.8      19.4 
     -8.0      28.4      -2.5      13.5 
     -8.4      33.8      -2.8      14.8 
32171 -13.780708 -41.342125 -11.221435 
 81436.5  11986.9    -93.1    428.4     25.0    164.6 
     0.0     86.6     27.4     57.7  31201.3  42946.5 
    -19.5      54.5      -7.9      57.1 
     -8.3      31.9      -2.8      18.0 
     -7.7      28.7      -2.7      12.8 
     -9.2      34.8      -3.7      15.6 
32172 -15.528065 -40.761169 -11.063745 
 82256.4  12241.3      0.0     43.3     27.4     28.9 
     0.0     86.6     27.4     57.7  38905.2  44723.3 
    -16.7      54.2      -6.3      50.4 
     -8.3      31.5      -3.1      19.7 
     -7.4      28.4      -2.6      15.2 
     -8.4      33.5      -3.3      17.5 
32173 -17.199198 -40.131458 -10.892824 
 83405.9  12341.0      0.0     43.3     27.4     28.9 
     0.0     86.6     27.4     57.7  38418.8  46778.3 
    -18.4      59.9      -6.5      52.8 
     -7.9      32.8      -3.1      19.9 
     -7.8      28.8      -3.1      14.9 
     -8.7      34.2      -3.6      18.2 
32174 -18.790987 -39.461071 -10.710862 
 84176.8  12352.7      0.0     43.3     27.4     28.9 
     0.0     86.6     27.4     57.7  43616.8  46436.9 
    -14.1      54.4      -5.9      50.2 
     -7.8      31.9      -3.1      20.4 
     -7.3      28.4      -2.8      16.9 
     -8.9      33.6      -3.6      20.0 
32175 -20.301725 -38.757835 -10.519984 
 85652.2  12480.2      0.0     43.3     27.4     28.9 
     0.0     86.6     27.4     57.7  45535.8  48770.3 
    -14.6      54.2      -7.5      48.4 
     -7.3      32.3      -3.2      20.5 
     -7.5      28.9      -3.3      16.6 
     -8.5      33.0      -3.4      19.9 
32176 -21.730955 -38.029171 -10.322203 
 87096.9  12109.7      0.0     43.3     27.4     28.9 
     0.0     86.6     27.4     57.7  36348.3  46354.9 
    -17.2      59.6      -6.3      48.7 
     -7.9      31.1      -3.2      22.0 
     -7.6      28.5      -3.2      18.8 
     -8.0      33.0      -4.1      23.7 
32177 15.179742 -41.744289 -7.210377 
128024.5  12096.7      0.0     43.3     27.4     28.9 
     0.0     86.6     27.4     57.7  43758.7  61798.5 
    -18.5      54.4      12.1      57.9 
     -9.1      32.4       6.0      22.7 
     -8.4      30.1       5.2      13.3 
     -9.4      37.8       6.4      22.3 
32178 14.042964 -42.128887 -7.276808 
127187.5  12010.0      0.0     43.3     27.4     28.9 
     0.0     86.6     27.4     57.7  55876.2  71479.9 
    -14.8      51.0      11.2      62.3 
     -9.1      33.9       6.2      22.8 
     -7.8      30.7       5.3      12.9 
     -9.0      37.9       5.6      18.1 
32179 12.875603 -42.489483 -7.339093 
126474.4  11861.3      0.0     43.3    189.1     97.8 
     0.0     86.6     27.4     57.7  50113.2  65707.7 
    -18.6      57.9      12.9      63.4 
     -9.0      32.8       6.1      22.6 
     -8.6      29.8       5.2      12.2 
     -9.8      38.6       5.6      17.6 
32180 11.679233 -42.823853 -7.396847 
125896.8  11786.5      0.0     43.3     77.2    253.5 
     0.0     86.6     27.4     57.7  56583.9  72941.4 
    -18.0      54.6      13.9      70.8 
     -9.4      33.0       6.2      22.3 
     -8.7      30.1       5.2      11.2 
     -9.9      38.7       5.8      14.3 
32181 10.455710 -43.129807 -7.449694 
125409.5  11670.7      0.0     43.3    111.2    114.9 
     0.0     86.6     27.4     57.7  55657.2  71117.3 
    -18.3      54.5      14.4      76.9 
     -9.2      33.3       5.6      23.1 
     -9.1      30.0       5.1      11.5 
     -9.2      38.6       4.9      13.3 
32182 9.207181 -43.405285 -7.497276 
125201.8  11574.7      0.0     43.3    127.2     68.1 
     0.0     86.6     27.4     57.7  50429.6  69573.3 
    -19.4      56.3      15.3      81.7 
    -10.3      33.4       5.5      22.7 
     -8.6      30.0       4.8       9.9 
     -9.3      36.2       5.0      11.3 
32183 7.936064 -43.648350 -7.539260 
124969.5  11575.6      0.0     43.3     68.4     88.4 
     0.0     86.6     27.4     57.7  57554.3  72172.7 
    -20.7      53.3       4.0      84.1 
     -9.5      33.0       5.1      24.0 
     -8.7      29.9       4.8      10.6 
     -9.4      35.0       4.8      10.9 
32184 6.645037 -43.857243 -7.575342 
124573.2  11545.6      0.0     43.3     69.5     64.9 
     0.0     86.6     29.1      7.6  62701.2  73757.0 
    -20.0      58.2       8.4      86.9 
     -9.4      32.1       4.9      24.2 
     -9.4      29.4       4.4       8.7 
     -9.9      36.2       4.2       8.4 
32185 5.337018 -44.030403 -7.605251 
124519.3  11459.7      0.0     43.3     36.5     47.6 
     0.0     86.6     29.1     20.5  64584.5  74847.8 
    -22.5      58.4      10.3      88.2 
     -9.5      32.3       4.4      25.3 
     -8.5      29.4       3.9      10.7 
    -10.1      36.0       3.9       9.9 
32186 4.015138 -44.166508 -7.628761 
124298.0  11534.0      0.0     43.3     29.4     11.1 
     0.0     86.6     29.3     33.7  69974.0  77139.1 
    -22.3      55.2       9.8      88.9 
    -10.4      32.0       3.7      24.1 
     -9.3      29.3       3.0       6.6 
     -9.4      32.8       3.0       5.7 
32187 2.682698 -44.264507 -7.645688 
124685.3  11413.5      0.0     43.3     29.4     18.4 
     0.0     86.6     28.9     46.5  66447.9  77299.3 
    -21.2      57.2       4.2      99.6 
    -10.5      32.5       2.7      36.5 
     -9.7      28.7       2.2       8.0 
    -10.8      31.8       2.2       4.4 
32188 2.013589 -44.298962 -7.651639 
124478.1  11410.5      0.0     43.3     28.8     24.6 
     0.0     86.6     28.7     52.7  70336.7  75584.4 
    -21.4      57.9       5.7      98.0 
     -9.7      32.2       1.7      44.6 
     -9.7      28.6       1.7      13.2 
    -11.4      33.1       1.7       6.2 
32189 1.343140 -44.323616 -7.655898 
124668.0  11443.9      0.0     43.3     29.5     24.6 
     0.0     86.6     29.5     52.7  72132.5  77624.4 
    -20.0      55.8      11.0      97.7 
     -9.9      32.1       1.6      45.8 
     -9.6      28.6       1.0      16.2 
    -10.7      32.6       1.4       6.3 
32190 0.671794 -44.338436 -7.658457 
124762.4  11444.7      0.0     43.3     29.5     18.8 
     0.0     86.6     29.5     46.9  71219.1  77565.6 
    -17.6      53.7       2.2      95.5 
    -10.9      32.5       1.5      38.0 
     -9.6      28.8       0.8       8.9 
    -10.2      32.2       0.6       4.2 
32191 -0.000000 -44.343372 -7.659310 
124069.3  11375.3      0.0     43.3     29.1     12.6 
     0.0     86.6     29.4     40.7  72167.8  78304.9 
    -18.3      54.2       4.0      90.3 
    -10.3      32.2       0.7      28.5 
     -9.4      28.8       0.1       6.0 
    -10.6      32.2       0.0       4.1 
32192 -0.671794 -44.338436 -7.658457 
124102.5  11568.0      0.0     43.3     29.0      7.6 
     0.0     86.6     29.3     34.2  56619.7  74827.4 
    -20.0      54.7      -2.6      93.2 
    -10.2      32.2      -0.8      23.8 
     -9.3      28.6      -0.3       5.5 
    -10.2      33.8      -0.6       4.2 
32193 -1.343140 -44.323616 -7.655898 
123935.1  11393.8      0.0     43.3     19.9     27.3 
     0.0     86.6     29.3     27.8  62188.3  76147.4 
    -18.1      52.9       3.0      90.3 
    -10.2      32.7      -1.3      23.3 
     -9.0      29.0      -1.1       7.3 
    -10.1      34.2      -1.1       5.7 
32194 -2.013589 -44.298962 -7.651639 
123901.5  11330.4      0.0     43.3     10.6     64.5 
     0.0     86.6     29.1     21.0  59737.7  74044.3 
    -20.9      58.0      -2.3      84.2 
    -10.1      32.7      -1.9      24.1 
     -8.9      29.0      -1.8      11.4 
    -10.4      35.9      -1.9      10.7 
32195 -2.682698 -44.264507 -7.645688 
123799.5  11495.9      0.0     43.3     29.4     56.5 
     0.0     86.6     28.9     14.4  58102.3  72827.9 
    -18.5      55.7      -1.6      83.2 
    -10.5      32.3      -2.0      24.3 
     -9.0      29.2      -2.1      10.7 
     -9.8      34.4      -2.3      10.6 
32196 -4.015138 -44.166508 -7.628761 
123713.5  11394.2      0.0     43.3     14.7     87.0 
     0.0     86.6     28.7      3.4  52052.6  70940.1 
    -18.9      54.3      -3.1      78.1 
     -9.6      31.9      -1.8      21.2 
     -8.8      29.8      -1.7       7.9 
     -9.3      36.5      -1.8       8.4 
32197 -5.337018 -44.030403 -7.605251 
123443.8  11476.4      0.0     43.3      7.0    105.5 
     0.0     86.6     27.4     57.7  46471.5  62233.1 
    -16.1      53.0      -2.0      77.4 
     -9.9      33.1      -2.4      23.3 
     -8.9      30.5      -2.4      11.4 
     -8.4      36.9      -2.5      12.5 
32198 -6.645037 -43.857243 -7.575342 
123648.4  11561.9      0.0     43.3    -35.8    116.4 
     0.0     86.6     27.4     57.7  44511.2  65165.3 
    -17.7      54.1      -7.5      72.2 
     -9.4      33.0      -2.1      21.5 
     -9.1      30.4      -2.2       9.2 
     -9.4      38.8      -2.3      12.1 
32199 -7.936064 -43.648350 -7.539260 
123652.2  11601.2      0.0     43.3    -66.9    114.4 
     0.0     86.6     27.4     57.7  45267.0  57899.9 
    -16.3      56.0      -7.2      68.3 
     -8.8      32.7      -2.8      21.7 
     -8.7      30.4      -2.5      12.0 
     -9.6      37.5      -3.2      16.0 
32200 -9.207181 -43.405285 -7.497276 
123948.4  11696.5      0.0     43.3    -63.9    149.9 
     0.0     86.6     27.4     57.7  41954.7  58164.6 
    -18.3      53.9      -5.1      64.5 
     -9.1      33.5      -2.7      20.5 
     -8.8      30.6      -2.3      10.8 
    -10.3      38.2      -3.1      16.9 
32201 -10.455710 -43.129807 -7.449694 
124087.7  11752.5      0.0     43.3    -69.7    171.2 
     0.0     86.6     27.4     57.7  45563.0  61587.8 
    -20.8      56.1      -3.9      63.7 
     -9.4      33.6      -3.2      21.1 
     -8.3      30.7      -2.4      13.0 
     -9.4      39.5      -3.2      19.8 
32202 -11.679233 -42.823853 -7.396847 
124749.7  11788.1      0.0     43.3    -76.7    303.4 
     0.0     86.6     27.4     57.7  43015.8  62173.9 
    -17.6      62.4      -3.9      58.8 
     -8.8      33.3      -2.8      20.4 
     -8.2      30.8      -2.5      12.0 
     -9.1      38.2      -2.8      19.7 
32203 -12.875603 -42.489483 -7.339093 
125238.9  12149.9      0.0     43.3    -93.2    254.6 
     0.0     86.6     27.4     57.7  41148.4  54246.9 
    -14.4      52.9      -3.3      57.2 
     -8.8      33.7      -2.8      20.7 
     -8.0      30.6      -2.7      14.3 
     -8.9      38.2      -3.7      23.5 
32204 -14.042964 -42.128887 -7.276808 
126228.5  11984.8      0.0     43.3     27.4     28.9 
     0.0     86.6     27.4     57.7  50056.4  64194.8 
    -17.5      62.4      -3.6      55.3 
     -8.8      34.0      -3.0      20.3 
     -7.8      30.8      -2.5      13.7 
     -8.3      40.8      -3.0      23.5 
32205 -15.179742 -41.744289 -7.210377 
126793.4  12099.7      0.0     43.3     27.4     28.9 
     0.0     86.6     27.4     57.7  43569.2  65959.5 
    -16.4      53.6      -4.4      50.3 
     -8.7      33.1      -2.7      21.3 
     -8.2      30.9      -2.7      15.3 
     -9.0      39.9      -4.1      27.3 
