OCR_prd2017clk:dj0091a,R21@-300V,3.8T@20d,263K,rhe=1.10,rhh=0.7,0.7/0.7 
1084 1 3.80 28 3 29 2 300.0000 263.0000 0.7000 1.1520 900.0000 22.3600 -14.4200 150.0000 100.0000 290.0000 650.0000 11.1800 -7.210000 1.5000 1.0000 0.8500 
82321 -0.105170 0.946530 -0.304993 
 81713.0  12900.7     11.2     43.3     -6.6      6.2 
    11.2     86.6     -6.6     34.4  48015.4  49628.4 
     14.9      54.0      -8.9      69.5 
      6.1      23.4      -0.2      14.1 
      5.6      18.6       0.2       4.9 
      5.6      17.6       0.2       3.9 
82322 -0.113613 0.937303 -0.329476 
 75817.1  12990.5     11.2     43.3     -6.5      6.4 
    11.2     86.6     -6.6     34.7  44117.1  45788.7 
     15.8      53.4     -13.0      68.6 
      5.6      23.3      -0.3      12.7 
      5.4      18.9       0.2       5.0 
      5.6      17.3       0.2       4.0 
82323 -0.123410 0.925573 -0.357888 
 69936.9  13255.3     11.2     43.3     -6.8      6.6 
    11.2     86.6     -6.6     35.0  40262.4  41206.7 
     16.2      54.5     -11.3      69.5 
      5.8      23.6      -0.2      12.3 
      5.4      18.5       0.2       5.1 
      5.6      17.1       0.2       4.1 
82324 -0.134874 0.910397 -0.391134 
 63488.5  13387.3     11.2     43.3     -6.7      6.8 
    11.2     86.6     -6.7     35.2  36063.1  37166.8 
     10.9      51.1      -8.0      62.8 
      5.3      22.8      -0.1      11.5 
      5.2      17.9       0.3       5.1 
      5.2      16.8       0.1       4.3 
82325 -0.148397 0.890380 -0.430350 
 58020.2  13807.9     11.2     43.3     -7.0      7.2 
    11.2     86.6     -6.8     35.3  31779.3  33235.9 
     13.6      54.9      -8.6      60.2 
      5.8      23.1       0.2      10.9 
      5.5      18.0       0.1       5.5 
      5.4      16.4       0.1       4.5 
82326 -0.164460 0.863416 -0.476934 
 52465.0  14152.4     11.2     43.3     -7.0     10.7 
    11.2     86.6     -7.1     35.7  28651.7  29527.5 
     15.7      53.5     -10.5      62.1 
      5.4      22.6      -0.2      10.9 
      4.9      17.6       0.1       5.5 
      5.2      16.3       0.2       4.7 
82327 -0.183618 0.826279 -0.532491 
 47153.5  14766.8     11.2     43.3     -7.1      7.8 
    11.2     86.6     -6.8     36.0  25139.2  26152.3 
     12.3      53.5      -7.5      55.0 
      5.6      22.6      -0.1      10.2 
      5.0      16.7       0.1       5.8 
      5.0      15.5       0.2       4.9 
82328 -0.206405 0.774019 -0.598575 
 42088.1  15848.6     11.2     43.3     -7.2      8.2 
    14.7      8.0     -7.0     36.6  22046.6  22978.2 
     11.6      54.5      -7.2      55.6 
      4.8      21.5       0.1       9.9 
      4.6      16.3       0.1       6.1 
      4.9      14.8       0.1       5.0 
82329 -0.233063 0.699189 -0.675882 
 37131.6  17771.2     11.2     43.3     -7.3      8.8 
    14.7     21.1     -7.3     37.0  19095.0  19881.4 
     11.5      50.5      -5.4      50.1 
      5.1      21.2      -0.3       9.8 
      4.5      14.9       0.1       6.3 
      4.4      13.4       0.0       5.3 
82330 -0.262862 0.591440 -0.762300 
 33108.6  21453.9     16.9      9.5     -7.5      9.2 
    14.8     39.8     -7.4     37.2  16715.8  17334.0 
     10.0      51.7      -3.8      47.8 
      4.3      18.7      -0.1       9.6 
      4.0      13.7      -0.1       6.6 
      3.9      12.7       0.0       5.5 
82331 -0.292854 0.439281 -0.849276 
 29701.2  24481.2     14.6     15.7     -7.4      9.6 
    14.5     58.3     -7.4     37.8  14763.2  15431.9 
      9.9      50.4      -3.7      46.3 
      3.4      14.5      -0.1       9.7 
      3.3       9.6      -0.1       6.7 
      3.3       7.9      -0.1       5.7 
82332 -0.316664 0.237498 -0.918324 
 27736.3  22670.4     14.6     33.2     -7.7      9.8 
    14.5     76.2     -7.5     38.1  13456.2  14014.2 
      4.3      59.7      -5.8      44.5 
      2.8       7.6      -0.5       9.7 
      2.3       4.8      -0.2       6.6 
      2.3       4.1      -0.2       5.7 
82333 -0.325991 -0.000000 -0.945373 
 26927.9  21936.7     14.3     35.7     -7.5      9.8 
    14.3     78.7     -7.5     38.1  12909.1  13465.7 
      1.4      63.3      -4.9      46.5 
      1.9       7.2      -0.2       9.7 
      2.1       3.7      -0.2       6.6 
      1.6       3.5      -0.1       5.5 
82334 -0.323582 -0.121343 -0.938387 
 27042.0  21732.9     14.4     27.0     -7.5      9.9 
    14.4     69.9     -7.5     38.1  12966.4  13663.6 
     -2.3      52.2      -3.6      44.2 
      0.9       8.3      -0.7      10.0 
      1.2       5.7      -0.0       6.6 
      0.8       5.1      -0.1       5.5 
82335 -0.316664 -0.237498 -0.918324 
 27381.9  22041.3     14.2     18.5     -7.5      9.7 
    14.3     61.4     -7.4     38.0  13346.5  13862.6 
     -2.2      49.5      -1.4      44.8 
      0.4      11.6      -0.2       9.7 
      0.8       8.0       0.0       6.5 
      0.5       7.0      -0.1       5.5 
82336 -0.306058 -0.344315 -0.887567 
 28323.3  22075.4     13.9     10.3     -7.4      9.6 
    14.2     52.4     -7.2     37.8  13515.7  14225.9 
     -2.8      45.9      -1.9      45.5 
      0.5      15.7      -0.1       9.9 
      0.1      10.5      -0.2       6.5 
      0.1       9.2       0.0       5.3 
82337 -0.292854 -0.439281 -0.849276 
 29544.4  20173.1     13.5      7.0     -7.5      9.5 
    14.3     43.3     -7.3     37.9  14213.9  14806.3 
     -4.5      49.3      -2.1      47.1 
      0.0      18.3      -0.2       9.6 
      0.4      13.5       0.0       6.4 
     -0.1      12.4       0.0       5.4 
82338 -0.278147 -0.521525 -0.806626 
 31005.4  18363.2     11.2     43.3     -7.4      9.2 
    14.0     34.0     -7.4     37.5  15431.7  16142.8 
     -5.7      49.8      -2.6      48.1 
     -0.6      21.1      -0.2       9.7 
     -0.7      15.9      -0.1       6.2 
     -0.4      15.3       0.2       5.3 
82339 -0.262862 -0.591440 -0.762300 
 32742.1  17184.9     11.2     43.3     -7.3      9.0 
    14.1     25.0     -7.0     37.4  16285.7  16910.8 
     -5.5      50.6      -1.5      48.3 
     -0.6      21.8      -0.3       9.5 
     -0.3      15.7       0.0       6.2 
     -0.5      14.9       0.1       5.3 
82340 -0.233063 -0.699189 -0.675882 
 36927.5  15244.1     11.2     43.3     -7.2      8.5 
    14.5     10.0     -7.1     36.9  18735.4  19476.1 
     -6.7      49.1      -1.1      51.0 
     -0.0      21.7      -0.0       9.8 
     -0.1      16.1       0.1       6.0 
     -0.0      14.8       0.1       4.9 
82341 -0.206405 -0.774019 -0.598575 
 41622.9  14178.1     11.2     43.3     -7.0      8.1 
    11.2     86.6     -6.9     36.5  21786.7  22632.0 
     -6.4      51.7       0.2      54.7 
     -0.1      23.5       0.0       9.8 
      0.0      17.7       0.0       5.7 
      0.1      17.0       0.2       4.8 
82342 -0.183618 -0.826279 -0.532491 
 46823.9  13545.3     11.2     43.3     -6.9      7.7 
    11.2     86.6     -6.8     36.1  25068.4  25808.6 
     -8.3      51.4       2.3      53.9 
      0.4      22.8       0.1      10.2 
      0.5      17.6       0.1       5.6 
      0.5      15.8       0.2       4.4 
82343 -0.164460 -0.863416 -0.476934 
 52064.8  13138.5     11.2     43.3     -6.9      7.3 
    11.2     86.6     -6.8     35.8  28335.1  29561.9 
     -5.9      51.6       2.9      60.3 
      0.5      24.0       0.1      10.3 
      0.7      18.6       0.2       5.3 
      0.5      18.2       0.3       4.3 
82344 -0.148397 -0.890380 -0.430350 
 57715.2  12851.0     11.2     43.3     -6.9      7.0 
    11.2     86.6     -6.7     35.7  32139.9  32961.6 
     -5.3      49.1       5.4      65.0 
      0.1      22.7       0.1      10.9 
      0.6      18.2       0.3       5.1 
      0.9      16.6       0.3       4.1 
82345 -0.134874 -0.910397 -0.391134 
 63414.0  12578.1     11.2     43.3     -6.9      6.8 
    11.2     86.6     -6.6     35.1  35857.6  37208.8 
    -10.4      53.6       3.6      68.6 
      0.6      24.1       0.4      11.5 
      1.0      19.3       0.2       4.9 
      0.4      18.8       0.3       4.0 
82346 -0.123410 -0.925573 -0.357888 
 69411.5  12600.2     11.2     43.3     -6.9      6.5 
    11.2     86.6     -6.7     35.0  39179.9  40793.6 
     -7.2      49.4       9.7      69.8 
      0.6      23.0       0.4      12.3 
      0.9      18.3       0.3       4.8 
      1.0      16.9       0.3       3.8 
82347 -0.113613 -0.937303 -0.329476 
 75560.1  12450.0     11.2     43.3     -6.7      6.4 
    11.2     86.6     -6.6     34.7  43606.9  44963.0 
     -8.9      52.5       5.9      70.7 
      0.4      24.2       0.2      14.0 
      0.5      19.9       0.1       4.8 
      1.2      19.2       0.4       3.7 
82348 -0.105170 -0.946530 -0.304993 
 81667.4  12419.5     11.2     43.3     -6.7      6.2 
    11.2     86.6     -6.6     34.7  47206.1  48875.0 
     -8.2      50.7       4.8      72.4 
      1.4      22.7       0.4      15.2 
      1.3      18.7       0.3       4.8 
      1.3      17.1       0.4       3.7 
82349 0.863216 -0.064741 -0.500666 
 49095.8   8869.0     15.3     25.5     -7.2     28.9 
    15.2     68.5     -7.2     57.7  27048.8  27995.3 
      7.1      63.7       7.9      42.7 
      2.0      11.2       1.2      17.6 
      1.6       4.9       1.2      14.1 
      1.5       4.0       1.6      13.7 
82350 0.838516 -0.069876 -0.540377 
 45527.0   9056.4     15.1     25.5     -7.2     28.9 
    15.2     68.5     -7.2     57.7  24830.7  25575.7 
      6.0      64.6       9.5      45.1 
      1.8      10.6       1.4      18.4 
      1.6       5.0       1.4      15.7 
      1.5       4.1       1.4      16.1 
82351 0.807288 -0.075683 -0.585284 
 42155.1   9488.8     14.8     25.8     -7.2     28.9 
    14.8     69.0     -7.2     57.7  22309.5  23139.1 
      6.7      60.9      10.4      47.0 
      1.4       9.2       1.9      17.2 
      1.4       5.1       1.6      13.4 
      1.4       4.3       1.6      13.0 
82352 0.767414 -0.082223 -0.635858 
 38503.9   9815.0     14.4     26.0     -7.2     28.9 
    14.5     68.9     -7.2     57.7  20229.9  20932.4 
      3.3      54.8       7.3      43.5 
      1.4       9.9       1.4      17.6 
      1.5       5.0       1.4      14.6 
      1.4       4.3       1.7      15.0 
82353 0.716102 -0.089513 -0.692232 
 35670.4  10444.3     14.5     26.2     -7.2     28.9 
    14.6     69.2     -7.2     57.7  18229.3  18706.8 
      4.5      55.5       9.8      46.9 
      1.3       8.7       1.9      16.6 
      1.3       5.3       1.9      12.6 
      1.3       4.5       2.0      12.0 
82354 0.649830 -0.097475 -0.753803 
 32785.9  11458.6     14.4     26.4     -7.2     28.9 
    14.6     69.6     -3.4     15.2  16338.7  17028.0 
      4.3      54.6       8.0      45.9 
      1.3       8.6       2.2      16.5 
      1.3       5.3       1.8      13.0 
      1.3       4.5       2.3      13.4 
82355 0.564543 -0.105852 -0.818588 
 30331.6  12836.8     14.4     26.7     -7.2     28.9 
    14.5     69.7     -7.1      9.1  15081.4  15622.3 
      2.7      52.8       7.0      41.6 
      1.3       8.9       2.4      15.0 
      1.2       5.5       2.4      11.5 
      1.2       4.7       2.3      10.5 
82356 0.456422 -0.114106 -0.882416 
 28237.2  15229.3     14.2     26.9     -7.2     28.9 
    14.3     69.9     -6.9     19.0  13909.6  14525.9 
      1.8      51.8       6.6      42.2 
      1.3       8.2       2.9      14.6 
      1.1       5.3       2.7      11.0 
      1.0       4.8       2.7      10.8 
82357 0.323582 -0.121343 -0.938387 
 26814.8  19209.0     14.3     27.1     -6.3      5.2 
    14.3     70.0     -7.2     30.5  13004.5  13401.9 
      2.5      52.5       6.0      43.2 
      0.8       8.3       2.3      12.1 
      1.2       5.7       2.2       8.8 
      0.9       4.9       2.4       8.1 
82358 0.168544 -0.126408 -0.977555 
 25877.9  21592.0     14.1     27.2     -7.2     13.8 
    14.0     70.3     -7.2     42.4  12503.0  13023.8 
     -0.0      50.6       2.3      41.7 
      0.9       8.5       1.9       8.0 
      1.1       5.7       1.9       5.5 
      0.9       5.0       1.9       4.9 
82359 -0.000000 -0.128243 -0.991743 
 25800.7  21263.8     14.2     27.2     -7.6     24.6 
    14.2     70.2     -7.5     53.3  11949.6  12570.7 
     -2.0      50.1       0.6      62.8 
      0.8       7.9       1.1       7.5 
      0.9       5.6       1.1       3.1 
      0.8       4.8       1.1       2.7 
82360 -0.085184 -0.127776 -0.988138 
 25842.6  21362.8     14.1     27.0     -6.0     25.5 
    14.1     70.1     -6.0     54.2  12179.7  12720.8 
     -1.7      52.0       2.7      58.0 
      0.9       8.0       0.6       7.7 
      1.1       5.5       0.6       3.0 
      0.9       5.1       0.6       1.5 
82361 -0.168544 -0.126408 -0.977555 
 26193.7  21756.9     14.2     27.2     -7.0     20.8 
    14.1     70.5     -7.1     49.5  12470.6  12963.6 
     -3.6      54.4      -5.6      53.8 
      1.1       8.5       0.1       6.0 
      1.1       5.5       0.3       3.1 
      0.8       4.9       0.4       2.8 
82362 -0.248443 -0.124222 -0.960648 
 26451.5  21889.8     14.1     27.2     -7.6     16.1 
    14.2     70.2     -7.5     43.9  12596.1  13268.0 
     -2.1      52.1      -2.7      48.4 
      0.8       8.3      -0.1       7.1 
      0.9       5.7       0.0       4.9 
      0.9       5.1       0.1       4.1 
82363 -0.323582 -0.121343 -0.938387 
 27080.0  21886.7     14.0     27.1     -7.5      9.9 
    14.0     70.0     -7.4     37.9  12952.3  13512.4 
     -0.9      51.9      -3.8      45.1 
      0.8       8.5      -0.4       9.7 
      1.0       5.5      -0.0       6.6 
      1.0       5.1      -0.1       5.5 
82364 -0.393068 -0.117920 -0.911917 
 27712.9  20221.7     14.0     27.0     -7.8      5.3 
    14.1     70.0     -7.4     32.3  13182.6  13781.9 
     -0.4      56.5      -3.3      41.7 
      1.2       8.8      -0.6      11.5 
      1.1       5.6      -0.5       7.9 
      0.9       5.0      -0.4       6.7 
82365 -0.456422 -0.114106 -0.882416 
 28608.8  17657.7     14.0     26.9     -8.3      4.7 
    14.1     69.9     -7.0     26.2  14095.9  14704.0 
     -3.0      52.7      -2.7      46.5 
      1.0       8.2      -0.8      13.5 
      1.2       5.6      -0.4       9.8 
      1.0       5.0      -0.7       9.4 
82366 -0.513527 -0.110042 -0.850988 
 29344.7  15462.8     14.5     26.7     -7.2     28.9 
    14.4     69.8     -7.6     20.3  14146.5  14818.4 
     -4.6      53.4      -5.9      47.5 
      1.0       8.8      -1.1      14.6 
      1.2       5.6      -0.8      10.9 
      0.9       5.0      -1.0      10.4 
82367 -0.564543 -0.105852 -0.818588 
 30376.7  14011.3     14.2     26.5     -7.2     28.9 
    14.1     69.7     -7.3     14.6  15182.3  15687.2 
     -2.4      56.8      -5.6      45.7 
      0.9       8.7      -1.4      14.4 
      1.1       5.5      -0.9      10.4 
      0.9       5.0      -1.0       9.6 
82368 -0.649830 -0.097475 -0.753803 
 32962.4  12131.3     14.9     26.3     -7.2     28.9 
    14.7     69.5     -7.6      6.6  16536.3  17248.1 
     -3.8      57.7      -7.5      46.9 
      1.2       8.8      -1.2      15.9 
      1.4       5.3      -0.9      12.0 
      1.0       4.8      -1.1      11.6 
82369 -0.716102 -0.089513 -0.692232 
 35749.7  11039.1     14.2     26.1     -7.2     28.9 
    14.4     69.2     -7.2     57.7  18504.0  19038.8 
     -4.6      60.0      -6.7      43.5 
      1.1       8.9      -1.2      15.8 
      1.2       5.4      -1.2      12.2 
      1.2       4.7      -1.4      11.9 
82370 -0.767414 -0.082223 -0.635858 
 38745.2  10277.3     14.8     25.9     -7.2     28.9 
    14.8     68.7     -7.2     57.7  19967.8  20868.9 
     -4.7      56.1      -6.6      44.3 
      1.1       9.9      -1.3      17.0 
      1.4       5.3      -1.0      13.5 
      1.2       4.6      -1.4      12.8 
82371 -0.807288 -0.075683 -0.585284 
 42015.1   9734.0     14.6     25.5     -7.2     28.9 
    14.6     68.6     -7.2     57.7  22490.2  23246.2 
     -4.5      60.3      -6.5      44.7 
      1.3       9.9      -1.4      17.2 
      1.5       5.0      -1.3      13.6 
      1.4       4.5      -1.2      13.3 
82372 -0.838516 -0.069876 -0.540377 
 45703.1   9449.2     14.8     25.6     -7.2     28.9 
    14.9     68.5     -7.2     57.7  24518.3  25410.3 
     -5.1      61.4      -8.4      42.6 
      1.7      10.9      -1.4      17.5 
      1.5       5.1      -1.1      14.3 
      1.5       4.4      -1.4      13.2 
82373 -0.863216 -0.064741 -0.500666 
 49105.5   9169.0     15.1     25.3     -7.2     28.9 
    15.1     68.4     -7.2     57.7  26911.6  28039.7 
     -4.6      64.5      -8.2      42.5 
      1.4      11.4      -1.4      17.7 
      1.5       5.0      -1.5      14.2 
      1.5       4.5      -1.6      14.4 
82374 -0.882965 -0.060202 -0.465563 
 52946.9   8977.8     14.9     25.5     -7.2     28.9 
    14.8     67.9     -7.2     57.7  29066.5  30542.4 
     -3.3      64.7      -6.5      40.5 
      1.1      12.2      -1.7      18.2 
      1.7       5.2      -1.1      14.6 
      1.5       4.2      -1.2      13.7 
82375 -0.898927 -0.056183 -0.434481 
 56700.0   8830.5     15.1     25.1     -7.2     28.9 
    15.1     67.9     -7.2     57.7  31872.4  32996.9 
     -2.9      65.7      -9.3      39.9 
      1.3      12.6      -1.5      18.2 
      1.8       5.1      -1.4      15.2 
      1.6       4.2      -1.9      15.1 
82376 -0.911966 -0.052613 -0.406877 
 60494.4   8695.6     15.3     24.8     -7.2     28.9 
    15.2     67.5     -7.2     57.7  34225.3  35136.5 
     -5.0      67.7      -8.3      38.5 
      1.7      13.1      -1.8      17.9 
      1.7       5.2      -1.4      14.9 
      1.6       4.0      -1.3      14.0 
82377 -0.922727 -0.049432 -0.382272 
 64349.6   8616.5     15.0     24.5     -7.2     28.9 
    14.9     67.5     -7.2     57.7  37147.6  38118.1 
     -7.3      70.9      -8.4      37.9 
      1.1      15.3      -1.6      18.5 
      1.8       4.8      -1.3      15.5 
      1.7       4.2      -1.5      15.5 
82378 0.806111 -0.362750 -0.467544 
 52445.4   9675.5     11.2     43.3     -7.2     28.9 
    15.1     20.5     -7.2     57.7  28597.1  29708.6 
     -0.1      57.8      10.6      46.6 
      0.6      21.0       1.5      17.6 
      0.6      15.0       1.2      14.1 
      0.8      13.7       1.0      13.4 
82379 0.774912 -0.387456 -0.499388 
 49035.4  10072.7     11.2     43.3     -7.2     28.9 
    14.9     21.2     -7.2     57.7  26467.6  27595.4 
     -0.9      53.6       9.7      45.2 
      0.7      21.1       1.2      17.8 
      0.5      15.1       1.3      15.2 
      0.4      13.9       1.4      15.5 
82380 0.736803 -0.414452 -0.534182 
 45832.7  10536.2     11.2     43.3     -7.2     28.9 
    14.7     21.7     -7.2     57.7  24146.3  25259.1 
     -1.5      54.9      10.3      44.8 
      0.3      21.1       1.4      17.0 
      0.6      15.4       1.3      13.4 
      0.2      14.1       1.8      12.7 
82381 0.690099 -0.443635 -0.571796 
 42971.2  11237.7     11.2     43.3     -7.2     28.9 
    15.0     22.5     -7.2     57.7  22825.5  23541.0 
     -2.7      51.3       9.3      43.9 
     -0.2      21.3       1.7      16.9 
      0.3      15.5       1.5      13.9 
      0.8      14.2       1.2      14.2 
82382 0.632842 -0.474632 -0.611748 
 40279.5  12196.4     11.2     43.3     -7.2     28.9 
    14.8     23.1     -7.2     57.7  20703.7  21555.2 
     -3.5      53.8      11.2      50.2 
     -0.3      21.8       1.9      15.9 
      0.4      15.6       1.6      12.4 
      0.3      14.5       1.8      11.6 
82383 0.562936 -0.506642 -0.653006 
 37768.7  13532.9     11.2     43.3     -7.2     28.9 
    14.7     23.5     -7.2     57.7  19296.7  20211.3 
     -2.4      52.6       9.4      46.9 
      0.2      21.8       1.9      16.0 
      0.1      15.7       1.9      12.3 
      0.1      14.5       2.1      12.3 
82384 0.478468 -0.538276 -0.693778 
 35575.3  14663.5     11.2     43.3     -7.2     28.9 
    14.2     24.2     -7.5      8.7  18117.4  18975.4 
     -2.2      52.4       9.2      49.3 
     -0.7      21.5       2.3      14.2 
     -0.3      15.7       2.1      10.7 
     -0.2      14.8       2.2       9.6 
82385 0.378295 -0.567442 -0.731370 
 34040.3  16412.7     11.2     43.3     -7.2     28.9 
    14.4     24.7     -7.4     17.8  16984.4  17898.9 
     -3.7      50.8       8.9      49.1 
     -0.3      21.9       2.5      14.8 
     -0.3      16.2       2.4      11.2 
     -0.2      14.9       2.6      10.6 
82386 0.262862 -0.591440 -0.762300 
 32549.5  16408.8     11.2     43.3     -7.0      5.0 
    14.3     24.8     -7.3     29.7  16149.1  16834.6 
     -5.2      48.8       6.2      44.0 
     -0.8      21.5       2.3      12.0 
     -0.0      15.7       2.1       8.5 
     -0.3      14.8       2.1       7.6 
82387 0.134975 -0.607388 -0.782855 
 32072.1  16220.3     11.2     43.3     -7.5     13.1 
    14.2     25.2     -7.5     41.6  16199.8  16709.1 
     -5.5      47.8       7.6      51.5 
     -0.5      21.9       1.9       8.9 
     -0.4      15.9       1.7       5.2 
     -0.4      14.8       1.9       4.7 
82388 -0.000000 -0.612997 -0.790085 
 31951.6  16255.2     11.2     43.3     -7.9     24.0 
    13.9     25.1     -7.9     52.6  15978.4  16531.1 
     -4.7      51.6       4.7      61.5 
     -0.7      21.9       1.1       9.4 
     -0.2      15.7       0.6       2.6 
     -0.7      14.6       0.9       2.0 
82389 -0.067953 -0.611580 -0.788259 
 31940.5  16408.0     11.2     43.3     -6.1     25.5 
    14.5     25.1     -6.1     54.1  15895.5  16419.4 
     -4.8      50.2       0.2      63.1 
     -0.9      21.7       0.7      10.8 
     -0.2      15.9       0.8       1.4 
     -0.5      14.9       0.7       1.3 
82390 -0.134975 -0.607388 -0.782855 
 32058.4  16698.4     11.2     43.3     -6.9     20.3 
    14.4     25.1     -6.9     48.9  15666.6  16361.7 
     -6.9      50.6       1.5      56.3 
     -0.7      21.7       0.5       6.9 
     -0.7      15.7       0.4       2.9 
     -0.4      14.8       0.5       2.4 
82391 -0.200196 -0.600588 -0.774091 
 32339.9  16957.8     11.2     43.3     -7.2     14.6 
    14.3     24.9     -7.2     43.3  15945.1  16581.6 
     -5.7      49.3      -2.8      52.3 
     -0.7      21.7       0.0       7.5 
     -0.5      16.0       0.2       4.5 
     -0.4      14.9       0.3       3.8 
82392 -0.262862 -0.591440 -0.762300 
 32862.6  17186.3     11.2     43.3     -7.4      9.0 
    14.0     24.9     -7.0     37.4  16348.8  17042.3 
     -5.9      52.6      -1.7      51.0 
     -0.4      21.7      -0.0       9.7 
     -0.2      16.0      -0.0       6.1 
     -0.6      15.0       0.1       5.2 
82393 -0.322373 -0.580271 -0.747905 
 33312.4  17210.6     11.2     43.3     -7.6      4.6 
    14.2     25.1     -7.2     31.3  16685.8  17393.0 
     -5.8      48.5      -1.7      42.5 
     -1.1      22.1      -0.5      11.5 
     -0.3      15.8      -0.3       7.5 
     -0.4      14.7      -0.1       6.4 
82394 -0.378295 -0.567442 -0.731370 
 34171.1  16532.5     11.2     43.3     -6.6      6.3 
    14.2     24.7     -7.2     25.2  17257.9  17854.8 
     -6.4      51.3      -4.1      47.3 
     -0.6      21.7      -0.5      13.4 
     -0.3      16.1      -0.6       9.8 
     -0.2      14.9      -0.4       9.0 
82395 -0.430364 -0.553325 -0.713175 
 34816.0  16149.1     11.2     43.3     -7.2     28.9 
    14.3     24.4     -7.1     19.1  17494.1  18262.9 
     -5.4      49.3      -3.1      46.9 
     -0.3      21.7      -0.9      14.6 
      0.1      15.8      -0.5      10.9 
      0.0      14.7      -0.4       9.9 
82396 -0.478468 -0.538276 -0.693778 
 35690.7  15288.9     11.2     43.3     -7.2     28.9 
    14.8     24.1     -7.2     13.3  18151.4  18830.9 
     -6.9      51.3      -4.0      44.6 
     -0.5      21.8      -1.0      14.1 
     -0.1      16.1      -0.7      10.2 
     -0.2      14.9      -0.7       9.2 
82397 -0.562936 -0.506642 -0.653006 
 37865.5  13543.9     11.2     43.3     -7.2     28.9 
    14.7     23.4     -7.0      6.7  19428.8  20205.5 
     -5.3      52.0      -3.2      45.5 
     -0.1      21.7      -0.8      15.1 
      0.5      15.8      -0.7      11.5 
     -0.0      14.7      -0.9      11.3 
82398 -0.632842 -0.474632 -0.611748 
 40248.4  12086.3     11.2     43.3     -7.2     28.9 
    14.9     23.1     -7.2     57.7  21077.5  21760.3 
     -7.1      52.1      -5.1      46.3 
     -0.1      21.1      -1.2      15.8 
      0.3      15.7      -1.2      11.9 
      0.2      14.4      -0.9      11.2 
82399 -0.690099 -0.443635 -0.571796 
 43177.7  11148.8     11.2     43.3     -7.2     28.9 
    14.6     22.5     -7.2     57.7  22701.7  23473.2 
     -7.0      55.9      -7.0      47.1 
     -0.0      21.4      -1.1      16.7 
      0.3      15.6      -1.1      13.1 
      0.3      14.3      -1.0      12.5 
82400 -0.736803 -0.414452 -0.534182 
 45910.8  10460.7     11.2     43.3     -7.2     28.9 
    14.9     21.8     -7.2     57.7  24467.9  25388.4 
     -6.7      54.1      -5.4      44.6 
     -0.0      21.2      -1.2      17.3 
      0.7      15.3      -0.8      13.2 
      0.3      14.0      -1.0      12.8 
82401 -0.774912 -0.387456 -0.499388 
 49097.2   9986.4     11.2     43.3     -7.2     28.9 
    15.1     21.2     -7.2     57.7  26597.3  27442.8 
     -5.5      53.7      -7.5      44.0 
      0.0      21.0      -1.1      17.1 
      0.8      15.0      -0.7      13.9 
      0.4      13.7      -1.1      13.1 
82402 -0.806111 -0.362750 -0.467544 
 52290.7   9615.6     11.2     43.3     -7.2     28.9 
    14.9     20.7     -7.2     57.7  28942.0  29977.7 
     -6.8      55.4      -7.5      43.4 
      0.5      20.9      -1.3      17.7 
      0.7      14.9      -1.1      14.1 
      0.7      13.6      -1.0      13.9 
82403 -0.831783 -0.340275 -0.438577 
 56020.7   9312.2     11.2     43.3     -7.2     28.9 
    14.8     20.1     -7.2     57.7  31174.0  31981.8 
     -7.9      56.6      -6.6      41.2 
     -0.1      21.1      -1.5      17.6 
      0.6      14.9      -1.0      14.3 
      0.5      13.5      -1.0      13.7 
82404 -0.853040 -0.319890 -0.412303 
 59470.7   9179.7     11.2     43.3     -7.2     28.9 
    14.9     19.8     -7.2     57.7  33245.0  34352.2 
     -6.2      55.5      -5.4      39.6 
      0.0      20.8      -1.6      18.1 
      0.7      14.8      -1.1      14.7 
      0.4      13.3      -1.3      14.6 
82405 -0.870759 -0.301417 -0.388493 
 63255.6   8995.7     11.2     43.3     -7.2     28.9 
    15.2     19.2     -7.2     57.7  35266.7  36734.2 
     -7.0      58.2      -6.9      38.8 
      0.3      21.1      -1.5      18.1 
      0.7      14.3      -1.2      14.8 
      0.9      13.2      -0.9      14.0 
82406 -0.885633 -0.284668 -0.366905 
 66742.8   8865.8     11.2     43.3     -7.2     28.9 
    14.9     18.8     -7.2     57.7  37584.0  39033.9 
     -4.2      59.7      -6.6      39.1 
      0.7      20.5      -1.5      18.2 
      0.8      14.5      -1.1      15.5 
      0.7      13.1      -1.2      15.3 
82407 0.467453 -0.841416 -0.271123 
 90695.8  13368.0     11.2     43.3     -7.2     28.9 
    11.2     86.6     -7.2     57.7  53273.9  55015.6 
     -5.5      55.9      16.5      59.1 
      1.2      22.5       1.4      16.3 
      2.1      17.9       0.8      11.0 
      1.8      16.3       0.9       9.9 
82408 0.429723 -0.859446 -0.276932 
 89033.8  13073.1     11.2     43.3     -7.2     28.9 
    11.2     86.6     -7.2     57.7  51727.7  53402.0 
     -8.1      56.9      13.9      57.6 
      1.6      23.0       1.5      17.5 
      1.7      17.8       1.0      11.8 
      1.5      16.6       1.1      11.1 
82409 0.389600 -0.876600 -0.282460 
 87317.5  12895.2     11.2     43.3     -7.2     28.9 
    11.2     86.6     -7.2     57.7  51351.3  52961.0 
     -7.1      49.9      16.1      61.9 
      1.3      22.8       1.5      16.0 
      1.7      18.1       1.0      10.1 
      1.7      16.4       1.1       9.1 
82410 0.347131 -0.892622 -0.287623 
 85626.2  12676.5     11.2     43.3     -7.2     28.9 
    11.2     86.6     -7.2     57.7  50767.2  51959.4 
     -3.9      46.6      15.2      59.4 
      1.2      23.3       1.6      16.5 
      1.6      18.0       1.3      11.3 
      1.7      17.0       1.2      10.4 
82411 0.302414 -0.907242 -0.292333 
 84445.7  12531.7     11.2     43.3     -7.2     28.9 
    11.2     86.6     -7.2     57.7  48801.5  50492.4 
     -5.6      50.6      12.2      59.9 
      1.1      23.0       1.7      15.7 
      1.4      18.1       1.1       9.3 
      1.1      16.9       1.3       8.3 
82412 0.255608 -0.920190 -0.296506 
 83625.5  12381.6     11.2     43.3     -7.2     28.9 
    11.2     86.6     -7.2     57.7  49036.2  50751.7 
     -8.1      51.0      12.8      61.0 
      1.2      23.3       2.1      17.2 
      1.6      18.3       1.5      10.6 
      1.3      17.3       1.5       9.3 
82413 0.206935 -0.931206 -0.300055 
 82518.2  12432.6     11.2     43.3     -7.2     28.9 
    11.2     86.6     -7.9      3.9  48108.5  49446.7 
    -10.5      52.7      12.1      69.8 
      0.9      23.3       1.9      15.2 
      1.3      18.5       1.5       8.4 
      1.2      16.7       1.4       7.2 
82414 0.156676 -0.940054 -0.302906 
 81916.5  12309.6     11.2     43.3     -7.2     28.9 
    11.2     86.6     -8.1     13.0  47739.3  49144.1 
     -8.1      46.7      14.0      73.6 
      0.6      23.1       2.3      16.6 
      1.6      18.2       1.9      10.0 
      1.1      17.1       1.9       9.2 
82415 0.105170 -0.946530 -0.304993 
 81523.7  12251.7     11.2     43.3     -7.2     28.9 
    11.2     86.6     -8.5     26.0  47388.0  49004.9 
     -9.5      53.9      12.8      68.3 
      0.6      22.5       2.4      14.9 
      1.0      18.2       2.1       8.1 
      1.3      16.9       1.9       6.8 
82416 0.052804 -0.950480 -0.306266 
 81440.0  12157.5     11.2     43.3     -8.7     10.6 
    11.2     86.6     -8.6     39.1  47240.0  49095.1 
     -7.4      50.6      11.3      70.4 
      0.7      23.1       1.5      14.7 
      0.9      18.6       1.3       4.2 
      1.0      16.7       1.4       3.1 
82417 -0.000000 -0.951808 -0.306694 
 80891.9  12234.7     11.2     43.3     -8.8     22.8 
    11.2     86.6     -8.7     51.2  47419.3  48918.6 
     -8.5      49.3       8.5      82.1 
      0.3      23.7       1.0      28.1 
      0.8      18.4       0.3       5.2 
      1.1      16.9       0.4       2.5 
82418 -0.026430 -0.951476 -0.306587 
 81322.7  12238.5     11.2     43.3     -5.9     24.6 
    11.2     86.6     -5.8     53.0  47205.0  48658.7 
     -7.2      50.5      11.0      85.3 
      0.7      23.0       1.2      29.9 
      1.3      18.3       1.2       7.0 
      1.3      16.9       0.9       2.9 
82419 -0.052804 -0.950480 -0.306266 
 81227.7  12212.6     11.2     43.3     -6.0     18.7 
    11.2     86.6     -5.9     47.2  48010.9  48908.7 
    -10.3      54.6       5.9      78.9 
      0.7      23.0       1.3      20.1 
      1.2      18.5       0.6       3.4 
      1.1      16.9       0.7       2.0 
82420 -0.079069 -0.948828 -0.305734 
 81390.3  12170.1     11.2     43.3     -6.4     12.4 
    11.2     86.6     -6.3     40.9  47227.7  48841.9 
     -9.0      50.4       8.7      76.7 
      0.9      23.3       0.5      16.6 
      1.0      18.6       0.4       4.0 
      1.0      17.0       0.4       2.7 
82421 -0.105170 -0.946530 -0.304993 
 81351.4  12358.5     11.2     43.3     -6.7      6.1 
    11.2     86.6     -6.4     34.6  47442.9  49046.6 
     -8.5      49.0       6.3      75.7 
      0.4      23.4       0.4      14.6 
      1.3      18.6       0.3       4.8 
      1.3      16.9       0.2       3.6 
82422 -0.131055 -0.943599 -0.304049 
 81747.8  12568.0     11.2     43.3     -7.7      1.9 
    11.2     86.6     -6.6     28.0  47369.1  48805.8 
     -7.5      53.6       6.6      73.5 
      0.7      23.2       0.3      14.6 
      1.1      18.6      -0.0       6.1 
      0.9      17.2       0.1       4.9 
82423 -0.156676 -0.940054 -0.302906 
 82063.3  12560.0     11.2     43.3     -7.2     28.9 
    11.2     86.6     -6.6     21.6  48181.4  49543.4 
    -11.6      53.1       8.6      75.4 
      1.2      23.1      -0.0      17.7 
      1.3      18.7      -0.1      10.9 
      1.5      17.1       0.1       9.8 
82424 -0.181983 -0.935915 -0.301572 
 82149.9  12618.2     11.2     43.3     -7.2     28.9 
    11.2     86.6     -6.8     15.0  48348.1  49845.3 
     -7.4      49.7       5.0      68.5 
      0.9      22.7      -0.1      16.9 
      1.3      18.8      -0.1      10.8 
      1.2      17.3      -0.2       9.7 
82425 -0.206935 -0.931206 -0.300055 
 82536.4  12648.5     11.2     43.3     -7.2     28.9 
    11.2     86.6     -6.7      8.4  48308.9  49909.3 
     -5.4      45.2       4.1      68.6 
      1.5      22.6       0.1      15.5 
      1.4      18.5      -0.3       8.2 
      1.4      17.2      -0.2       7.1 
82426 -0.255608 -0.920190 -0.296506 
 83333.8  12958.1     11.2     43.3     -7.2     28.9 
    11.2     86.6     -7.2     57.7  48361.2  50453.8 
    -10.0      52.3       0.1      70.5 
      0.7      22.9      -0.6      16.2 
      1.3      18.6      -0.6      10.3 
      1.3      17.2      -0.7       9.2 
82427 -0.302414 -0.907242 -0.292333 
 84654.6  13136.1     11.2     43.3     -7.2     28.9 
    11.2     86.6     -7.2     57.7  49418.4  51296.3 
    -10.1      50.5       2.5      64.6 
      1.0      23.0      -0.7      16.5 
      1.3      18.4      -0.7       9.4 
      1.2      17.2      -0.6       8.2 
82428 -0.347131 -0.892622 -0.287623 
 85826.8  13505.7     11.2     43.3     -7.2     28.9 
    11.2     86.6     -7.2     57.7  50306.1  51925.1 
    -10.5      51.1      -5.4      65.2 
      1.3      22.7      -0.5      17.0 
      1.4      18.4      -0.8      10.7 
      1.3      17.0      -0.6       9.7 
82429 -0.389600 -0.876600 -0.282460 
 87373.9  13687.7     11.2     43.3     -7.2     28.9 
    11.2     86.6     -7.2     57.7  51908.3  53255.9 
     -9.9      51.3      -3.1      64.0 
      1.2      23.2      -1.0      16.1 
      1.8      18.3      -0.7      10.3 
      1.4      17.1      -0.7       9.0 
82430 -0.429723 -0.859446 -0.276932 
 88999.4  13631.1     11.2     43.3     -7.2     28.9 
    11.2     86.6     -7.2     57.7  52927.6  54623.7 
     -8.8      54.3      -2.8      57.9 
      1.0      22.8      -1.0      17.2 
      1.9      18.0      -0.5      11.3 
      1.6      16.9      -0.7      10.3 
82431 -0.467453 -0.841416 -0.271123 
 90689.7  13737.8     11.2     43.3     -7.2     28.9 
    11.2     86.6     -7.2     57.7  54588.0  55666.8 
    -10.7      53.5       1.1      55.4 
      1.4      23.2      -0.8      17.2 
      1.5      17.8      -1.1      10.9 
      1.6      16.7      -0.8      10.1 
82432 -0.502792 -0.822750 -0.265108 
 92659.1  13411.5     11.2     43.3     -7.2     28.9 
    11.2     86.6     -7.2     57.7  55365.5  56990.4 
     -7.5      53.7      -4.2      52.3 
      1.4      22.7      -1.0      16.8 
      1.8      18.0      -0.8      12.2 
      2.0      16.6      -0.8      11.3 
82433 -0.535778 -0.803668 -0.258960 
 94845.3  13336.9     11.2     43.3     -7.2     28.9 
    11.2     86.6     -7.2     57.7  56360.4  58284.8 
     -8.1      53.2      -2.5      50.6 
      1.5      22.3      -0.9      17.0 
      1.5      17.6      -1.1      11.7 
      2.2      16.9      -0.7      11.1 
82434 -0.566482 -0.784360 -0.252738 
 97167.7  12904.7     11.2     43.3     -7.2     28.9 
    11.2     86.6     -7.2     57.7  57720.1  59580.2 
     -7.8      54.7      -0.7      43.9 
      1.4      22.5      -1.1      17.4 
      2.1      17.7      -0.6      12.6 
      1.7      16.5      -0.9      12.0 
82435 -0.594996 -0.764995 -0.246498 
 99481.3  12755.6     11.2     43.3     -7.2     28.9 
    11.2     86.6     -7.2     57.7  60272.0  61922.1 
     -7.2      51.4      -0.7      43.1 
      1.1      22.7      -1.2      17.0 
      1.9      17.5      -1.2      12.5 
      1.9      16.4      -0.9      12.0 
