OCR_prd2017clk:dj0192i,R12@-400V,3.8T@20d,263K,rhe=0.98,rhh=0.7,1.5/1.5 
1112 1 3.80 28 3 29 4 350.0000 263.0000 1.5000 1.1480 900.0000 13.2500 -23.9800 150.0000 100.0000 290.0000 650.0000 6.6300 -11.990000 1.5000 1.0000 0.8500 
31576 -4.732649 42.593838 -13.724681 
 76121.5  12324.3      6.6     43.3     -9.7      7.9 
     6.6     86.6     -9.6     36.4  43384.8  44689.2 
     22.3      52.0      -9.6      70.9 
     10.6      23.8       0.3      14.6 
     10.0      19.1       1.0       4.5 
     10.4      18.2       1.0       3.4 
31577 -5.112564 42.178650 -14.826435 
 70622.2  12449.8      6.6     43.3     -9.8      8.0 
     6.6     86.6     -9.7     36.6  40965.2  42117.5 
     20.7      56.5      -9.2      72.0 
      9.8      24.2       0.5      13.4 
      9.7      19.7       1.0       4.6 
      9.8      18.5       1.0       3.5 
31578 -5.553440 41.650799 -16.104975 
 64850.2  12539.0      6.6     43.3     -9.8      8.3 
     6.6     86.6     -9.7     36.8  37278.7  38243.4 
     18.4      49.4      -7.9      60.5 
     10.6      24.0       0.4      12.6 
      9.8      18.5       0.9       4.8 
     10.5      17.8       0.9       3.7 
31579 -6.069317 40.967888 -17.601017 
 59137.6  12697.1      6.6     43.3    -10.0      8.5 
     6.6     86.6     -9.9     36.9  33278.4  34380.4 
     18.8      54.0      -7.4      63.1 
      9.6      23.7       0.4      11.6 
      9.7      19.2       0.9       4.7 
     10.1      18.3       0.9       3.8 
31580 -6.677852 40.067108 -19.365770 
 53972.1  13152.9      6.6     43.3    -10.0      8.7 
     6.6     86.6    -10.0     37.2  30142.2  31181.1 
     16.9      52.3      -7.8      63.3 
      9.9      23.1       0.5      10.5 
      9.9      17.6       0.8       4.9 
      9.9      16.6       0.8       4.0 
31581 -7.400705 38.853703 -21.462046 
 48907.5  13510.6      6.6     43.3    -10.1      9.2 
     6.6     86.6    -10.0     37.4  26867.2  27774.5 
     19.0      53.8      -6.1      58.5 
      9.3      23.2       0.7      10.0 
      9.6      18.6       0.7       5.1 
      9.4      17.6       0.9       4.2 
31582 -8.262795 37.182575 -23.962105 
 43685.2  14017.5      6.6     43.3    -10.2      9.6 
     6.6     86.6    -10.1     37.8  23593.9  24298.6 
     16.9      52.5      -4.9      50.8 
      9.8      22.3       0.6       9.4 
      9.5      16.7       0.7       5.2 
      9.4      15.7       0.7       4.5 
31583 -9.288228 34.830853 -26.935860 
 39068.7  15030.9      6.6     43.3    -10.4     10.0 
    14.2      9.1    -10.2     38.1  20552.8  21010.3 
     16.3      51.4      -8.3      56.9 
      9.4      21.9       0.4       9.3 
      9.2      16.8       0.6       5.4 
      9.2      16.2       0.7       4.7 
31584 -10.487829 31.463486 -30.414705 
 34783.5  16927.8      6.6     43.3    -10.6     10.4 
    12.5     20.5    -10.3     38.7  17892.7  18558.8 
     15.3      52.6      -6.4      51.2 
     10.1      20.8       0.3       9.3 
      8.9      14.9       0.5       5.7 
      9.3      13.6       0.5       4.9 
31585 -11.828800 26.614803 -34.303520 
 30869.3  19851.3     18.6      8.7    -10.7     11.1 
    12.2     38.9    -10.5     39.1  15404.3  15966.9 
     13.0      52.5      -4.4      49.8 
      8.4      19.4       0.3       8.9 
      8.3      14.2       0.6       5.8 
      8.3      13.2       0.4       5.1 
31586 -13.178417 19.767624 -38.217411 
 27782.4  22919.6     12.7     15.0    -11.0     11.5 
    12.5     57.5    -10.8     39.7  13729.2  14117.4 
     10.7      49.7      -5.2      47.0 
      7.9      15.6       0.1       9.0 
      7.3      10.8       0.2       6.1 
      7.4       8.7       0.3       5.3 
31587 -14.249858 10.687392 -41.324585 
 25753.0  21339.4     11.9     31.9    -11.5     11.7 
    11.8     74.9    -11.2     39.9  12259.5  12810.9 
     11.3      60.3      -3.0      45.8 
      5.9       7.8       0.1       8.9 
      5.7       5.7       0.2       6.0 
      5.7       4.8      -0.0       5.3 
31588 -14.669581 -0.000000 -42.541786 
 25056.0  20731.7     11.0     37.0    -11.3     11.7 
    11.0     80.2    -11.0     39.9  12040.2  12469.0 
     -1.8      66.3      -2.6      43.8 
      4.1       9.0       0.2       9.0 
      3.9       3.8       0.2       6.0 
      3.7       3.6       0.1       5.1 
31589 -14.561182 -5.460443 -42.227428 
 25333.8  21000.9     10.6     28.7    -11.3     11.6 
    10.7     71.8    -11.0     39.9  12061.2  12550.4 
     -1.3      53.5      -4.1      45.7 
      2.6       7.6       0.1       8.8 
      2.7       5.5       0.3       6.0 
      2.6       5.0       0.1       5.1 
31590 -14.249858 -10.687392 -41.324585 
 25602.7  21291.9     10.2     20.4    -11.0     11.7 
    10.5     63.3    -11.0     40.0  12080.2  12799.0 
     -2.3      51.5      -3.0      47.0 
      1.9      11.1       0.2       8.9 
      2.0       7.8       0.3       5.9 
      1.8       7.0       0.3       4.9 
31591 -13.772597 -15.494173 -39.940533 
 26423.3  21265.1     10.4     12.3    -11.0     11.4 
    10.5     54.2    -10.8     39.8  12629.5  13064.7 
     -3.2      46.9      -2.6      47.4 
      0.7      14.5       0.1       8.8 
      1.0      10.1       0.3       5.8 
      0.7       9.0       0.3       5.0 
31592 -13.178417 -19.767624 -38.217411 
 27586.5  19528.0     10.0      7.6    -10.9     11.3 
    10.1     45.7    -10.8     39.6  13255.8  13909.9 
     -3.3      48.1      -2.1      48.7 
      0.2      17.9       0.4       8.5 
      0.5      12.9       0.2       5.7 
      0.2      11.8       0.4       4.9 
31593 -12.516611 -23.468645 -36.298172 
 28935.6  17645.0      5.4     12.2    -11.0     11.1 
    10.7     36.3    -10.7     39.3  14184.6  14620.3 
     -5.6      52.0      -1.9      47.4 
     -0.5      21.1       0.3       8.6 
     -0.1      16.0       0.5       5.7 
     -0.3      15.3       0.5       4.8 
31594 -11.828800 -26.614803 -34.303520 
 30517.2  16606.3      6.6     43.3    -10.6     10.8 
    10.1     27.2    -10.4     39.3  15269.6  15863.1 
     -6.4      50.5      -3.0      50.6 
     -0.9      21.8       0.4       8.8 
     -0.6      16.3       0.6       5.6 
     -0.7      15.6       0.6       4.7 
31595 -10.487829 -31.463486 -30.414705 
 34475.7  14924.7      6.6     43.3    -10.4     10.4 
    10.2     11.4    -10.1     38.6  17451.3  18113.0 
     -7.5      48.2       0.4      50.0 
     -0.1      21.3       0.7       9.2 
     -0.3      16.0       0.7       5.4 
     -0.4      14.5       0.6       4.6 
31596 -9.288228 -34.830853 -26.935860 
 38668.6  13761.6      6.6     43.3    -10.3      9.9 
     6.6     86.6    -10.1     38.1  20315.3  21141.4 
     -6.0      49.4       1.8      55.3 
     -0.2      23.5       1.0       8.8 
     -0.3      18.2       0.7       5.1 
     -0.6      18.1       0.8       4.3 
31597 -8.262795 -37.182575 -23.962105 
 43570.5  13159.6      6.6     43.3    -10.1      9.4 
     6.6     86.6    -10.1     37.7  23225.6  24189.8 
     -6.7      49.2       0.3      55.7 
     -0.5      22.3       0.5       9.4 
     -0.3      17.1       0.8       4.9 
     -0.2      15.9       0.9       4.1 
31598 -7.400705 -38.853703 -21.462046 
 48608.0  12741.9      6.6     43.3    -10.2      9.2 
     6.6     86.6     -9.9     37.5  26122.6  27033.5 
    -10.6      51.7       4.4      59.2 
     -1.1      24.5       0.9      10.0 
     -0.4      19.4       0.9       4.8 
     -0.3      19.4       0.9       3.9 
31599 -6.677852 -40.067108 -19.365770 
 53930.9  12507.7      6.6     43.3     -9.9      8.8 
     6.6     86.6     -9.8     37.3  29791.3  30758.4 
     -8.8      49.2       2.4      60.4 
     -0.9      22.8       0.6      11.3 
     -0.3      17.9       1.0       4.6 
     -0.2      16.7       1.1       3.8 
31600 -6.069317 -40.967888 -17.601017 
 59087.2  12302.7      6.6     43.3    -10.0      8.5 
     6.6     86.6     -9.8     37.0  33639.0  34645.7 
     -7.8      54.6       6.6      65.7 
     -0.5      24.6       1.1      11.3 
     -0.3      20.4       1.0       4.5 
     -0.6      20.0       0.9       3.6 
31601 -5.553440 -41.650799 -16.104975 
 64736.1  12205.1      6.6     43.3     -9.8      8.4 
     6.6     86.6     -9.5     36.7  36779.5  37793.4 
     -9.2      48.5       9.8      66.1 
     -0.2      23.4       1.1      12.0 
      0.0      18.2       1.0       4.5 
     -0.4      17.0       1.0       3.4 
31602 -5.112564 -42.178650 -14.826435 
 70119.8  12081.2      6.6     43.3     -9.6      8.1 
     6.6     86.6     -9.5     36.6  40220.9  41832.6 
     -8.2      47.8       7.0      71.1 
     -0.6      24.5       1.0      12.6 
     -0.1      20.5       1.1       4.4 
     -0.4      20.2       1.0       3.3 
31603 -4.732649 -42.593838 -13.724681 
 76035.7  11988.0      6.6     43.3     -9.8      7.9 
     6.6     86.6     -9.4     36.3  44230.2  45808.7 
     -5.0      47.2       7.0      68.7 
     -0.5      23.2       1.4      13.9 
     -0.2      18.4       1.0       4.4 
     -0.1      17.3       1.1       3.3 
31604 38.844742 -2.913355 -22.529949 
 45888.2   8542.1     11.8     27.1    -12.0     28.9 
    11.7     70.0    -12.0     57.7  25012.9  25870.3 
      9.0      64.1      12.2      40.7 
      3.5      12.0       5.1      17.6 
      3.4       5.2       5.0      14.6 
      3.3       4.2       4.9      14.1 
31605 37.733234 -3.144436 -24.316975 
 42494.8   8719.8     12.2     27.5    -12.0     28.9 
    12.1     70.4    -12.0     57.7  22928.2  23706.2 
      7.8      63.9      12.8      45.4 
      3.8      11.0       4.7      18.7 
      3.4       4.9       4.8      16.0 
      3.3       4.2       5.2      16.5 
31606 36.327980 -3.405748 -26.337786 
 39306.2   8918.1     11.6     27.4    -12.0     28.9 
    11.7     70.6    -12.0     57.7  20773.4  21587.7 
      4.6      64.0      11.6      44.2 
      3.3      10.1       4.9      17.3 
      3.3       5.3       5.0      14.2 
      3.2       4.4       5.2      13.4 
31607 34.533642 -3.700033 -28.613588 
 36078.0   9528.4     11.9     27.8    -12.0     28.9 
    11.7     70.8    -12.0     57.7  19060.3  19625.8 
      7.2      62.1      12.3      42.7 
      3.1       9.6       4.9      17.9 
      3.2       5.0       4.9      14.8 
      3.1       4.4       5.0      15.5 
31608 32.224594 -4.028074 -31.150444 
 33224.8   9896.5     11.3     28.1    -12.0     28.9 
    11.4     71.1    -12.0     57.7  16927.2  17436.2 
      7.0      58.2      11.3      42.9 
      3.5       8.9       5.3      16.8 
      3.2       5.2       5.0      13.2 
      3.1       4.5       5.0      12.4 
31609 29.242365 -4.386354 -33.921143 
 30588.2  10698.2     11.3     28.3    -12.0     28.9 
    11.4     71.2    -22.0     10.4  15271.5  15714.3 
      7.7      58.8       9.9      46.2 
      3.3       8.9       5.2      16.7 
      3.1       5.3       5.2      13.4 
      3.0       4.7       5.2      14.1 
31610 25.404451 -4.763335 -36.836456 
 28257.0  11894.3     11.2     28.5    -12.0     28.9 
    11.2     71.6     -9.7      8.8  13415.7  13930.3 
      1.7      53.4      10.6      45.0 
      2.8       8.9       5.3      15.9 
      3.0       5.4       5.1      11.9 
      2.9       4.8       5.3      11.1 
31611 20.539001 -5.134750 -39.708736 
 26323.3  13752.7     11.0     28.6    -12.0     28.9 
    11.1     71.7     -9.6     18.0  12622.7  13132.8 
      3.9      57.5       9.2      42.0 
      2.9       8.2       5.6      14.5 
      2.8       5.4       5.5      11.1 
      2.8       4.9       5.7      11.1 
31612 14.561182 -5.460443 -42.227428 
 25029.2  17380.2     10.7     28.8     -8.6      5.3 
    10.9     71.7     -9.7     29.5  11640.5  12199.4 
      2.3      59.5       8.2      41.3 
      2.7       8.2       5.0      13.2 
      3.0       5.7       4.8      10.0 
      2.8       5.0       5.1       9.4 
31613 7.584479 -5.688359 -43.989979 
 24211.0  20190.4     11.0     28.8     -9.6     12.5 
    11.0     71.9     -9.7     40.9  11218.9  11841.2 
      1.1      53.0       3.6      46.0 
      2.6       7.6       4.7       9.3 
      2.7       5.5       4.4       6.1 
      2.8       5.0       4.3       5.4 
31614 -0.000000 -5.770917 -44.628429 
 24075.5  19927.4     10.7     28.7    -10.4     23.3 
    10.8     71.9    -10.5     51.9  11508.3  11836.2 
      6.8      56.3       0.9      54.3 
      2.7       7.4       3.1       5.9 
      2.7       5.4       3.0       3.1 
      2.6       4.9       3.0       2.8 
31615 -3.833294 -5.749941 -44.466213 
 24301.3  19925.8     11.0     28.9     -9.8     26.5 
    11.0     71.9     -9.7     55.2  11493.0  12000.8 
      1.6      56.8      -1.1      63.3 
      2.8       8.3       1.5      11.6 
      2.7       5.5       1.9       2.9 
      2.7       5.0       1.8       2.5 
31616 -7.584479 -5.688359 -43.989979 
 24483.4  20273.9     11.2     28.9    -10.2     22.6 
    11.2     71.8    -10.2     51.2  11390.8  11901.0 
     -0.0      55.1      -2.1      54.9 
      2.6       8.0       1.1       6.7 
      2.7       5.4       1.4       2.6 
      2.6       5.0       1.3       2.4 
31617 -11.179956 -5.589978 -43.229164 
 24707.2  20546.6     11.0     28.7    -10.7     17.1 
    11.0     72.0    -10.7     45.5  11871.7  12277.9 
     -3.6      52.4      -2.0      49.4 
      2.7       8.6       0.7       6.5 
      2.7       5.5       0.7       4.1 
      2.6       4.9       0.7       3.6 
31618 -14.561182 -5.460443 -42.227428 
 25214.8  20768.9     11.0     28.9    -11.3     11.7 
    11.0     71.7    -10.9     40.0  11961.3  12536.1 
      1.3      54.1      -3.4      46.6 
      2.6       8.1       0.3       8.8 
      2.8       5.6       0.1       5.9 
      2.6       5.0       0.1       5.0 
31619 -17.688046 -5.306413 -41.036263 
 25845.2  19900.2     11.0     28.8    -11.5      6.9 
    10.9     71.9    -10.9     34.0  12131.6  12772.8 
      0.3      59.2      -5.9      43.8 
      2.4       8.2      -0.6      11.2 
      2.7       5.5      -0.3       7.6 
      2.7       5.0      -0.4       6.4 
31620 -20.539001 -5.134750 -39.708736 
 26646.9  17736.4     10.9     28.6    -13.9     25.0 
    11.0     71.9    -10.9     28.3  12891.2  13306.7 
     -1.7      59.4      -5.2      46.3 
      2.8       8.6      -1.0      12.9 
      2.6       5.4      -0.7       9.5 
      2.8       4.8      -0.6       8.8 
31621 -23.108727 -4.951870 -38.294460 
 27506.7  15470.5     10.8     28.5    -12.0     28.9 
    10.9     71.6    -11.1     22.3  13268.8  13737.0 
     -0.7      55.1      -5.4      43.3 
      3.0       8.2      -1.2      14.2 
      3.0       5.4      -1.0      10.5 
      2.7       4.9      -1.1      10.2 
31622 -25.404451 -4.763335 -36.836456 
 28557.9  14142.5     11.2     28.4    -12.0     28.9 
    11.2     71.2    -11.0     16.6  13759.8  14445.8 
     -3.0      58.3      -6.2      45.8 
      2.9       8.1      -1.7      14.4 
      2.9       5.3      -1.2      10.6 
      2.8       4.9      -1.5      10.2 
31623 -29.242365 -4.386354 -33.921143 
 30781.6  12108.0     11.6     28.2    -12.0     28.9 
    11.5     71.0    -11.3      7.9  15270.6  16019.2 
      0.8      59.9      -8.1      46.0 
      3.1       8.5      -1.0      15.4 
      3.1       5.3      -1.0      11.8 
      2.8       4.8      -1.3      11.0 
31624 -32.224594 -4.028074 -31.150444 
 33298.2  10863.6     11.6     27.8    -12.0     28.9 
    11.6     71.0    -12.0     57.7  16936.1  17682.8 
     -1.9      55.2      -8.2      44.2 
      3.2       9.3      -1.7      16.2 
      3.0       5.3      -1.5      12.5 
      3.0       4.8      -1.5      12.7 
31625 -34.533642 -3.700033 -28.613588 
 36381.5  10234.5     11.7     27.7    -12.0     28.9 
    11.7     70.6    -12.0     57.7  18795.5  19393.9 
     -1.9      58.8      -8.6      43.3 
      3.3      10.1      -1.1      16.9 
      3.3       5.3      -1.3      13.3 
      3.0       4.6      -1.2      12.4 
31626 -36.327980 -3.405748 -26.337786 
 39455.7   9560.9     11.5     27.4    -12.0     28.9 
    11.5     70.4    -12.0     57.7  21076.9  21798.3 
     -3.3      63.2      -9.9      45.3 
      3.1      10.4      -1.0      17.4 
      3.4       5.0      -1.2      13.8 
      3.1       4.6      -1.4      14.5 
31627 -37.733234 -3.144436 -24.316975 
 42562.3   9262.5     11.6     27.3    -12.0     28.9 
    11.6     70.3    -12.0     57.7  22631.9  23523.6 
     -2.9      66.9      -7.8      42.7 
      3.2      10.5      -1.7      17.4 
      3.3       5.1      -1.3      14.2 
      3.2       4.5      -1.6      13.1 
31628 -38.844742 -2.913355 -22.529949 
 45961.1   9008.7     11.8     27.1    -12.0     28.9 
    11.7     70.0    -12.0     57.7  25268.3  25979.8 
     -3.2      64.3     -10.0      44.1 
      3.3      11.8      -1.2      18.2 
      3.3       5.0      -1.6      15.2 
      3.2       4.4      -1.6      15.4 
31629 -39.733410 -2.709096 -20.950342 
 49424.2   8774.3     11.6     26.9    -12.0     28.9 
    11.6     70.1    -12.0     57.7  26716.3  28036.4 
     -3.8      65.7      -8.8      39.5 
      3.1      13.6      -1.9      17.9 
      3.5       5.0      -1.4      14.6 
      3.3       4.3      -1.6      13.6 
31630 -40.451710 -2.528232 -19.551659 
 52975.1   8625.0     11.5     26.9    -12.0     28.9 
    11.5     69.9    -12.0     57.7  29649.7  30802.0 
     -1.8      64.6      -7.8      38.9 
      3.3      13.6      -1.7      18.8 
      3.5       5.3      -1.7      15.9 
      3.4       4.3      -2.1      16.3 
31631 -41.038486 -2.367605 -18.309479 
 56413.5   8454.3     11.7     26.7    -12.0     28.9 
    11.6     69.7    -12.0     57.7  32285.4  33056.0 
     -2.4      70.5      -5.6      37.3 
      2.7      14.3      -1.3      17.8 
      3.4       5.3      -1.7      14.9 
      3.5       4.3      -1.7      14.1 
31632 -41.522694 -2.224430 -17.202259 
 60079.8   8410.5     12.2     26.3    -12.0     28.9 
    12.1     69.6    -12.0     57.7  34453.3  35738.6 
     -1.1      69.7      -6.4      37.0 
      2.9      16.0      -1.6      19.1 
      3.6       5.2      -1.1      16.2 
      3.4       4.2      -1.8      16.4 
31633 36.274990 -16.323748 -21.039495 
 48888.6   9180.8      6.6     43.3    -12.0     28.9 
    11.6     23.0    -12.0     57.7  26735.9  27574.0 
      0.0      53.5      10.6      41.9 
      0.5      21.2       4.9      17.4 
      1.3      15.4       4.6      14.5 
      1.2      14.4       4.7      14.0 
31634 34.871063 -17.435532 -22.472460 
 45867.6   9583.6      6.6     43.3    -12.0     28.9 
    11.5     23.4    -12.0     57.7  24339.2  25395.2 
      0.6      56.4      11.5      44.3 
      0.6      21.2       4.8      18.3 
      0.9      15.7       4.4      15.6 
      1.3      14.4       4.8      15.9 
31635 33.156143 -18.650331 -24.038204 
 42736.7   9975.3      6.6     43.3    -12.0     28.9 
    11.2     24.0    -12.0     57.7  22732.3  23580.2 
     -2.7      56.6      14.0      46.8 
      0.9      21.3       4.9      17.1 
      0.8      15.5       4.6      13.9 
      0.8      14.4       5.1      13.4 
31636 31.054461 -19.963583 -25.730839 
 40036.5  10646.2      6.6     43.3    -12.0     28.9 
    11.5     24.6    -12.0     57.7  20486.6  21581.5 
     -0.5      55.2      12.9      48.5 
      0.6      21.8       4.8      17.6 
      0.9      16.0       4.9      14.4 
      0.8      14.8       4.9      14.8 
31637 28.477907 -21.358431 -27.528643 
 37550.5  11403.5      6.6     43.3    -12.0     28.9 
    10.9     25.4    -12.0     57.7  19159.7  19940.8 
     -1.7      54.4      13.7      47.4 
      0.2      21.8       5.2      16.7 
      0.7      16.0       4.6      13.0 
      0.7      15.0       5.0      12.4 
31638 25.332121 -22.798910 -29.385260 
 35180.1  12613.4      6.6     43.3    -12.0     28.9 
    11.1     25.7    -12.0     57.7  17943.4  18515.0 
     -4.4      50.5      11.7      44.5 
      0.1      21.9       4.8      16.4 
      0.7      16.1       4.8      12.8 
      0.6      15.2       5.0      13.0 
31639 21.531038 -24.222422 -31.220007 
 33285.8  13660.6      6.6     43.3    -12.0     28.9 
    11.0     26.5     -9.9      8.6  16631.8  17388.0 
     -2.1      54.3      12.2      48.0 
     -0.4      21.9       5.0      15.1 
      0.6      16.5       4.7      11.8 
      0.3      15.3       5.1      10.4 
31640 17.023268 -25.534906 -32.911655 
 31626.4  15328.9      6.6     43.3    -12.0     28.9 
    11.0     26.9    -10.1     16.8  15741.4  16543.6 
     -4.2      52.6      11.1      49.8 
     -0.2      22.1       5.5      15.0 
      0.1      16.2       5.1      10.9 
      0.2      15.3       5.2      10.7 
31641 11.828800 -26.614803 -34.303520 
 30500.3  15625.9      6.6     43.3     -9.0      5.5 
    10.9     27.0    -10.1     28.4  14985.4  15505.0 
     -5.0      52.6       8.2      47.9 
     -0.5      22.1       4.9      13.0 
     -0.1      16.0       4.6       9.5 
     -0.1      15.5       4.6       8.8 
31642 6.073876 -27.332441 -35.228477 
 29900.0  15727.0      6.6     43.3    -10.1     11.9 
    10.9     27.2    -10.2     40.0  14730.5  15414.3 
     -4.2      50.0       7.5      49.7 
     -1.2      21.7       4.3       9.1 
     -0.2      16.1       3.9       5.9 
     -0.3      15.5       4.1       5.1 
31643 -0.000000 -27.584869 -35.553833 
 29691.8  15707.7      6.6     43.3    -11.0     22.8 
    10.3     27.2    -11.0     51.4  14968.5  15448.6 
     -5.8      52.8       5.6      62.1 
     -0.8      21.9       2.3       9.2 
     -0.7      16.5       2.8       2.5 
     -0.6      15.4       2.9       2.2 
31644 -3.057901 -27.521109 -35.471649 
 29731.3  15770.0      6.6     43.3    -10.5     26.2 
    10.6     27.3    -10.5     54.9  14518.1  15330.4 
     -5.2      50.9       4.0      66.0 
     -1.2      21.4       2.3      11.2 
     -0.4      16.0       1.9       2.8 
     -0.7      15.5       1.9       2.2 
31645 -6.073876 -27.332441 -35.228477 
 29967.8  16003.8      6.6     43.3     -9.9     22.1 
    10.4     27.2     -9.8     50.7  14758.7  15437.7 
     -6.4      51.7       5.0      59.7 
     -1.1      21.7       1.6       8.0 
     -0.7      16.2       1.5       2.4 
     -0.6      15.5       1.5       1.9 
31646 -9.008813 -27.026440 -34.834076 
 30119.0  16340.5      6.6     43.3    -10.3     16.5 
    10.2     27.3    -10.2     45.0  14840.8  15459.9 
     -4.4      49.7      -0.1      53.7 
     -0.8      21.6       0.9       7.4 
     -0.5      16.2       0.9       3.9 
     -0.8      15.6       1.0       3.3 
31647 -11.828800 -26.614803 -34.303520 
 30577.9  16655.5      6.6     43.3    -10.6     10.8 
    10.8     27.2    -10.5     39.0  15099.4  15706.5 
     -5.6      49.9      -2.2      46.5 
     -0.8      22.0       0.3       9.1 
     -0.4      16.2       0.6       5.6 
     -0.3      15.5       0.6       4.7 
31648 -14.506772 -26.112192 -33.655712 
 31233.4  16565.9      6.6     43.3    -10.9      6.0 
    10.6     26.9    -10.7     33.1  15527.3  16136.1 
     -6.9      51.5      -0.9      48.3 
     -0.3      21.7      -0.1      11.1 
     -0.6      16.1      -0.1       7.2 
     -0.5      15.5       0.0       6.0 
31649 -17.023268 -25.534906 -32.911655 
 31828.1  16152.9      6.6     43.3    -12.1      4.4 
    10.9     26.9    -10.5     27.1  15787.0  16548.4 
     -7.9      54.1      -3.1      48.1 
     -1.1      22.0      -0.6      12.7 
     -0.4      16.2      -0.2       8.9 
     -0.4      15.4      -0.4       8.2 
31650 -19.366381 -24.899633 -32.092857 
 32513.8  16020.1      6.6     43.3    -12.0     28.9 
    10.5     26.7    -10.5     21.1  16235.6  16870.9 
     -5.1      50.0      -4.0      46.8 
     -0.2      21.9      -0.5      14.1 
      0.1      16.5      -0.4      10.6 
     -0.3      15.5      -0.7       9.8 
31651 -21.531038 -24.222422 -31.220007 
 33372.1  15638.4      6.6     43.3    -12.0     28.9 
    10.9     26.5    -10.3     15.3  16540.2  17350.0 
     -4.5      51.6      -3.9      47.7 
     -0.3      22.0      -0.7      14.4 
      0.3      16.3      -0.6      10.4 
     -0.3      15.6      -0.9       9.6 
31652 -25.332121 -22.798910 -29.385260 
 35304.4  13638.6      6.6     43.3    -12.0     28.9 
    10.8     25.9    -10.6      7.4  17851.2  18607.6 
     -6.4      55.4      -5.2      46.9 
      0.1      21.6      -0.9      14.8 
     -0.0      16.1      -0.7      11.4 
     -0.0      15.1      -0.8      10.8 
31653 -28.477907 -21.358431 -27.528643 
 37504.4  11981.9      6.6     43.3    -12.0     28.9 
    11.1     25.2    -12.0     57.7  19248.0  20262.9 
     -7.3      51.7      -4.1      47.5 
      0.1      21.5      -0.7      15.7 
      0.0      16.0      -0.9      12.1 
      0.3      15.1      -0.9      12.1 
31654 -31.054461 -19.963583 -25.730839 
 40157.2  11147.0      6.6     43.3    -12.0     28.9 
    10.9     24.6    -12.0     57.7  20737.4  21702.6 
     -5.8      51.4      -7.0      45.8 
      0.1      21.4      -0.8      16.3 
      0.5      15.9      -0.7      12.9 
      0.4      14.8      -1.1      12.0 
31655 -33.156143 -18.650331 -24.038204 
 42830.3  10489.3      6.6     43.3    -12.0     28.9 
    11.2     24.0    -12.0     57.7  23162.8  23867.2 
     -7.5      52.0      -7.1      45.6 
      0.6      21.3      -1.1      16.9 
      0.6      15.8      -0.9      13.6 
      0.4      14.8      -1.2      13.8 
31656 -34.871063 -17.435532 -22.472460 
 45823.2   9885.4      6.6     43.3    -12.0     28.9 
    11.2     23.3    -12.0     57.7  24688.6  25542.6 
     -5.9      55.9      -7.7      44.2 
      0.3      21.4      -1.0      16.8 
      1.1      15.5      -0.8      13.8 
      0.7      14.4      -1.1      13.0 
31657 -36.274990 -16.323748 -21.039495 
 49028.5   9406.9      6.6     43.3    -12.0     28.9 
    11.4     22.8    -12.0     57.7  26424.8  27429.8 
     -6.4      55.3      -7.0      41.2 
      0.6      21.3      -1.0      18.1 
      1.1      15.3      -1.1      14.8 
      0.8      14.1      -1.5      15.1 
31658 -37.430248 -15.312374 -19.735949 
 52246.0   9236.4      6.6     43.3    -12.0     28.9 
    11.5     22.1    -12.0     57.7  29265.0  30026.0 
     -7.5      56.7      -8.0      43.0 
      0.8      21.2      -1.0      17.7 
      1.1      15.4      -0.9      14.6 
      0.9      14.1      -1.0      13.7 
31659 -38.386795 -14.395048 -18.553617 
 55468.5   8972.8      6.6     43.3    -12.0     28.9 
    11.5     21.9    -12.0     57.7  31033.6  31925.5 
     -5.7      58.6      -8.5      40.4 
      0.9      21.0      -1.0      18.3 
      1.2      15.3      -1.2      15.5 
      0.8      13.9      -1.5      15.9 
31660 -39.184162 -13.563748 -17.482164 
 59022.0   8816.4      6.6     43.3    -12.0     28.9 
    11.3     21.4    -12.0     57.7  33401.8  34191.7 
     -7.9      56.9      -6.6      40.4 
      0.7      21.3      -1.3      18.4 
      1.1      15.2      -1.2      14.8 
      1.1      13.7      -1.5      14.0 
31661 -39.853470 -12.810044 -16.510723 
 62631.7   8678.7      6.6     43.3    -12.0     28.9 
    11.1     21.0    -12.0     57.7  35966.6  36693.1 
     -7.7      62.1      -5.1      35.9 
      0.6      21.1      -1.5      19.1 
      1.2      15.0      -1.2      16.1 
      0.9      13.7      -1.4      16.1 
31662 21.035387 -37.863701 -12.200525 
 84420.6  12811.8      6.6     43.3    -12.0     28.9 
     6.6     86.6    -12.0     57.7  50262.5  51618.5 
     -5.7      49.4      16.0      53.0 
      0.9      22.4       4.5      16.4 
      0.9      17.6       4.0      11.4 
      0.6      16.5       4.2      10.5 
31663 19.337526 -38.675053 -12.461962 
 82968.5  12714.3      6.6     43.3    -12.0     28.9 
     6.6     86.6    -12.0     57.7  48951.1  50333.8 
     -4.9      51.7      15.1      56.6 
      0.4      23.0       4.7      17.3 
      0.6      18.1       4.5      12.0 
      0.9      16.8       4.1      11.1 
31664 17.532005 -39.447014 -12.710704 
 81356.0  12596.3      6.6     43.3    -12.0     28.9 
     6.6     86.6    -12.0     57.7  47628.7  49234.4 
     -6.3      50.3      17.9      60.4 
      0.4      22.7       4.5      15.7 
      0.9      17.9       3.9      10.6 
      0.6      16.7       4.2       9.8 
31665 15.620879 -40.167976 -12.943014 
 80073.4  12481.3      6.6     43.3    -12.0     28.9 
     6.6     86.6    -12.0     57.7  46853.5  48818.2 
     -6.1      52.8      16.3      62.3 
      0.1      23.0       5.0      16.7 
      0.2      18.1       4.5      11.2 
      0.8      16.9       4.3      10.2 
31666 13.608622 -40.825867 -13.155002 
 78766.4  12145.2      6.6     43.3    -12.0     28.9 
     6.6     86.6    -12.0     57.7  46093.4  47567.1 
     -7.7      48.8      17.1      61.0 
      0.2      23.2       4.6      16.0 
      0.4      18.4       4.3       9.9 
      0.3      17.0       4.3       8.7 
31667 11.502371 -41.408531 -13.342750 
 77967.5  12146.8      6.6     43.3    -12.0     28.9 
     6.6     86.6    -12.0     57.7  45474.9  46501.5 
     -6.6      48.5      19.1      67.8 
     -0.4      23.3       5.4      16.1 
      0.1      18.2       4.6      10.4 
      0.1      17.0       4.6       9.3 
31668 9.312061 -41.904274 -13.502488 
 76896.5  12019.8      6.6     43.3    -12.0     28.9 
     6.6     86.6    -10.4      4.2  45616.8  46579.9 
     -6.4      50.1      12.8      65.6 
     -0.5      22.9       4.8      15.6 
     -0.0      18.6       4.3       9.2 
     -0.1      17.0       4.3       7.8 
31669 7.050401 -42.302410 -13.630775 
 76575.6  11841.3      6.6     43.3    -12.0     28.9 
     6.6     86.6    -10.5     11.7  44599.8  46171.1 
     -6.7      50.3      13.3      70.1 
     -0.7      23.4       5.1      16.3 
      0.1      18.5       4.4       9.5 
     -0.2      17.3       4.5       8.4 
31670 4.732649 -42.593838 -13.724681 
 75929.6  12011.1      6.6     43.3    -12.0     28.9 
     6.6     86.6    -10.6     24.7  43996.7  45130.0 
     -7.3      53.6      14.0      70.2 
     -0.4      23.6       4.6      15.6 
     -0.2      18.4       4.5       9.5 
      0.0      17.2       4.3       8.6 
31671 2.376201 -42.771618 -13.781965 
 75825.8  11809.1      6.6     43.3    -11.2      9.1 
     6.6     86.6    -11.2     37.7  44557.6  45835.4 
    -10.4      53.3      11.8      71.4 
     -0.4      22.7       3.6      14.2 
     -0.4      18.4       3.5       4.7 
     -0.4      16.9       3.4       3.4 
31672 -0.000000 -42.831371 -13.801219 
 75495.0  11867.4      6.6     43.3    -11.3     21.6 
     6.6     86.6    -11.3     50.0  44678.6  45667.5 
     -8.9      51.6      10.2      81.6 
     -0.7      22.8       3.5      24.2 
     -0.2      18.4       2.3       5.2 
     -0.5      17.0       2.4       1.7 
31673 -1.189345 -42.816410 -13.796398 
 75545.6  11931.6      6.6     43.3    -10.3     25.7 
     6.6     86.6    -10.2     54.0  43396.6  45600.7 
    -10.4      49.3      13.5      82.7 
     -0.5      22.9       3.1      32.8 
     -0.2      18.7       2.1      10.7 
     -0.6      16.9       1.7       3.3 
31674 -2.376201 -42.771618 -13.781965 
 75755.8  11911.6      6.6     43.3     -9.1     20.5 
     6.6     86.6     -9.0     49.0  43976.0  45481.9 
    -12.0      54.7       8.1      79.0 
     -0.7      23.1       2.6      24.0 
     -0.3      18.3       1.7       5.2 
     -0.6      17.0       1.8       1.5 
31675 -3.558106 -42.697277 -13.758010 
 75760.2  12031.8      6.6     43.3     -9.5     14.3 
     6.6     86.6     -9.3     42.8  44477.7  45744.4 
    -10.5      54.0       9.3      80.9 
     -0.3      23.2       1.4      17.8 
     -0.2      18.3       1.4       3.3 
     -1.0      17.2       1.4       2.3 
31676 -4.732649 -42.593838 -13.724681 
 75918.8  11961.3      6.6     43.3     -9.6      7.9 
     6.6     86.6     -9.5     36.5  44440.1  45590.1 
    -10.4      49.9       7.3      71.0 
     -0.9      23.7       1.1      14.2 
     -0.1      18.8       1.1       4.3 
      0.2      17.4       1.1       3.2 
31677 -5.897493 -42.461952 -13.682184 
 76228.3  12062.2      6.6     43.3    -10.8     19.4 
     6.6     86.6     -9.5     29.8  43890.3  45615.8 
     -8.8      50.4       5.0      71.1 
     -0.6      22.9       0.6      14.7 
     -0.1      18.7       0.7       5.4 
     -0.3      17.1       0.6       4.2 
31678 -7.050401 -42.302410 -13.630775 
 76341.9  12126.5      6.6     43.3    -12.0     28.9 
     6.6     86.6     -9.5     23.2  44895.7  46373.2 
     -9.5      51.6       2.5      72.8 
     -0.8      23.8       0.0      16.6 
     -0.0      18.8       0.1       9.6 
     -0.3      17.2       0.1       8.5 
31679 -8.189252 -42.116158 -13.570762 
 76551.0  12209.5      6.6     43.3    -12.0     28.9 
     6.6     86.6     -9.8     16.6  44405.0  45700.7 
     -8.9      48.4       5.7      69.9 
     -0.7      23.5       0.1      18.0 
     -0.1      18.9      -0.0      10.7 
     -0.1      17.5      -0.1       9.8 
31680 -9.312061 -41.904274 -13.502488 
 77030.8  12265.0      6.6     43.3    -12.0     28.9 
     6.6     86.6     -9.7     10.2  45145.0  46303.4 
     -9.0      52.4       4.7      68.0 
     -0.5      23.8       0.1      16.3 
     -0.2      18.9      -0.0       9.0 
      0.0      17.2       0.1       7.8 
31681 -11.502371 -41.408531 -13.342750 
 77750.8  12518.4      6.6     43.3    -12.0     28.9 
     6.6     86.6    -12.0     57.7  45752.0  46623.7 
     -9.1      52.6       1.7      66.7 
      0.2      23.2      -0.3      16.2 
     -0.3      18.5      -0.4       9.4 
      0.1      17.3      -0.2       8.3 
31682 -13.608622 -40.825867 -13.155002 
 78901.5  12660.6      6.6     43.3    -12.0     28.9 
     6.6     86.6    -12.0     57.7  46363.8  47657.9 
     -9.7      50.0       4.4      68.1 
     -0.1      23.1      -0.5      16.5 
      0.2      18.6      -0.4      10.0 
      0.1      17.5      -0.3       8.8 
31683 -15.620879 -40.167976 -12.943014 
 79951.2  12938.8      6.6     43.3    -12.0     28.9 
     6.6     86.6    -12.0     57.7  46308.9  47743.1 
     -7.3      49.7       1.8      62.3 
     -0.3      23.4      -0.4      16.2 
      0.5      18.4      -0.3      10.2 
     -0.2      17.1      -0.3       9.2 
31684 -17.532005 -39.447014 -12.710704 
 81500.4  12994.3      6.6     43.3    -12.0     28.9 
     6.6     86.6    -12.0     57.7  47256.1  49342.2 
     -8.3      50.4       1.0      60.9 
      0.3      23.2      -0.4      17.0 
      0.6      18.6      -0.3      10.9 
      0.1      17.2      -0.5       9.7 
31685 -19.337526 -38.675053 -12.461962 
 83262.8  13273.9      6.6     43.3    -12.0     28.9 
     6.6     86.6    -12.0     57.7  48633.6  50553.4 
    -11.2      55.7      -1.8      58.4 
     -0.3      23.8      -0.6      17.4 
      0.5      18.3      -0.2      11.1 
      0.3      17.0      -0.3      10.3 
31686 -21.035387 -37.863701 -12.200525 
 84878.3  13220.3      6.6     43.3    -12.0     28.9 
     6.6     86.6    -12.0     57.7  50113.4  51674.8 
     -9.3      51.7      -1.4      53.2 
     -0.2      23.2      -0.9      17.5 
      0.6      18.2      -0.5      11.7 
      0.7      16.7      -0.5      10.7 
31687 -22.625631 -37.023762 -11.929878 
 86557.8  12970.6      6.6     43.3    -12.0     28.9 
     6.6     86.6    -12.0     57.7  51441.3  53149.8 
     -9.6      52.0      -3.0      52.7 
      0.1      23.0      -0.8      16.8 
      1.1      17.7      -0.2      11.9 
      0.5      16.6      -0.5      11.1 
31688 -24.110025 -36.165039 -11.653179 
 88690.5  13017.0      6.6     43.3    -12.0     28.9 
     6.6     86.6    -12.0     57.7  52299.8  54045.1 
    -11.8      55.0      -2.8      49.8 
      0.7      22.6      -0.9      17.7 
      0.9      17.7      -0.6      12.4 
      0.6      16.8      -0.9      11.9 
31689 -25.491707 -35.296211 -11.373223 
 90694.0  12683.5      6.6     43.3    -12.0     28.9 
     6.6     86.6    -12.0     57.7  52997.1  54894.5 
    -10.9      53.2      -1.7      45.4 
      0.1      22.7      -0.9      17.6 
      0.8      18.0      -0.5      12.7 
      0.4      16.6      -0.8      11.8 
31690 -26.774837 -34.424789 -11.092432 
 92616.1  12207.4      6.6     43.3    -12.0     28.9 
     6.6     86.6    -12.0     57.7  54859.7  56325.0 
     -7.5      47.2      -0.9      42.9 
      0.6      22.5      -0.7      17.9 
      1.3      17.8      -0.6      13.3 
      0.7      16.4      -0.8      12.8 
