2.850000e+02 1.805848e+02
2.838867e+02 2.902276e+02
2.836084e+02 9.399107e+02
2.833301e+02 4.965117e+03
2.830518e+02 1.222069e+04
2.827734e+02 1.720762e+04
2.824951e+02 1.888358e+04
2.822168e+02 1.900893e+04
2.819385e+02 1.898978e+04
2.816602e+02 1.891728e+04
2.805469e+02 1.865221e+04
2.760938e+02 1.801445e+04
2.671875e+02 1.713705e+04
2.582812e+02 1.599091e+04
2.493750e+02 1.446042e+04
2.315625e+02 1.320121e+04
2.137500e+02 1.187855e+04
1.959375e+02 1.101437e+04
1.781250e+02 1.063688e+04
1.603125e+02 1.076695e+04
1.425000e+02 1.141382e+04
1.246875e+02 1.257421e+04
1.068750e+02 1.423681e+04
8.906250e+01 1.583445e+04
8.015625e+01 1.789276e+04
7.125000e+01 1.903169e+04
6.234375e+01 2.053580e+04
5.343750e+01 2.221299e+04
4.453125e+01 2.407645e+04
3.562500e+01 2.621802e+04
2.671875e+01 2.911702e+04
1.781250e+01 3.228474e+04
1.335938e+01 3.518918e+04
8.906250e+00 3.792818e+04
4.453125e+00 3.956619e+04
3.339844e+00 4.037323e+04
2.783203e+00 4.032466e+04
2.226562e+00 3.697277e+04
1.669922e+00 1.732025e+04
1.113281e+00 4.290037e+02
